
AVRASM ver. 2.1.30  C:\Documents and Settings\Admin\Desktop\HW3\Debug\List\hw3.asm Mon Dec 30 14:29:28 2019

C:\Documents and Settings\Admin\Desktop\HW3\Debug\List\hw3.asm(1088): warning: Register r4 already defined by the .DEF directive
C:\Documents and Settings\Admin\Desktop\HW3\Debug\List\hw3.asm(1089): warning: Register r5 already defined by the .DEF directive
C:\Documents and Settings\Admin\Desktop\HW3\Debug\List\hw3.asm(1090): warning: Register r6 already defined by the .DEF directive
C:\Documents and Settings\Admin\Desktop\HW3\Debug\List\hw3.asm(1091): warning: Register r7 already defined by the .DEF directive
C:\Documents and Settings\Admin\Desktop\HW3\Debug\List\hw3.asm(1092): warning: Register r8 already defined by the .DEF directive
C:\Documents and Settings\Admin\Desktop\HW3\Debug\List\hw3.asm(1093): warning: Register r9 already defined by the .DEF directive
C:\Documents and Settings\Admin\Desktop\HW3\Debug\List\hw3.asm(1094): warning: Register r11 already defined by the .DEF directive
C:\Documents and Settings\Admin\Desktop\HW3\Debug\List\hw3.asm(1095): warning: Register r10 already defined by the .DEF directive
C:\Documents and Settings\Admin\Desktop\HW3\Debug\List\hw3.asm(1096): warning: Register r13 already defined by the .DEF directive
                 
                 
                 ;CodeVisionAVR C Compiler V3.12 Advanced
                 ;(C) Copyright 1998-2014 Pavel Haiduc, HP InfoTech s.r.l.
                 ;http://www.hpinfotech.com
                 
                 ;Build configuration    : Debug
                 ;Chip type              : ATmega32
                 ;Program type           : Application
                 ;Clock frequency        : 1.000000 MHz
                 ;Memory model           : Small
                 ;Optimize for           : Size
                 ;(s)printf features     : int, width
                 ;(s)scanf features      : int, width
                 ;External RAM size      : 0
                 ;Data Stack size        : 512 byte(s)
                 ;Heap size              : 0 byte(s)
                 ;Promote 'char' to 'int': Yes
                 ;'char' is unsigned     : Yes
                 ;8 bit enums            : Yes
                 ;Global 'const' stored in FLASH: Yes
                 ;Enhanced function parameter passing: Yes
                 ;Enhanced core instructions: On
                 ;Automatic register allocation for global variables: On
                 ;Smart register allocation: On
                 
                 	#define _MODEL_SMALL_
                 
                 	#pragma AVRPART ADMIN PART_NAME ATmega32
                 	#pragma AVRPART MEMORY PROG_FLASH 32768
                 	#pragma AVRPART MEMORY EEPROM 1024
                 	#pragma AVRPART MEMORY INT_SRAM SIZE 2048
                 	#pragma AVRPART MEMORY INT_SRAM START_ADDR 0x60
                 
                 	#define CALL_SUPPORTED 1
                 
                 	.LISTMAC
                 	.EQU UDRE=0x5
                 	.EQU RXC=0x7
                 	.EQU USR=0xB
                 	.EQU UDR=0xC
                 	.EQU SPSR=0xE
                 	.EQU SPDR=0xF
                 	.EQU EERE=0x0
                 	.EQU EEWE=0x1
                 	.EQU EEMWE=0x2
                 	.EQU EECR=0x1C
                 	.EQU EEDR=0x1D
                 	.EQU EEARL=0x1E
                 	.EQU EEARH=0x1F
                 	.EQU WDTCR=0x21
                 	.EQU MCUCR=0x35
                 	.EQU GICR=0x3B
                 	.EQU SPL=0x3D
                 	.EQU SPH=0x3E
                 	.EQU SREG=0x3F
                 
                 	.DEF R0X0=R0
                 	.DEF R0X1=R1
                 	.DEF R0X2=R2
                 	.DEF R0X3=R3
                 	.DEF R0X4=R4
                 	.DEF R0X5=R5
                 	.DEF R0X6=R6
                 	.DEF R0X7=R7
                 	.DEF R0X8=R8
                 	.DEF R0X9=R9
                 	.DEF R0XA=R10
                 	.DEF R0XB=R11
                 	.DEF R0XC=R12
                 	.DEF R0XD=R13
                 	.DEF R0XE=R14
                 	.DEF R0XF=R15
                 	.DEF R0X10=R16
                 	.DEF R0X11=R17
                 	.DEF R0X12=R18
                 	.DEF R0X13=R19
                 	.DEF R0X14=R20
                 	.DEF R0X15=R21
                 	.DEF R0X16=R22
                 	.DEF R0X17=R23
                 	.DEF R0X18=R24
                 	.DEF R0X19=R25
                 	.DEF R0X1A=R26
                 	.DEF R0X1B=R27
                 	.DEF R0X1C=R28
                 	.DEF R0X1D=R29
                 	.DEF R0X1E=R30
                 	.DEF R0X1F=R31
                 
                 	.EQU __SRAM_START=0x0060
                 	.EQU __SRAM_END=0x085F
                 	.EQU __DSTACK_SIZE=0x0200
                 	.EQU __HEAP_SIZE=0x0000
                 	.EQU __CLEAR_SRAM_SIZE=__SRAM_END-__SRAM_START+1
                 
                 	.MACRO __CPD1N
                 	CPI  R30,LOW(@0)
                 	LDI  R26,HIGH(@0)
                 	CPC  R31,R26
                 	LDI  R26,BYTE3(@0)
                 	CPC  R22,R26
                 	LDI  R26,BYTE4(@0)
                 	CPC  R23,R26
                 	.ENDM
                 
                 	.MACRO __CPD2N
                 	CPI  R26,LOW(@0)
                 	LDI  R30,HIGH(@0)
                 	CPC  R27,R30
                 	LDI  R30,BYTE3(@0)
                 	CPC  R24,R30
                 	LDI  R30,BYTE4(@0)
                 	CPC  R25,R30
                 	.ENDM
                 
                 	.MACRO __CPWRR
                 	CP   R@0,R@2
                 	CPC  R@1,R@3
                 	.ENDM
                 
                 	.MACRO __CPWRN
                 	CPI  R@0,LOW(@2)
                 	LDI  R30,HIGH(@2)
                 	CPC  R@1,R30
                 	.ENDM
                 
                 	.MACRO __ADDB1MN
                 	SUBI R30,LOW(-@0-(@1))
                 	.ENDM
                 
                 	.MACRO __ADDB2MN
                 	SUBI R26,LOW(-@0-(@1))
                 	.ENDM
                 
                 	.MACRO __ADDW1MN
                 	SUBI R30,LOW(-@0-(@1))
                 	SBCI R31,HIGH(-@0-(@1))
                 	.ENDM
                 
                 	.MACRO __ADDW2MN
                 	SUBI R26,LOW(-@0-(@1))
                 	SBCI R27,HIGH(-@0-(@1))
                 	.ENDM
                 
                 	.MACRO __ADDW1FN
                 	SUBI R30,LOW(-2*@0-(@1))
                 	SBCI R31,HIGH(-2*@0-(@1))
                 	.ENDM
                 
                 	.MACRO __ADDD1FN
                 	SUBI R30,LOW(-2*@0-(@1))
                 	SBCI R31,HIGH(-2*@0-(@1))
                 	SBCI R22,BYTE3(-2*@0-(@1))
                 	.ENDM
                 
                 	.MACRO __ADDD1N
                 	SUBI R30,LOW(-@0)
                 	SBCI R31,HIGH(-@0)
                 	SBCI R22,BYTE3(-@0)
                 	SBCI R23,BYTE4(-@0)
                 	.ENDM
                 
                 	.MACRO __ADDD2N
                 	SUBI R26,LOW(-@0)
                 	SBCI R27,HIGH(-@0)
                 	SBCI R24,BYTE3(-@0)
                 	SBCI R25,BYTE4(-@0)
                 	.ENDM
                 
                 	.MACRO __SUBD1N
                 	SUBI R30,LOW(@0)
                 	SBCI R31,HIGH(@0)
                 	SBCI R22,BYTE3(@0)
                 	SBCI R23,BYTE4(@0)
                 	.ENDM
                 
                 	.MACRO __SUBD2N
                 	SUBI R26,LOW(@0)
                 	SBCI R27,HIGH(@0)
                 	SBCI R24,BYTE3(@0)
                 	SBCI R25,BYTE4(@0)
                 	.ENDM
                 
                 	.MACRO __ANDBMNN
                 	LDS  R30,@0+(@1)
                 	ANDI R30,LOW(@2)
                 	STS  @0+(@1),R30
                 	.ENDM
                 
                 	.MACRO __ANDWMNN
                 	LDS  R30,@0+(@1)
                 	ANDI R30,LOW(@2)
                 	STS  @0+(@1),R30
                 	LDS  R30,@0+(@1)+1
                 	ANDI R30,HIGH(@2)
                 	STS  @0+(@1)+1,R30
                 	.ENDM
                 
                 	.MACRO __ANDD1N
                 	ANDI R30,LOW(@0)
                 	ANDI R31,HIGH(@0)
                 	ANDI R22,BYTE3(@0)
                 	ANDI R23,BYTE4(@0)
                 	.ENDM
                 
                 	.MACRO __ANDD2N
                 	ANDI R26,LOW(@0)
                 	ANDI R27,HIGH(@0)
                 	ANDI R24,BYTE3(@0)
                 	ANDI R25,BYTE4(@0)
                 	.ENDM
                 
                 	.MACRO __ORBMNN
                 	LDS  R30,@0+(@1)
                 	ORI  R30,LOW(@2)
                 	STS  @0+(@1),R30
                 	.ENDM
                 
                 	.MACRO __ORWMNN
                 	LDS  R30,@0+(@1)
                 	ORI  R30,LOW(@2)
                 	STS  @0+(@1),R30
                 	LDS  R30,@0+(@1)+1
                 	ORI  R30,HIGH(@2)
                 	STS  @0+(@1)+1,R30
                 	.ENDM
                 
                 	.MACRO __ORD1N
                 	ORI  R30,LOW(@0)
                 	ORI  R31,HIGH(@0)
                 	ORI  R22,BYTE3(@0)
                 	ORI  R23,BYTE4(@0)
                 	.ENDM
                 
                 	.MACRO __ORD2N
                 	ORI  R26,LOW(@0)
                 	ORI  R27,HIGH(@0)
                 	ORI  R24,BYTE3(@0)
                 	ORI  R25,BYTE4(@0)
                 	.ENDM
                 
                 	.MACRO __DELAY_USB
                 	LDI  R24,LOW(@0)
                 __DELAY_USB_LOOP:
                 	DEC  R24
                 	BRNE __DELAY_USB_LOOP
                 	.ENDM
                 
                 	.MACRO __DELAY_USW
                 	LDI  R24,LOW(@0)
                 	LDI  R25,HIGH(@0)
                 __DELAY_USW_LOOP:
                 	SBIW R24,1
                 	BRNE __DELAY_USW_LOOP
                 	.ENDM
                 
                 	.MACRO __GETD1S
                 	LDD  R30,Y+@0
                 	LDD  R31,Y+@0+1
                 	LDD  R22,Y+@0+2
                 	LDD  R23,Y+@0+3
                 	.ENDM
                 
                 	.MACRO __GETD2S
                 	LDD  R26,Y+@0
                 	LDD  R27,Y+@0+1
                 	LDD  R24,Y+@0+2
                 	LDD  R25,Y+@0+3
                 	.ENDM
                 
                 	.MACRO __PUTD1S
                 	STD  Y+@0,R30
                 	STD  Y+@0+1,R31
                 	STD  Y+@0+2,R22
                 	STD  Y+@0+3,R23
                 	.ENDM
                 
                 	.MACRO __PUTD2S
                 	STD  Y+@0,R26
                 	STD  Y+@0+1,R27
                 	STD  Y+@0+2,R24
                 	STD  Y+@0+3,R25
                 	.ENDM
                 
                 	.MACRO __PUTDZ2
                 	STD  Z+@0,R26
                 	STD  Z+@0+1,R27
                 	STD  Z+@0+2,R24
                 	STD  Z+@0+3,R25
                 	.ENDM
                 
                 	.MACRO __CLRD1S
                 	STD  Y+@0,R30
                 	STD  Y+@0+1,R30
                 	STD  Y+@0+2,R30
                 	STD  Y+@0+3,R30
                 	.ENDM
                 
                 	.MACRO __POINTB1MN
                 	LDI  R30,LOW(@0+(@1))
                 	.ENDM
                 
                 	.MACRO __POINTW1MN
                 	LDI  R30,LOW(@0+(@1))
                 	LDI  R31,HIGH(@0+(@1))
                 	.ENDM
                 
                 	.MACRO __POINTD1M
                 	LDI  R30,LOW(@0)
                 	LDI  R31,HIGH(@0)
                 	LDI  R22,BYTE3(@0)
                 	LDI  R23,BYTE4(@0)
                 	.ENDM
                 
                 	.MACRO __POINTW1FN
                 	LDI  R30,LOW(2*@0+(@1))
                 	LDI  R31,HIGH(2*@0+(@1))
                 	.ENDM
                 
                 	.MACRO __POINTD1FN
                 	LDI  R30,LOW(2*@0+(@1))
                 	LDI  R31,HIGH(2*@0+(@1))
                 	LDI  R22,BYTE3(2*@0+(@1))
                 	LDI  R23,BYTE4(2*@0+(@1))
                 	.ENDM
                 
                 	.MACRO __POINTB2MN
                 	LDI  R26,LOW(@0+(@1))
                 	.ENDM
                 
                 	.MACRO __POINTW2MN
                 	LDI  R26,LOW(@0+(@1))
                 	LDI  R27,HIGH(@0+(@1))
                 	.ENDM
                 
                 	.MACRO __POINTW2FN
                 	LDI  R26,LOW(2*@0+(@1))
                 	LDI  R27,HIGH(2*@0+(@1))
                 	.ENDM
                 
                 	.MACRO __POINTD2FN
                 	LDI  R26,LOW(2*@0+(@1))
                 	LDI  R27,HIGH(2*@0+(@1))
                 	LDI  R24,BYTE3(2*@0+(@1))
                 	LDI  R25,BYTE4(2*@0+(@1))
                 	.ENDM
                 
                 	.MACRO __POINTBRM
                 	LDI  R@0,LOW(@1)
                 	.ENDM
                 
                 	.MACRO __POINTWRM
                 	LDI  R@0,LOW(@2)
                 	LDI  R@1,HIGH(@2)
                 	.ENDM
                 
                 	.MACRO __POINTBRMN
                 	LDI  R@0,LOW(@1+(@2))
                 	.ENDM
                 
                 	.MACRO __POINTWRMN
                 	LDI  R@0,LOW(@2+(@3))
                 	LDI  R@1,HIGH(@2+(@3))
                 	.ENDM
                 
                 	.MACRO __POINTWRFN
                 	LDI  R@0,LOW(@2*2+(@3))
                 	LDI  R@1,HIGH(@2*2+(@3))
                 	.ENDM
                 
                 	.MACRO __GETD1N
                 	LDI  R30,LOW(@0)
                 	LDI  R31,HIGH(@0)
                 	LDI  R22,BYTE3(@0)
                 	LDI  R23,BYTE4(@0)
                 	.ENDM
                 
                 	.MACRO __GETD2N
                 	LDI  R26,LOW(@0)
                 	LDI  R27,HIGH(@0)
                 	LDI  R24,BYTE3(@0)
                 	LDI  R25,BYTE4(@0)
                 	.ENDM
                 
                 	.MACRO __GETB1MN
                 	LDS  R30,@0+(@1)
                 	.ENDM
                 
                 	.MACRO __GETB1HMN
                 	LDS  R31,@0+(@1)
                 	.ENDM
                 
                 	.MACRO __GETW1MN
                 	LDS  R30,@0+(@1)
                 	LDS  R31,@0+(@1)+1
                 	.ENDM
                 
                 	.MACRO __GETD1MN
                 	LDS  R30,@0+(@1)
                 	LDS  R31,@0+(@1)+1
                 	LDS  R22,@0+(@1)+2
                 	LDS  R23,@0+(@1)+3
                 	.ENDM
                 
                 	.MACRO __GETBRMN
                 	LDS  R@0,@1+(@2)
                 	.ENDM
                 
                 	.MACRO __GETWRMN
                 	LDS  R@0,@2+(@3)
                 	LDS  R@1,@2+(@3)+1
                 	.ENDM
                 
                 	.MACRO __GETWRZ
                 	LDD  R@0,Z+@2
                 	LDD  R@1,Z+@2+1
                 	.ENDM
                 
                 	.MACRO __GETD2Z
                 	LDD  R26,Z+@0
                 	LDD  R27,Z+@0+1
                 	LDD  R24,Z+@0+2
                 	LDD  R25,Z+@0+3
                 	.ENDM
                 
                 	.MACRO __GETB2MN
                 	LDS  R26,@0+(@1)
                 	.ENDM
                 
                 	.MACRO __GETW2MN
                 	LDS  R26,@0+(@1)
                 	LDS  R27,@0+(@1)+1
                 	.ENDM
                 
                 	.MACRO __GETD2MN
                 	LDS  R26,@0+(@1)
                 	LDS  R27,@0+(@1)+1
                 	LDS  R24,@0+(@1)+2
                 	LDS  R25,@0+(@1)+3
                 	.ENDM
                 
                 	.MACRO __PUTB1MN
                 	STS  @0+(@1),R30
                 	.ENDM
                 
                 	.MACRO __PUTW1MN
                 	STS  @0+(@1),R30
                 	STS  @0+(@1)+1,R31
                 	.ENDM
                 
                 	.MACRO __PUTD1MN
                 	STS  @0+(@1),R30
                 	STS  @0+(@1)+1,R31
                 	STS  @0+(@1)+2,R22
                 	STS  @0+(@1)+3,R23
                 	.ENDM
                 
                 	.MACRO __PUTB1EN
                 	LDI  R26,LOW(@0+(@1))
                 	LDI  R27,HIGH(@0+(@1))
                 	CALL __EEPROMWRB
                 	.ENDM
                 
                 	.MACRO __PUTW1EN
                 	LDI  R26,LOW(@0+(@1))
                 	LDI  R27,HIGH(@0+(@1))
                 	CALL __EEPROMWRW
                 	.ENDM
                 
                 	.MACRO __PUTD1EN
                 	LDI  R26,LOW(@0+(@1))
                 	LDI  R27,HIGH(@0+(@1))
                 	CALL __EEPROMWRD
                 	.ENDM
                 
                 	.MACRO __PUTBR0MN
                 	STS  @0+(@1),R0
                 	.ENDM
                 
                 	.MACRO __PUTBMRN
                 	STS  @0+(@1),R@2
                 	.ENDM
                 
                 	.MACRO __PUTWMRN
                 	STS  @0+(@1),R@2
                 	STS  @0+(@1)+1,R@3
                 	.ENDM
                 
                 	.MACRO __PUTBZR
                 	STD  Z+@1,R@0
                 	.ENDM
                 
                 	.MACRO __PUTWZR
                 	STD  Z+@2,R@0
                 	STD  Z+@2+1,R@1
                 	.ENDM
                 
                 	.MACRO __GETW1R
                 	MOV  R30,R@0
                 	MOV  R31,R@1
                 	.ENDM
                 
                 	.MACRO __GETW2R
                 	MOV  R26,R@0
                 	MOV  R27,R@1
                 	.ENDM
                 
                 	.MACRO __GETWRN
                 	LDI  R@0,LOW(@2)
                 	LDI  R@1,HIGH(@2)
                 	.ENDM
                 
                 	.MACRO __PUTW1R
                 	MOV  R@0,R30
                 	MOV  R@1,R31
                 	.ENDM
                 
                 	.MACRO __PUTW2R
                 	MOV  R@0,R26
                 	MOV  R@1,R27
                 	.ENDM
                 
                 	.MACRO __ADDWRN
                 	SUBI R@0,LOW(-@2)
                 	SBCI R@1,HIGH(-@2)
                 	.ENDM
                 
                 	.MACRO __ADDWRR
                 	ADD  R@0,R@2
                 	ADC  R@1,R@3
                 	.ENDM
                 
                 	.MACRO __SUBWRN
                 	SUBI R@0,LOW(@2)
                 	SBCI R@1,HIGH(@2)
                 	.ENDM
                 
                 	.MACRO __SUBWRR
                 	SUB  R@0,R@2
                 	SBC  R@1,R@3
                 	.ENDM
                 
                 	.MACRO __ANDWRN
                 	ANDI R@0,LOW(@2)
                 	ANDI R@1,HIGH(@2)
                 	.ENDM
                 
                 	.MACRO __ANDWRR
                 	AND  R@0,R@2
                 	AND  R@1,R@3
                 	.ENDM
                 
                 	.MACRO __ORWRN
                 	ORI  R@0,LOW(@2)
                 	ORI  R@1,HIGH(@2)
                 	.ENDM
                 
                 	.MACRO __ORWRR
                 	OR   R@0,R@2
                 	OR   R@1,R@3
                 	.ENDM
                 
                 	.MACRO __EORWRR
                 	EOR  R@0,R@2
                 	EOR  R@1,R@3
                 	.ENDM
                 
                 	.MACRO __GETWRS
                 	LDD  R@0,Y+@2
                 	LDD  R@1,Y+@2+1
                 	.ENDM
                 
                 	.MACRO __PUTBSR
                 	STD  Y+@1,R@0
                 	.ENDM
                 
                 	.MACRO __PUTWSR
                 	STD  Y+@2,R@0
                 	STD  Y+@2+1,R@1
                 	.ENDM
                 
                 	.MACRO __MOVEWRR
                 	MOV  R@0,R@2
                 	MOV  R@1,R@3
                 	.ENDM
                 
                 	.MACRO __INWR
                 	IN   R@0,@2
                 	IN   R@1,@2+1
                 	.ENDM
                 
                 	.MACRO __OUTWR
                 	OUT  @2+1,R@1
                 	OUT  @2,R@0
                 	.ENDM
                 
                 	.MACRO __CALL1MN
                 	LDS  R30,@0+(@1)
                 	LDS  R31,@0+(@1)+1
                 	ICALL
                 	.ENDM
                 
                 	.MACRO __CALL1FN
                 	LDI  R30,LOW(2*@0+(@1))
                 	LDI  R31,HIGH(2*@0+(@1))
                 	CALL __GETW1PF
                 	ICALL
                 	.ENDM
                 
                 	.MACRO __CALL2EN
                 	PUSH R26
                 	PUSH R27
                 	LDI  R26,LOW(@0+(@1))
                 	LDI  R27,HIGH(@0+(@1))
                 	CALL __EEPROMRDW
                 	POP  R27
                 	POP  R26
                 	ICALL
                 	.ENDM
                 
                 	.MACRO __CALL2EX
                 	SUBI R26,LOW(-@0)
                 	SBCI R27,HIGH(-@0)
                 	CALL __EEPROMRDD
                 	ICALL
                 	.ENDM
                 
                 	.MACRO __GETW1STACK
                 	IN   R30,SPL
                 	IN   R31,SPH
                 	ADIW R30,@0+1
                 	LD   R0,Z+
                 	LD   R31,Z
                 	MOV  R30,R0
                 	.ENDM
                 
                 	.MACRO __GETD1STACK
                 	IN   R30,SPL
                 	IN   R31,SPH
                 	ADIW R30,@0+1
                 	LD   R0,Z+
                 	LD   R1,Z+
                 	LD   R22,Z
                 	MOVW R30,R0
                 	.ENDM
                 
                 	.MACRO __NBST
                 	BST  R@0,@1
                 	IN   R30,SREG
                 	LDI  R31,0x40
                 	EOR  R30,R31
                 	OUT  SREG,R30
                 	.ENDM
                 
                 
                 	.MACRO __PUTB1SN
                 	LDD  R26,Y+@0
                 	LDD  R27,Y+@0+1
                 	SUBI R26,LOW(-@1)
                 	SBCI R27,HIGH(-@1)
                 	ST   X,R30
                 	.ENDM
                 
                 	.MACRO __PUTW1SN
                 	LDD  R26,Y+@0
                 	LDD  R27,Y+@0+1
                 	SUBI R26,LOW(-@1)
                 	SBCI R27,HIGH(-@1)
                 	ST   X+,R30
                 	ST   X,R31
                 	.ENDM
                 
                 	.MACRO __PUTD1SN
                 	LDD  R26,Y+@0
                 	LDD  R27,Y+@0+1
                 	SUBI R26,LOW(-@1)
                 	SBCI R27,HIGH(-@1)
                 	CALL __PUTDP1
                 	.ENDM
                 
                 	.MACRO __PUTB1SNS
                 	LDD  R26,Y+@0
                 	LDD  R27,Y+@0+1
                 	ADIW R26,@1
                 	ST   X,R30
                 	.ENDM
                 
                 	.MACRO __PUTW1SNS
                 	LDD  R26,Y+@0
                 	LDD  R27,Y+@0+1
                 	ADIW R26,@1
                 	ST   X+,R30
                 	ST   X,R31
                 	.ENDM
                 
                 	.MACRO __PUTD1SNS
                 	LDD  R26,Y+@0
                 	LDD  R27,Y+@0+1
                 	ADIW R26,@1
                 	CALL __PUTDP1
                 	.ENDM
                 
                 	.MACRO __PUTB1PMN
                 	LDS  R26,@0
                 	LDS  R27,@0+1
                 	SUBI R26,LOW(-@1)
                 	SBCI R27,HIGH(-@1)
                 	ST   X,R30
                 	.ENDM
                 
                 	.MACRO __PUTW1PMN
                 	LDS  R26,@0
                 	LDS  R27,@0+1
                 	SUBI R26,LOW(-@1)
                 	SBCI R27,HIGH(-@1)
                 	ST   X+,R30
                 	ST   X,R31
                 	.ENDM
                 
                 	.MACRO __PUTD1PMN
                 	LDS  R26,@0
                 	LDS  R27,@0+1
                 	SUBI R26,LOW(-@1)
                 	SBCI R27,HIGH(-@1)
                 	CALL __PUTDP1
                 	.ENDM
                 
                 	.MACRO __PUTB1PMNS
                 	LDS  R26,@0
                 	LDS  R27,@0+1
                 	ADIW R26,@1
                 	ST   X,R30
                 	.ENDM
                 
                 	.MACRO __PUTW1PMNS
                 	LDS  R26,@0
                 	LDS  R27,@0+1
                 	ADIW R26,@1
                 	ST   X+,R30
                 	ST   X,R31
                 	.ENDM
                 
                 	.MACRO __PUTD1PMNS
                 	LDS  R26,@0
                 	LDS  R27,@0+1
                 	ADIW R26,@1
                 	CALL __PUTDP1
                 	.ENDM
                 
                 	.MACRO __PUTB1RN
                 	MOVW R26,R@0
                 	SUBI R26,LOW(-@1)
                 	SBCI R27,HIGH(-@1)
                 	ST   X,R30
                 	.ENDM
                 
                 	.MACRO __PUTW1RN
                 	MOVW R26,R@0
                 	SUBI R26,LOW(-@1)
                 	SBCI R27,HIGH(-@1)
                 	ST   X+,R30
                 	ST   X,R31
                 	.ENDM
                 
                 	.MACRO __PUTD1RN
                 	MOVW R26,R@0
                 	SUBI R26,LOW(-@1)
                 	SBCI R27,HIGH(-@1)
                 	CALL __PUTDP1
                 	.ENDM
                 
                 	.MACRO __PUTB1RNS
                 	MOVW R26,R@0
                 	ADIW R26,@1
                 	ST   X,R30
                 	.ENDM
                 
                 	.MACRO __PUTW1RNS
                 	MOVW R26,R@0
                 	ADIW R26,@1
                 	ST   X+,R30
                 	ST   X,R31
                 	.ENDM
                 
                 	.MACRO __PUTD1RNS
                 	MOVW R26,R@0
                 	ADIW R26,@1
                 	CALL __PUTDP1
                 	.ENDM
                 
                 	.MACRO __PUTB1RON
                 	MOV  R26,R@0
                 	MOV  R27,R@1
                 	SUBI R26,LOW(-@2)
                 	SBCI R27,HIGH(-@2)
                 	ST   X,R30
                 	.ENDM
                 
                 	.MACRO __PUTW1RON
                 	MOV  R26,R@0
                 	MOV  R27,R@1
                 	SUBI R26,LOW(-@2)
                 	SBCI R27,HIGH(-@2)
                 	ST   X+,R30
                 	ST   X,R31
                 	.ENDM
                 
                 	.MACRO __PUTD1RON
                 	MOV  R26,R@0
                 	MOV  R27,R@1
                 	SUBI R26,LOW(-@2)
                 	SBCI R27,HIGH(-@2)
                 	CALL __PUTDP1
                 	.ENDM
                 
                 	.MACRO __PUTB1RONS
                 	MOV  R26,R@0
                 	MOV  R27,R@1
                 	ADIW R26,@2
                 	ST   X,R30
                 	.ENDM
                 
                 	.MACRO __PUTW1RONS
                 	MOV  R26,R@0
                 	MOV  R27,R@1
                 	ADIW R26,@2
                 	ST   X+,R30
                 	ST   X,R31
                 	.ENDM
                 
                 	.MACRO __PUTD1RONS
                 	MOV  R26,R@0
                 	MOV  R27,R@1
                 	ADIW R26,@2
                 	CALL __PUTDP1
                 	.ENDM
                 
                 
                 	.MACRO __GETB1SX
                 	MOVW R30,R28
                 	SUBI R30,LOW(-@0)
                 	SBCI R31,HIGH(-@0)
                 	LD   R30,Z
                 	.ENDM
                 
                 	.MACRO __GETB1HSX
                 	MOVW R30,R28
                 	SUBI R30,LOW(-@0)
                 	SBCI R31,HIGH(-@0)
                 	LD   R31,Z
                 	.ENDM
                 
                 	.MACRO __GETW1SX
                 	MOVW R30,R28
                 	SUBI R30,LOW(-@0)
                 	SBCI R31,HIGH(-@0)
                 	LD   R0,Z+
                 	LD   R31,Z
                 	MOV  R30,R0
                 	.ENDM
                 
                 	.MACRO __GETD1SX
                 	MOVW R30,R28
                 	SUBI R30,LOW(-@0)
                 	SBCI R31,HIGH(-@0)
                 	LD   R0,Z+
                 	LD   R1,Z+
                 	LD   R22,Z+
                 	LD   R23,Z
                 	MOVW R30,R0
                 	.ENDM
                 
                 	.MACRO __GETB2SX
                 	MOVW R26,R28
                 	SUBI R26,LOW(-@0)
                 	SBCI R27,HIGH(-@0)
                 	LD   R26,X
                 	.ENDM
                 
                 	.MACRO __GETW2SX
                 	MOVW R26,R28
                 	SUBI R26,LOW(-@0)
                 	SBCI R27,HIGH(-@0)
                 	LD   R0,X+
                 	LD   R27,X
                 	MOV  R26,R0
                 	.ENDM
                 
                 	.MACRO __GETD2SX
                 	MOVW R26,R28
                 	SUBI R26,LOW(-@0)
                 	SBCI R27,HIGH(-@0)
                 	LD   R0,X+
                 	LD   R1,X+
                 	LD   R24,X+
                 	LD   R25,X
                 	MOVW R26,R0
                 	.ENDM
                 
                 	.MACRO __GETBRSX
                 	MOVW R30,R28
                 	SUBI R30,LOW(-@1)
                 	SBCI R31,HIGH(-@1)
                 	LD   R@0,Z
                 	.ENDM
                 
                 	.MACRO __GETWRSX
                 	MOVW R30,R28
                 	SUBI R30,LOW(-@2)
                 	SBCI R31,HIGH(-@2)
                 	LD   R@0,Z+
                 	LD   R@1,Z
                 	.ENDM
                 
                 	.MACRO __GETBRSX2
                 	MOVW R26,R28
                 	SUBI R26,LOW(-@1)
                 	SBCI R27,HIGH(-@1)
                 	LD   R@0,X
                 	.ENDM
                 
                 	.MACRO __GETWRSX2
                 	MOVW R26,R28
                 	SUBI R26,LOW(-@2)
                 	SBCI R27,HIGH(-@2)
                 	LD   R@0,X+
                 	LD   R@1,X
                 	.ENDM
                 
                 	.MACRO __LSLW8SX
                 	MOVW R30,R28
                 	SUBI R30,LOW(-@0)
                 	SBCI R31,HIGH(-@0)
                 	LD   R31,Z
                 	CLR  R30
                 	.ENDM
                 
                 	.MACRO __PUTB1SX
                 	MOVW R26,R28
                 	SUBI R26,LOW(-@0)
                 	SBCI R27,HIGH(-@0)
                 	ST   X,R30
                 	.ENDM
                 
                 	.MACRO __PUTW1SX
                 	MOVW R26,R28
                 	SUBI R26,LOW(-@0)
                 	SBCI R27,HIGH(-@0)
                 	ST   X+,R30
                 	ST   X,R31
                 	.ENDM
                 
                 	.MACRO __PUTD1SX
                 	MOVW R26,R28
                 	SUBI R26,LOW(-@0)
                 	SBCI R27,HIGH(-@0)
                 	ST   X+,R30
                 	ST   X+,R31
                 	ST   X+,R22
                 	ST   X,R23
                 	.ENDM
                 
                 	.MACRO __CLRW1SX
                 	MOVW R26,R28
                 	SUBI R26,LOW(-@0)
                 	SBCI R27,HIGH(-@0)
                 	ST   X+,R30
                 	ST   X,R30
                 	.ENDM
                 
                 	.MACRO __CLRD1SX
                 	MOVW R26,R28
                 	SUBI R26,LOW(-@0)
                 	SBCI R27,HIGH(-@0)
                 	ST   X+,R30
                 	ST   X+,R30
                 	ST   X+,R30
                 	ST   X,R30
                 	.ENDM
                 
                 	.MACRO __PUTB2SX
                 	MOVW R30,R28
                 	SUBI R30,LOW(-@0)
                 	SBCI R31,HIGH(-@0)
                 	ST   Z,R26
                 	.ENDM
                 
                 	.MACRO __PUTW2SX
                 	MOVW R30,R28
                 	SUBI R30,LOW(-@0)
                 	SBCI R31,HIGH(-@0)
                 	ST   Z+,R26
                 	ST   Z,R27
                 	.ENDM
                 
                 	.MACRO __PUTD2SX
                 	MOVW R30,R28
                 	SUBI R30,LOW(-@0)
                 	SBCI R31,HIGH(-@0)
                 	ST   Z+,R26
                 	ST   Z+,R27
                 	ST   Z+,R24
                 	ST   Z,R25
                 	.ENDM
                 
                 	.MACRO __PUTBSRX
                 	MOVW R30,R28
                 	SUBI R30,LOW(-@1)
                 	SBCI R31,HIGH(-@1)
                 	ST   Z,R@0
                 	.ENDM
                 
                 	.MACRO __PUTWSRX
                 	MOVW R30,R28
                 	SUBI R30,LOW(-@2)
                 	SBCI R31,HIGH(-@2)
                 	ST   Z+,R@0
                 	ST   Z,R@1
                 	.ENDM
                 
                 	.MACRO __PUTB1SNX
                 	MOVW R26,R28
                 	SUBI R26,LOW(-@0)
                 	SBCI R27,HIGH(-@0)
                 	LD   R0,X+
                 	LD   R27,X
                 	MOV  R26,R0
                 	SUBI R26,LOW(-@1)
                 	SBCI R27,HIGH(-@1)
                 	ST   X,R30
                 	.ENDM
                 
                 	.MACRO __PUTW1SNX
                 	MOVW R26,R28
                 	SUBI R26,LOW(-@0)
                 	SBCI R27,HIGH(-@0)
                 	LD   R0,X+
                 	LD   R27,X
                 	MOV  R26,R0
                 	SUBI R26,LOW(-@1)
                 	SBCI R27,HIGH(-@1)
                 	ST   X+,R30
                 	ST   X,R31
                 	.ENDM
                 
                 	.MACRO __PUTD1SNX
                 	MOVW R26,R28
                 	SUBI R26,LOW(-@0)
                 	SBCI R27,HIGH(-@0)
                 	LD   R0,X+
                 	LD   R27,X
                 	MOV  R26,R0
                 	SUBI R26,LOW(-@1)
                 	SBCI R27,HIGH(-@1)
                 	ST   X+,R30
                 	ST   X+,R31
                 	ST   X+,R22
                 	ST   X,R23
                 	.ENDM
                 
                 	.MACRO __MULBRR
                 	MULS R@0,R@1
                 	MOVW R30,R0
                 	.ENDM
                 
                 	.MACRO __MULBRRU
                 	MUL  R@0,R@1
                 	MOVW R30,R0
                 	.ENDM
                 
                 	.MACRO __MULBRR0
                 	MULS R@0,R@1
                 	.ENDM
                 
                 	.MACRO __MULBRRU0
                 	MUL  R@0,R@1
                 	.ENDM
                 
                 	.MACRO __MULBNWRU
                 	LDI  R26,@2
                 	MUL  R26,R@0
                 	MOVW R30,R0
                 	MUL  R26,R@1
                 	ADD  R31,R0
                 	.ENDM
                 
                 ;NAME DEFINITIONS FOR GLOBAL VARIABLES ALLOCATED TO REGISTERS
                 	.DEF _a=R4
                 	.DEF _a_msb=R5
                 	.DEF _b=R6
                 	.DEF _b_msb=R7
                 	.DEF _res=R8
                 	.DEF _res_msb=R9
                 	.DEF __lcd_x=R11
                 	.DEF __lcd_y=R10
                 	.DEF __lcd_maxx=R13
                 
                 	.CSEG
                 	.ORG 0x00
                 
                 ;START OF CODE MARKER
                 __START_OF_CODE:
                 
                 ;INTERRUPT VECTORS
000000 940c 0050 	JMP  __RESET
000002 940c 007d 	JMP  _ext_int0_isr
000004 940c 0000 	JMP  0x00
000006 940c 0000 	JMP  0x00
000008 940c 0000 	JMP  0x00
00000a 940c 0000 	JMP  0x00
00000c 940c 0000 	JMP  0x00
00000e 940c 0000 	JMP  0x00
000010 940c 0000 	JMP  0x00
000012 940c 0000 	JMP  0x00
000014 940c 0000 	JMP  0x00
000016 940c 0000 	JMP  0x00
000018 940c 0000 	JMP  0x00
00001a 940c 0000 	JMP  0x00
00001c 940c 0000 	JMP  0x00
00001e 940c 0000 	JMP  0x00
000020 940c 0000 	JMP  0x00
000022 940c 0000 	JMP  0x00
000024 940c 0000 	JMP  0x00
000026 940c 0000 	JMP  0x00
000028 940c 0000 	JMP  0x00
                 
                 _tbl10_G101:
00002a 2710
00002b 03e8
00002c 0064
00002d 000a      	.DB  0x10,0x27,0xE8,0x3,0x64,0x0,0xA,0x0
00002e 0001      	.DB  0x1,0x0
                 _tbl16_G101:
00002f 1000
000030 0100
000031 0010
000032 0001      	.DB  0x0,0x10,0x0,0x1,0x10,0x0,0x1,0x0
                 
                 ;GLOBAL REGISTER VARIABLES INITIALIZATION
                 __REG_VARS:
000033 0000
000034 0000      	.DB  0x0,0x0,0x0,0x0
000035 0000      	.DB  0x0,0x0
                 
                 _0x0:
000036 0026
000037 007c
000038 002d
000039 002b      	.DB  0x26,0x0,0x7C,0x0,0x2D,0x0,0x2B,0x0
00003a 6425
00003b 6325
00003c 6425
00003d 3d20      	.DB  0x25,0x64,0x25,0x63,0x25,0x64,0x20,0x3D
00003e 2520
00003f 0064
000040 0031
000041 0030      	.DB  0x20,0x25,0x64,0x0,0x31,0x0,0x30,0x0
                 _0x2000003:
000042 c080      	.DB  0x80,0xC0
                 
                 __GLOBAL_INI_TBL:
000043 0006      	.DW  0x06
000044 0004      	.DW  0x04
000045 0066      	.DW  __REG_VARS*2
                 
000046 0002      	.DW  0x02
000047 0260      	.DW  _0xF
000048 0080      	.DW  _0x0*2+20
                 
000049 0002      	.DW  0x02
00004a 0262      	.DW  _0xF+2
00004b 0082      	.DW  _0x0*2+22
                 
00004c 0002      	.DW  0x02
00004d 0291      	.DW  __base_y_G100
00004e 0084      	.DW  _0x2000003*2
                 
                 _0xFFFFFFFF:
00004f 0000      	.DW  0
                 
                 #define __GLOBAL_INI_TBL_PRESENT 1
                 
                 __RESET:
000050 94f8      	CLI
000051 27ee      	CLR  R30
000052 bbec      	OUT  EECR,R30
                 
                 ;INTERRUPT VECTORS ARE PLACED
                 ;AT THE START OF FLASH
000053 e0f1      	LDI  R31,1
000054 bffb      	OUT  GICR,R31
000055 bfeb      	OUT  GICR,R30
000056 bfe5      	OUT  MCUCR,R30
                 
                 ;CLEAR R2-R14
000057 e08d      	LDI  R24,(14-2)+1
000058 e0a2      	LDI  R26,2
000059 27bb      	CLR  R27
                 __CLEAR_REG:
00005a 93ed      	ST   X+,R30
00005b 958a      	DEC  R24
00005c f7e9      	BRNE __CLEAR_REG
                 
                 ;CLEAR SRAM
00005d e080      	LDI  R24,LOW(__CLEAR_SRAM_SIZE)
00005e e098      	LDI  R25,HIGH(__CLEAR_SRAM_SIZE)
00005f e6a0      	LDI  R26,__SRAM_START
                 __CLEAR_SRAM:
000060 93ed      	ST   X+,R30
000061 9701      	SBIW R24,1
000062 f7e9      	BRNE __CLEAR_SRAM
                 
                 ;GLOBAL VARIABLES INITIALIZATION
000063 e8e6      	LDI  R30,LOW(__GLOBAL_INI_TBL*2)
000064 e0f0      	LDI  R31,HIGH(__GLOBAL_INI_TBL*2)
                 __GLOBAL_INI_NEXT:
000065 9185      	LPM  R24,Z+
000066 9195      	LPM  R25,Z+
000067 9700      	SBIW R24,0
000068 f061      	BREQ __GLOBAL_INI_END
000069 91a5      	LPM  R26,Z+
00006a 91b5      	LPM  R27,Z+
00006b 9005      	LPM  R0,Z+
00006c 9015      	LPM  R1,Z+
00006d 01bf      	MOVW R22,R30
00006e 01f0      	MOVW R30,R0
                 __GLOBAL_INI_LOOP:
00006f 9005      	LPM  R0,Z+
000070 920d      	ST   X+,R0
000071 9701      	SBIW R24,1
000072 f7e1      	BRNE __GLOBAL_INI_LOOP
000073 01fb      	MOVW R30,R22
000074 cff0      	RJMP __GLOBAL_INI_NEXT
                 __GLOBAL_INI_END:
                 
                 ;HARDWARE STACK POINTER INITIALIZATION
000075 e5ef      	LDI  R30,LOW(__SRAM_END-__HEAP_SIZE)
000076 bfed      	OUT  SPL,R30
000077 e0e8      	LDI  R30,HIGH(__SRAM_END-__HEAP_SIZE)
000078 bfee      	OUT  SPH,R30
                 
                 ;DATA STACK POINTER INITIALIZATION
000079 e6c0      	LDI  R28,LOW(__SRAM_START+__DSTACK_SIZE)
00007a e0d2      	LDI  R29,HIGH(__SRAM_START+__DSTACK_SIZE)
                 
00007b 940c 0139 	JMP  _main
                 
                 	.ESEG
                 	.ORG 0
                 
                 	.DSEG
                 	.ORG 0x260
                 
                 	.CSEG
                 ;/*******************************************************
                 ;This program was created by the
                 ;CodeWizardAVR V3.12 Advanced
                 ;Automatic Program Generator
                 ;© Copyright 1998-2014 Pavel Haiduc, HP InfoTech s.r.l.
                 ;http://www.hpinfotech.com
                 ;
                 ;Project :
                 ;Version :
                 ;Date    : 12/29/2019
                 ;Author  :
                 ;Company :
                 ;Comments:
                 ;
                 ;
                 ;Chip type               : ATmega32
                 ;Program type            : Application
                 ;AVR Core Clock frequency: 1.000000 MHz
                 ;Memory model            : Small
                 ;External RAM size       : 0
                 ;Data Stack size         : 512
                 ;*******************************************************/
                 ;
                 ;#include <mega32.h>
                 	#ifndef __SLEEP_DEFINED__
                 	#define __SLEEP_DEFINED__
                 	.EQU __se_bit=0x80
                 	.EQU __sm_mask=0x70
                 	.EQU __sm_powerdown=0x20
                 	.EQU __sm_powersave=0x30
                 	.EQU __sm_standby=0x60
                 	.EQU __sm_ext_standby=0x70
                 	.EQU __sm_adc_noise_red=0x10
                 	.SET power_ctrl_reg=mcucr
                 	#endif
                 ;
                 ;// Alphanumeric LCD functions
                 ;#include <alcd.h>
                 ;#include <stdio.h>
                 ;#include <delay.h>
                 ;
                 ;// Declare your global variables here
                 ;int a = 0;
                 ;int b = 0;
                 ;int res = 0;
                 ;char op[5] = "";
                 ;char str[40] = "";
                 ;void printBin(int n);
                 ;
                 ;// External Interrupt 0 service routine
                 ;interrupt [EXT_INT0] void ext_int0_isr(void)
                 ; 0000 0029 {
                 
                 	.CSEG
                 _ext_int0_isr:
                 ; .FSTART _ext_int0_isr
00007d 920a      	ST   -Y,R0
00007e 921a      	ST   -Y,R1
00007f 92fa      	ST   -Y,R15
000080 936a      	ST   -Y,R22
000081 937a      	ST   -Y,R23
000082 938a      	ST   -Y,R24
000083 939a      	ST   -Y,R25
000084 93aa      	ST   -Y,R26
000085 93ba      	ST   -Y,R27
000086 93ea      	ST   -Y,R30
000087 93fa      	ST   -Y,R31
000088 b7ef      	IN   R30,SREG
000089 93ea      	ST   -Y,R30
                 ; 0000 002A     // Place your code here
                 ; 0000 002B     a = PINB.0 + PINB.1 * 2 + PINB.2 * 4 + PINB.3 * 8 + PINB.4 * 16;
00008a e0e0      	LDI  R30,0
00008b 99b0      	SBIC 0x16,0
00008c e0e1      	LDI  R30,1
00008d 2f6e      	MOV  R22,R30
00008e e0a0      	LDI  R26,0
00008f 99b1      	SBIC 0x16,1
000090 e0a1      	LDI  R26,1
000091 e0e2      	LDI  R30,LOW(2)
000092 9fea      	MUL  R30,R26
000093 01f0      	MOVW R30,R0
000094 0f6e      	ADD  R22,R30
000095 e0a0      	LDI  R26,0
000096 99b2      	SBIC 0x16,2
000097 e0a1      	LDI  R26,1
000098 e0e4      	LDI  R30,LOW(4)
000099 9fea      	MUL  R30,R26
00009a 01f0      	MOVW R30,R0
00009b 0f6e      	ADD  R22,R30
00009c e0a0      	LDI  R26,0
00009d 99b3      	SBIC 0x16,3
00009e e0a1      	LDI  R26,1
00009f e0e8      	LDI  R30,LOW(8)
0000a0 9fea      	MUL  R30,R26
0000a1 01f0      	MOVW R30,R0
0000a2 0f6e      	ADD  R22,R30
0000a3 e0a0      	LDI  R26,0
0000a4 99b4      	SBIC 0x16,4
0000a5 e0a1      	LDI  R26,1
0000a6 e1e0      	LDI  R30,LOW(16)
0000a7 9fea      	MUL  R30,R26
0000a8 01f0      	MOVW R30,R0
0000a9 0fe6      	ADD  R30,R22
0000aa 2e4e      	MOV  R4,R30
0000ab 2455      	CLR  R5
                 ; 0000 002C     b = PINA.3 + PINA.4 * 2 + PINA.5 * 4 + PINA.6 * 8 + PINA.7 * 16;
0000ac e0e0      	LDI  R30,0
0000ad 99cb      	SBIC 0x19,3
0000ae e0e1      	LDI  R30,1
0000af 2f6e      	MOV  R22,R30
0000b0 e0a0      	LDI  R26,0
0000b1 99cc      	SBIC 0x19,4
0000b2 e0a1      	LDI  R26,1
0000b3 e0e2      	LDI  R30,LOW(2)
0000b4 9fea      	MUL  R30,R26
0000b5 01f0      	MOVW R30,R0
0000b6 0f6e      	ADD  R22,R30
0000b7 e0a0      	LDI  R26,0
0000b8 99cd      	SBIC 0x19,5
0000b9 e0a1      	LDI  R26,1
0000ba e0e4      	LDI  R30,LOW(4)
0000bb 9fea      	MUL  R30,R26
0000bc 01f0      	MOVW R30,R0
0000bd 0f6e      	ADD  R22,R30
0000be e0a0      	LDI  R26,0
0000bf 99ce      	SBIC 0x19,6
0000c0 e0a1      	LDI  R26,1
0000c1 e0e8      	LDI  R30,LOW(8)
0000c2 9fea      	MUL  R30,R26
0000c3 01f0      	MOVW R30,R0
0000c4 0f6e      	ADD  R22,R30
0000c5 e0a0      	LDI  R26,0
0000c6 99cf      	SBIC 0x19,7
0000c7 e0a1      	LDI  R26,1
0000c8 e1e0      	LDI  R30,LOW(16)
0000c9 9fea      	MUL  R30,R26
0000ca 01f0      	MOVW R30,R0
0000cb 0fe6      	ADD  R30,R22
0000cc 2e6e      	MOV  R6,R30
0000cd 2477      	CLR  R7
                 ; 0000 002D     if(PINB.6 == 1) {res = a & b; sprintf(op,"&");}
0000ce 9bb6      	SBIS 0x16,6
0000cf c008      	RJMP _0x3
0000d0 01f3      	MOVW R30,R6
0000d1 21e4      	AND  R30,R4
0000d2 21f5      	AND  R31,R5
0000d3 940e 03d7 	CALL SUBOPT_0x0
                +
0000d5 e6ec     +LDI R30 , LOW ( 2 * _0x0 + ( 0 ) )
0000d6 e0f0     +LDI R31 , HIGH ( 2 * _0x0 + ( 0 ) )
                 	__POINTW1FN _0x0,0
0000d7 c013      	RJMP _0x11
                 ; 0000 002E     else if(PINB.7 == 1) {res = a | b; sprintf(op,"|");}
                 _0x3:
0000d8 9bb7      	SBIS 0x16,7
0000d9 c008      	RJMP _0x5
0000da 01f3      	MOVW R30,R6
0000db 29e4      	OR   R30,R4
0000dc 29f5      	OR   R31,R5
0000dd 940e 03d7 	CALL SUBOPT_0x0
                +
0000df e6ee     +LDI R30 , LOW ( 2 * _0x0 + ( 2 ) )
0000e0 e0f0     +LDI R31 , HIGH ( 2 * _0x0 + ( 2 ) )
                 	__POINTW1FN _0x0,2
0000e1 c009      	RJMP _0x11
                 ; 0000 002F     else if(PINA.1 == 1) {res = a - b; sprintf(op,"-");}
                 _0x5:
0000e2 9bc9      	SBIS 0x19,1
0000e3 c00d      	RJMP _0x7
0000e4 01f2      	MOVW R30,R4
0000e5 19e6      	SUB  R30,R6
0000e6 09f7      	SBC  R31,R7
0000e7 940e 03d7 	CALL SUBOPT_0x0
                +
0000e9 e7e0     +LDI R30 , LOW ( 2 * _0x0 + ( 4 ) )
0000ea e0f0     +LDI R31 , HIGH ( 2 * _0x0 + ( 4 ) )
                 	__POINTW1FN _0x0,4
                 _0x11:
0000eb 93fa      	ST   -Y,R31
0000ec 93ea      	ST   -Y,R30
0000ed e080      	LDI  R24,0
0000ee 940e 038a 	CALL _sprintf
0000f0 9624      	ADIW R28,4
                 ; 0000 0030     if(PINA.0 == 1) {res = a + b; sprintf(op,"+");}
                 _0x7:
0000f1 9bc8      	SBIS 0x19,0
0000f2 c00d      	RJMP _0x8
0000f3 01f3      	MOVW R30,R6
0000f4 0de4      	ADD  R30,R4
0000f5 1df5      	ADC  R31,R5
0000f6 940e 03d7 	CALL SUBOPT_0x0
                +
0000f8 e7e2     +LDI R30 , LOW ( 2 * _0x0 + ( 6 ) )
0000f9 e0f0     +LDI R31 , HIGH ( 2 * _0x0 + ( 6 ) )
                 	__POINTW1FN _0x0,6
0000fa 93fa      	ST   -Y,R31
0000fb 93ea      	ST   -Y,R30
0000fc e080      	LDI  R24,0
0000fd 940e 038a 	CALL _sprintf
0000ff 9624      	ADIW R28,4
                 ; 0000 0031     sprintf(str,"%d%c%d = %d", a, op[0], b, res);
                 _0x8:
000100 e6e9      	LDI  R30,LOW(_str)
000101 e0f2      	LDI  R31,HIGH(_str)
000102 93fa      	ST   -Y,R31
000103 93ea      	ST   -Y,R30
                +
000104 e7e4     +LDI R30 , LOW ( 2 * _0x0 + ( 8 ) )
000105 e0f0     +LDI R31 , HIGH ( 2 * _0x0 + ( 8 ) )
                 	__POINTW1FN _0x0,8
000106 93fa      	ST   -Y,R31
000107 93ea      	ST   -Y,R30
000108 01f2      	MOVW R30,R4
000109 940e 03dd 	CALL SUBOPT_0x1
00010b 91e0 0264 	LDS  R30,_op
00010d 27ff      	CLR  R31
00010e 2766      	CLR  R22
00010f 2777      	CLR  R23
000110 940e 046e 	CALL __PUTPARD1
000112 01f3      	MOVW R30,R6
000113 940e 03dd 	CALL SUBOPT_0x1
000115 01f4      	MOVW R30,R8
000116 940e 03dd 	CALL SUBOPT_0x1
000118 e180      	LDI  R24,16
000119 940e 038a 	CALL _sprintf
00011b 9664      	ADIW R28,20
                 ; 0000 0032     lcd_clear();
00011c d09a      	RCALL _lcd_clear
                 ; 0000 0033     lcd_puts(str);
00011d e6a9      	LDI  R26,LOW(_str)
00011e e0b2      	LDI  R27,HIGH(_str)
00011f d0b8      	RCALL _lcd_puts
                 ; 0000 0034     delay_ms(2000);
000120 eda0      	LDI  R26,LOW(2000)
000121 e0b7      	LDI  R27,HIGH(2000)
000122 940e 041b 	CALL _delay_ms
                 ; 0000 0035     lcd_clear();
000124 d092      	RCALL _lcd_clear
                 ; 0000 0036     lcd_gotoxy(0,0);
000125 e0e0      	LDI  R30,LOW(0)
000126 93ea      	ST   -Y,R30
000127 e0a0      	LDI  R26,LOW(0)
000128 d081      	RCALL _lcd_gotoxy
                 ; 0000 0037     //printBin(a);
                 ; 0000 0038     //lcd_puts(op);
                 ; 0000 0039     //printBin(b);
                 ; 0000 003A     //lcd_puts("=");
                 ; 0000 003B     printBin(res);
000129 01d4      	MOVW R26,R8
00012a d040      	RCALL _printBin
                 ; 0000 003C }
00012b 91e9      	LD   R30,Y+
00012c bfef      	OUT  SREG,R30
00012d 91f9      	LD   R31,Y+
00012e 91e9      	LD   R30,Y+
00012f 91b9      	LD   R27,Y+
000130 91a9      	LD   R26,Y+
000131 9199      	LD   R25,Y+
000132 9189      	LD   R24,Y+
000133 9179      	LD   R23,Y+
000134 9169      	LD   R22,Y+
000135 90f9      	LD   R15,Y+
000136 9019      	LD   R1,Y+
000137 9009      	LD   R0,Y+
000138 9518      	RETI
                 ; .FEND
                 ;
                 ;void main(void)
                 ; 0000 003F {
                 _main:
                 ; .FSTART _main
                 ; 0000 0040 // Declare your local variables here
                 ; 0000 0041 
                 ; 0000 0042 // Input/Output Ports initialization
                 ; 0000 0043 // Port A initialization
                 ; 0000 0044 // Function: Bit7=In Bit6=In Bit5=In Bit4=In Bit3=In Bit2=In Bit1=In Bit0=In
                 ; 0000 0045 DDRA=(0<<DDA7) | (0<<DDA6) | (0<<DDA5) | (0<<DDA4) | (0<<DDA3) | (0<<DDA2) | (0<<DDA1) | (0<<DDA0);
000139 e0e0      	LDI  R30,LOW(0)
00013a bbea      	OUT  0x1A,R30
                 ; 0000 0046 // State: Bit7=T Bit6=T Bit5=T Bit4=T Bit3=T Bit2=T Bit1=T Bit0=T
                 ; 0000 0047 PORTA=(0<<PORTA7) | (0<<PORTA6) | (0<<PORTA5) | (0<<PORTA4) | (0<<PORTA3) | (0<<PORTA2) | (0<<PORTA1) | (0<<PORTA0);
00013b bbeb      	OUT  0x1B,R30
                 ; 0000 0048 
                 ; 0000 0049 // Port B initialization
                 ; 0000 004A // Function: Bit7=In Bit6=In Bit5=In Bit4=In Bit3=In Bit2=In Bit1=In Bit0=In
                 ; 0000 004B DDRB=(0<<DDB7) | (0<<DDB6) | (0<<DDB5) | (0<<DDB4) | (0<<DDB3) | (0<<DDB2) | (0<<DDB1) | (0<<DDB0);
00013c bbe7      	OUT  0x17,R30
                 ; 0000 004C // State: Bit7=T Bit6=T Bit5=T Bit4=T Bit3=T Bit2=T Bit1=T Bit0=T
                 ; 0000 004D PORTB=(0<<PORTB7) | (0<<PORTB6) | (0<<PORTB5) | (0<<PORTB4) | (0<<PORTB3) | (0<<PORTB2) | (0<<PORTB1) | (0<<PORTB0);
00013d bbe8      	OUT  0x18,R30
                 ; 0000 004E 
                 ; 0000 004F // Port C initialization
                 ; 0000 0050 // Function: Bit7=In Bit6=In Bit5=In Bit4=In Bit3=In Bit2=In Bit1=In Bit0=In
                 ; 0000 0051 DDRC=(0<<DDC7) | (0<<DDC6) | (0<<DDC5) | (0<<DDC4) | (0<<DDC3) | (0<<DDC2) | (0<<DDC1) | (0<<DDC0);
00013e bbe4      	OUT  0x14,R30
                 ; 0000 0052 // State: Bit7=T Bit6=T Bit5=T Bit4=T Bit3=T Bit2=T Bit1=T Bit0=T
                 ; 0000 0053 PORTC=(0<<PORTC7) | (0<<PORTC6) | (0<<PORTC5) | (0<<PORTC4) | (0<<PORTC3) | (0<<PORTC2) | (0<<PORTC1) | (0<<PORTC0);
00013f bbe5      	OUT  0x15,R30
                 ; 0000 0054 
                 ; 0000 0055 // Port D initialization
                 ; 0000 0056 // Function: Bit7=In Bit6=In Bit5=In Bit4=In Bit3=In Bit2=In Bit1=In Bit0=In
                 ; 0000 0057 DDRD=(0<<DDD7) | (0<<DDD6) | (0<<DDD5) | (0<<DDD4) | (0<<DDD3) | (0<<DDD2) | (0<<DDD1) | (0<<DDD0);
000140 bbe1      	OUT  0x11,R30
                 ; 0000 0058 // State: Bit7=T Bit6=T Bit5=T Bit4=T Bit3=T Bit2=T Bit1=T Bit0=T
                 ; 0000 0059 PORTD=(0<<PORTD7) | (0<<PORTD6) | (0<<PORTD5) | (0<<PORTD4) | (0<<PORTD3) | (0<<PORTD2) | (0<<PORTD1) | (0<<PORTD0);
000141 bbe2      	OUT  0x12,R30
                 ; 0000 005A 
                 ; 0000 005B // Timer/Counter 0 initialization
                 ; 0000 005C // Clock source: System Clock
                 ; 0000 005D // Clock value: Timer 0 Stopped
                 ; 0000 005E // Mode: Normal top=0xFF
                 ; 0000 005F // OC0 output: Disconnected
                 ; 0000 0060 TCCR0=(0<<WGM00) | (0<<COM01) | (0<<COM00) | (0<<WGM01) | (0<<CS02) | (0<<CS01) | (0<<CS00);
000142 bfe3      	OUT  0x33,R30
                 ; 0000 0061 TCNT0=0x00;
000143 bfe2      	OUT  0x32,R30
                 ; 0000 0062 OCR0=0x00;
000144 bfec      	OUT  0x3C,R30
                 ; 0000 0063 
                 ; 0000 0064 // Timer/Counter 1 initialization
                 ; 0000 0065 // Clock source: System Clock
                 ; 0000 0066 // Clock value: Timer1 Stopped
                 ; 0000 0067 // Mode: Normal top=0xFFFF
                 ; 0000 0068 // OC1A output: Disconnected
                 ; 0000 0069 // OC1B output: Disconnected
                 ; 0000 006A // Noise Canceler: Off
                 ; 0000 006B // Input Capture on Falling Edge
                 ; 0000 006C // Timer1 Overflow Interrupt: Off
                 ; 0000 006D // Input Capture Interrupt: Off
                 ; 0000 006E // Compare A Match Interrupt: Off
                 ; 0000 006F // Compare B Match Interrupt: Off
                 ; 0000 0070 TCCR1A=(0<<COM1A1) | (0<<COM1A0) | (0<<COM1B1) | (0<<COM1B0) | (0<<WGM11) | (0<<WGM10);
000145 bdef      	OUT  0x2F,R30
                 ; 0000 0071 TCCR1B=(0<<ICNC1) | (0<<ICES1) | (0<<WGM13) | (0<<WGM12) | (0<<CS12) | (0<<CS11) | (0<<CS10);
000146 bdee      	OUT  0x2E,R30
                 ; 0000 0072 TCNT1H=0x00;
000147 bded      	OUT  0x2D,R30
                 ; 0000 0073 TCNT1L=0x00;
000148 bdec      	OUT  0x2C,R30
                 ; 0000 0074 ICR1H=0x00;
000149 bde7      	OUT  0x27,R30
                 ; 0000 0075 ICR1L=0x00;
00014a bde6      	OUT  0x26,R30
                 ; 0000 0076 OCR1AH=0x00;
00014b bdeb      	OUT  0x2B,R30
                 ; 0000 0077 OCR1AL=0x00;
00014c bdea      	OUT  0x2A,R30
                 ; 0000 0078 OCR1BH=0x00;
00014d bde9      	OUT  0x29,R30
                 ; 0000 0079 OCR1BL=0x00;
00014e bde8      	OUT  0x28,R30
                 ; 0000 007A 
                 ; 0000 007B // Timer/Counter 2 initialization
                 ; 0000 007C // Clock source: System Clock
                 ; 0000 007D // Clock value: Timer2 Stopped
                 ; 0000 007E // Mode: Normal top=0xFF
                 ; 0000 007F // OC2 output: Disconnected
                 ; 0000 0080 ASSR=0<<AS2;
00014f bde2      	OUT  0x22,R30
                 ; 0000 0081 TCCR2=(0<<PWM2) | (0<<COM21) | (0<<COM20) | (0<<CTC2) | (0<<CS22) | (0<<CS21) | (0<<CS20);
000150 bde5      	OUT  0x25,R30
                 ; 0000 0082 TCNT2=0x00;
000151 bde4      	OUT  0x24,R30
                 ; 0000 0083 OCR2=0x00;
000152 bde3      	OUT  0x23,R30
                 ; 0000 0084 
                 ; 0000 0085 // Timer(s)/Counter(s) Interrupt(s) initialization
                 ; 0000 0086 TIMSK=(0<<OCIE2) | (0<<TOIE2) | (0<<TICIE1) | (0<<OCIE1A) | (0<<OCIE1B) | (0<<TOIE1) | (0<<OCIE0) | (0<<TOIE0);
000153 bfe9      	OUT  0x39,R30
                 ; 0000 0087 
                 ; 0000 0088 // External Interrupt(s) initialization
                 ; 0000 0089 // INT0: On
                 ; 0000 008A // INT0 Mode: Rising Edge
                 ; 0000 008B // INT1: Off
                 ; 0000 008C // INT2: Off
                 ; 0000 008D GICR|=(0<<INT1) | (1<<INT0) | (0<<INT2);
000154 b7eb      	IN   R30,0x3B
000155 64e0      	ORI  R30,0x40
000156 bfeb      	OUT  0x3B,R30
                 ; 0000 008E MCUCR=(0<<ISC11) | (0<<ISC10) | (1<<ISC01) | (1<<ISC00);
000157 e0e3      	LDI  R30,LOW(3)
000158 bfe5      	OUT  0x35,R30
                 ; 0000 008F MCUCSR=(0<<ISC2);
000159 e0e0      	LDI  R30,LOW(0)
00015a bfe4      	OUT  0x34,R30
                 ; 0000 0090 GIFR=(0<<INTF1) | (1<<INTF0) | (0<<INTF2);
00015b e4e0      	LDI  R30,LOW(64)
00015c bfea      	OUT  0x3A,R30
                 ; 0000 0091 
                 ; 0000 0092 // USART initialization
                 ; 0000 0093 // USART disabled
                 ; 0000 0094 UCSRB=(0<<RXCIE) | (0<<TXCIE) | (0<<UDRIE) | (0<<RXEN) | (0<<TXEN) | (0<<UCSZ2) | (0<<RXB8) | (0<<TXB8);
00015d e0e0      	LDI  R30,LOW(0)
00015e b9ea      	OUT  0xA,R30
                 ; 0000 0095 
                 ; 0000 0096 // Analog Comparator initialization
                 ; 0000 0097 // Analog Comparator: Off
                 ; 0000 0098 // The Analog Comparator's positive input is
                 ; 0000 0099 // connected to the AIN0 pin
                 ; 0000 009A // The Analog Comparator's negative input is
                 ; 0000 009B // connected to the AIN1 pin
                 ; 0000 009C ACSR=(1<<ACD) | (0<<ACBG) | (0<<ACO) | (0<<ACI) | (0<<ACIE) | (0<<ACIC) | (0<<ACIS1) | (0<<ACIS0);
00015f e8e0      	LDI  R30,LOW(128)
000160 b9e8      	OUT  0x8,R30
                 ; 0000 009D SFIOR=(0<<ACME);
000161 e0e0      	LDI  R30,LOW(0)
000162 bfe0      	OUT  0x30,R30
                 ; 0000 009E 
                 ; 0000 009F // ADC initialization
                 ; 0000 00A0 // ADC disabled
                 ; 0000 00A1 ADCSRA=(0<<ADEN) | (0<<ADSC) | (0<<ADATE) | (0<<ADIF) | (0<<ADIE) | (0<<ADPS2) | (0<<ADPS1) | (0<<ADPS0);
000163 b9e6      	OUT  0x6,R30
                 ; 0000 00A2 
                 ; 0000 00A3 // SPI initialization
                 ; 0000 00A4 // SPI disabled
                 ; 0000 00A5 SPCR=(0<<SPIE) | (0<<SPE) | (0<<DORD) | (0<<MSTR) | (0<<CPOL) | (0<<CPHA) | (0<<SPR1) | (0<<SPR0);
000164 b9ed      	OUT  0xD,R30
                 ; 0000 00A6 
                 ; 0000 00A7 // TWI initialization
                 ; 0000 00A8 // TWI disabled
                 ; 0000 00A9 TWCR=(0<<TWEA) | (0<<TWSTA) | (0<<TWSTO) | (0<<TWEN) | (0<<TWIE);
000165 bfe6      	OUT  0x36,R30
                 ; 0000 00AA 
                 ; 0000 00AB // Alphanumeric LCD initialization
                 ; 0000 00AC // Connections are specified in the
                 ; 0000 00AD // Project|Configure|C Compiler|Libraries|Alphanumeric LCD menu:
                 ; 0000 00AE // RS - PORTC Bit 0
                 ; 0000 00AF // RD - PORTC Bit 1
                 ; 0000 00B0 // EN - PORTC Bit 2
                 ; 0000 00B1 // D4 - PORTC Bit 4
                 ; 0000 00B2 // D5 - PORTC Bit 5
                 ; 0000 00B3 // D6 - PORTC Bit 6
                 ; 0000 00B4 // D7 - PORTC Bit 7
                 ; 0000 00B5 // Characters/line: 8
                 ; 0000 00B6 lcd_init(8);
000166 e0a8      	LDI  R26,LOW(8)
000167 d081      	RCALL _lcd_init
                 ; 0000 00B7 
                 ; 0000 00B8 // Global enable interrupts
                 ; 0000 00B9 #asm("sei")
000168 9478      	sei
                 ; 0000 00BA 
                 ; 0000 00BB while (1)
                 _0x9:
                 ; 0000 00BC       {
                 ; 0000 00BD       // Place your code here
                 ; 0000 00BE 
                 ; 0000 00BF       }
000169 cfff      	RJMP _0x9
                 ; 0000 00C0 }
                 _0xC:
00016a cfff      	RJMP _0xC
                 ; .FEND
                 ;
                 ;void printBin(int n){
                 ; 0000 00C2 void printBin(int n){
                 _printBin:
                 ; .FSTART _printBin
                 ; 0000 00C3     if (n > 1) printBin(n/2);
00016b 93ba      	ST   -Y,R27
00016c 93aa      	ST   -Y,R26
                 ;	n -> Y+0
00016d 81a8      	LD   R26,Y
00016e 81b9      	LDD  R27,Y+1
00016f 9712      	SBIW R26,2
000170 f044      	BRLT _0xD
000171 81a8      	LD   R26,Y
000172 81b9      	LDD  R27,Y+1
000173 e0e2      	LDI  R30,LOW(2)
000174 e0f0      	LDI  R31,HIGH(2)
000175 940e 0445 	CALL __DIVW21
000177 01df      	MOVW R26,R30
000178 dff2      	RCALL _printBin
                 ; 0000 00C4     if (n % 2 == 1) lcd_puts("1");
                 _0xD:
000179 81a8      	LD   R26,Y
00017a 81b9      	LDD  R27,Y+1
00017b e0e2      	LDI  R30,LOW(2)
00017c e0f0      	LDI  R31,HIGH(2)
00017d 940e 044a 	CALL __MODW21
00017f 30e1      	CPI  R30,LOW(0x1)
000180 e0a0      	LDI  R26,HIGH(0x1)
000181 07fa      	CPC  R31,R26
000182 f419      	BRNE _0xE
                +
000183 e6a0     +LDI R26 , LOW ( _0xF + ( 0 ) )
000184 e0b2     +LDI R27 , HIGH ( _0xF + ( 0 ) )
                 	__POINTW2MN _0xF,0
000185 c002      	RJMP _0x12
                 ; 0000 00C5     else lcd_puts("0");
                 _0xE:
                +
000186 e6a2     +LDI R26 , LOW ( _0xF + ( 2 ) )
000187 e0b2     +LDI R27 , HIGH ( _0xF + ( 2 ) )
                 	__POINTW2MN _0xF,2
                 _0x12:
000188 d04f      	RCALL _lcd_puts
                 ; 0000 00C6 }
000189 c02b      	RJMP _0x2080003
                 ; .FEND
                 
                 	.DSEG
                 _0xF:
000260           	.BYTE 0x4
                 	#ifndef __SLEEP_DEFINED__
                 	#endif
                 
                 	.DSEG
                 
                 	.CSEG
                 __lcd_write_nibble_G100:
                 ; .FSTART __lcd_write_nibble_G100
00018a 93aa      	ST   -Y,R26
00018b b3e5      	IN   R30,0x15
00018c 70ef      	ANDI R30,LOW(0xF)
00018d 2fae      	MOV  R26,R30
00018e 81e8      	LD   R30,Y
00018f 7fe0      	ANDI R30,LOW(0xF0)
000190 2bea      	OR   R30,R26
000191 bbe5      	OUT  0x15,R30
                +
000192 e082     +LDI R24 , LOW ( 2 )
                +__DELAY_USB_LOOP :
000193 958a     +DEC R24
000194 f7f1     +BRNE __DELAY_USB_LOOP
                 	__DELAY_USB 2
000195 9aaa      	SBI  0x15,2
                +
000196 e082     +LDI R24 , LOW ( 2 )
                +__DELAY_USB_LOOP :
000197 958a     +DEC R24
000198 f7f1     +BRNE __DELAY_USB_LOOP
                 	__DELAY_USB 2
000199 98aa      	CBI  0x15,2
                +
00019a e082     +LDI R24 , LOW ( 2 )
                +__DELAY_USB_LOOP :
00019b 958a     +DEC R24
00019c f7f1     +BRNE __DELAY_USB_LOOP
                 	__DELAY_USB 2
00019d c076      	RJMP _0x2080002
                 ; .FEND
                 __lcd_write_data:
                 ; .FSTART __lcd_write_data
00019e 93aa      	ST   -Y,R26
00019f 81a8      	LD   R26,Y
0001a0 dfe9      	RCALL __lcd_write_nibble_G100
0001a1 81e8          ld    r30,y
0001a2 95e2          swap  r30
0001a3 83e8          st    y,r30
0001a4 81a8      	LD   R26,Y
0001a5 dfe4      	RCALL __lcd_write_nibble_G100
                +
0001a6 e181     +LDI R24 , LOW ( 17 )
                +__DELAY_USB_LOOP :
0001a7 958a     +DEC R24
0001a8 f7f1     +BRNE __DELAY_USB_LOOP
                 	__DELAY_USB 17
0001a9 c06a      	RJMP _0x2080002
                 ; .FEND
                 _lcd_gotoxy:
                 ; .FSTART _lcd_gotoxy
0001aa 93aa      	ST   -Y,R26
0001ab 81e8      	LD   R30,Y
0001ac e0f0      	LDI  R31,0
0001ad 56ef      	SUBI R30,LOW(-__base_y_G100)
0001ae 4ffd      	SBCI R31,HIGH(-__base_y_G100)
0001af 81e0      	LD   R30,Z
0001b0 81a9      	LDD  R26,Y+1
0001b1 0fae      	ADD  R26,R30
0001b2 dfeb      	RCALL __lcd_write_data
0001b3 80b9      	LDD  R11,Y+1
0001b4 80a8      	LDD  R10,Y+0
                 _0x2080003:
0001b5 9622      	ADIW R28,2
0001b6 9508      	RET
                 ; .FEND
                 _lcd_clear:
                 ; .FSTART _lcd_clear
0001b7 e0a2      	LDI  R26,LOW(2)
0001b8 940e 03e2 	CALL SUBOPT_0x2
0001ba e0ac      	LDI  R26,LOW(12)
0001bb dfe2      	RCALL __lcd_write_data
0001bc e0a1      	LDI  R26,LOW(1)
0001bd 940e 03e2 	CALL SUBOPT_0x2
0001bf e0e0      	LDI  R30,LOW(0)
0001c0 2eae      	MOV  R10,R30
0001c1 2ebe      	MOV  R11,R30
0001c2 9508      	RET
                 ; .FEND
                 _lcd_putchar:
                 ; .FSTART _lcd_putchar
0001c3 93aa      	ST   -Y,R26
0001c4 81a8      	LD   R26,Y
0001c5 30aa      	CPI  R26,LOW(0xA)
0001c6 f011      	BREQ _0x2000005
0001c7 14bd      	CP   R11,R13
0001c8 f048      	BRLO _0x2000004
                 _0x2000005:
0001c9 e0e0      	LDI  R30,LOW(0)
0001ca 93ea      	ST   -Y,R30
0001cb 94a3      	INC  R10
0001cc 2daa      	MOV  R26,R10
0001cd dfdc      	RCALL _lcd_gotoxy
0001ce 81a8      	LD   R26,Y
0001cf 30aa      	CPI  R26,LOW(0xA)
0001d0 f409      	BRNE _0x2000007
0001d1 c042      	RJMP _0x2080002
                 _0x2000007:
                 _0x2000004:
0001d2 94b3      	INC  R11
0001d3 9aa8      	SBI  0x15,0
0001d4 81a8      	LD   R26,Y
0001d5 dfc8      	RCALL __lcd_write_data
0001d6 98a8      	CBI  0x15,0
0001d7 c03c      	RJMP _0x2080002
                 ; .FEND
                 _lcd_puts:
                 ; .FSTART _lcd_puts
0001d8 93ba      	ST   -Y,R27
0001d9 93aa      	ST   -Y,R26
0001da 931a      	ST   -Y,R17
                 _0x2000008:
0001db 81a9      	LDD  R26,Y+1
0001dc 81ba      	LDD  R27,Y+1+1
0001dd 91ed      	LD   R30,X+
0001de 83a9      	STD  Y+1,R26
0001df 83ba      	STD  Y+1+1,R27
0001e0 2f1e      	MOV  R17,R30
0001e1 30e0      	CPI  R30,0
0001e2 f019      	BREQ _0x200000A
0001e3 2fa1      	MOV  R26,R17
0001e4 dfde      	RCALL _lcd_putchar
0001e5 cff5      	RJMP _0x2000008
                 _0x200000A:
0001e6 8118      	LDD  R17,Y+0
0001e7 9623      	ADIW R28,3
0001e8 9508      	RET
                 ; .FEND
                 _lcd_init:
                 ; .FSTART _lcd_init
0001e9 93aa      	ST   -Y,R26
0001ea b3e4      	IN   R30,0x14
0001eb 6fe0      	ORI  R30,LOW(0xF0)
0001ec bbe4      	OUT  0x14,R30
0001ed 9aa2      	SBI  0x14,2
0001ee 9aa0      	SBI  0x14,0
0001ef 9aa1      	SBI  0x14,1
0001f0 98aa      	CBI  0x15,2
0001f1 98a8      	CBI  0x15,0
0001f2 98a9      	CBI  0x15,1
0001f3 80d8      	LDD  R13,Y+0
0001f4 81e8      	LD   R30,Y
0001f5 58e0      	SUBI R30,-LOW(128)
                +
0001f6 93e0 0293+STS __base_y_G100 + ( 2 ) , R30
                 	__PUTB1MN __base_y_G100,2
0001f8 81e8      	LD   R30,Y
0001f9 54e0      	SUBI R30,-LOW(192)
                +
0001fa 93e0 0294+STS __base_y_G100 + ( 3 ) , R30
                 	__PUTB1MN __base_y_G100,3
0001fc e1a4      	LDI  R26,LOW(20)
0001fd e0b0      	LDI  R27,0
0001fe 940e 041b 	CALL _delay_ms
000200 940e 03e8 	CALL SUBOPT_0x3
000202 940e 03e8 	CALL SUBOPT_0x3
000204 940e 03e8 	CALL SUBOPT_0x3
000206 e2a0      	LDI  R26,LOW(32)
000207 df82      	RCALL __lcd_write_nibble_G100
                +
000208 e281     +LDI R24 , LOW ( 33 )
                +__DELAY_USB_LOOP :
000209 958a     +DEC R24
00020a f7f1     +BRNE __DELAY_USB_LOOP
                 	__DELAY_USB 33
00020b e2a8      	LDI  R26,LOW(40)
00020c df91      	RCALL __lcd_write_data
00020d e0a4      	LDI  R26,LOW(4)
00020e df8f      	RCALL __lcd_write_data
00020f e8a5      	LDI  R26,LOW(133)
000210 df8d      	RCALL __lcd_write_data
000211 e0a6      	LDI  R26,LOW(6)
000212 df8b      	RCALL __lcd_write_data
000213 dfa3      	RCALL _lcd_clear
                 _0x2080002:
000214 9621      	ADIW R28,1
000215 9508      	RET
                 ; .FEND
                 	#ifndef __SLEEP_DEFINED__
                 	#endif
                 
                 	.CSEG
                 _put_buff_G101:
                 ; .FSTART _put_buff_G101
000216 93ba      	ST   -Y,R27
000217 93aa      	ST   -Y,R26
000218 931a      	ST   -Y,R17
000219 930a      	ST   -Y,R16
00021a 81aa      	LDD  R26,Y+2
00021b 81bb      	LDD  R27,Y+2+1
00021c 9612      	ADIW R26,2
00021d 940e 0466 	CALL __GETW1P
00021f 9730      	SBIW R30,0
000220 f159      	BREQ _0x2020010
000221 81aa      	LDD  R26,Y+2
000222 81bb      	LDD  R27,Y+2+1
000223 9614      	ADIW R26,4
000224 940e 0466 	CALL __GETW1P
000226 018f      	MOVW R16,R30
000227 9730      	SBIW R30,0
000228 f061      	BREQ _0x2020012
                +
000229 3002     +CPI R16 , LOW ( 2 )
00022a e0e0     +LDI R30 , HIGH ( 2 )
00022b 071e     +CPC R17 , R30
                 	__CPWRN 16,17,2
00022c f098      	BRLO _0x2020013
00022d 01f8      	MOVW R30,R16
00022e 9731      	SBIW R30,1
00022f 018f      	MOVW R16,R30
                +
000230 81aa     +LDD R26 , Y + 2
000231 81bb     +LDD R27 , Y + 2 + 1
000232 9614     +ADIW R26 , 4
000233 93ed     +ST X + , R30
000234 93fc     +ST X , R31
                 	__PUTW1SNS 2,4
                 _0x2020012:
000235 81aa      	LDD  R26,Y+2
000236 81bb      	LDD  R27,Y+2+1
000237 9612      	ADIW R26,2
000238 91ed      	LD   R30,X+
000239 91fd      	LD   R31,X+
00023a 9631      	ADIW R30,1
00023b 93fe      	ST   -X,R31
00023c 93ee      	ST   -X,R30
00023d 9731      	SBIW R30,1
00023e 81ac      	LDD  R26,Y+4
00023f 83a0      	STD  Z+0,R26
                 _0x2020013:
000240 81aa      	LDD  R26,Y+2
000241 81bb      	LDD  R27,Y+2+1
000242 940e 0466 	CALL __GETW1P
000244 23ff      	TST  R31
000245 f02a      	BRMI _0x2020014
000246 91ed      	LD   R30,X+
000247 91fd      	LD   R31,X+
000248 9631      	ADIW R30,1
000249 93fe      	ST   -X,R31
00024a 93ee      	ST   -X,R30
                 _0x2020014:
00024b c006      	RJMP _0x2020015
                 _0x2020010:
00024c 81aa      	LDD  R26,Y+2
00024d 81bb      	LDD  R27,Y+2+1
00024e efef      	LDI  R30,LOW(65535)
00024f efff      	LDI  R31,HIGH(65535)
000250 93ed      	ST   X+,R30
000251 93fc      	ST   X,R31
                 _0x2020015:
000252 8119      	LDD  R17,Y+1
000253 8108      	LDD  R16,Y+0
000254 9625      	ADIW R28,5
000255 9508      	RET
                 ; .FEND
                 __print_G101:
                 ; .FSTART __print_G101
000256 93ba      	ST   -Y,R27
000257 93aa      	ST   -Y,R26
000258 9726      	SBIW R28,6
000259 940e 0473 	CALL __SAVELOCR6
00025b e010      	LDI  R17,0
00025c 85ac      	LDD  R26,Y+12
00025d 85bd      	LDD  R27,Y+12+1
00025e e0e0      	LDI  R30,LOW(0)
00025f e0f0      	LDI  R31,HIGH(0)
000260 93ed      	ST   X+,R30
000261 93fc      	ST   X,R31
                 _0x2020016:
000262 89ea      	LDD  R30,Y+18
000263 89fb      	LDD  R31,Y+18+1
000264 9631      	ADIW R30,1
000265 8bea      	STD  Y+18,R30
000266 8bfb      	STD  Y+18+1,R31
000267 9731      	SBIW R30,1
000268 91e4      	LPM  R30,Z
000269 2f2e      	MOV  R18,R30
00026a 30e0      	CPI  R30,0
00026b f409      	BRNE PC+2
00026c c115      	RJMP _0x2020018
00026d 2fe1      	MOV  R30,R17
00026e 30e0      	CPI  R30,0
00026f f439      	BRNE _0x202001C
000270 3225      	CPI  R18,37
000271 f411      	BRNE _0x202001D
000272 e011      	LDI  R17,LOW(1)
000273 c002      	RJMP _0x202001E
                 _0x202001D:
000274 940e 03ef 	CALL SUBOPT_0x4
                 _0x202001E:
000276 c10a      	RJMP _0x202001B
                 _0x202001C:
000277 30e1      	CPI  R30,LOW(0x1)
000278 f4a9      	BRNE _0x202001F
000279 3225      	CPI  R18,37
00027a f419      	BRNE _0x2020020
00027b 940e 03ef 	CALL SUBOPT_0x4
00027d c102      	RJMP _0x20200CC
                 _0x2020020:
00027e e012      	LDI  R17,LOW(2)
00027f e040      	LDI  R20,LOW(0)
000280 e000      	LDI  R16,LOW(0)
000281 322d      	CPI  R18,45
000282 f411      	BRNE _0x2020021
000283 e001      	LDI  R16,LOW(1)
000284 c0fc      	RJMP _0x202001B
                 _0x2020021:
000285 322b      	CPI  R18,43
000286 f411      	BRNE _0x2020022
000287 e24b      	LDI  R20,LOW(43)
000288 c0f8      	RJMP _0x202001B
                 _0x2020022:
000289 3220      	CPI  R18,32
00028a f411      	BRNE _0x2020023
00028b e240      	LDI  R20,LOW(32)
00028c c0f4      	RJMP _0x202001B
                 _0x2020023:
00028d c002      	RJMP _0x2020024
                 _0x202001F:
00028e 30e2      	CPI  R30,LOW(0x2)
00028f f439      	BRNE _0x2020025
                 _0x2020024:
000290 e050      	LDI  R21,LOW(0)
000291 e013      	LDI  R17,LOW(3)
000292 3320      	CPI  R18,48
000293 f411      	BRNE _0x2020026
000294 6800      	ORI  R16,LOW(128)
000295 c0eb      	RJMP _0x202001B
                 _0x2020026:
000296 c003      	RJMP _0x2020027
                 _0x2020025:
000297 30e3      	CPI  R30,LOW(0x3)
000298 f009      	BREQ PC+2
000299 c0e7      	RJMP _0x202001B
                 _0x2020027:
00029a 3320      	CPI  R18,48
00029b f010      	BRLO _0x202002A
00029c 332a      	CPI  R18,58
00029d f008      	BRLO _0x202002B
                 _0x202002A:
00029e c007      	RJMP _0x2020029
                 _0x202002B:
00029f e0aa      	LDI  R26,LOW(10)
0002a0 9f5a      	MUL  R21,R26
0002a1 2d50      	MOV  R21,R0
0002a2 2fe2      	MOV  R30,R18
0002a3 53e0      	SUBI R30,LOW(48)
0002a4 0f5e      	ADD  R21,R30
0002a5 c0db      	RJMP _0x202001B
                 _0x2020029:
0002a6 2fe2      	MOV  R30,R18
0002a7 36e3      	CPI  R30,LOW(0x63)
0002a8 f449      	BRNE _0x202002F
0002a9 940e 03f6 	CALL SUBOPT_0x5
0002ab 89e8      	LDD  R30,Y+16
0002ac 89f9      	LDD  R31,Y+16+1
0002ad 81a4      	LDD  R26,Z+4
0002ae 93aa      	ST   -Y,R26
0002af 940e 03fc 	CALL SUBOPT_0x6
0002b1 c0ce      	RJMP _0x2020030
                 _0x202002F:
0002b2 37e3      	CPI  R30,LOW(0x73)
0002b3 f441      	BRNE _0x2020032
0002b4 940e 03f6 	CALL SUBOPT_0x5
0002b6 940e 0402 	CALL SUBOPT_0x7
0002b8 940e 03be 	CALL _strlen
0002ba 2f1e      	MOV  R17,R30
0002bb c00a      	RJMP _0x2020033
                 _0x2020032:
0002bc 37e0      	CPI  R30,LOW(0x70)
0002bd f461      	BRNE _0x2020035
0002be 940e 03f6 	CALL SUBOPT_0x5
0002c0 940e 0402 	CALL SUBOPT_0x7
0002c2 940e 03ca 	CALL _strlenf
0002c4 2f1e      	MOV  R17,R30
0002c5 6008      	ORI  R16,LOW(8)
                 _0x2020033:
0002c6 6002      	ORI  R16,LOW(2)
0002c7 770f      	ANDI R16,LOW(127)
0002c8 e030      	LDI  R19,LOW(0)
0002c9 c034      	RJMP _0x2020036
                 _0x2020035:
0002ca 36e4      	CPI  R30,LOW(0x64)
0002cb f011      	BREQ _0x2020039
0002cc 36e9      	CPI  R30,LOW(0x69)
0002cd f411      	BRNE _0x202003A
                 _0x2020039:
0002ce 6004      	ORI  R16,LOW(4)
0002cf c002      	RJMP _0x202003B
                 _0x202003A:
0002d0 37e5      	CPI  R30,LOW(0x75)
0002d1 f431      	BRNE _0x202003C
                 _0x202003B:
0002d2 e5e4      	LDI  R30,LOW(_tbl10_G101*2)
0002d3 e0f0      	LDI  R31,HIGH(_tbl10_G101*2)
0002d4 83ee      	STD  Y+6,R30
0002d5 83ff      	STD  Y+6+1,R31
0002d6 e015      	LDI  R17,LOW(5)
0002d7 c00c      	RJMP _0x202003D
                 _0x202003C:
0002d8 35e8      	CPI  R30,LOW(0x58)
0002d9 f411      	BRNE _0x202003F
0002da 6008      	ORI  R16,LOW(8)
0002db c003      	RJMP _0x2020040
                 _0x202003F:
0002dc 37e8      	CPI  R30,LOW(0x78)
0002dd f009      	BREQ PC+2
0002de c0a1      	RJMP _0x2020071
                 _0x2020040:
0002df e5ee      	LDI  R30,LOW(_tbl16_G101*2)
0002e0 e0f0      	LDI  R31,HIGH(_tbl16_G101*2)
0002e1 83ee      	STD  Y+6,R30
0002e2 83ff      	STD  Y+6+1,R31
0002e3 e014      	LDI  R17,LOW(4)
                 _0x202003D:
0002e4 ff02      	SBRS R16,2
0002e5 c014      	RJMP _0x2020042
0002e6 940e 03f6 	CALL SUBOPT_0x5
0002e8 940e 040c 	CALL SUBOPT_0x8
0002ea 85ab      	LDD  R26,Y+11
0002eb 23aa      	TST  R26
0002ec f43a      	BRPL _0x2020043
0002ed 85ea      	LDD  R30,Y+10
0002ee 85fb      	LDD  R31,Y+10+1
0002ef 940e 0429 	CALL __ANEGW1
0002f1 87ea      	STD  Y+10,R30
0002f2 87fb      	STD  Y+10+1,R31
0002f3 e24d      	LDI  R20,LOW(45)
                 _0x2020043:
0002f4 3040      	CPI  R20,0
0002f5 f011      	BREQ _0x2020044
0002f6 5f1f      	SUBI R17,-LOW(1)
0002f7 c001      	RJMP _0x2020045
                 _0x2020044:
0002f8 7f0b      	ANDI R16,LOW(251)
                 _0x2020045:
0002f9 c004      	RJMP _0x2020046
                 _0x2020042:
0002fa 940e 03f6 	CALL SUBOPT_0x5
0002fc 940e 040c 	CALL SUBOPT_0x8
                 _0x2020046:
                 _0x2020036:
0002fe fd00      	SBRC R16,0
0002ff c011      	RJMP _0x2020047
                 _0x2020048:
000300 1715      	CP   R17,R21
000301 f478      	BRSH _0x202004A
000302 ff07      	SBRS R16,7
000303 c008      	RJMP _0x202004B
000304 ff02      	SBRS R16,2
000305 c004      	RJMP _0x202004C
000306 7f0b      	ANDI R16,LOW(251)
000307 2f24      	MOV  R18,R20
000308 5011      	SUBI R17,LOW(1)
000309 c001      	RJMP _0x202004D
                 _0x202004C:
00030a e320      	LDI  R18,LOW(48)
                 _0x202004D:
00030b c001      	RJMP _0x202004E
                 _0x202004B:
00030c e220      	LDI  R18,LOW(32)
                 _0x202004E:
00030d 940e 03ef 	CALL SUBOPT_0x4
00030f 5051      	SUBI R21,LOW(1)
000310 cfef      	RJMP _0x2020048
                 _0x202004A:
                 _0x2020047:
000311 2f31      	MOV  R19,R17
000312 ff01      	SBRS R16,1
000313 c017      	RJMP _0x202004F
                 _0x2020050:
000314 3030      	CPI  R19,0
000315 f0a1      	BREQ _0x2020052
000316 ff03      	SBRS R16,3
000317 c006      	RJMP _0x2020053
000318 81ee      	LDD  R30,Y+6
000319 81ff      	LDD  R31,Y+6+1
00031a 9125      	LPM  R18,Z+
00031b 83ee      	STD  Y+6,R30
00031c 83ff      	STD  Y+6+1,R31
00031d c005      	RJMP _0x2020054
                 _0x2020053:
00031e 81ae      	LDD  R26,Y+6
00031f 81bf      	LDD  R27,Y+6+1
000320 912d      	LD   R18,X+
000321 83ae      	STD  Y+6,R26
000322 83bf      	STD  Y+6+1,R27
                 _0x2020054:
000323 940e 03ef 	CALL SUBOPT_0x4
000325 3050      	CPI  R21,0
000326 f009      	BREQ _0x2020055
000327 5051      	SUBI R21,LOW(1)
                 _0x2020055:
000328 5031      	SUBI R19,LOW(1)
000329 cfea      	RJMP _0x2020050
                 _0x2020052:
00032a c04b      	RJMP _0x2020056
                 _0x202004F:
                 _0x2020058:
00032b e320      	LDI  R18,LOW(48)
00032c 81ee      	LDD  R30,Y+6
00032d 81ff      	LDD  R31,Y+6+1
00032e 940e 046a 	CALL __GETW1PF
000330 87e8      	STD  Y+8,R30
000331 87f9      	STD  Y+8+1,R31
000332 81ee      	LDD  R30,Y+6
000333 81ff      	LDD  R31,Y+6+1
000334 9632      	ADIW R30,2
000335 83ee      	STD  Y+6,R30
000336 83ff      	STD  Y+6+1,R31
                 _0x202005A:
000337 85e8      	LDD  R30,Y+8
000338 85f9      	LDD  R31,Y+8+1
000339 85aa      	LDD  R26,Y+10
00033a 85bb      	LDD  R27,Y+10+1
00033b 17ae      	CP   R26,R30
00033c 07bf      	CPC  R27,R31
00033d f050      	BRLO _0x202005C
00033e 5f2f      	SUBI R18,-LOW(1)
00033f 85a8      	LDD  R26,Y+8
000340 85b9      	LDD  R27,Y+8+1
000341 85ea      	LDD  R30,Y+10
000342 85fb      	LDD  R31,Y+10+1
000343 1bea      	SUB  R30,R26
000344 0bfb      	SBC  R31,R27
000345 87ea      	STD  Y+10,R30
000346 87fb      	STD  Y+10+1,R31
000347 cfef      	RJMP _0x202005A
                 _0x202005C:
000348 332a      	CPI  R18,58
000349 f028      	BRLO _0x202005D
00034a ff03      	SBRS R16,3
00034b c002      	RJMP _0x202005E
00034c 5f29      	SUBI R18,-LOW(7)
00034d c001      	RJMP _0x202005F
                 _0x202005E:
00034e 5d29      	SUBI R18,-LOW(39)
                 _0x202005F:
                 _0x202005D:
00034f fd04      	SBRC R16,4
000350 c01a      	RJMP _0x2020061
000351 3321      	CPI  R18,49
000352 f420      	BRSH _0x2020063
000353 85a8      	LDD  R26,Y+8
000354 85b9      	LDD  R27,Y+8+1
000355 9711      	SBIW R26,1
000356 f409      	BRNE _0x2020062
                 _0x2020063:
000357 c009      	RJMP _0x20200CD
                 _0x2020062:
000358 1753      	CP   R21,R19
000359 f010      	BRLO _0x2020067
00035a ff00      	SBRS R16,0
00035b c001      	RJMP _0x2020068
                 _0x2020067:
00035c c013      	RJMP _0x2020066
                 _0x2020068:
00035d e220      	LDI  R18,LOW(32)
00035e ff07      	SBRS R16,7
00035f c00b      	RJMP _0x2020069
000360 e320      	LDI  R18,LOW(48)
                 _0x20200CD:
000361 6100      	ORI  R16,LOW(16)
000362 ff02      	SBRS R16,2
000363 c007      	RJMP _0x202006A
000364 7f0b      	ANDI R16,LOW(251)
000365 934a      	ST   -Y,R20
000366 940e 03fc 	CALL SUBOPT_0x6
000368 3050      	CPI  R21,0
000369 f009      	BREQ _0x202006B
00036a 5051      	SUBI R21,LOW(1)
                 _0x202006B:
                 _0x202006A:
                 _0x2020069:
                 _0x2020061:
00036b 940e 03ef 	CALL SUBOPT_0x4
00036d 3050      	CPI  R21,0
00036e f009      	BREQ _0x202006C
00036f 5051      	SUBI R21,LOW(1)
                 _0x202006C:
                 _0x2020066:
000370 5031      	SUBI R19,LOW(1)
000371 85a8      	LDD  R26,Y+8
000372 85b9      	LDD  R27,Y+8+1
000373 9712      	SBIW R26,2
000374 f008      	BRLO _0x2020059
000375 cfb5      	RJMP _0x2020058
                 _0x2020059:
                 _0x2020056:
000376 ff00      	SBRS R16,0
000377 c008      	RJMP _0x202006D
                 _0x202006E:
000378 3050      	CPI  R21,0
000379 f031      	BREQ _0x2020070
00037a 5051      	SUBI R21,LOW(1)
00037b e2e0      	LDI  R30,LOW(32)
00037c 93ea      	ST   -Y,R30
00037d 940e 03fc 	CALL SUBOPT_0x6
00037f cff8      	RJMP _0x202006E
                 _0x2020070:
                 _0x202006D:
                 _0x2020071:
                 _0x2020030:
                 _0x20200CC:
000380 e010      	LDI  R17,LOW(0)
                 _0x202001B:
000381 cee0      	RJMP _0x2020016
                 _0x2020018:
000382 85ac      	LDD  R26,Y+12
000383 85bd      	LDD  R27,Y+12+1
000384 940e 0466 	CALL __GETW1P
000386 940e 047a 	CALL __LOADLOCR6
000388 9664      	ADIW R28,20
000389 9508      	RET
                 ; .FEND
                 _sprintf:
                 ; .FSTART _sprintf
00038a 92ff      	PUSH R15
00038b 2ef8      	MOV  R15,R24
00038c 9726      	SBIW R28,6
00038d 940e 0475 	CALL __SAVELOCR4
00038f 940e 0414 	CALL SUBOPT_0x9
000391 9730      	SBIW R30,0
000392 f419      	BRNE _0x2020072
000393 efef      	LDI  R30,LOW(65535)
000394 efff      	LDI  R31,HIGH(65535)
000395 c023      	RJMP _0x2080001
                 _0x2020072:
000396 01de      	MOVW R26,R28
000397 9616      	ADIW R26,6
000398 940e 0425 	CALL __ADDW2R15
00039a 018d      	MOVW R16,R26
00039b 940e 0414 	CALL SUBOPT_0x9
00039d 83ee      	STD  Y+6,R30
00039e 83ff      	STD  Y+6+1,R31
00039f e0e0      	LDI  R30,LOW(0)
0003a0 87e8      	STD  Y+8,R30
0003a1 87e9      	STD  Y+8+1,R30
0003a2 01de      	MOVW R26,R28
0003a3 961a      	ADIW R26,10
0003a4 940e 0425 	CALL __ADDW2R15
0003a6 940e 0466 	CALL __GETW1P
0003a8 93fa      	ST   -Y,R31
0003a9 93ea      	ST   -Y,R30
0003aa 931a      	ST   -Y,R17
0003ab 930a      	ST   -Y,R16
0003ac e1e6      	LDI  R30,LOW(_put_buff_G101)
0003ad e0f2      	LDI  R31,HIGH(_put_buff_G101)
0003ae 93fa      	ST   -Y,R31
0003af 93ea      	ST   -Y,R30
0003b0 01de      	MOVW R26,R28
0003b1 961a      	ADIW R26,10
0003b2 dea3      	RCALL __print_G101
0003b3 019f      	MOVW R18,R30
0003b4 81ae      	LDD  R26,Y+6
0003b5 81bf      	LDD  R27,Y+6+1
0003b6 e0e0      	LDI  R30,LOW(0)
0003b7 93ec      	ST   X,R30
0003b8 01f9      	MOVW R30,R18
                 _0x2080001:
0003b9 940e 047c 	CALL __LOADLOCR4
0003bb 962a      	ADIW R28,10
0003bc 90ff      	POP  R15
0003bd 9508      	RET
                 ; .FEND
                 
                 	.CSEG
                 
                 	.CSEG
                 _strlen:
                 ; .FSTART _strlen
0003be 93ba      	ST   -Y,R27
0003bf 93aa      	ST   -Y,R26
0003c0 91a9          ld   r26,y+
0003c1 91b9          ld   r27,y+
0003c2 27ee          clr  r30
0003c3 27ff          clr  r31
                 strlen0:
0003c4 916d          ld   r22,x+
0003c5 2366          tst  r22
0003c6 f011          breq strlen1
0003c7 9631          adiw r30,1
0003c8 cffb          rjmp strlen0
                 strlen1:
0003c9 9508          ret
                 ; .FEND
                 _strlenf:
                 ; .FSTART _strlenf
0003ca 93ba      	ST   -Y,R27
0003cb 93aa      	ST   -Y,R26
0003cc 27aa          clr  r26
0003cd 27bb          clr  r27
0003ce 91e9          ld   r30,y+
0003cf 91f9          ld   r31,y+
                 strlenf0:
0003d0 9005      	lpm  r0,z+
0003d1 2000          tst  r0
0003d2 f011          breq strlenf1
0003d3 9611          adiw r26,1
0003d4 cffb          rjmp strlenf0
                 strlenf1:
0003d5 01fd          movw r30,r26
0003d6 9508          ret
                 ; .FEND
                 
                 	.DSEG
                 _op:
000264           	.BYTE 0x5
                 _str:
000269           	.BYTE 0x28
                 __base_y_G100:
000291           	.BYTE 0x4
                 
                 	.CSEG
                 ;OPTIMIZER ADDED SUBROUTINE, CALLED 4 TIMES, CODE SIZE REDUCTION:6 WORDS
                 SUBOPT_0x0:
0003d7 014f      	MOVW R8,R30
0003d8 e6e4      	LDI  R30,LOW(_op)
0003d9 e0f2      	LDI  R31,HIGH(_op)
0003da 93fa      	ST   -Y,R31
0003db 93ea      	ST   -Y,R30
0003dc 9508      	RET
                 
                 ;OPTIMIZER ADDED SUBROUTINE, CALLED 3 TIMES, CODE SIZE REDUCTION:1 WORDS
                 SUBOPT_0x1:
0003dd 940e 042d 	CALL __CWD1
0003df 940e 046e 	CALL __PUTPARD1
0003e1 9508      	RET
                 
                 ;OPTIMIZER ADDED SUBROUTINE, CALLED 2 TIMES, CODE SIZE REDUCTION:1 WORDS
                 SUBOPT_0x2:
0003e2 940e 019e 	CALL __lcd_write_data
0003e4 e0a3      	LDI  R26,LOW(3)
0003e5 e0b0      	LDI  R27,0
0003e6 940c 041b 	JMP  _delay_ms
                 
                 ;OPTIMIZER ADDED SUBROUTINE, CALLED 3 TIMES, CODE SIZE REDUCTION:5 WORDS
                 SUBOPT_0x3:
0003e8 e3a0      	LDI  R26,LOW(48)
0003e9 940e 018a 	CALL __lcd_write_nibble_G100
                +
0003eb e281     +LDI R24 , LOW ( 33 )
                +__DELAY_USB_LOOP :
0003ec 958a     +DEC R24
0003ed f7f1     +BRNE __DELAY_USB_LOOP
                 	__DELAY_USB 33
0003ee 9508      	RET
                 
                 ;OPTIMIZER ADDED SUBROUTINE, CALLED 5 TIMES, CODE SIZE REDUCTION:13 WORDS
                 SUBOPT_0x4:
0003ef 932a      	ST   -Y,R18
0003f0 85ad      	LDD  R26,Y+13
0003f1 85be      	LDD  R27,Y+13+1
0003f2 85ef      	LDD  R30,Y+15
0003f3 89f8      	LDD  R31,Y+15+1
0003f4 9509      	ICALL
0003f5 9508      	RET
                 
                 ;OPTIMIZER ADDED SUBROUTINE, CALLED 5 TIMES, CODE SIZE REDUCTION:9 WORDS
                 SUBOPT_0x5:
0003f6 89e8      	LDD  R30,Y+16
0003f7 89f9      	LDD  R31,Y+16+1
0003f8 9734      	SBIW R30,4
0003f9 8be8      	STD  Y+16,R30
0003fa 8bf9      	STD  Y+16+1,R31
0003fb 9508      	RET
                 
                 ;OPTIMIZER ADDED SUBROUTINE, CALLED 3 TIMES, CODE SIZE REDUCTION:3 WORDS
                 SUBOPT_0x6:
0003fc 85ad      	LDD  R26,Y+13
0003fd 85be      	LDD  R27,Y+13+1
0003fe 85ef      	LDD  R30,Y+15
0003ff 89f8      	LDD  R31,Y+15+1
000400 9509      	ICALL
000401 9508      	RET
                 
                 ;OPTIMIZER ADDED SUBROUTINE, CALLED 2 TIMES, CODE SIZE REDUCTION:4 WORDS
                 SUBOPT_0x7:
000402 89a8      	LDD  R26,Y+16
000403 89b9      	LDD  R27,Y+16+1
000404 9614      	ADIW R26,4
000405 940e 0466 	CALL __GETW1P
000407 83ee      	STD  Y+6,R30
000408 83ff      	STD  Y+6+1,R31
000409 81ae      	LDD  R26,Y+6
00040a 81bf      	LDD  R27,Y+6+1
00040b 9508      	RET
                 
                 ;OPTIMIZER ADDED SUBROUTINE, CALLED 2 TIMES, CODE SIZE REDUCTION:2 WORDS
                 SUBOPT_0x8:
00040c 89a8      	LDD  R26,Y+16
00040d 89b9      	LDD  R27,Y+16+1
00040e 9614      	ADIW R26,4
00040f 940e 0466 	CALL __GETW1P
000411 87ea      	STD  Y+10,R30
000412 87fb      	STD  Y+10+1,R31
000413 9508      	RET
                 
                 ;OPTIMIZER ADDED SUBROUTINE, CALLED 2 TIMES, CODE SIZE REDUCTION:1 WORDS
                 SUBOPT_0x9:
000414 01de      	MOVW R26,R28
000415 961c      	ADIW R26,12
000416 940e 0425 	CALL __ADDW2R15
000418 940e 0466 	CALL __GETW1P
00041a 9508      	RET
                 
                 
                 	.CSEG
                 _delay_ms:
00041b 9610      	adiw r26,0
00041c f039      	breq __delay_ms1
                 __delay_ms0:
                +
00041d ef8a     +LDI R24 , LOW ( 0xFA )
00041e e090     +LDI R25 , HIGH ( 0xFA )
                +__DELAY_USW_LOOP :
00041f 9701     +SBIW R24 , 1
000420 f7f1     +BRNE __DELAY_USW_LOOP
                 	__DELAY_USW 0xFA
000421 95a8      	wdr
000422 9711      	sbiw r26,1
000423 f7c9      	brne __delay_ms0
                 __delay_ms1:
000424 9508      	ret
                 
                 __ADDW2R15:
000425 2400      	CLR  R0
000426 0daf      	ADD  R26,R15
000427 1db0      	ADC  R27,R0
000428 9508      	RET
                 
                 __ANEGW1:
000429 95f1      	NEG  R31
00042a 95e1      	NEG  R30
00042b 40f0      	SBCI R31,0
00042c 9508      	RET
                 
                 __CWD1:
00042d 2f6f      	MOV  R22,R31
00042e 0f66      	ADD  R22,R22
00042f 0b66      	SBC  R22,R22
000430 2f76      	MOV  R23,R22
000431 9508      	RET
                 
                 __DIVW21U:
000432 2400      	CLR  R0
000433 2411      	CLR  R1
000434 e190      	LDI  R25,16
                 __DIVW21U1:
000435 0faa      	LSL  R26
000436 1fbb      	ROL  R27
000437 1c00      	ROL  R0
000438 1c11      	ROL  R1
000439 1a0e      	SUB  R0,R30
00043a 0a1f      	SBC  R1,R31
00043b f418      	BRCC __DIVW21U2
00043c 0e0e      	ADD  R0,R30
00043d 1e1f      	ADC  R1,R31
00043e c001      	RJMP __DIVW21U3
                 __DIVW21U2:
00043f 60a1      	SBR  R26,1
                 __DIVW21U3:
000440 959a      	DEC  R25
000441 f799      	BRNE __DIVW21U1
000442 01fd      	MOVW R30,R26
000443 01d0      	MOVW R26,R0
000444 9508      	RET
                 
                 __DIVW21:
000445 d012      	RCALL __CHKSIGNW
000446 dfeb      	RCALL __DIVW21U
000447 f40e      	BRTC __DIVW211
000448 dfe0      	RCALL __ANEGW1
                 __DIVW211:
000449 9508      	RET
                 
                 __MODW21:
00044a 94e8      	CLT
00044b ffb7      	SBRS R27,7
00044c c004      	RJMP __MODW211
00044d 95a0      	COM  R26
00044e 95b0      	COM  R27
00044f 9611      	ADIW R26,1
000450 9468      	SET
                 __MODW211:
000451 fdf7      	SBRC R31,7
000452 dfd6      	RCALL __ANEGW1
000453 dfde      	RCALL __DIVW21U
000454 01fd      	MOVW R30,R26
000455 f40e      	BRTC __MODW212
000456 dfd2      	RCALL __ANEGW1
                 __MODW212:
000457 9508      	RET
                 
                 __CHKSIGNW:
000458 94e8      	CLT
000459 fff7      	SBRS R31,7
00045a c002      	RJMP __CHKSW1
00045b dfcd      	RCALL __ANEGW1
00045c 9468      	SET
                 __CHKSW1:
00045d ffb7      	SBRS R27,7
00045e c006      	RJMP __CHKSW2
00045f 95a0      	COM  R26
000460 95b0      	COM  R27
000461 9611      	ADIW R26,1
000462 f800      	BLD  R0,0
000463 9403      	INC  R0
000464 fa00      	BST  R0,0
                 __CHKSW2:
000465 9508      	RET
                 
                 __GETW1P:
000466 91ed      	LD   R30,X+
000467 91fc      	LD   R31,X
000468 9711      	SBIW R26,1
000469 9508      	RET
                 
                 __GETW1PF:
00046a 9005      	LPM  R0,Z+
00046b 91f4      	LPM  R31,Z
00046c 2de0      	MOV  R30,R0
00046d 9508      	RET
                 
                 __PUTPARD1:
00046e 937a      	ST   -Y,R23
00046f 936a      	ST   -Y,R22
000470 93fa      	ST   -Y,R31
000471 93ea      	ST   -Y,R30
000472 9508      	RET
                 
                 __SAVELOCR6:
000473 935a      	ST   -Y,R21
                 __SAVELOCR5:
000474 934a      	ST   -Y,R20
                 __SAVELOCR4:
000475 933a      	ST   -Y,R19
                 __SAVELOCR3:
000476 932a      	ST   -Y,R18
                 __SAVELOCR2:
000477 931a      	ST   -Y,R17
000478 930a      	ST   -Y,R16
000479 9508      	RET
                 
                 __LOADLOCR6:
00047a 815d      	LDD  R21,Y+5
                 __LOADLOCR5:
00047b 814c      	LDD  R20,Y+4
                 __LOADLOCR4:
00047c 813b      	LDD  R19,Y+3
                 __LOADLOCR3:
00047d 812a      	LDD  R18,Y+2
                 __LOADLOCR2:
00047e 8119      	LDD  R17,Y+1
00047f 8108      	LD   R16,Y
000480 9508      	RET
                 
                 ;END OF CODE MARKER
                 __END_OF_CODE:


RESOURCE USE INFORMATION
------------------------

Notice:
The register and instruction counts are symbol table hit counts,
and hence implicitly used resources are not counted, eg, the
'lpm' instruction without operands implicitly uses r0 and z,
none of which are counted.

x,y,z are separate entities in the symbol table and are
counted separately from r26..r31 here.

.dseg memory usage only counts static data declared with .byte

ATmega32 register use summary:
r0 :  29 r1 :   7 r2 :   0 r3 :   0 r4 :   6 r5 :   4 r6 :   6 r7 :   2 
r8 :   3 r9 :   0 r10:   4 r11:   4 r12:   0 r13:   2 r14:   0 r15:   6 
r16:  34 r17:  24 r18:  29 r19:   8 r20:   9 r21:  17 r22:  24 r23:   5 
r24:  27 r25:   7 r26: 144 r27:  51 r28:  16 r29:   1 r30: 266 r31:  80 
x  :  23 y  : 204 z  :  15 
Registers used: 30 out of 35 (85.7%)

ATmega32 instruction use summary:
.lds  :   0 .lds.l:   0 .sts  :   0 .sts.l:   0 adc   :   3 add   :  14 
adiw  :  28 and   :   2 andi  :   6 asr   :   0 bclr  :   0 bld   :   1 
brbc  :   0 brbs  :   0 brcc  :   1 brcs  :   0 break :   0 breq  :  17 
brge  :   0 brhc  :   0 brhs  :   0 brid  :   0 brie  :   0 brlo  :   8 
brlt  :   1 brmi  :   1 brne  :  32 brpl  :   1 brsh  :   2 brtc  :   2 
brts  :   0 brvc  :   0 brvs  :   0 bset  :   0 bst   :   1 call  :  62 
cbi   :   5 cbr   :   0 clc   :   0 clh   :   0 cli   :   1 cln   :   0 
clr   :  14 cls   :   0 clt   :   2 clv   :   0 clz   :   0 com   :   4 
cp    :   4 cpc   :   3 cpi   :  34 cpse  :   0 dec   :   8 des   :   0 
eor   :   0 fmul  :   0 fmuls :   0 fmulsu:   0 icall :   2 ijmp  :   0 
in    :   4 inc   :   3 jmp   :  23 ld    :  40 ldd   :  80 ldi   : 142 
lds   :   1 lpm   :  14 lsl   :   1 lsr   :   0 mov   :  23 movw  :  35 
mul   :   9 muls  :   0 mulsu :   0 neg   :   2 nop   :   0 or    :   3 
ori   :   8 out   :  45 pop   :   1 push  :   1 rcall :  29 ret   :  31 
reti  :   1 rjmp  :  71 rol   :   3 ror   :   0 sbc   :   4 sbci  :   2 
sbi   :   5 sbic  :  10 sbis  :   4 sbiw  :  18 sbr   :   1 sbrc  :   3 
sbrs  :  13 sec   :   0 seh   :   0 sei   :   1 sen   :   0 ser   :   0 
ses   :   0 set   :   2 sev   :   0 sez   :   0 sleep :   0 spm   :   0 
st    :  79 std   :  31 sts   :   2 sub   :   3 subi  :  16 swap  :   1 
tst   :   4 wdr   :   1 
Instructions used: 69 out of 116 (59.5%)

ATmega32 memory use summary [bytes]:
Segment   Begin    End      Code   Data   Used    Size   Use%
---------------------------------------------------------------
[.cseg] 0x000000 0x000902   2230     76   2306   32768   7.0%
[.dseg] 0x000060 0x000295      0     53     53    2048   2.6%
[.eseg] 0x000000 0x000000      0      0      0    1024   0.0%

Assembly complete, 0 errors, 9 warnings
