
AVRASM ver. 2.1.30  C:\Users\Sina\Desktop\micro\Mycodes\G\ADC_3\Debug\List\adc.asm Wed Jun 05 10:20:26 2019

C:\Users\Sina\Desktop\micro\Mycodes\G\ADC_3\Debug\List\adc.asm(1088): warning: Register r5 already defined by the .DEF directive
C:\Users\Sina\Desktop\micro\Mycodes\G\ADC_3\Debug\List\adc.asm(1089): warning: Register r4 already defined by the .DEF directive
C:\Users\Sina\Desktop\micro\Mycodes\G\ADC_3\Debug\List\adc.asm(1090): warning: Register r7 already defined by the .DEF directive
                 
                 
                 ;CodeVisionAVR C Compiler V3.12 Advanced
                 ;(C) Copyright 1998-2014 Pavel Haiduc, HP InfoTech s.r.l.
                 ;http://www.hpinfotech.com
                 
                 ;Build configuration    : Debug
                 ;Chip type              : ATmega32
                 ;Program type           : Application
                 ;Clock frequency        : 8.000000 MHz
                 ;Memory model           : Small
                 ;Optimize for           : Size
                 ;(s)printf features     : int, width
                 ;(s)scanf features      : int, width
                 ;External RAM size      : 0
                 ;Data Stack size        : 512 byte(s)
                 ;Heap size              : 0 byte(s)
                 ;Promote 'char' to 'int': Yes
                 ;'char' is unsigned     : Yes
                 ;8 bit enums            : Yes
                 ;Global 'const' stored in FLASH: Yes
                 ;Enhanced function parameter passing: Yes
                 ;Enhanced core instructions: On
                 ;Automatic register allocation for global variables: On
                 ;Smart register allocation: On
                 
                 	#define _MODEL_SMALL_
                 
                 	#pragma AVRPART ADMIN PART_NAME ATmega32
                 	#pragma AVRPART MEMORY PROG_FLASH 32768
                 	#pragma AVRPART MEMORY EEPROM 1024
                 	#pragma AVRPART MEMORY INT_SRAM SIZE 2048
                 	#pragma AVRPART MEMORY INT_SRAM START_ADDR 0x60
                 
                 	#define CALL_SUPPORTED 1
                 
                 	.LISTMAC
                 	.EQU UDRE=0x5
                 	.EQU RXC=0x7
                 	.EQU USR=0xB
                 	.EQU UDR=0xC
                 	.EQU SPSR=0xE
                 	.EQU SPDR=0xF
                 	.EQU EERE=0x0
                 	.EQU EEWE=0x1
                 	.EQU EEMWE=0x2
                 	.EQU EECR=0x1C
                 	.EQU EEDR=0x1D
                 	.EQU EEARL=0x1E
                 	.EQU EEARH=0x1F
                 	.EQU WDTCR=0x21
                 	.EQU MCUCR=0x35
                 	.EQU GICR=0x3B
                 	.EQU SPL=0x3D
                 	.EQU SPH=0x3E
                 	.EQU SREG=0x3F
                 
                 	.DEF R0X0=R0
                 	.DEF R0X1=R1
                 	.DEF R0X2=R2
                 	.DEF R0X3=R3
                 	.DEF R0X4=R4
                 	.DEF R0X5=R5
                 	.DEF R0X6=R6
                 	.DEF R0X7=R7
                 	.DEF R0X8=R8
                 	.DEF R0X9=R9
                 	.DEF R0XA=R10
                 	.DEF R0XB=R11
                 	.DEF R0XC=R12
                 	.DEF R0XD=R13
                 	.DEF R0XE=R14
                 	.DEF R0XF=R15
                 	.DEF R0X10=R16
                 	.DEF R0X11=R17
                 	.DEF R0X12=R18
                 	.DEF R0X13=R19
                 	.DEF R0X14=R20
                 	.DEF R0X15=R21
                 	.DEF R0X16=R22
                 	.DEF R0X17=R23
                 	.DEF R0X18=R24
                 	.DEF R0X19=R25
                 	.DEF R0X1A=R26
                 	.DEF R0X1B=R27
                 	.DEF R0X1C=R28
                 	.DEF R0X1D=R29
                 	.DEF R0X1E=R30
                 	.DEF R0X1F=R31
                 
                 	.EQU __SRAM_START=0x0060
                 	.EQU __SRAM_END=0x085F
                 	.EQU __DSTACK_SIZE=0x0200
                 	.EQU __HEAP_SIZE=0x0000
                 	.EQU __CLEAR_SRAM_SIZE=__SRAM_END-__SRAM_START+1
                 
                 	.MACRO __CPD1N
                 	CPI  R30,LOW(@0)
                 	LDI  R26,HIGH(@0)
                 	CPC  R31,R26
                 	LDI  R26,BYTE3(@0)
                 	CPC  R22,R26
                 	LDI  R26,BYTE4(@0)
                 	CPC  R23,R26
                 	.ENDM
                 
                 	.MACRO __CPD2N
                 	CPI  R26,LOW(@0)
                 	LDI  R30,HIGH(@0)
                 	CPC  R27,R30
                 	LDI  R30,BYTE3(@0)
                 	CPC  R24,R30
                 	LDI  R30,BYTE4(@0)
                 	CPC  R25,R30
                 	.ENDM
                 
                 	.MACRO __CPWRR
                 	CP   R@0,R@2
                 	CPC  R@1,R@3
                 	.ENDM
                 
                 	.MACRO __CPWRN
                 	CPI  R@0,LOW(@2)
                 	LDI  R30,HIGH(@2)
                 	CPC  R@1,R30
                 	.ENDM
                 
                 	.MACRO __ADDB1MN
                 	SUBI R30,LOW(-@0-(@1))
                 	.ENDM
                 
                 	.MACRO __ADDB2MN
                 	SUBI R26,LOW(-@0-(@1))
                 	.ENDM
                 
                 	.MACRO __ADDW1MN
                 	SUBI R30,LOW(-@0-(@1))
                 	SBCI R31,HIGH(-@0-(@1))
                 	.ENDM
                 
                 	.MACRO __ADDW2MN
                 	SUBI R26,LOW(-@0-(@1))
                 	SBCI R27,HIGH(-@0-(@1))
                 	.ENDM
                 
                 	.MACRO __ADDW1FN
                 	SUBI R30,LOW(-2*@0-(@1))
                 	SBCI R31,HIGH(-2*@0-(@1))
                 	.ENDM
                 
                 	.MACRO __ADDD1FN
                 	SUBI R30,LOW(-2*@0-(@1))
                 	SBCI R31,HIGH(-2*@0-(@1))
                 	SBCI R22,BYTE3(-2*@0-(@1))
                 	.ENDM
                 
                 	.MACRO __ADDD1N
                 	SUBI R30,LOW(-@0)
                 	SBCI R31,HIGH(-@0)
                 	SBCI R22,BYTE3(-@0)
                 	SBCI R23,BYTE4(-@0)
                 	.ENDM
                 
                 	.MACRO __ADDD2N
                 	SUBI R26,LOW(-@0)
                 	SBCI R27,HIGH(-@0)
                 	SBCI R24,BYTE3(-@0)
                 	SBCI R25,BYTE4(-@0)
                 	.ENDM
                 
                 	.MACRO __SUBD1N
                 	SUBI R30,LOW(@0)
                 	SBCI R31,HIGH(@0)
                 	SBCI R22,BYTE3(@0)
                 	SBCI R23,BYTE4(@0)
                 	.ENDM
                 
                 	.MACRO __SUBD2N
                 	SUBI R26,LOW(@0)
                 	SBCI R27,HIGH(@0)
                 	SBCI R24,BYTE3(@0)
                 	SBCI R25,BYTE4(@0)
                 	.ENDM
                 
                 	.MACRO __ANDBMNN
                 	LDS  R30,@0+(@1)
                 	ANDI R30,LOW(@2)
                 	STS  @0+(@1),R30
                 	.ENDM
                 
                 	.MACRO __ANDWMNN
                 	LDS  R30,@0+(@1)
                 	ANDI R30,LOW(@2)
                 	STS  @0+(@1),R30
                 	LDS  R30,@0+(@1)+1
                 	ANDI R30,HIGH(@2)
                 	STS  @0+(@1)+1,R30
                 	.ENDM
                 
                 	.MACRO __ANDD1N
                 	ANDI R30,LOW(@0)
                 	ANDI R31,HIGH(@0)
                 	ANDI R22,BYTE3(@0)
                 	ANDI R23,BYTE4(@0)
                 	.ENDM
                 
                 	.MACRO __ANDD2N
                 	ANDI R26,LOW(@0)
                 	ANDI R27,HIGH(@0)
                 	ANDI R24,BYTE3(@0)
                 	ANDI R25,BYTE4(@0)
                 	.ENDM
                 
                 	.MACRO __ORBMNN
                 	LDS  R30,@0+(@1)
                 	ORI  R30,LOW(@2)
                 	STS  @0+(@1),R30
                 	.ENDM
                 
                 	.MACRO __ORWMNN
                 	LDS  R30,@0+(@1)
                 	ORI  R30,LOW(@2)
                 	STS  @0+(@1),R30
                 	LDS  R30,@0+(@1)+1
                 	ORI  R30,HIGH(@2)
                 	STS  @0+(@1)+1,R30
                 	.ENDM
                 
                 	.MACRO __ORD1N
                 	ORI  R30,LOW(@0)
                 	ORI  R31,HIGH(@0)
                 	ORI  R22,BYTE3(@0)
                 	ORI  R23,BYTE4(@0)
                 	.ENDM
                 
                 	.MACRO __ORD2N
                 	ORI  R26,LOW(@0)
                 	ORI  R27,HIGH(@0)
                 	ORI  R24,BYTE3(@0)
                 	ORI  R25,BYTE4(@0)
                 	.ENDM
                 
                 	.MACRO __DELAY_USB
                 	LDI  R24,LOW(@0)
                 __DELAY_USB_LOOP:
                 	DEC  R24
                 	BRNE __DELAY_USB_LOOP
                 	.ENDM
                 
                 	.MACRO __DELAY_USW
                 	LDI  R24,LOW(@0)
                 	LDI  R25,HIGH(@0)
                 __DELAY_USW_LOOP:
                 	SBIW R24,1
                 	BRNE __DELAY_USW_LOOP
                 	.ENDM
                 
                 	.MACRO __GETD1S
                 	LDD  R30,Y+@0
                 	LDD  R31,Y+@0+1
                 	LDD  R22,Y+@0+2
                 	LDD  R23,Y+@0+3
                 	.ENDM
                 
                 	.MACRO __GETD2S
                 	LDD  R26,Y+@0
                 	LDD  R27,Y+@0+1
                 	LDD  R24,Y+@0+2
                 	LDD  R25,Y+@0+3
                 	.ENDM
                 
                 	.MACRO __PUTD1S
                 	STD  Y+@0,R30
                 	STD  Y+@0+1,R31
                 	STD  Y+@0+2,R22
                 	STD  Y+@0+3,R23
                 	.ENDM
                 
                 	.MACRO __PUTD2S
                 	STD  Y+@0,R26
                 	STD  Y+@0+1,R27
                 	STD  Y+@0+2,R24
                 	STD  Y+@0+3,R25
                 	.ENDM
                 
                 	.MACRO __PUTDZ2
                 	STD  Z+@0,R26
                 	STD  Z+@0+1,R27
                 	STD  Z+@0+2,R24
                 	STD  Z+@0+3,R25
                 	.ENDM
                 
                 	.MACRO __CLRD1S
                 	STD  Y+@0,R30
                 	STD  Y+@0+1,R30
                 	STD  Y+@0+2,R30
                 	STD  Y+@0+3,R30
                 	.ENDM
                 
                 	.MACRO __POINTB1MN
                 	LDI  R30,LOW(@0+(@1))
                 	.ENDM
                 
                 	.MACRO __POINTW1MN
                 	LDI  R30,LOW(@0+(@1))
                 	LDI  R31,HIGH(@0+(@1))
                 	.ENDM
                 
                 	.MACRO __POINTD1M
                 	LDI  R30,LOW(@0)
                 	LDI  R31,HIGH(@0)
                 	LDI  R22,BYTE3(@0)
                 	LDI  R23,BYTE4(@0)
                 	.ENDM
                 
                 	.MACRO __POINTW1FN
                 	LDI  R30,LOW(2*@0+(@1))
                 	LDI  R31,HIGH(2*@0+(@1))
                 	.ENDM
                 
                 	.MACRO __POINTD1FN
                 	LDI  R30,LOW(2*@0+(@1))
                 	LDI  R31,HIGH(2*@0+(@1))
                 	LDI  R22,BYTE3(2*@0+(@1))
                 	LDI  R23,BYTE4(2*@0+(@1))
                 	.ENDM
                 
                 	.MACRO __POINTB2MN
                 	LDI  R26,LOW(@0+(@1))
                 	.ENDM
                 
                 	.MACRO __POINTW2MN
                 	LDI  R26,LOW(@0+(@1))
                 	LDI  R27,HIGH(@0+(@1))
                 	.ENDM
                 
                 	.MACRO __POINTW2FN
                 	LDI  R26,LOW(2*@0+(@1))
                 	LDI  R27,HIGH(2*@0+(@1))
                 	.ENDM
                 
                 	.MACRO __POINTD2FN
                 	LDI  R26,LOW(2*@0+(@1))
                 	LDI  R27,HIGH(2*@0+(@1))
                 	LDI  R24,BYTE3(2*@0+(@1))
                 	LDI  R25,BYTE4(2*@0+(@1))
                 	.ENDM
                 
                 	.MACRO __POINTBRM
                 	LDI  R@0,LOW(@1)
                 	.ENDM
                 
                 	.MACRO __POINTWRM
                 	LDI  R@0,LOW(@2)
                 	LDI  R@1,HIGH(@2)
                 	.ENDM
                 
                 	.MACRO __POINTBRMN
                 	LDI  R@0,LOW(@1+(@2))
                 	.ENDM
                 
                 	.MACRO __POINTWRMN
                 	LDI  R@0,LOW(@2+(@3))
                 	LDI  R@1,HIGH(@2+(@3))
                 	.ENDM
                 
                 	.MACRO __POINTWRFN
                 	LDI  R@0,LOW(@2*2+(@3))
                 	LDI  R@1,HIGH(@2*2+(@3))
                 	.ENDM
                 
                 	.MACRO __GETD1N
                 	LDI  R30,LOW(@0)
                 	LDI  R31,HIGH(@0)
                 	LDI  R22,BYTE3(@0)
                 	LDI  R23,BYTE4(@0)
                 	.ENDM
                 
                 	.MACRO __GETD2N
                 	LDI  R26,LOW(@0)
                 	LDI  R27,HIGH(@0)
                 	LDI  R24,BYTE3(@0)
                 	LDI  R25,BYTE4(@0)
                 	.ENDM
                 
                 	.MACRO __GETB1MN
                 	LDS  R30,@0+(@1)
                 	.ENDM
                 
                 	.MACRO __GETB1HMN
                 	LDS  R31,@0+(@1)
                 	.ENDM
                 
                 	.MACRO __GETW1MN
                 	LDS  R30,@0+(@1)
                 	LDS  R31,@0+(@1)+1
                 	.ENDM
                 
                 	.MACRO __GETD1MN
                 	LDS  R30,@0+(@1)
                 	LDS  R31,@0+(@1)+1
                 	LDS  R22,@0+(@1)+2
                 	LDS  R23,@0+(@1)+3
                 	.ENDM
                 
                 	.MACRO __GETBRMN
                 	LDS  R@0,@1+(@2)
                 	.ENDM
                 
                 	.MACRO __GETWRMN
                 	LDS  R@0,@2+(@3)
                 	LDS  R@1,@2+(@3)+1
                 	.ENDM
                 
                 	.MACRO __GETWRZ
                 	LDD  R@0,Z+@2
                 	LDD  R@1,Z+@2+1
                 	.ENDM
                 
                 	.MACRO __GETD2Z
                 	LDD  R26,Z+@0
                 	LDD  R27,Z+@0+1
                 	LDD  R24,Z+@0+2
                 	LDD  R25,Z+@0+3
                 	.ENDM
                 
                 	.MACRO __GETB2MN
                 	LDS  R26,@0+(@1)
                 	.ENDM
                 
                 	.MACRO __GETW2MN
                 	LDS  R26,@0+(@1)
                 	LDS  R27,@0+(@1)+1
                 	.ENDM
                 
                 	.MACRO __GETD2MN
                 	LDS  R26,@0+(@1)
                 	LDS  R27,@0+(@1)+1
                 	LDS  R24,@0+(@1)+2
                 	LDS  R25,@0+(@1)+3
                 	.ENDM
                 
                 	.MACRO __PUTB1MN
                 	STS  @0+(@1),R30
                 	.ENDM
                 
                 	.MACRO __PUTW1MN
                 	STS  @0+(@1),R30
                 	STS  @0+(@1)+1,R31
                 	.ENDM
                 
                 	.MACRO __PUTD1MN
                 	STS  @0+(@1),R30
                 	STS  @0+(@1)+1,R31
                 	STS  @0+(@1)+2,R22
                 	STS  @0+(@1)+3,R23
                 	.ENDM
                 
                 	.MACRO __PUTB1EN
                 	LDI  R26,LOW(@0+(@1))
                 	LDI  R27,HIGH(@0+(@1))
                 	CALL __EEPROMWRB
                 	.ENDM
                 
                 	.MACRO __PUTW1EN
                 	LDI  R26,LOW(@0+(@1))
                 	LDI  R27,HIGH(@0+(@1))
                 	CALL __EEPROMWRW
                 	.ENDM
                 
                 	.MACRO __PUTD1EN
                 	LDI  R26,LOW(@0+(@1))
                 	LDI  R27,HIGH(@0+(@1))
                 	CALL __EEPROMWRD
                 	.ENDM
                 
                 	.MACRO __PUTBR0MN
                 	STS  @0+(@1),R0
                 	.ENDM
                 
                 	.MACRO __PUTBMRN
                 	STS  @0+(@1),R@2
                 	.ENDM
                 
                 	.MACRO __PUTWMRN
                 	STS  @0+(@1),R@2
                 	STS  @0+(@1)+1,R@3
                 	.ENDM
                 
                 	.MACRO __PUTBZR
                 	STD  Z+@1,R@0
                 	.ENDM
                 
                 	.MACRO __PUTWZR
                 	STD  Z+@2,R@0
                 	STD  Z+@2+1,R@1
                 	.ENDM
                 
                 	.MACRO __GETW1R
                 	MOV  R30,R@0
                 	MOV  R31,R@1
                 	.ENDM
                 
                 	.MACRO __GETW2R
                 	MOV  R26,R@0
                 	MOV  R27,R@1
                 	.ENDM
                 
                 	.MACRO __GETWRN
                 	LDI  R@0,LOW(@2)
                 	LDI  R@1,HIGH(@2)
                 	.ENDM
                 
                 	.MACRO __PUTW1R
                 	MOV  R@0,R30
                 	MOV  R@1,R31
                 	.ENDM
                 
                 	.MACRO __PUTW2R
                 	MOV  R@0,R26
                 	MOV  R@1,R27
                 	.ENDM
                 
                 	.MACRO __ADDWRN
                 	SUBI R@0,LOW(-@2)
                 	SBCI R@1,HIGH(-@2)
                 	.ENDM
                 
                 	.MACRO __ADDWRR
                 	ADD  R@0,R@2
                 	ADC  R@1,R@3
                 	.ENDM
                 
                 	.MACRO __SUBWRN
                 	SUBI R@0,LOW(@2)
                 	SBCI R@1,HIGH(@2)
                 	.ENDM
                 
                 	.MACRO __SUBWRR
                 	SUB  R@0,R@2
                 	SBC  R@1,R@3
                 	.ENDM
                 
                 	.MACRO __ANDWRN
                 	ANDI R@0,LOW(@2)
                 	ANDI R@1,HIGH(@2)
                 	.ENDM
                 
                 	.MACRO __ANDWRR
                 	AND  R@0,R@2
                 	AND  R@1,R@3
                 	.ENDM
                 
                 	.MACRO __ORWRN
                 	ORI  R@0,LOW(@2)
                 	ORI  R@1,HIGH(@2)
                 	.ENDM
                 
                 	.MACRO __ORWRR
                 	OR   R@0,R@2
                 	OR   R@1,R@3
                 	.ENDM
                 
                 	.MACRO __EORWRR
                 	EOR  R@0,R@2
                 	EOR  R@1,R@3
                 	.ENDM
                 
                 	.MACRO __GETWRS
                 	LDD  R@0,Y+@2
                 	LDD  R@1,Y+@2+1
                 	.ENDM
                 
                 	.MACRO __PUTBSR
                 	STD  Y+@1,R@0
                 	.ENDM
                 
                 	.MACRO __PUTWSR
                 	STD  Y+@2,R@0
                 	STD  Y+@2+1,R@1
                 	.ENDM
                 
                 	.MACRO __MOVEWRR
                 	MOV  R@0,R@2
                 	MOV  R@1,R@3
                 	.ENDM
                 
                 	.MACRO __INWR
                 	IN   R@0,@2
                 	IN   R@1,@2+1
                 	.ENDM
                 
                 	.MACRO __OUTWR
                 	OUT  @2+1,R@1
                 	OUT  @2,R@0
                 	.ENDM
                 
                 	.MACRO __CALL1MN
                 	LDS  R30,@0+(@1)
                 	LDS  R31,@0+(@1)+1
                 	ICALL
                 	.ENDM
                 
                 	.MACRO __CALL1FN
                 	LDI  R30,LOW(2*@0+(@1))
                 	LDI  R31,HIGH(2*@0+(@1))
                 	CALL __GETW1PF
                 	ICALL
                 	.ENDM
                 
                 	.MACRO __CALL2EN
                 	PUSH R26
                 	PUSH R27
                 	LDI  R26,LOW(@0+(@1))
                 	LDI  R27,HIGH(@0+(@1))
                 	CALL __EEPROMRDW
                 	POP  R27
                 	POP  R26
                 	ICALL
                 	.ENDM
                 
                 	.MACRO __CALL2EX
                 	SUBI R26,LOW(-@0)
                 	SBCI R27,HIGH(-@0)
                 	CALL __EEPROMRDD
                 	ICALL
                 	.ENDM
                 
                 	.MACRO __GETW1STACK
                 	IN   R30,SPL
                 	IN   R31,SPH
                 	ADIW R30,@0+1
                 	LD   R0,Z+
                 	LD   R31,Z
                 	MOV  R30,R0
                 	.ENDM
                 
                 	.MACRO __GETD1STACK
                 	IN   R30,SPL
                 	IN   R31,SPH
                 	ADIW R30,@0+1
                 	LD   R0,Z+
                 	LD   R1,Z+
                 	LD   R22,Z
                 	MOVW R30,R0
                 	.ENDM
                 
                 	.MACRO __NBST
                 	BST  R@0,@1
                 	IN   R30,SREG
                 	LDI  R31,0x40
                 	EOR  R30,R31
                 	OUT  SREG,R30
                 	.ENDM
                 
                 
                 	.MACRO __PUTB1SN
                 	LDD  R26,Y+@0
                 	LDD  R27,Y+@0+1
                 	SUBI R26,LOW(-@1)
                 	SBCI R27,HIGH(-@1)
                 	ST   X,R30
                 	.ENDM
                 
                 	.MACRO __PUTW1SN
                 	LDD  R26,Y+@0
                 	LDD  R27,Y+@0+1
                 	SUBI R26,LOW(-@1)
                 	SBCI R27,HIGH(-@1)
                 	ST   X+,R30
                 	ST   X,R31
                 	.ENDM
                 
                 	.MACRO __PUTD1SN
                 	LDD  R26,Y+@0
                 	LDD  R27,Y+@0+1
                 	SUBI R26,LOW(-@1)
                 	SBCI R27,HIGH(-@1)
                 	CALL __PUTDP1
                 	.ENDM
                 
                 	.MACRO __PUTB1SNS
                 	LDD  R26,Y+@0
                 	LDD  R27,Y+@0+1
                 	ADIW R26,@1
                 	ST   X,R30
                 	.ENDM
                 
                 	.MACRO __PUTW1SNS
                 	LDD  R26,Y+@0
                 	LDD  R27,Y+@0+1
                 	ADIW R26,@1
                 	ST   X+,R30
                 	ST   X,R31
                 	.ENDM
                 
                 	.MACRO __PUTD1SNS
                 	LDD  R26,Y+@0
                 	LDD  R27,Y+@0+1
                 	ADIW R26,@1
                 	CALL __PUTDP1
                 	.ENDM
                 
                 	.MACRO __PUTB1PMN
                 	LDS  R26,@0
                 	LDS  R27,@0+1
                 	SUBI R26,LOW(-@1)
                 	SBCI R27,HIGH(-@1)
                 	ST   X,R30
                 	.ENDM
                 
                 	.MACRO __PUTW1PMN
                 	LDS  R26,@0
                 	LDS  R27,@0+1
                 	SUBI R26,LOW(-@1)
                 	SBCI R27,HIGH(-@1)
                 	ST   X+,R30
                 	ST   X,R31
                 	.ENDM
                 
                 	.MACRO __PUTD1PMN
                 	LDS  R26,@0
                 	LDS  R27,@0+1
                 	SUBI R26,LOW(-@1)
                 	SBCI R27,HIGH(-@1)
                 	CALL __PUTDP1
                 	.ENDM
                 
                 	.MACRO __PUTB1PMNS
                 	LDS  R26,@0
                 	LDS  R27,@0+1
                 	ADIW R26,@1
                 	ST   X,R30
                 	.ENDM
                 
                 	.MACRO __PUTW1PMNS
                 	LDS  R26,@0
                 	LDS  R27,@0+1
                 	ADIW R26,@1
                 	ST   X+,R30
                 	ST   X,R31
                 	.ENDM
                 
                 	.MACRO __PUTD1PMNS
                 	LDS  R26,@0
                 	LDS  R27,@0+1
                 	ADIW R26,@1
                 	CALL __PUTDP1
                 	.ENDM
                 
                 	.MACRO __PUTB1RN
                 	MOVW R26,R@0
                 	SUBI R26,LOW(-@1)
                 	SBCI R27,HIGH(-@1)
                 	ST   X,R30
                 	.ENDM
                 
                 	.MACRO __PUTW1RN
                 	MOVW R26,R@0
                 	SUBI R26,LOW(-@1)
                 	SBCI R27,HIGH(-@1)
                 	ST   X+,R30
                 	ST   X,R31
                 	.ENDM
                 
                 	.MACRO __PUTD1RN
                 	MOVW R26,R@0
                 	SUBI R26,LOW(-@1)
                 	SBCI R27,HIGH(-@1)
                 	CALL __PUTDP1
                 	.ENDM
                 
                 	.MACRO __PUTB1RNS
                 	MOVW R26,R@0
                 	ADIW R26,@1
                 	ST   X,R30
                 	.ENDM
                 
                 	.MACRO __PUTW1RNS
                 	MOVW R26,R@0
                 	ADIW R26,@1
                 	ST   X+,R30
                 	ST   X,R31
                 	.ENDM
                 
                 	.MACRO __PUTD1RNS
                 	MOVW R26,R@0
                 	ADIW R26,@1
                 	CALL __PUTDP1
                 	.ENDM
                 
                 	.MACRO __PUTB1RON
                 	MOV  R26,R@0
                 	MOV  R27,R@1
                 	SUBI R26,LOW(-@2)
                 	SBCI R27,HIGH(-@2)
                 	ST   X,R30
                 	.ENDM
                 
                 	.MACRO __PUTW1RON
                 	MOV  R26,R@0
                 	MOV  R27,R@1
                 	SUBI R26,LOW(-@2)
                 	SBCI R27,HIGH(-@2)
                 	ST   X+,R30
                 	ST   X,R31
                 	.ENDM
                 
                 	.MACRO __PUTD1RON
                 	MOV  R26,R@0
                 	MOV  R27,R@1
                 	SUBI R26,LOW(-@2)
                 	SBCI R27,HIGH(-@2)
                 	CALL __PUTDP1
                 	.ENDM
                 
                 	.MACRO __PUTB1RONS
                 	MOV  R26,R@0
                 	MOV  R27,R@1
                 	ADIW R26,@2
                 	ST   X,R30
                 	.ENDM
                 
                 	.MACRO __PUTW1RONS
                 	MOV  R26,R@0
                 	MOV  R27,R@1
                 	ADIW R26,@2
                 	ST   X+,R30
                 	ST   X,R31
                 	.ENDM
                 
                 	.MACRO __PUTD1RONS
                 	MOV  R26,R@0
                 	MOV  R27,R@1
                 	ADIW R26,@2
                 	CALL __PUTDP1
                 	.ENDM
                 
                 
                 	.MACRO __GETB1SX
                 	MOVW R30,R28
                 	SUBI R30,LOW(-@0)
                 	SBCI R31,HIGH(-@0)
                 	LD   R30,Z
                 	.ENDM
                 
                 	.MACRO __GETB1HSX
                 	MOVW R30,R28
                 	SUBI R30,LOW(-@0)
                 	SBCI R31,HIGH(-@0)
                 	LD   R31,Z
                 	.ENDM
                 
                 	.MACRO __GETW1SX
                 	MOVW R30,R28
                 	SUBI R30,LOW(-@0)
                 	SBCI R31,HIGH(-@0)
                 	LD   R0,Z+
                 	LD   R31,Z
                 	MOV  R30,R0
                 	.ENDM
                 
                 	.MACRO __GETD1SX
                 	MOVW R30,R28
                 	SUBI R30,LOW(-@0)
                 	SBCI R31,HIGH(-@0)
                 	LD   R0,Z+
                 	LD   R1,Z+
                 	LD   R22,Z+
                 	LD   R23,Z
                 	MOVW R30,R0
                 	.ENDM
                 
                 	.MACRO __GETB2SX
                 	MOVW R26,R28
                 	SUBI R26,LOW(-@0)
                 	SBCI R27,HIGH(-@0)
                 	LD   R26,X
                 	.ENDM
                 
                 	.MACRO __GETW2SX
                 	MOVW R26,R28
                 	SUBI R26,LOW(-@0)
                 	SBCI R27,HIGH(-@0)
                 	LD   R0,X+
                 	LD   R27,X
                 	MOV  R26,R0
                 	.ENDM
                 
                 	.MACRO __GETD2SX
                 	MOVW R26,R28
                 	SUBI R26,LOW(-@0)
                 	SBCI R27,HIGH(-@0)
                 	LD   R0,X+
                 	LD   R1,X+
                 	LD   R24,X+
                 	LD   R25,X
                 	MOVW R26,R0
                 	.ENDM
                 
                 	.MACRO __GETBRSX
                 	MOVW R30,R28
                 	SUBI R30,LOW(-@1)
                 	SBCI R31,HIGH(-@1)
                 	LD   R@0,Z
                 	.ENDM
                 
                 	.MACRO __GETWRSX
                 	MOVW R30,R28
                 	SUBI R30,LOW(-@2)
                 	SBCI R31,HIGH(-@2)
                 	LD   R@0,Z+
                 	LD   R@1,Z
                 	.ENDM
                 
                 	.MACRO __GETBRSX2
                 	MOVW R26,R28
                 	SUBI R26,LOW(-@1)
                 	SBCI R27,HIGH(-@1)
                 	LD   R@0,X
                 	.ENDM
                 
                 	.MACRO __GETWRSX2
                 	MOVW R26,R28
                 	SUBI R26,LOW(-@2)
                 	SBCI R27,HIGH(-@2)
                 	LD   R@0,X+
                 	LD   R@1,X
                 	.ENDM
                 
                 	.MACRO __LSLW8SX
                 	MOVW R30,R28
                 	SUBI R30,LOW(-@0)
                 	SBCI R31,HIGH(-@0)
                 	LD   R31,Z
                 	CLR  R30
                 	.ENDM
                 
                 	.MACRO __PUTB1SX
                 	MOVW R26,R28
                 	SUBI R26,LOW(-@0)
                 	SBCI R27,HIGH(-@0)
                 	ST   X,R30
                 	.ENDM
                 
                 	.MACRO __PUTW1SX
                 	MOVW R26,R28
                 	SUBI R26,LOW(-@0)
                 	SBCI R27,HIGH(-@0)
                 	ST   X+,R30
                 	ST   X,R31
                 	.ENDM
                 
                 	.MACRO __PUTD1SX
                 	MOVW R26,R28
                 	SUBI R26,LOW(-@0)
                 	SBCI R27,HIGH(-@0)
                 	ST   X+,R30
                 	ST   X+,R31
                 	ST   X+,R22
                 	ST   X,R23
                 	.ENDM
                 
                 	.MACRO __CLRW1SX
                 	MOVW R26,R28
                 	SUBI R26,LOW(-@0)
                 	SBCI R27,HIGH(-@0)
                 	ST   X+,R30
                 	ST   X,R30
                 	.ENDM
                 
                 	.MACRO __CLRD1SX
                 	MOVW R26,R28
                 	SUBI R26,LOW(-@0)
                 	SBCI R27,HIGH(-@0)
                 	ST   X+,R30
                 	ST   X+,R30
                 	ST   X+,R30
                 	ST   X,R30
                 	.ENDM
                 
                 	.MACRO __PUTB2SX
                 	MOVW R30,R28
                 	SUBI R30,LOW(-@0)
                 	SBCI R31,HIGH(-@0)
                 	ST   Z,R26
                 	.ENDM
                 
                 	.MACRO __PUTW2SX
                 	MOVW R30,R28
                 	SUBI R30,LOW(-@0)
                 	SBCI R31,HIGH(-@0)
                 	ST   Z+,R26
                 	ST   Z,R27
                 	.ENDM
                 
                 	.MACRO __PUTD2SX
                 	MOVW R30,R28
                 	SUBI R30,LOW(-@0)
                 	SBCI R31,HIGH(-@0)
                 	ST   Z+,R26
                 	ST   Z+,R27
                 	ST   Z+,R24
                 	ST   Z,R25
                 	.ENDM
                 
                 	.MACRO __PUTBSRX
                 	MOVW R30,R28
                 	SUBI R30,LOW(-@1)
                 	SBCI R31,HIGH(-@1)
                 	ST   Z,R@0
                 	.ENDM
                 
                 	.MACRO __PUTWSRX
                 	MOVW R30,R28
                 	SUBI R30,LOW(-@2)
                 	SBCI R31,HIGH(-@2)
                 	ST   Z+,R@0
                 	ST   Z,R@1
                 	.ENDM
                 
                 	.MACRO __PUTB1SNX
                 	MOVW R26,R28
                 	SUBI R26,LOW(-@0)
                 	SBCI R27,HIGH(-@0)
                 	LD   R0,X+
                 	LD   R27,X
                 	MOV  R26,R0
                 	SUBI R26,LOW(-@1)
                 	SBCI R27,HIGH(-@1)
                 	ST   X,R30
                 	.ENDM
                 
                 	.MACRO __PUTW1SNX
                 	MOVW R26,R28
                 	SUBI R26,LOW(-@0)
                 	SBCI R27,HIGH(-@0)
                 	LD   R0,X+
                 	LD   R27,X
                 	MOV  R26,R0
                 	SUBI R26,LOW(-@1)
                 	SBCI R27,HIGH(-@1)
                 	ST   X+,R30
                 	ST   X,R31
                 	.ENDM
                 
                 	.MACRO __PUTD1SNX
                 	MOVW R26,R28
                 	SUBI R26,LOW(-@0)
                 	SBCI R27,HIGH(-@0)
                 	LD   R0,X+
                 	LD   R27,X
                 	MOV  R26,R0
                 	SUBI R26,LOW(-@1)
                 	SBCI R27,HIGH(-@1)
                 	ST   X+,R30
                 	ST   X+,R31
                 	ST   X+,R22
                 	ST   X,R23
                 	.ENDM
                 
                 	.MACRO __MULBRR
                 	MULS R@0,R@1
                 	MOVW R30,R0
                 	.ENDM
                 
                 	.MACRO __MULBRRU
                 	MUL  R@0,R@1
                 	MOVW R30,R0
                 	.ENDM
                 
                 	.MACRO __MULBRR0
                 	MULS R@0,R@1
                 	.ENDM
                 
                 	.MACRO __MULBRRU0
                 	MUL  R@0,R@1
                 	.ENDM
                 
                 	.MACRO __MULBNWRU
                 	LDI  R26,@2
                 	MUL  R26,R@0
                 	MOVW R30,R0
                 	MUL  R26,R@1
                 	ADD  R31,R0
                 	.ENDM
                 
                 ;NAME DEFINITIONS FOR GLOBAL VARIABLES ALLOCATED TO REGISTERS
                 	.DEF __lcd_x=R5
                 	.DEF __lcd_y=R4
                 	.DEF __lcd_maxx=R7
                 
                 	.CSEG
                 	.ORG 0x00
                 
                 ;START OF CODE MARKER
                 __START_OF_CODE:
                 
                 ;INTERRUPT VECTORS
000000 940c 003b 	JMP  __RESET
000002 940c 0000 	JMP  0x00
000004 940c 0000 	JMP  0x00
000006 940c 0000 	JMP  0x00
000008 940c 0000 	JMP  0x00
00000a 940c 0000 	JMP  0x00
00000c 940c 0000 	JMP  0x00
00000e 940c 0000 	JMP  0x00
000010 940c 0000 	JMP  0x00
000012 940c 0000 	JMP  0x00
000014 940c 0000 	JMP  0x00
000016 940c 0000 	JMP  0x00
000018 940c 0000 	JMP  0x00
00001a 940c 0000 	JMP  0x00
00001c 940c 0000 	JMP  0x00
00001e 940c 0000 	JMP  0x00
000020 940c 0068 	JMP  _adc_isr
000022 940c 0000 	JMP  0x00
000024 940c 0000 	JMP  0x00
000026 940c 0000 	JMP  0x00
000028 940c 0000 	JMP  0x00
                 
                 _tbl10_G101:
00002a 2710
00002b 03e8
00002c 0064
00002d 000a      	.DB  0x10,0x27,0xE8,0x3,0x64,0x0,0xA,0x0
00002e 0001      	.DB  0x1,0x0
                 _tbl16_G101:
00002f 1000
000030 0100
000031 0010
000032 0001      	.DB  0x0,0x10,0x0,0x1,0x10,0x0,0x1,0x0
                 
                 _0x0:
000033 6425
000034 2520
000035 0064      	.DB  0x25,0x64,0x20,0x25,0x64,0x0
                 _0x2000003:
000036 c080      	.DB  0x80,0xC0
                 
                 __GLOBAL_INI_TBL:
000037 0002      	.DW  0x02
000038 0265      	.DW  __base_y_G100
000039 006c      	.DW  _0x2000003*2
                 
                 _0xFFFFFFFF:
00003a 0000      	.DW  0
                 
                 #define __GLOBAL_INI_TBL_PRESENT 1
                 
                 __RESET:
00003b 94f8      	CLI
00003c 27ee      	CLR  R30
00003d bbec      	OUT  EECR,R30
                 
                 ;INTERRUPT VECTORS ARE PLACED
                 ;AT THE START OF FLASH
00003e e0f1      	LDI  R31,1
00003f bffb      	OUT  GICR,R31
000040 bfeb      	OUT  GICR,R30
000041 bfe5      	OUT  MCUCR,R30
                 
                 ;CLEAR R2-R14
000042 e08d      	LDI  R24,(14-2)+1
000043 e0a2      	LDI  R26,2
000044 27bb      	CLR  R27
                 __CLEAR_REG:
000045 93ed      	ST   X+,R30
000046 958a      	DEC  R24
000047 f7e9      	BRNE __CLEAR_REG
                 
                 ;CLEAR SRAM
000048 e080      	LDI  R24,LOW(__CLEAR_SRAM_SIZE)
000049 e098      	LDI  R25,HIGH(__CLEAR_SRAM_SIZE)
00004a e6a0      	LDI  R26,__SRAM_START
                 __CLEAR_SRAM:
00004b 93ed      	ST   X+,R30
00004c 9701      	SBIW R24,1
00004d f7e9      	BRNE __CLEAR_SRAM
                 
                 ;GLOBAL VARIABLES INITIALIZATION
00004e e6ee      	LDI  R30,LOW(__GLOBAL_INI_TBL*2)
00004f e0f0      	LDI  R31,HIGH(__GLOBAL_INI_TBL*2)
                 __GLOBAL_INI_NEXT:
000050 9185      	LPM  R24,Z+
000051 9195      	LPM  R25,Z+
000052 9700      	SBIW R24,0
000053 f061      	BREQ __GLOBAL_INI_END
000054 91a5      	LPM  R26,Z+
000055 91b5      	LPM  R27,Z+
000056 9005      	LPM  R0,Z+
000057 9015      	LPM  R1,Z+
000058 01bf      	MOVW R22,R30
000059 01f0      	MOVW R30,R0
                 __GLOBAL_INI_LOOP:
00005a 9005      	LPM  R0,Z+
00005b 920d      	ST   X+,R0
00005c 9701      	SBIW R24,1
00005d f7e1      	BRNE __GLOBAL_INI_LOOP
00005e 01fb      	MOVW R30,R22
00005f cff0      	RJMP __GLOBAL_INI_NEXT
                 __GLOBAL_INI_END:
                 
                 ;HARDWARE STACK POINTER INITIALIZATION
000060 e5ef      	LDI  R30,LOW(__SRAM_END-__HEAP_SIZE)
000061 bfed      	OUT  SPL,R30
000062 e0e8      	LDI  R30,HIGH(__SRAM_END-__HEAP_SIZE)
000063 bfee      	OUT  SPH,R30
                 
                 ;DATA STACK POINTER INITIALIZATION
000064 e6c0      	LDI  R28,LOW(__SRAM_START+__DSTACK_SIZE)
000065 e0d2      	LDI  R29,HIGH(__SRAM_START+__DSTACK_SIZE)
                 
000066 940c 0095 	JMP  _main
                 
                 	.ESEG
                 	.ORG 0
                 
                 	.DSEG
                 	.ORG 0x260
                 
                 	.CSEG
                 ;/*******************************************************
                 ;This program was created by the
                 ;CodeWizardAVR V3.12 Advanced
                 ;Automatic Program Generator
                 ;© Copyright 1998-2014 Pavel Haiduc, HP InfoTech s.r.l.
                 ;http://www.hpinfotech.com
                 ;
                 ;Project :
                 ;Version :
                 ;Date    : 6/5/2019
                 ;Author  :
                 ;Company :
                 ;Comments:
                 ;
                 ;
                 ;Chip type               : ATmega32
                 ;Program type            : Application
                 ;AVR Core Clock frequency: 8.000000 MHz
                 ;Memory model            : Small
                 ;External RAM size       : 0
                 ;Data Stack size         : 512
                 ;*******************************************************/
                 ;
                 ;#include <mega32.h>
                 	#ifndef __SLEEP_DEFINED__
                 	#define __SLEEP_DEFINED__
                 	.EQU __se_bit=0x80
                 	.EQU __sm_mask=0x70
                 	.EQU __sm_powerdown=0x20
                 	.EQU __sm_powersave=0x30
                 	.EQU __sm_standby=0x60
                 	.EQU __sm_ext_standby=0x70
                 	.EQU __sm_adc_noise_red=0x10
                 	.SET power_ctrl_reg=mcucr
                 	#endif
                 ;
                 ;#include <delay.h>
                 ;
                 ;// Alphanumeric LCD functions
                 ;#include <alcd.h>
                 ;
                 ;
                 ;#include <stdio.h>
                 ;// Declare your global variables here
                 ;
                 ;#define FIRST_ADC_INPUT 0
                 ;#define LAST_ADC_INPUT 1
                 ;unsigned int adc_data[LAST_ADC_INPUT-FIRST_ADC_INPUT+1];
                 ;// Voltage Reference: AREF pin
                 ;#define ADC_VREF_TYPE ((0<<REFS1) | (0<<REFS0) | (0<<ADLAR))
                 ;
                 ;// ADC interrupt service routine
                 ;// with auto input scanning
                 ;interrupt [ADC_INT] void adc_isr(void)
                 ; 0000 002C {
                 
                 	.CSEG
                 _adc_isr:
                 ; .FSTART _adc_isr
000068 938a      	ST   -Y,R24
000069 93aa      	ST   -Y,R26
00006a 93ba      	ST   -Y,R27
00006b 93ea      	ST   -Y,R30
00006c 93fa      	ST   -Y,R31
00006d b7ef      	IN   R30,SREG
00006e 93ea      	ST   -Y,R30
                 ; 0000 002D static unsigned char input_index=0;
                 ; 0000 002E // Read the AD conversion result
                 ; 0000 002F adc_data[input_index]=ADCW;
00006f 91e0 0264 	LDS  R30,_input_index_S0000000000
000071 e6a0      	LDI  R26,LOW(_adc_data)
000072 e0b2      	LDI  R27,HIGH(_adc_data)
000073 e0f0      	LDI  R31,0
000074 0fee      	LSL  R30
000075 1fff      	ROL  R31
000076 0fae      	ADD  R26,R30
000077 1fbf      	ADC  R27,R31
000078 b1e4      	IN   R30,0x4
000079 b1f5      	IN   R31,0x4+1
00007a 93ed      	ST   X+,R30
00007b 93fc      	ST   X,R31
                 ; 0000 0030 // Select next ADC input
                 ; 0000 0031 if (++input_index > (LAST_ADC_INPUT-FIRST_ADC_INPUT))
00007c 91a0 0264 	LDS  R26,_input_index_S0000000000
00007e 5faf      	SUBI R26,-LOW(1)
00007f 93a0 0264 	STS  _input_index_S0000000000,R26
000081 30a2      	CPI  R26,LOW(0x2)
000082 f018      	BRLO _0x3
                 ; 0000 0032    input_index=0;
000083 e0e0      	LDI  R30,LOW(0)
000084 93e0 0264 	STS  _input_index_S0000000000,R30
                 ; 0000 0033 ADMUX=(FIRST_ADC_INPUT | ADC_VREF_TYPE)+input_index;
                 _0x3:
000086 91e0 0264 	LDS  R30,_input_index_S0000000000
000088 b9e7      	OUT  0x7,R30
                 ; 0000 0034 // Delay needed for the stabilization of the ADC input voltage
                 ; 0000 0035 delay_us(10);
                +
000089 e18b     +LDI R24 , LOW ( 27 )
                +__DELAY_USB_LOOP :
00008a 958a     +DEC R24
00008b f7f1     +BRNE __DELAY_USB_LOOP
                 	__DELAY_USB 27
                 ; 0000 0036 // Start the AD conversion
                 ; 0000 0037 ADCSRA|=(1<<ADSC);
00008c 9a36      	SBI  0x6,6
                 ; 0000 0038 }
00008d 91e9      	LD   R30,Y+
00008e bfef      	OUT  SREG,R30
00008f 91f9      	LD   R31,Y+
000090 91e9      	LD   R30,Y+
000091 91b9      	LD   R27,Y+
000092 91a9      	LD   R26,Y+
000093 9189      	LD   R24,Y+
000094 9518      	RETI
                 ; .FEND
                 ;
                 ;void main(void)
                 ; 0000 003B {
                 _main:
                 ; .FSTART _main
                 ; 0000 003C // Declare your local variables here
                 ; 0000 003D char str[16];
                 ; 0000 003E // Input/Output Ports initialization
                 ; 0000 003F // Port A initialization
                 ; 0000 0040 // Function: Bit7=In Bit6=In Bit5=In Bit4=In Bit3=In Bit2=In Bit1=In Bit0=In
                 ; 0000 0041 DDRA=(0<<DDA7) | (0<<DDA6) | (0<<DDA5) | (0<<DDA4) | (0<<DDA3) | (0<<DDA2) | (0<<DDA1) | (0<<DDA0);
000095 9760      	SBIW R28,16
                 ;	str -> Y+0
000096 e0e0      	LDI  R30,LOW(0)
000097 bbea      	OUT  0x1A,R30
                 ; 0000 0042 // State: Bit7=T Bit6=T Bit5=T Bit4=T Bit3=T Bit2=T Bit1=T Bit0=T
                 ; 0000 0043 PORTA=(0<<PORTA7) | (0<<PORTA6) | (0<<PORTA5) | (0<<PORTA4) | (0<<PORTA3) | (0<<PORTA2) | (0<<PORTA1) | (0<<PORTA0);
000098 bbeb      	OUT  0x1B,R30
                 ; 0000 0044 
                 ; 0000 0045 // Port B initialization
                 ; 0000 0046 // Function: Bit7=In Bit6=In Bit5=In Bit4=In Bit3=In Bit2=In Bit1=In Bit0=In
                 ; 0000 0047 DDRB=(0<<DDB7) | (0<<DDB6) | (0<<DDB5) | (0<<DDB4) | (0<<DDB3) | (0<<DDB2) | (0<<DDB1) | (0<<DDB0);
000099 bbe7      	OUT  0x17,R30
                 ; 0000 0048 // State: Bit7=T Bit6=T Bit5=T Bit4=T Bit3=T Bit2=T Bit1=T Bit0=T
                 ; 0000 0049 PORTB=(0<<PORTB7) | (0<<PORTB6) | (0<<PORTB5) | (0<<PORTB4) | (0<<PORTB3) | (0<<PORTB2) | (0<<PORTB1) | (0<<PORTB0);
00009a bbe8      	OUT  0x18,R30
                 ; 0000 004A 
                 ; 0000 004B // Port C initialization
                 ; 0000 004C // Function: Bit7=In Bit6=In Bit5=In Bit4=In Bit3=In Bit2=In Bit1=In Bit0=In
                 ; 0000 004D DDRC=(0<<DDC7) | (0<<DDC6) | (0<<DDC5) | (0<<DDC4) | (0<<DDC3) | (0<<DDC2) | (0<<DDC1) | (0<<DDC0);
00009b bbe4      	OUT  0x14,R30
                 ; 0000 004E // State: Bit7=T Bit6=T Bit5=T Bit4=T Bit3=T Bit2=T Bit1=T Bit0=T
                 ; 0000 004F PORTC=(0<<PORTC7) | (0<<PORTC6) | (0<<PORTC5) | (0<<PORTC4) | (0<<PORTC3) | (0<<PORTC2) | (0<<PORTC1) | (0<<PORTC0);
00009c bbe5      	OUT  0x15,R30
                 ; 0000 0050 
                 ; 0000 0051 // Port D initialization
                 ; 0000 0052 // Function: Bit7=In Bit6=In Bit5=In Bit4=In Bit3=In Bit2=In Bit1=In Bit0=In
                 ; 0000 0053 DDRD=(0<<DDD7) | (0<<DDD6) | (0<<DDD5) | (0<<DDD4) | (0<<DDD3) | (0<<DDD2) | (0<<DDD1) | (0<<DDD0);
00009d bbe1      	OUT  0x11,R30
                 ; 0000 0054 // State: Bit7=T Bit6=T Bit5=T Bit4=T Bit3=T Bit2=T Bit1=T Bit0=T
                 ; 0000 0055 PORTD=(0<<PORTD7) | (0<<PORTD6) | (0<<PORTD5) | (0<<PORTD4) | (0<<PORTD3) | (0<<PORTD2) | (0<<PORTD1) | (0<<PORTD0);
00009e bbe2      	OUT  0x12,R30
                 ; 0000 0056 
                 ; 0000 0057 // ADC initialization
                 ; 0000 0058 // ADC Clock frequency: 62.500 kHz
                 ; 0000 0059 // ADC Voltage Reference: AREF pin
                 ; 0000 005A // ADC Auto Trigger Source: Free Running
                 ; 0000 005B ADMUX=FIRST_ADC_INPUT | ADC_VREF_TYPE;
00009f b9e7      	OUT  0x7,R30
                 ; 0000 005C ADCSRA=(1<<ADEN) | (1<<ADSC) | (1<<ADATE) | (0<<ADIF) | (1<<ADIE) | (1<<ADPS2) | (1<<ADPS1) | (1<<ADPS0);
0000a0 eeef      	LDI  R30,LOW(239)
0000a1 b9e6      	OUT  0x6,R30
                 ; 0000 005D SFIOR=(0<<ADTS2) | (0<<ADTS1) | (0<<ADTS0);
0000a2 e0e0      	LDI  R30,LOW(0)
0000a3 bfe0      	OUT  0x30,R30
                 ; 0000 005E 
                 ; 0000 005F // Alphanumeric LCD initialization
                 ; 0000 0060 // Connections are specified in the
                 ; 0000 0061 // Project|Configure|C Compiler|Libraries|Alphanumeric LCD menu:
                 ; 0000 0062 // RS - PORTC Bit 0
                 ; 0000 0063 // RD - PORTC Bit 1
                 ; 0000 0064 // EN - PORTC Bit 2
                 ; 0000 0065 // D4 - PORTC Bit 4
                 ; 0000 0066 // D5 - PORTC Bit 5
                 ; 0000 0067 // D6 - PORTC Bit 6
                 ; 0000 0068 // D7 - PORTC Bit 7
                 ; 0000 0069 // Characters/line: 16
                 ; 0000 006A lcd_init(16);
0000a4 e1a0      	LDI  R26,LOW(16)
0000a5 d087      	RCALL _lcd_init
                 ; 0000 006B 
                 ; 0000 006C // Global enable interrupts
                 ; 0000 006D #asm("sei")
0000a6 9478      	sei
                 ; 0000 006E 
                 ; 0000 006F while (1)
                 _0x4:
                 ; 0000 0070       {
                 ; 0000 0071       // Place your code here
                 ; 0000 0072         lcd_gotoxy(0,0);
0000a7 e0e0      	LDI  R30,LOW(0)
0000a8 93ea      	ST   -Y,R30
0000a9 e0a0      	LDI  R26,LOW(0)
0000aa d043      	RCALL _lcd_gotoxy
                 ; 0000 0073         // Auto Trigger mode is always updatig the values inside adc_data[] array
                 ; 0000 0074         sprintf(str , "%d %d" , adc_data[0] , adc_data[1]);
0000ab 01fe      	MOVW R30,R28
0000ac 93fa      	ST   -Y,R31
0000ad 93ea      	ST   -Y,R30
                +
0000ae e6e6     +LDI R30 , LOW ( 2 * _0x0 + ( 0 ) )
0000af e0f0     +LDI R31 , HIGH ( 2 * _0x0 + ( 0 ) )
                 	__POINTW1FN _0x0,0
0000b0 93fa      	ST   -Y,R31
0000b1 93ea      	ST   -Y,R30
0000b2 91e0 0260 	LDS  R30,_adc_data
0000b4 91f0 0261 	LDS  R31,_adc_data+1
0000b6 2766      	CLR  R22
0000b7 2777      	CLR  R23
0000b8 940e 0370 	CALL __PUTPARD1
                +
0000ba 91e0 0262+LDS R30 , _adc_data + ( 2 )
0000bc 91f0 0263+LDS R31 , _adc_data + ( 2 ) + 1
                 	__GETW1MN _adc_data,2
0000be 2766      	CLR  R22
0000bf 2777      	CLR  R23
0000c0 940e 0370 	CALL __PUTPARD1
0000c2 e088      	LDI  R24,8
0000c3 940e 02cf 	CALL _sprintf
0000c5 962c      	ADIW R28,12
                 ; 0000 0075         lcd_puts(str);
0000c6 01de      	MOVW R26,R28
0000c7 d054      	RCALL _lcd_puts
                 ; 0000 0076         delay_ms(50);
0000c8 e3a2      	LDI  R26,LOW(50)
0000c9 e0b0      	LDI  R27,0
0000ca 940e 0356 	CALL _delay_ms
                 ; 0000 0077       }
0000cc cfda      	RJMP _0x4
                 ; 0000 0078 }
                 _0x7:
0000cd cfff      	RJMP _0x7
                 ; .FEND
                 	#ifndef __SLEEP_DEFINED__
                 	#endif
                 
                 	.DSEG
                 
                 	.CSEG
                 __lcd_write_nibble_G100:
                 ; .FSTART __lcd_write_nibble_G100
0000ce 93aa      	ST   -Y,R26
0000cf b3e5      	IN   R30,0x15
0000d0 70ef      	ANDI R30,LOW(0xF)
0000d1 2fae      	MOV  R26,R30
0000d2 81e8      	LD   R30,Y
0000d3 7fe0      	ANDI R30,LOW(0xF0)
0000d4 2bea      	OR   R30,R26
0000d5 bbe5      	OUT  0x15,R30
                +
0000d6 e08d     +LDI R24 , LOW ( 13 )
                +__DELAY_USB_LOOP :
0000d7 958a     +DEC R24
0000d8 f7f1     +BRNE __DELAY_USB_LOOP
                 	__DELAY_USB 13
0000d9 9aaa      	SBI  0x15,2
                +
0000da e08d     +LDI R24 , LOW ( 13 )
                +__DELAY_USB_LOOP :
0000db 958a     +DEC R24
0000dc f7f1     +BRNE __DELAY_USB_LOOP
                 	__DELAY_USB 13
0000dd 98aa      	CBI  0x15,2
                +
0000de e08d     +LDI R24 , LOW ( 13 )
                +__DELAY_USB_LOOP :
0000df 958a     +DEC R24
0000e0 f7f1     +BRNE __DELAY_USB_LOOP
                 	__DELAY_USB 13
0000e1 c077      	RJMP _0x2080002
                 ; .FEND
                 __lcd_write_data:
                 ; .FSTART __lcd_write_data
0000e2 93aa      	ST   -Y,R26
0000e3 81a8      	LD   R26,Y
0000e4 dfe9      	RCALL __lcd_write_nibble_G100
0000e5 81e8          ld    r30,y
0000e6 95e2          swap  r30
0000e7 83e8          st    y,r30
0000e8 81a8      	LD   R26,Y
0000e9 dfe4      	RCALL __lcd_write_nibble_G100
                +
0000ea e885     +LDI R24 , LOW ( 133 )
                +__DELAY_USB_LOOP :
0000eb 958a     +DEC R24
0000ec f7f1     +BRNE __DELAY_USB_LOOP
                 	__DELAY_USB 133
0000ed c06b      	RJMP _0x2080002
                 ; .FEND
                 _lcd_gotoxy:
                 ; .FSTART _lcd_gotoxy
0000ee 93aa      	ST   -Y,R26
0000ef 81e8      	LD   R30,Y
0000f0 e0f0      	LDI  R31,0
0000f1 59eb      	SUBI R30,LOW(-__base_y_G100)
0000f2 4ffd      	SBCI R31,HIGH(-__base_y_G100)
0000f3 81e0      	LD   R30,Z
0000f4 81a9      	LDD  R26,Y+1
0000f5 0fae      	ADD  R26,R30
0000f6 dfeb      	RCALL __lcd_write_data
0000f7 8059      	LDD  R5,Y+1
0000f8 8048      	LDD  R4,Y+0
0000f9 9622      	ADIW R28,2
0000fa 9508      	RET
                 ; .FEND
                 _lcd_clear:
                 ; .FSTART _lcd_clear
0000fb e0a2      	LDI  R26,LOW(2)
0000fc 940e 031c 	CALL SUBOPT_0x0
0000fe e0ac      	LDI  R26,LOW(12)
0000ff dfe2      	RCALL __lcd_write_data
000100 e0a1      	LDI  R26,LOW(1)
000101 940e 031c 	CALL SUBOPT_0x0
000103 e0e0      	LDI  R30,LOW(0)
000104 2e4e      	MOV  R4,R30
000105 2e5e      	MOV  R5,R30
000106 9508      	RET
                 ; .FEND
                 _lcd_putchar:
                 ; .FSTART _lcd_putchar
000107 93aa      	ST   -Y,R26
000108 81a8      	LD   R26,Y
000109 30aa      	CPI  R26,LOW(0xA)
00010a f011      	BREQ _0x2000005
00010b 1457      	CP   R5,R7
00010c f048      	BRLO _0x2000004
                 _0x2000005:
00010d e0e0      	LDI  R30,LOW(0)
00010e 93ea      	ST   -Y,R30
00010f 9443      	INC  R4
000110 2da4      	MOV  R26,R4
000111 dfdc      	RCALL _lcd_gotoxy
000112 81a8      	LD   R26,Y
000113 30aa      	CPI  R26,LOW(0xA)
000114 f409      	BRNE _0x2000007
000115 c043      	RJMP _0x2080002
                 _0x2000007:
                 _0x2000004:
000116 9453      	INC  R5
000117 9aa8      	SBI  0x15,0
000118 81a8      	LD   R26,Y
000119 dfc8      	RCALL __lcd_write_data
00011a 98a8      	CBI  0x15,0
00011b c03d      	RJMP _0x2080002
                 ; .FEND
                 _lcd_puts:
                 ; .FSTART _lcd_puts
00011c 93ba      	ST   -Y,R27
00011d 93aa      	ST   -Y,R26
00011e 931a      	ST   -Y,R17
                 _0x2000008:
00011f 81a9      	LDD  R26,Y+1
000120 81ba      	LDD  R27,Y+1+1
000121 91ed      	LD   R30,X+
000122 83a9      	STD  Y+1,R26
000123 83ba      	STD  Y+1+1,R27
000124 2f1e      	MOV  R17,R30
000125 30e0      	CPI  R30,0
000126 f019      	BREQ _0x200000A
000127 2fa1      	MOV  R26,R17
000128 dfde      	RCALL _lcd_putchar
000129 cff5      	RJMP _0x2000008
                 _0x200000A:
00012a 8118      	LDD  R17,Y+0
00012b 9623      	ADIW R28,3
00012c 9508      	RET
                 ; .FEND
                 _lcd_init:
                 ; .FSTART _lcd_init
00012d 93aa      	ST   -Y,R26
00012e b3e4      	IN   R30,0x14
00012f 6fe0      	ORI  R30,LOW(0xF0)
000130 bbe4      	OUT  0x14,R30
000131 9aa2      	SBI  0x14,2
000132 9aa0      	SBI  0x14,0
000133 9aa1      	SBI  0x14,1
000134 98aa      	CBI  0x15,2
000135 98a8      	CBI  0x15,0
000136 98a9      	CBI  0x15,1
000137 8078      	LDD  R7,Y+0
000138 81e8      	LD   R30,Y
000139 58e0      	SUBI R30,-LOW(128)
                +
00013a 93e0 0267+STS __base_y_G100 + ( 2 ) , R30
                 	__PUTB1MN __base_y_G100,2
00013c 81e8      	LD   R30,Y
00013d 54e0      	SUBI R30,-LOW(192)
                +
00013e 93e0 0268+STS __base_y_G100 + ( 3 ) , R30
                 	__PUTB1MN __base_y_G100,3
000140 e1a4      	LDI  R26,LOW(20)
000141 e0b0      	LDI  R27,0
000142 940e 0356 	CALL _delay_ms
000144 940e 0322 	CALL SUBOPT_0x1
000146 940e 0322 	CALL SUBOPT_0x1
000148 940e 0322 	CALL SUBOPT_0x1
00014a e2a0      	LDI  R26,LOW(32)
00014b df82      	RCALL __lcd_write_nibble_G100
                +
00014c ec88     +LDI R24 , LOW ( 200 )
00014d e090     +LDI R25 , HIGH ( 200 )
                +__DELAY_USW_LOOP :
00014e 9701     +SBIW R24 , 1
00014f f7f1     +BRNE __DELAY_USW_LOOP
                 	__DELAY_USW 200
000150 e2a8      	LDI  R26,LOW(40)
000151 df90      	RCALL __lcd_write_data
000152 e0a4      	LDI  R26,LOW(4)
000153 df8e      	RCALL __lcd_write_data
000154 e8a5      	LDI  R26,LOW(133)
000155 df8c      	RCALL __lcd_write_data
000156 e0a6      	LDI  R26,LOW(6)
000157 df8a      	RCALL __lcd_write_data
000158 dfa2      	RCALL _lcd_clear
                 _0x2080002:
000159 9621      	ADIW R28,1
00015a 9508      	RET
                 ; .FEND
                 	#ifndef __SLEEP_DEFINED__
                 	#endif
                 
                 	.CSEG
                 _put_buff_G101:
                 ; .FSTART _put_buff_G101
00015b 93ba      	ST   -Y,R27
00015c 93aa      	ST   -Y,R26
00015d 931a      	ST   -Y,R17
00015e 930a      	ST   -Y,R16
00015f 81aa      	LDD  R26,Y+2
000160 81bb      	LDD  R27,Y+2+1
000161 9612      	ADIW R26,2
000162 940e 0368 	CALL __GETW1P
000164 9730      	SBIW R30,0
000165 f159      	BREQ _0x2020010
000166 81aa      	LDD  R26,Y+2
000167 81bb      	LDD  R27,Y+2+1
000168 9614      	ADIW R26,4
000169 940e 0368 	CALL __GETW1P
00016b 018f      	MOVW R16,R30
00016c 9730      	SBIW R30,0
00016d f061      	BREQ _0x2020012
                +
00016e 3002     +CPI R16 , LOW ( 2 )
00016f e0e0     +LDI R30 , HIGH ( 2 )
000170 071e     +CPC R17 , R30
                 	__CPWRN 16,17,2
000171 f098      	BRLO _0x2020013
000172 01f8      	MOVW R30,R16
000173 9731      	SBIW R30,1
000174 018f      	MOVW R16,R30
                +
000175 81aa     +LDD R26 , Y + 2
000176 81bb     +LDD R27 , Y + 2 + 1
000177 9614     +ADIW R26 , 4
000178 93ed     +ST X + , R30
000179 93fc     +ST X , R31
                 	__PUTW1SNS 2,4
                 _0x2020012:
00017a 81aa      	LDD  R26,Y+2
00017b 81bb      	LDD  R27,Y+2+1
00017c 9612      	ADIW R26,2
00017d 91ed      	LD   R30,X+
00017e 91fd      	LD   R31,X+
00017f 9631      	ADIW R30,1
000180 93fe      	ST   -X,R31
000181 93ee      	ST   -X,R30
000182 9731      	SBIW R30,1
000183 81ac      	LDD  R26,Y+4
000184 83a0      	STD  Z+0,R26
                 _0x2020013:
000185 81aa      	LDD  R26,Y+2
000186 81bb      	LDD  R27,Y+2+1
000187 940e 0368 	CALL __GETW1P
000189 23ff      	TST  R31
00018a f02a      	BRMI _0x2020014
00018b 91ed      	LD   R30,X+
00018c 91fd      	LD   R31,X+
00018d 9631      	ADIW R30,1
00018e 93fe      	ST   -X,R31
00018f 93ee      	ST   -X,R30
                 _0x2020014:
000190 c006      	RJMP _0x2020015
                 _0x2020010:
000191 81aa      	LDD  R26,Y+2
000192 81bb      	LDD  R27,Y+2+1
000193 efef      	LDI  R30,LOW(65535)
000194 efff      	LDI  R31,HIGH(65535)
000195 93ed      	ST   X+,R30
000196 93fc      	ST   X,R31
                 _0x2020015:
000197 8119      	LDD  R17,Y+1
000198 8108      	LDD  R16,Y+0
000199 9625      	ADIW R28,5
00019a 9508      	RET
                 ; .FEND
                 __print_G101:
                 ; .FSTART __print_G101
00019b 93ba      	ST   -Y,R27
00019c 93aa      	ST   -Y,R26
00019d 9726      	SBIW R28,6
00019e 940e 0375 	CALL __SAVELOCR6
0001a0 e010      	LDI  R17,0
0001a1 85ac      	LDD  R26,Y+12
0001a2 85bd      	LDD  R27,Y+12+1
0001a3 e0e0      	LDI  R30,LOW(0)
0001a4 e0f0      	LDI  R31,HIGH(0)
0001a5 93ed      	ST   X+,R30
0001a6 93fc      	ST   X,R31
                 _0x2020016:
0001a7 89ea      	LDD  R30,Y+18
0001a8 89fb      	LDD  R31,Y+18+1
0001a9 9631      	ADIW R30,1
0001aa 8bea      	STD  Y+18,R30
0001ab 8bfb      	STD  Y+18+1,R31
0001ac 9731      	SBIW R30,1
0001ad 91e4      	LPM  R30,Z
0001ae 2f2e      	MOV  R18,R30
0001af 30e0      	CPI  R30,0
0001b0 f409      	BRNE PC+2
0001b1 c115      	RJMP _0x2020018
0001b2 2fe1      	MOV  R30,R17
0001b3 30e0      	CPI  R30,0
0001b4 f439      	BRNE _0x202001C
0001b5 3225      	CPI  R18,37
0001b6 f411      	BRNE _0x202001D
0001b7 e011      	LDI  R17,LOW(1)
0001b8 c002      	RJMP _0x202001E
                 _0x202001D:
0001b9 940e 032a 	CALL SUBOPT_0x2
                 _0x202001E:
0001bb c10a      	RJMP _0x202001B
                 _0x202001C:
0001bc 30e1      	CPI  R30,LOW(0x1)
0001bd f4a9      	BRNE _0x202001F
0001be 3225      	CPI  R18,37
0001bf f419      	BRNE _0x2020020
0001c0 940e 032a 	CALL SUBOPT_0x2
0001c2 c102      	RJMP _0x20200CC
                 _0x2020020:
0001c3 e012      	LDI  R17,LOW(2)
0001c4 e040      	LDI  R20,LOW(0)
0001c5 e000      	LDI  R16,LOW(0)
0001c6 322d      	CPI  R18,45
0001c7 f411      	BRNE _0x2020021
0001c8 e001      	LDI  R16,LOW(1)
0001c9 c0fc      	RJMP _0x202001B
                 _0x2020021:
0001ca 322b      	CPI  R18,43
0001cb f411      	BRNE _0x2020022
0001cc e24b      	LDI  R20,LOW(43)
0001cd c0f8      	RJMP _0x202001B
                 _0x2020022:
0001ce 3220      	CPI  R18,32
0001cf f411      	BRNE _0x2020023
0001d0 e240      	LDI  R20,LOW(32)
0001d1 c0f4      	RJMP _0x202001B
                 _0x2020023:
0001d2 c002      	RJMP _0x2020024
                 _0x202001F:
0001d3 30e2      	CPI  R30,LOW(0x2)
0001d4 f439      	BRNE _0x2020025
                 _0x2020024:
0001d5 e050      	LDI  R21,LOW(0)
0001d6 e013      	LDI  R17,LOW(3)
0001d7 3320      	CPI  R18,48
0001d8 f411      	BRNE _0x2020026
0001d9 6800      	ORI  R16,LOW(128)
0001da c0eb      	RJMP _0x202001B
                 _0x2020026:
0001db c003      	RJMP _0x2020027
                 _0x2020025:
0001dc 30e3      	CPI  R30,LOW(0x3)
0001dd f009      	BREQ PC+2
0001de c0e7      	RJMP _0x202001B
                 _0x2020027:
0001df 3320      	CPI  R18,48
0001e0 f010      	BRLO _0x202002A
0001e1 332a      	CPI  R18,58
0001e2 f008      	BRLO _0x202002B
                 _0x202002A:
0001e3 c007      	RJMP _0x2020029
                 _0x202002B:
0001e4 e0aa      	LDI  R26,LOW(10)
0001e5 9f5a      	MUL  R21,R26
0001e6 2d50      	MOV  R21,R0
0001e7 2fe2      	MOV  R30,R18
0001e8 53e0      	SUBI R30,LOW(48)
0001e9 0f5e      	ADD  R21,R30
0001ea c0db      	RJMP _0x202001B
                 _0x2020029:
0001eb 2fe2      	MOV  R30,R18
0001ec 36e3      	CPI  R30,LOW(0x63)
0001ed f449      	BRNE _0x202002F
0001ee 940e 0331 	CALL SUBOPT_0x3
0001f0 89e8      	LDD  R30,Y+16
0001f1 89f9      	LDD  R31,Y+16+1
0001f2 81a4      	LDD  R26,Z+4
0001f3 93aa      	ST   -Y,R26
0001f4 940e 0337 	CALL SUBOPT_0x4
0001f6 c0ce      	RJMP _0x2020030
                 _0x202002F:
0001f7 37e3      	CPI  R30,LOW(0x73)
0001f8 f441      	BRNE _0x2020032
0001f9 940e 0331 	CALL SUBOPT_0x3
0001fb 940e 033d 	CALL SUBOPT_0x5
0001fd 940e 0303 	CALL _strlen
0001ff 2f1e      	MOV  R17,R30
000200 c00a      	RJMP _0x2020033
                 _0x2020032:
000201 37e0      	CPI  R30,LOW(0x70)
000202 f461      	BRNE _0x2020035
000203 940e 0331 	CALL SUBOPT_0x3
000205 940e 033d 	CALL SUBOPT_0x5
000207 940e 030f 	CALL _strlenf
000209 2f1e      	MOV  R17,R30
00020a 6008      	ORI  R16,LOW(8)
                 _0x2020033:
00020b 6002      	ORI  R16,LOW(2)
00020c 770f      	ANDI R16,LOW(127)
00020d e030      	LDI  R19,LOW(0)
00020e c034      	RJMP _0x2020036
                 _0x2020035:
00020f 36e4      	CPI  R30,LOW(0x64)
000210 f011      	BREQ _0x2020039
000211 36e9      	CPI  R30,LOW(0x69)
000212 f411      	BRNE _0x202003A
                 _0x2020039:
000213 6004      	ORI  R16,LOW(4)
000214 c002      	RJMP _0x202003B
                 _0x202003A:
000215 37e5      	CPI  R30,LOW(0x75)
000216 f431      	BRNE _0x202003C
                 _0x202003B:
000217 e5e4      	LDI  R30,LOW(_tbl10_G101*2)
000218 e0f0      	LDI  R31,HIGH(_tbl10_G101*2)
000219 83ee      	STD  Y+6,R30
00021a 83ff      	STD  Y+6+1,R31
00021b e015      	LDI  R17,LOW(5)
00021c c00c      	RJMP _0x202003D
                 _0x202003C:
00021d 35e8      	CPI  R30,LOW(0x58)
00021e f411      	BRNE _0x202003F
00021f 6008      	ORI  R16,LOW(8)
000220 c003      	RJMP _0x2020040
                 _0x202003F:
000221 37e8      	CPI  R30,LOW(0x78)
000222 f009      	BREQ PC+2
000223 c0a1      	RJMP _0x2020071
                 _0x2020040:
000224 e5ee      	LDI  R30,LOW(_tbl16_G101*2)
000225 e0f0      	LDI  R31,HIGH(_tbl16_G101*2)
000226 83ee      	STD  Y+6,R30
000227 83ff      	STD  Y+6+1,R31
000228 e014      	LDI  R17,LOW(4)
                 _0x202003D:
000229 ff02      	SBRS R16,2
00022a c014      	RJMP _0x2020042
00022b 940e 0331 	CALL SUBOPT_0x3
00022d 940e 0347 	CALL SUBOPT_0x6
00022f 85ab      	LDD  R26,Y+11
000230 23aa      	TST  R26
000231 f43a      	BRPL _0x2020043
000232 85ea      	LDD  R30,Y+10
000233 85fb      	LDD  R31,Y+10+1
000234 940e 0364 	CALL __ANEGW1
000236 87ea      	STD  Y+10,R30
000237 87fb      	STD  Y+10+1,R31
000238 e24d      	LDI  R20,LOW(45)
                 _0x2020043:
000239 3040      	CPI  R20,0
00023a f011      	BREQ _0x2020044
00023b 5f1f      	SUBI R17,-LOW(1)
00023c c001      	RJMP _0x2020045
                 _0x2020044:
00023d 7f0b      	ANDI R16,LOW(251)
                 _0x2020045:
00023e c004      	RJMP _0x2020046
                 _0x2020042:
00023f 940e 0331 	CALL SUBOPT_0x3
000241 940e 0347 	CALL SUBOPT_0x6
                 _0x2020046:
                 _0x2020036:
000243 fd00      	SBRC R16,0
000244 c011      	RJMP _0x2020047
                 _0x2020048:
000245 1715      	CP   R17,R21
000246 f478      	BRSH _0x202004A
000247 ff07      	SBRS R16,7
000248 c008      	RJMP _0x202004B
000249 ff02      	SBRS R16,2
00024a c004      	RJMP _0x202004C
00024b 7f0b      	ANDI R16,LOW(251)
00024c 2f24      	MOV  R18,R20
00024d 5011      	SUBI R17,LOW(1)
00024e c001      	RJMP _0x202004D
                 _0x202004C:
00024f e320      	LDI  R18,LOW(48)
                 _0x202004D:
000250 c001      	RJMP _0x202004E
                 _0x202004B:
000251 e220      	LDI  R18,LOW(32)
                 _0x202004E:
000252 940e 032a 	CALL SUBOPT_0x2
000254 5051      	SUBI R21,LOW(1)
000255 cfef      	RJMP _0x2020048
                 _0x202004A:
                 _0x2020047:
000256 2f31      	MOV  R19,R17
000257 ff01      	SBRS R16,1
000258 c017      	RJMP _0x202004F
                 _0x2020050:
000259 3030      	CPI  R19,0
00025a f0a1      	BREQ _0x2020052
00025b ff03      	SBRS R16,3
00025c c006      	RJMP _0x2020053
00025d 81ee      	LDD  R30,Y+6
00025e 81ff      	LDD  R31,Y+6+1
00025f 9125      	LPM  R18,Z+
000260 83ee      	STD  Y+6,R30
000261 83ff      	STD  Y+6+1,R31
000262 c005      	RJMP _0x2020054
                 _0x2020053:
000263 81ae      	LDD  R26,Y+6
000264 81bf      	LDD  R27,Y+6+1
000265 912d      	LD   R18,X+
000266 83ae      	STD  Y+6,R26
000267 83bf      	STD  Y+6+1,R27
                 _0x2020054:
000268 940e 032a 	CALL SUBOPT_0x2
00026a 3050      	CPI  R21,0
00026b f009      	BREQ _0x2020055
00026c 5051      	SUBI R21,LOW(1)
                 _0x2020055:
00026d 5031      	SUBI R19,LOW(1)
00026e cfea      	RJMP _0x2020050
                 _0x2020052:
00026f c04b      	RJMP _0x2020056
                 _0x202004F:
                 _0x2020058:
000270 e320      	LDI  R18,LOW(48)
000271 81ee      	LDD  R30,Y+6
000272 81ff      	LDD  R31,Y+6+1
000273 940e 036c 	CALL __GETW1PF
000275 87e8      	STD  Y+8,R30
000276 87f9      	STD  Y+8+1,R31
000277 81ee      	LDD  R30,Y+6
000278 81ff      	LDD  R31,Y+6+1
000279 9632      	ADIW R30,2
00027a 83ee      	STD  Y+6,R30
00027b 83ff      	STD  Y+6+1,R31
                 _0x202005A:
00027c 85e8      	LDD  R30,Y+8
00027d 85f9      	LDD  R31,Y+8+1
00027e 85aa      	LDD  R26,Y+10
00027f 85bb      	LDD  R27,Y+10+1
000280 17ae      	CP   R26,R30
000281 07bf      	CPC  R27,R31
000282 f050      	BRLO _0x202005C
000283 5f2f      	SUBI R18,-LOW(1)
000284 85a8      	LDD  R26,Y+8
000285 85b9      	LDD  R27,Y+8+1
000286 85ea      	LDD  R30,Y+10
000287 85fb      	LDD  R31,Y+10+1
000288 1bea      	SUB  R30,R26
000289 0bfb      	SBC  R31,R27
00028a 87ea      	STD  Y+10,R30
00028b 87fb      	STD  Y+10+1,R31
00028c cfef      	RJMP _0x202005A
                 _0x202005C:
00028d 332a      	CPI  R18,58
00028e f028      	BRLO _0x202005D
00028f ff03      	SBRS R16,3
000290 c002      	RJMP _0x202005E
000291 5f29      	SUBI R18,-LOW(7)
000292 c001      	RJMP _0x202005F
                 _0x202005E:
000293 5d29      	SUBI R18,-LOW(39)
                 _0x202005F:
                 _0x202005D:
000294 fd04      	SBRC R16,4
000295 c01a      	RJMP _0x2020061
000296 3321      	CPI  R18,49
000297 f420      	BRSH _0x2020063
000298 85a8      	LDD  R26,Y+8
000299 85b9      	LDD  R27,Y+8+1
00029a 9711      	SBIW R26,1
00029b f409      	BRNE _0x2020062
                 _0x2020063:
00029c c009      	RJMP _0x20200CD
                 _0x2020062:
00029d 1753      	CP   R21,R19
00029e f010      	BRLO _0x2020067
00029f ff00      	SBRS R16,0
0002a0 c001      	RJMP _0x2020068
                 _0x2020067:
0002a1 c013      	RJMP _0x2020066
                 _0x2020068:
0002a2 e220      	LDI  R18,LOW(32)
0002a3 ff07      	SBRS R16,7
0002a4 c00b      	RJMP _0x2020069
0002a5 e320      	LDI  R18,LOW(48)
                 _0x20200CD:
0002a6 6100      	ORI  R16,LOW(16)
0002a7 ff02      	SBRS R16,2
0002a8 c007      	RJMP _0x202006A
0002a9 7f0b      	ANDI R16,LOW(251)
0002aa 934a      	ST   -Y,R20
0002ab 940e 0337 	CALL SUBOPT_0x4
0002ad 3050      	CPI  R21,0
0002ae f009      	BREQ _0x202006B
0002af 5051      	SUBI R21,LOW(1)
                 _0x202006B:
                 _0x202006A:
                 _0x2020069:
                 _0x2020061:
0002b0 940e 032a 	CALL SUBOPT_0x2
0002b2 3050      	CPI  R21,0
0002b3 f009      	BREQ _0x202006C
0002b4 5051      	SUBI R21,LOW(1)
                 _0x202006C:
                 _0x2020066:
0002b5 5031      	SUBI R19,LOW(1)
0002b6 85a8      	LDD  R26,Y+8
0002b7 85b9      	LDD  R27,Y+8+1
0002b8 9712      	SBIW R26,2
0002b9 f008      	BRLO _0x2020059
0002ba cfb5      	RJMP _0x2020058
                 _0x2020059:
                 _0x2020056:
0002bb ff00      	SBRS R16,0
0002bc c008      	RJMP _0x202006D
                 _0x202006E:
0002bd 3050      	CPI  R21,0
0002be f031      	BREQ _0x2020070
0002bf 5051      	SUBI R21,LOW(1)
0002c0 e2e0      	LDI  R30,LOW(32)
0002c1 93ea      	ST   -Y,R30
0002c2 940e 0337 	CALL SUBOPT_0x4
0002c4 cff8      	RJMP _0x202006E
                 _0x2020070:
                 _0x202006D:
                 _0x2020071:
                 _0x2020030:
                 _0x20200CC:
0002c5 e010      	LDI  R17,LOW(0)
                 _0x202001B:
0002c6 cee0      	RJMP _0x2020016
                 _0x2020018:
0002c7 85ac      	LDD  R26,Y+12
0002c8 85bd      	LDD  R27,Y+12+1
0002c9 940e 0368 	CALL __GETW1P
0002cb 940e 037c 	CALL __LOADLOCR6
0002cd 9664      	ADIW R28,20
0002ce 9508      	RET
                 ; .FEND
                 _sprintf:
                 ; .FSTART _sprintf
0002cf 92ff      	PUSH R15
0002d0 2ef8      	MOV  R15,R24
0002d1 9726      	SBIW R28,6
0002d2 940e 0377 	CALL __SAVELOCR4
0002d4 940e 034f 	CALL SUBOPT_0x7
0002d6 9730      	SBIW R30,0
0002d7 f419      	BRNE _0x2020072
0002d8 efef      	LDI  R30,LOW(65535)
0002d9 efff      	LDI  R31,HIGH(65535)
0002da c023      	RJMP _0x2080001
                 _0x2020072:
0002db 01de      	MOVW R26,R28
0002dc 9616      	ADIW R26,6
0002dd 940e 0360 	CALL __ADDW2R15
0002df 018d      	MOVW R16,R26
0002e0 940e 034f 	CALL SUBOPT_0x7
0002e2 83ee      	STD  Y+6,R30
0002e3 83ff      	STD  Y+6+1,R31
0002e4 e0e0      	LDI  R30,LOW(0)
0002e5 87e8      	STD  Y+8,R30
0002e6 87e9      	STD  Y+8+1,R30
0002e7 01de      	MOVW R26,R28
0002e8 961a      	ADIW R26,10
0002e9 940e 0360 	CALL __ADDW2R15
0002eb 940e 0368 	CALL __GETW1P
0002ed 93fa      	ST   -Y,R31
0002ee 93ea      	ST   -Y,R30
0002ef 931a      	ST   -Y,R17
0002f0 930a      	ST   -Y,R16
0002f1 e5eb      	LDI  R30,LOW(_put_buff_G101)
0002f2 e0f1      	LDI  R31,HIGH(_put_buff_G101)
0002f3 93fa      	ST   -Y,R31
0002f4 93ea      	ST   -Y,R30
0002f5 01de      	MOVW R26,R28
0002f6 961a      	ADIW R26,10
0002f7 dea3      	RCALL __print_G101
0002f8 019f      	MOVW R18,R30
0002f9 81ae      	LDD  R26,Y+6
0002fa 81bf      	LDD  R27,Y+6+1
0002fb e0e0      	LDI  R30,LOW(0)
0002fc 93ec      	ST   X,R30
0002fd 01f9      	MOVW R30,R18
                 _0x2080001:
0002fe 940e 037e 	CALL __LOADLOCR4
000300 962a      	ADIW R28,10
000301 90ff      	POP  R15
000302 9508      	RET
                 ; .FEND
                 
                 	.CSEG
                 
                 	.CSEG
                 _strlen:
                 ; .FSTART _strlen
000303 93ba      	ST   -Y,R27
000304 93aa      	ST   -Y,R26
000305 91a9          ld   r26,y+
000306 91b9          ld   r27,y+
000307 27ee          clr  r30
000308 27ff          clr  r31
                 strlen0:
000309 916d          ld   r22,x+
00030a 2366          tst  r22
00030b f011          breq strlen1
00030c 9631          adiw r30,1
00030d cffb          rjmp strlen0
                 strlen1:
00030e 9508          ret
                 ; .FEND
                 _strlenf:
                 ; .FSTART _strlenf
00030f 93ba      	ST   -Y,R27
000310 93aa      	ST   -Y,R26
000311 27aa          clr  r26
000312 27bb          clr  r27
000313 91e9          ld   r30,y+
000314 91f9          ld   r31,y+
                 strlenf0:
000315 9005      	lpm  r0,z+
000316 2000          tst  r0
000317 f011          breq strlenf1
000318 9611          adiw r26,1
000319 cffb          rjmp strlenf0
                 strlenf1:
00031a 01fd          movw r30,r26
00031b 9508          ret
                 ; .FEND
                 
                 	.DSEG
                 _adc_data:
000260           	.BYTE 0x4
                 _input_index_S0000000000:
000264           	.BYTE 0x1
                 __base_y_G100:
000265           	.BYTE 0x4
                 
                 	.CSEG
                 ;OPTIMIZER ADDED SUBROUTINE, CALLED 2 TIMES, CODE SIZE REDUCTION:1 WORDS
                 SUBOPT_0x0:
00031c 940e 00e2 	CALL __lcd_write_data
00031e e0a3      	LDI  R26,LOW(3)
00031f e0b0      	LDI  R27,0
000320 940c 0356 	JMP  _delay_ms
                 
                 ;OPTIMIZER ADDED SUBROUTINE, CALLED 3 TIMES, CODE SIZE REDUCTION:7 WORDS
                 SUBOPT_0x1:
000322 e3a0      	LDI  R26,LOW(48)
000323 940e 00ce 	CALL __lcd_write_nibble_G100
                +
000325 ec88     +LDI R24 , LOW ( 200 )
000326 e090     +LDI R25 , HIGH ( 200 )
                +__DELAY_USW_LOOP :
000327 9701     +SBIW R24 , 1
000328 f7f1     +BRNE __DELAY_USW_LOOP
                 	__DELAY_USW 200
000329 9508      	RET
                 
                 ;OPTIMIZER ADDED SUBROUTINE, CALLED 5 TIMES, CODE SIZE REDUCTION:13 WORDS
                 SUBOPT_0x2:
00032a 932a      	ST   -Y,R18
00032b 85ad      	LDD  R26,Y+13
00032c 85be      	LDD  R27,Y+13+1
00032d 85ef      	LDD  R30,Y+15
00032e 89f8      	LDD  R31,Y+15+1
00032f 9509      	ICALL
000330 9508      	RET
                 
                 ;OPTIMIZER ADDED SUBROUTINE, CALLED 5 TIMES, CODE SIZE REDUCTION:9 WORDS
                 SUBOPT_0x3:
000331 89e8      	LDD  R30,Y+16
000332 89f9      	LDD  R31,Y+16+1
000333 9734      	SBIW R30,4
000334 8be8      	STD  Y+16,R30
000335 8bf9      	STD  Y+16+1,R31
000336 9508      	RET
                 
                 ;OPTIMIZER ADDED SUBROUTINE, CALLED 3 TIMES, CODE SIZE REDUCTION:3 WORDS
                 SUBOPT_0x4:
000337 85ad      	LDD  R26,Y+13
000338 85be      	LDD  R27,Y+13+1
000339 85ef      	LDD  R30,Y+15
00033a 89f8      	LDD  R31,Y+15+1
00033b 9509      	ICALL
00033c 9508      	RET
                 
                 ;OPTIMIZER ADDED SUBROUTINE, CALLED 2 TIMES, CODE SIZE REDUCTION:4 WORDS
                 SUBOPT_0x5:
00033d 89a8      	LDD  R26,Y+16
00033e 89b9      	LDD  R27,Y+16+1
00033f 9614      	ADIW R26,4
000340 940e 0368 	CALL __GETW1P
000342 83ee      	STD  Y+6,R30
000343 83ff      	STD  Y+6+1,R31
000344 81ae      	LDD  R26,Y+6
000345 81bf      	LDD  R27,Y+6+1
000346 9508      	RET
                 
                 ;OPTIMIZER ADDED SUBROUTINE, CALLED 2 TIMES, CODE SIZE REDUCTION:2 WORDS
                 SUBOPT_0x6:
000347 89a8      	LDD  R26,Y+16
000348 89b9      	LDD  R27,Y+16+1
000349 9614      	ADIW R26,4
00034a 940e 0368 	CALL __GETW1P
00034c 87ea      	STD  Y+10,R30
00034d 87fb      	STD  Y+10+1,R31
00034e 9508      	RET
                 
                 ;OPTIMIZER ADDED SUBROUTINE, CALLED 2 TIMES, CODE SIZE REDUCTION:1 WORDS
                 SUBOPT_0x7:
00034f 01de      	MOVW R26,R28
000350 961c      	ADIW R26,12
000351 940e 0360 	CALL __ADDW2R15
000353 940e 0368 	CALL __GETW1P
000355 9508      	RET
                 
                 
                 	.CSEG
                 _delay_ms:
000356 9610      	adiw r26,0
000357 f039      	breq __delay_ms1
                 __delay_ms0:
                +
000358 ed80     +LDI R24 , LOW ( 0x7D0 )
000359 e097     +LDI R25 , HIGH ( 0x7D0 )
                +__DELAY_USW_LOOP :
00035a 9701     +SBIW R24 , 1
00035b f7f1     +BRNE __DELAY_USW_LOOP
                 	__DELAY_USW 0x7D0
00035c 95a8      	wdr
00035d 9711      	sbiw r26,1
00035e f7c9      	brne __delay_ms0
                 __delay_ms1:
00035f 9508      	ret
                 
                 __ADDW2R15:
000360 2400      	CLR  R0
000361 0daf      	ADD  R26,R15
000362 1db0      	ADC  R27,R0
000363 9508      	RET
                 
                 __ANEGW1:
000364 95f1      	NEG  R31
000365 95e1      	NEG  R30
000366 40f0      	SBCI R31,0
000367 9508      	RET
                 
                 __GETW1P:
000368 91ed      	LD   R30,X+
000369 91fc      	LD   R31,X
00036a 9711      	SBIW R26,1
00036b 9508      	RET
                 
                 __GETW1PF:
00036c 9005      	LPM  R0,Z+
00036d 91f4      	LPM  R31,Z
00036e 2de0      	MOV  R30,R0
00036f 9508      	RET
                 
                 __PUTPARD1:
000370 937a      	ST   -Y,R23
000371 936a      	ST   -Y,R22
000372 93fa      	ST   -Y,R31
000373 93ea      	ST   -Y,R30
000374 9508      	RET
                 
                 __SAVELOCR6:
000375 935a      	ST   -Y,R21
                 __SAVELOCR5:
000376 934a      	ST   -Y,R20
                 __SAVELOCR4:
000377 933a      	ST   -Y,R19
                 __SAVELOCR3:
000378 932a      	ST   -Y,R18
                 __SAVELOCR2:
000379 931a      	ST   -Y,R17
00037a 930a      	ST   -Y,R16
00037b 9508      	RET
                 
                 __LOADLOCR6:
00037c 815d      	LDD  R21,Y+5
                 __LOADLOCR5:
00037d 814c      	LDD  R20,Y+4
                 __LOADLOCR4:
00037e 813b      	LDD  R19,Y+3
                 __LOADLOCR3:
00037f 812a      	LDD  R18,Y+2
                 __LOADLOCR2:
000380 8119      	LDD  R17,Y+1
000381 8108      	LD   R16,Y
000382 9508      	RET
                 
                 ;END OF CODE MARKER
                 __END_OF_CODE:


RESOURCE USE INFORMATION
------------------------

Notice:
The register and instruction counts are symbol table hit counts,
and hence implicitly used resources are not counted, eg, the
'lpm' instruction without operands implicitly uses r0 and z,
none of which are counted.

x,y,z are separate entities in the symbol table and are
counted separately from r26..r31 here.

.dseg memory usage only counts static data declared with .byte

ATmega32 register use summary:
r0 :  11 r1 :   1 r2 :   0 r3 :   0 r4 :   4 r5 :   4 r6 :   0 r7 :   2 
r8 :   0 r9 :   0 r10:   0 r11:   0 r12:   0 r13:   0 r14:   0 r15:   4 
r16:  34 r17:  24 r18:  29 r19:   8 r20:   9 r21:  17 r22:   7 r23:   3 
r24:  27 r25:   5 r26: 106 r27:  41 r28:  17 r29:   1 r30: 177 r31:  65 
x  :  25 y  : 178 z  :  15 
Registers used: 25 out of 35 (71.4%)

ATmega32 instruction use summary:
.lds  :   0 .lds.l:   0 .sts  :   0 .sts.l:   0 adc   :   2 add   :   4 
adiw  :  24 and   :   0 andi  :   6 asr   :   0 bclr  :   0 bld   :   0 
brbc  :   0 brbs  :   0 brcc  :   0 brcs  :   0 break :   0 breq  :  17 
brge  :   0 brhc  :   0 brhs  :   0 brid  :   0 brie  :   0 brlo  :   9 
brlt  :   0 brmi  :   1 brne  :  31 brpl  :   1 brsh  :   2 brtc  :   0 
brts  :   0 brvc  :   0 brvs  :   0 bset  :   0 bst   :   0 call  :  50 
cbi   :   5 cbr   :   0 clc   :   0 clh   :   0 cli   :   1 cln   :   0 
clr   :  11 cls   :   0 clt   :   0 clv   :   0 clz   :   0 com   :   0 
cp    :   4 cpc   :   2 cpi   :  34 cpse  :   0 dec   :   6 des   :   0 
eor   :   0 fmul  :   0 fmuls :   0 fmulsu:   0 icall :   2 ijmp  :   0 
in    :   5 inc   :   2 jmp   :  23 ld    :  31 ldd   :  77 ldi   :  91 
lds   :   7 lpm   :  14 lsl   :   1 lsr   :   0 mov   :  17 movw  :  16 
mul   :   1 muls  :   0 mulsu :   0 neg   :   2 nop   :   0 or    :   1 
ori   :   7 out   :  21 pop   :   1 push  :   1 rcall :  17 ret   :  24 
reti  :   1 rjmp  :  59 rol   :   1 ror   :   0 sbc   :   1 sbci  :   2 
sbi   :   6 sbic  :   0 sbis  :   0 sbiw  :  20 sbr   :   0 sbrc  :   2 
sbrs  :  10 sec   :   0 seh   :   0 sei   :   1 sen   :   0 ser   :   0 
ses   :   0 set   :   0 sev   :   0 sez   :   0 sleep :   0 spm   :   0 
st    :  67 std   :  31 sts   :   4 sub   :   1 subi  :  17 swap  :   1 
tst   :   4 wdr   :   1 
Instructions used: 57 out of 116 (49.1%)

ATmega32 memory use summary [bytes]:
Segment   Begin    End      Code   Data   Used    Size   Use%
---------------------------------------------------------------
[.cseg] 0x000000 0x000706   1764     34   1798   32768   5.5%
[.dseg] 0x000060 0x000269      0      9      9    2048   0.4%
[.eseg] 0x000000 0x000000      0      0      0    1024   0.0%

Assembly complete, 0 errors, 3 warnings
