
AVRASM ver. 2.1.30  C:\Users\Hossein\Desktop\ADC\ADC_1\Debug\List\adc.asm Mon Jul 01 19:41:54 2019

C:\Users\Hossein\Desktop\ADC\ADC_1\Debug\List\adc.asm(1088): warning: Register r5 already defined by the .DEF directive
C:\Users\Hossein\Desktop\ADC\ADC_1\Debug\List\adc.asm(1089): warning: Register r4 already defined by the .DEF directive
C:\Users\Hossein\Desktop\ADC\ADC_1\Debug\List\adc.asm(1090): warning: Register r7 already defined by the .DEF directive
                 
                 
                 ;CodeVisionAVR C Compiler V3.12 Advanced
                 ;(C) Copyright 1998-2014 Pavel Haiduc, HP InfoTech s.r.l.
                 ;http://www.hpinfotech.com
                 
                 ;Build configuration    : Debug
                 ;Chip type              : ATmega32
                 ;Program type           : Application
                 ;Clock frequency        : 8.000000 MHz
                 ;Memory model           : Small
                 ;Optimize for           : Size
                 ;(s)printf features     : int, width
                 ;(s)scanf features      : int, width
                 ;External RAM size      : 0
                 ;Data Stack size        : 512 byte(s)
                 ;Heap size              : 0 byte(s)
                 ;Promote 'char' to 'int': Yes
                 ;'char' is unsigned     : Yes
                 ;8 bit enums            : Yes
                 ;Global 'const' stored in FLASH: Yes
                 ;Enhanced function parameter passing: Yes
                 ;Enhanced core instructions: On
                 ;Automatic register allocation for global variables: On
                 ;Smart register allocation: On
                 
                 	#define _MODEL_SMALL_
                 
                 	#pragma AVRPART ADMIN PART_NAME ATmega32
                 	#pragma AVRPART MEMORY PROG_FLASH 32768
                 	#pragma AVRPART MEMORY EEPROM 1024
                 	#pragma AVRPART MEMORY INT_SRAM SIZE 2048
                 	#pragma AVRPART MEMORY INT_SRAM START_ADDR 0x60
                 
                 	#define CALL_SUPPORTED 1
                 
                 	.LISTMAC
                 	.EQU UDRE=0x5
                 	.EQU RXC=0x7
                 	.EQU USR=0xB
                 	.EQU UDR=0xC
                 	.EQU SPSR=0xE
                 	.EQU SPDR=0xF
                 	.EQU EERE=0x0
                 	.EQU EEWE=0x1
                 	.EQU EEMWE=0x2
                 	.EQU EECR=0x1C
                 	.EQU EEDR=0x1D
                 	.EQU EEARL=0x1E
                 	.EQU EEARH=0x1F
                 	.EQU WDTCR=0x21
                 	.EQU MCUCR=0x35
                 	.EQU GICR=0x3B
                 	.EQU SPL=0x3D
                 	.EQU SPH=0x3E
                 	.EQU SREG=0x3F
                 
                 	.DEF R0X0=R0
                 	.DEF R0X1=R1
                 	.DEF R0X2=R2
                 	.DEF R0X3=R3
                 	.DEF R0X4=R4
                 	.DEF R0X5=R5
                 	.DEF R0X6=R6
                 	.DEF R0X7=R7
                 	.DEF R0X8=R8
                 	.DEF R0X9=R9
                 	.DEF R0XA=R10
                 	.DEF R0XB=R11
                 	.DEF R0XC=R12
                 	.DEF R0XD=R13
                 	.DEF R0XE=R14
                 	.DEF R0XF=R15
                 	.DEF R0X10=R16
                 	.DEF R0X11=R17
                 	.DEF R0X12=R18
                 	.DEF R0X13=R19
                 	.DEF R0X14=R20
                 	.DEF R0X15=R21
                 	.DEF R0X16=R22
                 	.DEF R0X17=R23
                 	.DEF R0X18=R24
                 	.DEF R0X19=R25
                 	.DEF R0X1A=R26
                 	.DEF R0X1B=R27
                 	.DEF R0X1C=R28
                 	.DEF R0X1D=R29
                 	.DEF R0X1E=R30
                 	.DEF R0X1F=R31
                 
                 	.EQU __SRAM_START=0x0060
                 	.EQU __SRAM_END=0x085F
                 	.EQU __DSTACK_SIZE=0x0200
                 	.EQU __HEAP_SIZE=0x0000
                 	.EQU __CLEAR_SRAM_SIZE=__SRAM_END-__SRAM_START+1
                 
                 	.MACRO __CPD1N
                 	CPI  R30,LOW(@0)
                 	LDI  R26,HIGH(@0)
                 	CPC  R31,R26
                 	LDI  R26,BYTE3(@0)
                 	CPC  R22,R26
                 	LDI  R26,BYTE4(@0)
                 	CPC  R23,R26
                 	.ENDM
                 
                 	.MACRO __CPD2N
                 	CPI  R26,LOW(@0)
                 	LDI  R30,HIGH(@0)
                 	CPC  R27,R30
                 	LDI  R30,BYTE3(@0)
                 	CPC  R24,R30
                 	LDI  R30,BYTE4(@0)
                 	CPC  R25,R30
                 	.ENDM
                 
                 	.MACRO __CPWRR
                 	CP   R@0,R@2
                 	CPC  R@1,R@3
                 	.ENDM
                 
                 	.MACRO __CPWRN
                 	CPI  R@0,LOW(@2)
                 	LDI  R30,HIGH(@2)
                 	CPC  R@1,R30
                 	.ENDM
                 
                 	.MACRO __ADDB1MN
                 	SUBI R30,LOW(-@0-(@1))
                 	.ENDM
                 
                 	.MACRO __ADDB2MN
                 	SUBI R26,LOW(-@0-(@1))
                 	.ENDM
                 
                 	.MACRO __ADDW1MN
                 	SUBI R30,LOW(-@0-(@1))
                 	SBCI R31,HIGH(-@0-(@1))
                 	.ENDM
                 
                 	.MACRO __ADDW2MN
                 	SUBI R26,LOW(-@0-(@1))
                 	SBCI R27,HIGH(-@0-(@1))
                 	.ENDM
                 
                 	.MACRO __ADDW1FN
                 	SUBI R30,LOW(-2*@0-(@1))
                 	SBCI R31,HIGH(-2*@0-(@1))
                 	.ENDM
                 
                 	.MACRO __ADDD1FN
                 	SUBI R30,LOW(-2*@0-(@1))
                 	SBCI R31,HIGH(-2*@0-(@1))
                 	SBCI R22,BYTE3(-2*@0-(@1))
                 	.ENDM
                 
                 	.MACRO __ADDD1N
                 	SUBI R30,LOW(-@0)
                 	SBCI R31,HIGH(-@0)
                 	SBCI R22,BYTE3(-@0)
                 	SBCI R23,BYTE4(-@0)
                 	.ENDM
                 
                 	.MACRO __ADDD2N
                 	SUBI R26,LOW(-@0)
                 	SBCI R27,HIGH(-@0)
                 	SBCI R24,BYTE3(-@0)
                 	SBCI R25,BYTE4(-@0)
                 	.ENDM
                 
                 	.MACRO __SUBD1N
                 	SUBI R30,LOW(@0)
                 	SBCI R31,HIGH(@0)
                 	SBCI R22,BYTE3(@0)
                 	SBCI R23,BYTE4(@0)
                 	.ENDM
                 
                 	.MACRO __SUBD2N
                 	SUBI R26,LOW(@0)
                 	SBCI R27,HIGH(@0)
                 	SBCI R24,BYTE3(@0)
                 	SBCI R25,BYTE4(@0)
                 	.ENDM
                 
                 	.MACRO __ANDBMNN
                 	LDS  R30,@0+(@1)
                 	ANDI R30,LOW(@2)
                 	STS  @0+(@1),R30
                 	.ENDM
                 
                 	.MACRO __ANDWMNN
                 	LDS  R30,@0+(@1)
                 	ANDI R30,LOW(@2)
                 	STS  @0+(@1),R30
                 	LDS  R30,@0+(@1)+1
                 	ANDI R30,HIGH(@2)
                 	STS  @0+(@1)+1,R30
                 	.ENDM
                 
                 	.MACRO __ANDD1N
                 	ANDI R30,LOW(@0)
                 	ANDI R31,HIGH(@0)
                 	ANDI R22,BYTE3(@0)
                 	ANDI R23,BYTE4(@0)
                 	.ENDM
                 
                 	.MACRO __ANDD2N
                 	ANDI R26,LOW(@0)
                 	ANDI R27,HIGH(@0)
                 	ANDI R24,BYTE3(@0)
                 	ANDI R25,BYTE4(@0)
                 	.ENDM
                 
                 	.MACRO __ORBMNN
                 	LDS  R30,@0+(@1)
                 	ORI  R30,LOW(@2)
                 	STS  @0+(@1),R30
                 	.ENDM
                 
                 	.MACRO __ORWMNN
                 	LDS  R30,@0+(@1)
                 	ORI  R30,LOW(@2)
                 	STS  @0+(@1),R30
                 	LDS  R30,@0+(@1)+1
                 	ORI  R30,HIGH(@2)
                 	STS  @0+(@1)+1,R30
                 	.ENDM
                 
                 	.MACRO __ORD1N
                 	ORI  R30,LOW(@0)
                 	ORI  R31,HIGH(@0)
                 	ORI  R22,BYTE3(@0)
                 	ORI  R23,BYTE4(@0)
                 	.ENDM
                 
                 	.MACRO __ORD2N
                 	ORI  R26,LOW(@0)
                 	ORI  R27,HIGH(@0)
                 	ORI  R24,BYTE3(@0)
                 	ORI  R25,BYTE4(@0)
                 	.ENDM
                 
                 	.MACRO __DELAY_USB
                 	LDI  R24,LOW(@0)
                 __DELAY_USB_LOOP:
                 	DEC  R24
                 	BRNE __DELAY_USB_LOOP
                 	.ENDM
                 
                 	.MACRO __DELAY_USW
                 	LDI  R24,LOW(@0)
                 	LDI  R25,HIGH(@0)
                 __DELAY_USW_LOOP:
                 	SBIW R24,1
                 	BRNE __DELAY_USW_LOOP
                 	.ENDM
                 
                 	.MACRO __GETD1S
                 	LDD  R30,Y+@0
                 	LDD  R31,Y+@0+1
                 	LDD  R22,Y+@0+2
                 	LDD  R23,Y+@0+3
                 	.ENDM
                 
                 	.MACRO __GETD2S
                 	LDD  R26,Y+@0
                 	LDD  R27,Y+@0+1
                 	LDD  R24,Y+@0+2
                 	LDD  R25,Y+@0+3
                 	.ENDM
                 
                 	.MACRO __PUTD1S
                 	STD  Y+@0,R30
                 	STD  Y+@0+1,R31
                 	STD  Y+@0+2,R22
                 	STD  Y+@0+3,R23
                 	.ENDM
                 
                 	.MACRO __PUTD2S
                 	STD  Y+@0,R26
                 	STD  Y+@0+1,R27
                 	STD  Y+@0+2,R24
                 	STD  Y+@0+3,R25
                 	.ENDM
                 
                 	.MACRO __PUTDZ2
                 	STD  Z+@0,R26
                 	STD  Z+@0+1,R27
                 	STD  Z+@0+2,R24
                 	STD  Z+@0+3,R25
                 	.ENDM
                 
                 	.MACRO __CLRD1S
                 	STD  Y+@0,R30
                 	STD  Y+@0+1,R30
                 	STD  Y+@0+2,R30
                 	STD  Y+@0+3,R30
                 	.ENDM
                 
                 	.MACRO __POINTB1MN
                 	LDI  R30,LOW(@0+(@1))
                 	.ENDM
                 
                 	.MACRO __POINTW1MN
                 	LDI  R30,LOW(@0+(@1))
                 	LDI  R31,HIGH(@0+(@1))
                 	.ENDM
                 
                 	.MACRO __POINTD1M
                 	LDI  R30,LOW(@0)
                 	LDI  R31,HIGH(@0)
                 	LDI  R22,BYTE3(@0)
                 	LDI  R23,BYTE4(@0)
                 	.ENDM
                 
                 	.MACRO __POINTW1FN
                 	LDI  R30,LOW(2*@0+(@1))
                 	LDI  R31,HIGH(2*@0+(@1))
                 	.ENDM
                 
                 	.MACRO __POINTD1FN
                 	LDI  R30,LOW(2*@0+(@1))
                 	LDI  R31,HIGH(2*@0+(@1))
                 	LDI  R22,BYTE3(2*@0+(@1))
                 	LDI  R23,BYTE4(2*@0+(@1))
                 	.ENDM
                 
                 	.MACRO __POINTB2MN
                 	LDI  R26,LOW(@0+(@1))
                 	.ENDM
                 
                 	.MACRO __POINTW2MN
                 	LDI  R26,LOW(@0+(@1))
                 	LDI  R27,HIGH(@0+(@1))
                 	.ENDM
                 
                 	.MACRO __POINTW2FN
                 	LDI  R26,LOW(2*@0+(@1))
                 	LDI  R27,HIGH(2*@0+(@1))
                 	.ENDM
                 
                 	.MACRO __POINTD2FN
                 	LDI  R26,LOW(2*@0+(@1))
                 	LDI  R27,HIGH(2*@0+(@1))
                 	LDI  R24,BYTE3(2*@0+(@1))
                 	LDI  R25,BYTE4(2*@0+(@1))
                 	.ENDM
                 
                 	.MACRO __POINTBRM
                 	LDI  R@0,LOW(@1)
                 	.ENDM
                 
                 	.MACRO __POINTWRM
                 	LDI  R@0,LOW(@2)
                 	LDI  R@1,HIGH(@2)
                 	.ENDM
                 
                 	.MACRO __POINTBRMN
                 	LDI  R@0,LOW(@1+(@2))
                 	.ENDM
                 
                 	.MACRO __POINTWRMN
                 	LDI  R@0,LOW(@2+(@3))
                 	LDI  R@1,HIGH(@2+(@3))
                 	.ENDM
                 
                 	.MACRO __POINTWRFN
                 	LDI  R@0,LOW(@2*2+(@3))
                 	LDI  R@1,HIGH(@2*2+(@3))
                 	.ENDM
                 
                 	.MACRO __GETD1N
                 	LDI  R30,LOW(@0)
                 	LDI  R31,HIGH(@0)
                 	LDI  R22,BYTE3(@0)
                 	LDI  R23,BYTE4(@0)
                 	.ENDM
                 
                 	.MACRO __GETD2N
                 	LDI  R26,LOW(@0)
                 	LDI  R27,HIGH(@0)
                 	LDI  R24,BYTE3(@0)
                 	LDI  R25,BYTE4(@0)
                 	.ENDM
                 
                 	.MACRO __GETB1MN
                 	LDS  R30,@0+(@1)
                 	.ENDM
                 
                 	.MACRO __GETB1HMN
                 	LDS  R31,@0+(@1)
                 	.ENDM
                 
                 	.MACRO __GETW1MN
                 	LDS  R30,@0+(@1)
                 	LDS  R31,@0+(@1)+1
                 	.ENDM
                 
                 	.MACRO __GETD1MN
                 	LDS  R30,@0+(@1)
                 	LDS  R31,@0+(@1)+1
                 	LDS  R22,@0+(@1)+2
                 	LDS  R23,@0+(@1)+3
                 	.ENDM
                 
                 	.MACRO __GETBRMN
                 	LDS  R@0,@1+(@2)
                 	.ENDM
                 
                 	.MACRO __GETWRMN
                 	LDS  R@0,@2+(@3)
                 	LDS  R@1,@2+(@3)+1
                 	.ENDM
                 
                 	.MACRO __GETWRZ
                 	LDD  R@0,Z+@2
                 	LDD  R@1,Z+@2+1
                 	.ENDM
                 
                 	.MACRO __GETD2Z
                 	LDD  R26,Z+@0
                 	LDD  R27,Z+@0+1
                 	LDD  R24,Z+@0+2
                 	LDD  R25,Z+@0+3
                 	.ENDM
                 
                 	.MACRO __GETB2MN
                 	LDS  R26,@0+(@1)
                 	.ENDM
                 
                 	.MACRO __GETW2MN
                 	LDS  R26,@0+(@1)
                 	LDS  R27,@0+(@1)+1
                 	.ENDM
                 
                 	.MACRO __GETD2MN
                 	LDS  R26,@0+(@1)
                 	LDS  R27,@0+(@1)+1
                 	LDS  R24,@0+(@1)+2
                 	LDS  R25,@0+(@1)+3
                 	.ENDM
                 
                 	.MACRO __PUTB1MN
                 	STS  @0+(@1),R30
                 	.ENDM
                 
                 	.MACRO __PUTW1MN
                 	STS  @0+(@1),R30
                 	STS  @0+(@1)+1,R31
                 	.ENDM
                 
                 	.MACRO __PUTD1MN
                 	STS  @0+(@1),R30
                 	STS  @0+(@1)+1,R31
                 	STS  @0+(@1)+2,R22
                 	STS  @0+(@1)+3,R23
                 	.ENDM
                 
                 	.MACRO __PUTB1EN
                 	LDI  R26,LOW(@0+(@1))
                 	LDI  R27,HIGH(@0+(@1))
                 	CALL __EEPROMWRB
                 	.ENDM
                 
                 	.MACRO __PUTW1EN
                 	LDI  R26,LOW(@0+(@1))
                 	LDI  R27,HIGH(@0+(@1))
                 	CALL __EEPROMWRW
                 	.ENDM
                 
                 	.MACRO __PUTD1EN
                 	LDI  R26,LOW(@0+(@1))
                 	LDI  R27,HIGH(@0+(@1))
                 	CALL __EEPROMWRD
                 	.ENDM
                 
                 	.MACRO __PUTBR0MN
                 	STS  @0+(@1),R0
                 	.ENDM
                 
                 	.MACRO __PUTBMRN
                 	STS  @0+(@1),R@2
                 	.ENDM
                 
                 	.MACRO __PUTWMRN
                 	STS  @0+(@1),R@2
                 	STS  @0+(@1)+1,R@3
                 	.ENDM
                 
                 	.MACRO __PUTBZR
                 	STD  Z+@1,R@0
                 	.ENDM
                 
                 	.MACRO __PUTWZR
                 	STD  Z+@2,R@0
                 	STD  Z+@2+1,R@1
                 	.ENDM
                 
                 	.MACRO __GETW1R
                 	MOV  R30,R@0
                 	MOV  R31,R@1
                 	.ENDM
                 
                 	.MACRO __GETW2R
                 	MOV  R26,R@0
                 	MOV  R27,R@1
                 	.ENDM
                 
                 	.MACRO __GETWRN
                 	LDI  R@0,LOW(@2)
                 	LDI  R@1,HIGH(@2)
                 	.ENDM
                 
                 	.MACRO __PUTW1R
                 	MOV  R@0,R30
                 	MOV  R@1,R31
                 	.ENDM
                 
                 	.MACRO __PUTW2R
                 	MOV  R@0,R26
                 	MOV  R@1,R27
                 	.ENDM
                 
                 	.MACRO __ADDWRN
                 	SUBI R@0,LOW(-@2)
                 	SBCI R@1,HIGH(-@2)
                 	.ENDM
                 
                 	.MACRO __ADDWRR
                 	ADD  R@0,R@2
                 	ADC  R@1,R@3
                 	.ENDM
                 
                 	.MACRO __SUBWRN
                 	SUBI R@0,LOW(@2)
                 	SBCI R@1,HIGH(@2)
                 	.ENDM
                 
                 	.MACRO __SUBWRR
                 	SUB  R@0,R@2
                 	SBC  R@1,R@3
                 	.ENDM
                 
                 	.MACRO __ANDWRN
                 	ANDI R@0,LOW(@2)
                 	ANDI R@1,HIGH(@2)
                 	.ENDM
                 
                 	.MACRO __ANDWRR
                 	AND  R@0,R@2
                 	AND  R@1,R@3
                 	.ENDM
                 
                 	.MACRO __ORWRN
                 	ORI  R@0,LOW(@2)
                 	ORI  R@1,HIGH(@2)
                 	.ENDM
                 
                 	.MACRO __ORWRR
                 	OR   R@0,R@2
                 	OR   R@1,R@3
                 	.ENDM
                 
                 	.MACRO __EORWRR
                 	EOR  R@0,R@2
                 	EOR  R@1,R@3
                 	.ENDM
                 
                 	.MACRO __GETWRS
                 	LDD  R@0,Y+@2
                 	LDD  R@1,Y+@2+1
                 	.ENDM
                 
                 	.MACRO __PUTBSR
                 	STD  Y+@1,R@0
                 	.ENDM
                 
                 	.MACRO __PUTWSR
                 	STD  Y+@2,R@0
                 	STD  Y+@2+1,R@1
                 	.ENDM
                 
                 	.MACRO __MOVEWRR
                 	MOV  R@0,R@2
                 	MOV  R@1,R@3
                 	.ENDM
                 
                 	.MACRO __INWR
                 	IN   R@0,@2
                 	IN   R@1,@2+1
                 	.ENDM
                 
                 	.MACRO __OUTWR
                 	OUT  @2+1,R@1
                 	OUT  @2,R@0
                 	.ENDM
                 
                 	.MACRO __CALL1MN
                 	LDS  R30,@0+(@1)
                 	LDS  R31,@0+(@1)+1
                 	ICALL
                 	.ENDM
                 
                 	.MACRO __CALL1FN
                 	LDI  R30,LOW(2*@0+(@1))
                 	LDI  R31,HIGH(2*@0+(@1))
                 	CALL __GETW1PF
                 	ICALL
                 	.ENDM
                 
                 	.MACRO __CALL2EN
                 	PUSH R26
                 	PUSH R27
                 	LDI  R26,LOW(@0+(@1))
                 	LDI  R27,HIGH(@0+(@1))
                 	CALL __EEPROMRDW
                 	POP  R27
                 	POP  R26
                 	ICALL
                 	.ENDM
                 
                 	.MACRO __CALL2EX
                 	SUBI R26,LOW(-@0)
                 	SBCI R27,HIGH(-@0)
                 	CALL __EEPROMRDD
                 	ICALL
                 	.ENDM
                 
                 	.MACRO __GETW1STACK
                 	IN   R30,SPL
                 	IN   R31,SPH
                 	ADIW R30,@0+1
                 	LD   R0,Z+
                 	LD   R31,Z
                 	MOV  R30,R0
                 	.ENDM
                 
                 	.MACRO __GETD1STACK
                 	IN   R30,SPL
                 	IN   R31,SPH
                 	ADIW R30,@0+1
                 	LD   R0,Z+
                 	LD   R1,Z+
                 	LD   R22,Z
                 	MOVW R30,R0
                 	.ENDM
                 
                 	.MACRO __NBST
                 	BST  R@0,@1
                 	IN   R30,SREG
                 	LDI  R31,0x40
                 	EOR  R30,R31
                 	OUT  SREG,R30
                 	.ENDM
                 
                 
                 	.MACRO __PUTB1SN
                 	LDD  R26,Y+@0
                 	LDD  R27,Y+@0+1
                 	SUBI R26,LOW(-@1)
                 	SBCI R27,HIGH(-@1)
                 	ST   X,R30
                 	.ENDM
                 
                 	.MACRO __PUTW1SN
                 	LDD  R26,Y+@0
                 	LDD  R27,Y+@0+1
                 	SUBI R26,LOW(-@1)
                 	SBCI R27,HIGH(-@1)
                 	ST   X+,R30
                 	ST   X,R31
                 	.ENDM
                 
                 	.MACRO __PUTD1SN
                 	LDD  R26,Y+@0
                 	LDD  R27,Y+@0+1
                 	SUBI R26,LOW(-@1)
                 	SBCI R27,HIGH(-@1)
                 	CALL __PUTDP1
                 	.ENDM
                 
                 	.MACRO __PUTB1SNS
                 	LDD  R26,Y+@0
                 	LDD  R27,Y+@0+1
                 	ADIW R26,@1
                 	ST   X,R30
                 	.ENDM
                 
                 	.MACRO __PUTW1SNS
                 	LDD  R26,Y+@0
                 	LDD  R27,Y+@0+1
                 	ADIW R26,@1
                 	ST   X+,R30
                 	ST   X,R31
                 	.ENDM
                 
                 	.MACRO __PUTD1SNS
                 	LDD  R26,Y+@0
                 	LDD  R27,Y+@0+1
                 	ADIW R26,@1
                 	CALL __PUTDP1
                 	.ENDM
                 
                 	.MACRO __PUTB1PMN
                 	LDS  R26,@0
                 	LDS  R27,@0+1
                 	SUBI R26,LOW(-@1)
                 	SBCI R27,HIGH(-@1)
                 	ST   X,R30
                 	.ENDM
                 
                 	.MACRO __PUTW1PMN
                 	LDS  R26,@0
                 	LDS  R27,@0+1
                 	SUBI R26,LOW(-@1)
                 	SBCI R27,HIGH(-@1)
                 	ST   X+,R30
                 	ST   X,R31
                 	.ENDM
                 
                 	.MACRO __PUTD1PMN
                 	LDS  R26,@0
                 	LDS  R27,@0+1
                 	SUBI R26,LOW(-@1)
                 	SBCI R27,HIGH(-@1)
                 	CALL __PUTDP1
                 	.ENDM
                 
                 	.MACRO __PUTB1PMNS
                 	LDS  R26,@0
                 	LDS  R27,@0+1
                 	ADIW R26,@1
                 	ST   X,R30
                 	.ENDM
                 
                 	.MACRO __PUTW1PMNS
                 	LDS  R26,@0
                 	LDS  R27,@0+1
                 	ADIW R26,@1
                 	ST   X+,R30
                 	ST   X,R31
                 	.ENDM
                 
                 	.MACRO __PUTD1PMNS
                 	LDS  R26,@0
                 	LDS  R27,@0+1
                 	ADIW R26,@1
                 	CALL __PUTDP1
                 	.ENDM
                 
                 	.MACRO __PUTB1RN
                 	MOVW R26,R@0
                 	SUBI R26,LOW(-@1)
                 	SBCI R27,HIGH(-@1)
                 	ST   X,R30
                 	.ENDM
                 
                 	.MACRO __PUTW1RN
                 	MOVW R26,R@0
                 	SUBI R26,LOW(-@1)
                 	SBCI R27,HIGH(-@1)
                 	ST   X+,R30
                 	ST   X,R31
                 	.ENDM
                 
                 	.MACRO __PUTD1RN
                 	MOVW R26,R@0
                 	SUBI R26,LOW(-@1)
                 	SBCI R27,HIGH(-@1)
                 	CALL __PUTDP1
                 	.ENDM
                 
                 	.MACRO __PUTB1RNS
                 	MOVW R26,R@0
                 	ADIW R26,@1
                 	ST   X,R30
                 	.ENDM
                 
                 	.MACRO __PUTW1RNS
                 	MOVW R26,R@0
                 	ADIW R26,@1
                 	ST   X+,R30
                 	ST   X,R31
                 	.ENDM
                 
                 	.MACRO __PUTD1RNS
                 	MOVW R26,R@0
                 	ADIW R26,@1
                 	CALL __PUTDP1
                 	.ENDM
                 
                 	.MACRO __PUTB1RON
                 	MOV  R26,R@0
                 	MOV  R27,R@1
                 	SUBI R26,LOW(-@2)
                 	SBCI R27,HIGH(-@2)
                 	ST   X,R30
                 	.ENDM
                 
                 	.MACRO __PUTW1RON
                 	MOV  R26,R@0
                 	MOV  R27,R@1
                 	SUBI R26,LOW(-@2)
                 	SBCI R27,HIGH(-@2)
                 	ST   X+,R30
                 	ST   X,R31
                 	.ENDM
                 
                 	.MACRO __PUTD1RON
                 	MOV  R26,R@0
                 	MOV  R27,R@1
                 	SUBI R26,LOW(-@2)
                 	SBCI R27,HIGH(-@2)
                 	CALL __PUTDP1
                 	.ENDM
                 
                 	.MACRO __PUTB1RONS
                 	MOV  R26,R@0
                 	MOV  R27,R@1
                 	ADIW R26,@2
                 	ST   X,R30
                 	.ENDM
                 
                 	.MACRO __PUTW1RONS
                 	MOV  R26,R@0
                 	MOV  R27,R@1
                 	ADIW R26,@2
                 	ST   X+,R30
                 	ST   X,R31
                 	.ENDM
                 
                 	.MACRO __PUTD1RONS
                 	MOV  R26,R@0
                 	MOV  R27,R@1
                 	ADIW R26,@2
                 	CALL __PUTDP1
                 	.ENDM
                 
                 
                 	.MACRO __GETB1SX
                 	MOVW R30,R28
                 	SUBI R30,LOW(-@0)
                 	SBCI R31,HIGH(-@0)
                 	LD   R30,Z
                 	.ENDM
                 
                 	.MACRO __GETB1HSX
                 	MOVW R30,R28
                 	SUBI R30,LOW(-@0)
                 	SBCI R31,HIGH(-@0)
                 	LD   R31,Z
                 	.ENDM
                 
                 	.MACRO __GETW1SX
                 	MOVW R30,R28
                 	SUBI R30,LOW(-@0)
                 	SBCI R31,HIGH(-@0)
                 	LD   R0,Z+
                 	LD   R31,Z
                 	MOV  R30,R0
                 	.ENDM
                 
                 	.MACRO __GETD1SX
                 	MOVW R30,R28
                 	SUBI R30,LOW(-@0)
                 	SBCI R31,HIGH(-@0)
                 	LD   R0,Z+
                 	LD   R1,Z+
                 	LD   R22,Z+
                 	LD   R23,Z
                 	MOVW R30,R0
                 	.ENDM
                 
                 	.MACRO __GETB2SX
                 	MOVW R26,R28
                 	SUBI R26,LOW(-@0)
                 	SBCI R27,HIGH(-@0)
                 	LD   R26,X
                 	.ENDM
                 
                 	.MACRO __GETW2SX
                 	MOVW R26,R28
                 	SUBI R26,LOW(-@0)
                 	SBCI R27,HIGH(-@0)
                 	LD   R0,X+
                 	LD   R27,X
                 	MOV  R26,R0
                 	.ENDM
                 
                 	.MACRO __GETD2SX
                 	MOVW R26,R28
                 	SUBI R26,LOW(-@0)
                 	SBCI R27,HIGH(-@0)
                 	LD   R0,X+
                 	LD   R1,X+
                 	LD   R24,X+
                 	LD   R25,X
                 	MOVW R26,R0
                 	.ENDM
                 
                 	.MACRO __GETBRSX
                 	MOVW R30,R28
                 	SUBI R30,LOW(-@1)
                 	SBCI R31,HIGH(-@1)
                 	LD   R@0,Z
                 	.ENDM
                 
                 	.MACRO __GETWRSX
                 	MOVW R30,R28
                 	SUBI R30,LOW(-@2)
                 	SBCI R31,HIGH(-@2)
                 	LD   R@0,Z+
                 	LD   R@1,Z
                 	.ENDM
                 
                 	.MACRO __GETBRSX2
                 	MOVW R26,R28
                 	SUBI R26,LOW(-@1)
                 	SBCI R27,HIGH(-@1)
                 	LD   R@0,X
                 	.ENDM
                 
                 	.MACRO __GETWRSX2
                 	MOVW R26,R28
                 	SUBI R26,LOW(-@2)
                 	SBCI R27,HIGH(-@2)
                 	LD   R@0,X+
                 	LD   R@1,X
                 	.ENDM
                 
                 	.MACRO __LSLW8SX
                 	MOVW R30,R28
                 	SUBI R30,LOW(-@0)
                 	SBCI R31,HIGH(-@0)
                 	LD   R31,Z
                 	CLR  R30
                 	.ENDM
                 
                 	.MACRO __PUTB1SX
                 	MOVW R26,R28
                 	SUBI R26,LOW(-@0)
                 	SBCI R27,HIGH(-@0)
                 	ST   X,R30
                 	.ENDM
                 
                 	.MACRO __PUTW1SX
                 	MOVW R26,R28
                 	SUBI R26,LOW(-@0)
                 	SBCI R27,HIGH(-@0)
                 	ST   X+,R30
                 	ST   X,R31
                 	.ENDM
                 
                 	.MACRO __PUTD1SX
                 	MOVW R26,R28
                 	SUBI R26,LOW(-@0)
                 	SBCI R27,HIGH(-@0)
                 	ST   X+,R30
                 	ST   X+,R31
                 	ST   X+,R22
                 	ST   X,R23
                 	.ENDM
                 
                 	.MACRO __CLRW1SX
                 	MOVW R26,R28
                 	SUBI R26,LOW(-@0)
                 	SBCI R27,HIGH(-@0)
                 	ST   X+,R30
                 	ST   X,R30
                 	.ENDM
                 
                 	.MACRO __CLRD1SX
                 	MOVW R26,R28
                 	SUBI R26,LOW(-@0)
                 	SBCI R27,HIGH(-@0)
                 	ST   X+,R30
                 	ST   X+,R30
                 	ST   X+,R30
                 	ST   X,R30
                 	.ENDM
                 
                 	.MACRO __PUTB2SX
                 	MOVW R30,R28
                 	SUBI R30,LOW(-@0)
                 	SBCI R31,HIGH(-@0)
                 	ST   Z,R26
                 	.ENDM
                 
                 	.MACRO __PUTW2SX
                 	MOVW R30,R28
                 	SUBI R30,LOW(-@0)
                 	SBCI R31,HIGH(-@0)
                 	ST   Z+,R26
                 	ST   Z,R27
                 	.ENDM
                 
                 	.MACRO __PUTD2SX
                 	MOVW R30,R28
                 	SUBI R30,LOW(-@0)
                 	SBCI R31,HIGH(-@0)
                 	ST   Z+,R26
                 	ST   Z+,R27
                 	ST   Z+,R24
                 	ST   Z,R25
                 	.ENDM
                 
                 	.MACRO __PUTBSRX
                 	MOVW R30,R28
                 	SUBI R30,LOW(-@1)
                 	SBCI R31,HIGH(-@1)
                 	ST   Z,R@0
                 	.ENDM
                 
                 	.MACRO __PUTWSRX
                 	MOVW R30,R28
                 	SUBI R30,LOW(-@2)
                 	SBCI R31,HIGH(-@2)
                 	ST   Z+,R@0
                 	ST   Z,R@1
                 	.ENDM
                 
                 	.MACRO __PUTB1SNX
                 	MOVW R26,R28
                 	SUBI R26,LOW(-@0)
                 	SBCI R27,HIGH(-@0)
                 	LD   R0,X+
                 	LD   R27,X
                 	MOV  R26,R0
                 	SUBI R26,LOW(-@1)
                 	SBCI R27,HIGH(-@1)
                 	ST   X,R30
                 	.ENDM
                 
                 	.MACRO __PUTW1SNX
                 	MOVW R26,R28
                 	SUBI R26,LOW(-@0)
                 	SBCI R27,HIGH(-@0)
                 	LD   R0,X+
                 	LD   R27,X
                 	MOV  R26,R0
                 	SUBI R26,LOW(-@1)
                 	SBCI R27,HIGH(-@1)
                 	ST   X+,R30
                 	ST   X,R31
                 	.ENDM
                 
                 	.MACRO __PUTD1SNX
                 	MOVW R26,R28
                 	SUBI R26,LOW(-@0)
                 	SBCI R27,HIGH(-@0)
                 	LD   R0,X+
                 	LD   R27,X
                 	MOV  R26,R0
                 	SUBI R26,LOW(-@1)
                 	SBCI R27,HIGH(-@1)
                 	ST   X+,R30
                 	ST   X+,R31
                 	ST   X+,R22
                 	ST   X,R23
                 	.ENDM
                 
                 	.MACRO __MULBRR
                 	MULS R@0,R@1
                 	MOVW R30,R0
                 	.ENDM
                 
                 	.MACRO __MULBRRU
                 	MUL  R@0,R@1
                 	MOVW R30,R0
                 	.ENDM
                 
                 	.MACRO __MULBRR0
                 	MULS R@0,R@1
                 	.ENDM
                 
                 	.MACRO __MULBRRU0
                 	MUL  R@0,R@1
                 	.ENDM
                 
                 	.MACRO __MULBNWRU
                 	LDI  R26,@2
                 	MUL  R26,R@0
                 	MOVW R30,R0
                 	MUL  R26,R@1
                 	ADD  R31,R0
                 	.ENDM
                 
                 ;NAME DEFINITIONS FOR GLOBAL VARIABLES ALLOCATED TO REGISTERS
                 	.DEF __lcd_x=R5
                 	.DEF __lcd_y=R4
                 	.DEF __lcd_maxx=R7
                 
                 	.CSEG
                 	.ORG 0x00
                 
                 ;START OF CODE MARKER
                 __START_OF_CODE:
                 
                 ;INTERRUPT VECTORS
000000 940c 0043 	JMP  __RESET
000002 940c 0000 	JMP  0x00
000004 940c 0000 	JMP  0x00
000006 940c 0000 	JMP  0x00
000008 940c 0000 	JMP  0x00
00000a 940c 0000 	JMP  0x00
00000c 940c 0000 	JMP  0x00
00000e 940c 0000 	JMP  0x00
000010 940c 0000 	JMP  0x00
000012 940c 0000 	JMP  0x00
000014 940c 0000 	JMP  0x00
000016 940c 0000 	JMP  0x00
000018 940c 0000 	JMP  0x00
00001a 940c 0000 	JMP  0x00
00001c 940c 0000 	JMP  0x00
00001e 940c 0000 	JMP  0x00
000020 940c 0000 	JMP  0x00
000022 940c 0000 	JMP  0x00
000024 940c 0000 	JMP  0x00
000026 940c 0000 	JMP  0x00
000028 940c 0000 	JMP  0x00
                 
                 _tbl10_G100:
00002a 2710
00002b 03e8
00002c 0064
00002d 000a      	.DB  0x10,0x27,0xE8,0x3,0x64,0x0,0xA,0x0
00002e 0001      	.DB  0x1,0x0
                 _tbl16_G100:
00002f 1000
000030 0100
000031 0010
000032 0001      	.DB  0x0,0x10,0x0,0x1,0x10,0x0,0x1,0x0
                 
                 _0x0:
000033 2500
000034 2064
000035 0020
000036 6425      	.DB  0x0,0x25,0x64,0x20,0x20,0x0,0x25,0x64
C:\Users\Hossein\Desktop\ADC\ADC_1\Debug\List\adc.asm(1129): warning: .cseg .db misalignment - padding zero byte
000037 0000      	.DB  0x0
                 _0x2020003:
000038 c080      	.DB  0x80,0xC0
                 
                 __GLOBAL_INI_TBL:
000039 0001      	.DW  0x01
00003a 0260      	.DW  _0x6
00003b 0066      	.DW  _0x0*2
                 
00003c 0001      	.DW  0x01
00003d 0261      	.DW  _0x6+1
00003e 0066      	.DW  _0x0*2
                 
00003f 0002      	.DW  0x02
000040 0262      	.DW  __base_y_G101
000041 0070      	.DW  _0x2020003*2
                 
                 _0xFFFFFFFF:
000042 0000      	.DW  0
                 
                 #define __GLOBAL_INI_TBL_PRESENT 1
                 
                 __RESET:
000043 94f8      	CLI
000044 27ee      	CLR  R30
000045 bbec      	OUT  EECR,R30
                 
                 ;INTERRUPT VECTORS ARE PLACED
                 ;AT THE START OF FLASH
000046 e0f1      	LDI  R31,1
000047 bffb      	OUT  GICR,R31
000048 bfeb      	OUT  GICR,R30
000049 bfe5      	OUT  MCUCR,R30
                 
                 ;CLEAR R2-R14
00004a e08d      	LDI  R24,(14-2)+1
00004b e0a2      	LDI  R26,2
00004c 27bb      	CLR  R27
                 __CLEAR_REG:
00004d 93ed      	ST   X+,R30
00004e 958a      	DEC  R24
00004f f7e9      	BRNE __CLEAR_REG
                 
                 ;CLEAR SRAM
000050 e080      	LDI  R24,LOW(__CLEAR_SRAM_SIZE)
000051 e098      	LDI  R25,HIGH(__CLEAR_SRAM_SIZE)
000052 e6a0      	LDI  R26,__SRAM_START
                 __CLEAR_SRAM:
000053 93ed      	ST   X+,R30
000054 9701      	SBIW R24,1
000055 f7e9      	BRNE __CLEAR_SRAM
                 
                 ;GLOBAL VARIABLES INITIALIZATION
000056 e7e2      	LDI  R30,LOW(__GLOBAL_INI_TBL*2)
000057 e0f0      	LDI  R31,HIGH(__GLOBAL_INI_TBL*2)
                 __GLOBAL_INI_NEXT:
000058 9185      	LPM  R24,Z+
000059 9195      	LPM  R25,Z+
00005a 9700      	SBIW R24,0
00005b f061      	BREQ __GLOBAL_INI_END
00005c 91a5      	LPM  R26,Z+
00005d 91b5      	LPM  R27,Z+
00005e 9005      	LPM  R0,Z+
00005f 9015      	LPM  R1,Z+
000060 01bf      	MOVW R22,R30
000061 01f0      	MOVW R30,R0
                 __GLOBAL_INI_LOOP:
000062 9005      	LPM  R0,Z+
000063 920d      	ST   X+,R0
000064 9701      	SBIW R24,1
000065 f7e1      	BRNE __GLOBAL_INI_LOOP
000066 01fb      	MOVW R30,R22
000067 cff0      	RJMP __GLOBAL_INI_NEXT
                 __GLOBAL_INI_END:
                 
                 ;HARDWARE STACK POINTER INITIALIZATION
000068 e5ef      	LDI  R30,LOW(__SRAM_END-__HEAP_SIZE)
000069 bfed      	OUT  SPL,R30
00006a e0e8      	LDI  R30,HIGH(__SRAM_END-__HEAP_SIZE)
00006b bfee      	OUT  SPH,R30
                 
                 ;DATA STACK POINTER INITIALIZATION
00006c e6c0      	LDI  R28,LOW(__SRAM_START+__DSTACK_SIZE)
00006d e0d2      	LDI  R29,HIGH(__SRAM_START+__DSTACK_SIZE)
                 
00006e 940c 007e 	JMP  _main
                 
                 	.ESEG
                 	.ORG 0
                 
                 	.DSEG
                 	.ORG 0x260
                 
                 	.CSEG
                 ;/*******************************************************
                 ;This program was created by the
                 ;CodeWizardAVR V3.12 Advanced
                 ;Automatic Program Generator
                 ;© Copyright 1998-2014 Pavel Haiduc, HP InfoTech s.r.l.
                 ;http://www.hpinfotech.com
                 ;
                 ;Project :
                 ;Version :
                 ;Date    : 6/2/2019
                 ;Author  :
                 ;Company :
                 ;Comments:
                 ;
                 ;
                 ;Chip type               : ATmega32
                 ;Program type            : Application
                 ;AVR Core Clock frequency: 8.000000 MHz
                 ;Memory model            : Small
                 ;External RAM size       : 0
                 ;Data Stack size         : 512
                 ;*******************************************************/
                 ;
                 ;#include <mega32.h>
                 	#ifndef __SLEEP_DEFINED__
                 	#define __SLEEP_DEFINED__
                 	.EQU __se_bit=0x80
                 	.EQU __sm_mask=0x70
                 	.EQU __sm_powerdown=0x20
                 	.EQU __sm_powersave=0x30
                 	.EQU __sm_standby=0x60
                 	.EQU __sm_ext_standby=0x70
                 	.EQU __sm_adc_noise_red=0x10
                 	.SET power_ctrl_reg=mcucr
                 	#endif
                 ;
                 ;#include <delay.h>
                 ;
                 ;
                 ;#include <stdio.h>
                 ;// Alphanumeric LCD functions
                 ;#include <alcd.h>
                 ;
                 ;// Declare your global variables here
                 ;
                 ;// Voltage Reference: AREF pin
                 ;#define ADC_VREF_TYPE ((0<<REFS1) | (0<<REFS0) | (0<<ADLAR))
                 ;
                 ;// Read the AD conversion result
                 ;unsigned int read_adc(unsigned char adc_input)
                 ; 0000 0028 {
                 
                 	.CSEG
                 _read_adc:
                 ; .FSTART _read_adc
                 ; 0000 0029 ADMUX=adc_input | ADC_VREF_TYPE;
000070 93aa      	ST   -Y,R26
                 ;	adc_input -> Y+0
000071 81e8      	LD   R30,Y
000072 b9e7      	OUT  0x7,R30
                 ; 0000 002A // Delay needed for the stabilization of the ADC input voltage
                 ; 0000 002B delay_us(10);
                +
000073 e18b     +LDI R24 , LOW ( 27 )
                +__DELAY_USB_LOOP :
000074 958a     +DEC R24
000075 f7f1     +BRNE __DELAY_USB_LOOP
                 	__DELAY_USB 27
                 ; 0000 002C // Start the AD conversion
                 ; 0000 002D ADCSRA|=(1<<ADSC);
000076 9a36      	SBI  0x6,6
                 ; 0000 002E // Wait for the AD conversion to complete
                 ; 0000 002F while ((ADCSRA & (1<<ADIF))==0);
                 _0x3:
000077 9b34      	SBIS 0x6,4
000078 cffe      	RJMP _0x3
                 ; 0000 0030 ADCSRA|=(1<<ADIF);
000079 9a34      	SBI  0x6,4
                 ; 0000 0031 return ADCW;
00007a b1e4      	IN   R30,0x4
00007b b1f5      	IN   R31,0x4+1
00007c 940c 02b4 	JMP  _0x2080001
                 ; 0000 0032 }
                 ; .FEND
                 ;
                 ;void main(void)
                 ; 0000 0035 {
                 _main:
                 ; .FSTART _main
                 ; 0000 0036 // Declare your local variables here
                 ; 0000 0037 int a;
                 ; 0000 0038 int b;
                 ; 0000 0039 char * str = "";
                 ; 0000 003A char * str2 = "";
                 ; 0000 003B // Input/Output Ports initialization
                 ; 0000 003C // Port A initialization
                 ; 0000 003D // Function: Bit7=In Bit6=In Bit5=In Bit4=In Bit3=In Bit2=In Bit1=In Bit0=In
                 ; 0000 003E DDRA=(0<<DDA7) | (0<<DDA6) | (0<<DDA5) | (0<<DDA4) | (0<<DDA3) | (0<<DDA2) | (0<<DDA1) | (0<<DDA0);
00007e 9722      	SBIW R28,2
00007f e6e1      	LDI  R30,LOW(_0x6+1)
000080 e0f2      	LDI  R31,HIGH(_0x6+1)
000081 83e8      	ST   Y,R30
000082 83f9      	STD  Y+1,R31
                 ;	a -> R16,R17
                 ;	b -> R18,R19
                 ;	*str -> R20,R21
                 ;	*str2 -> Y+0
                +
000083 e640     +LDI R20 , LOW ( _0x6 + ( 0 ) )
000084 e052     +LDI R21 , HIGH ( _0x6 + ( 0 ) )
                 	__POINTWRMN 20,21,_0x6,0
000085 e0e0      	LDI  R30,LOW(0)
000086 bbea      	OUT  0x1A,R30
                 ; 0000 003F // State: Bit7=T Bit6=T Bit5=T Bit4=T Bit3=T Bit2=T Bit1=T Bit0=T
                 ; 0000 0040 PORTA=(0<<PORTA7) | (0<<PORTA6) | (0<<PORTA5) | (0<<PORTA4) | (0<<PORTA3) | (0<<PORTA2) | (0<<PORTA1) | (0<<PORTA0);
000087 bbeb      	OUT  0x1B,R30
                 ; 0000 0041 
                 ; 0000 0042 // Port B initialization
                 ; 0000 0043 // Function: Bit7=In Bit6=In Bit5=In Bit4=In Bit3=In Bit2=In Bit1=In Bit0=In
                 ; 0000 0044 DDRB=(0<<DDB7) | (0<<DDB6) | (0<<DDB5) | (0<<DDB4) | (0<<DDB3) | (0<<DDB2) | (0<<DDB1) | (0<<DDB0);
000088 bbe7      	OUT  0x17,R30
                 ; 0000 0045 // State: Bit7=T Bit6=T Bit5=T Bit4=T Bit3=T Bit2=T Bit1=T Bit0=T
                 ; 0000 0046 PORTB=(0<<PORTB7) | (0<<PORTB6) | (0<<PORTB5) | (0<<PORTB4) | (0<<PORTB3) | (0<<PORTB2) | (0<<PORTB1) | (0<<PORTB0);
000089 bbe8      	OUT  0x18,R30
                 ; 0000 0047 
                 ; 0000 0048 // Port C initialization
                 ; 0000 0049 // Function: Bit7=In Bit6=In Bit5=In Bit4=In Bit3=In Bit2=In Bit1=In Bit0=In
                 ; 0000 004A DDRC=(0<<DDC7) | (0<<DDC6) | (0<<DDC5) | (0<<DDC4) | (0<<DDC3) | (0<<DDC2) | (0<<DDC1) | (0<<DDC0);
00008a bbe4      	OUT  0x14,R30
                 ; 0000 004B // State: Bit7=T Bit6=T Bit5=T Bit4=T Bit3=T Bit2=T Bit1=T Bit0=T
                 ; 0000 004C PORTC=(0<<PORTC7) | (0<<PORTC6) | (0<<PORTC5) | (0<<PORTC4) | (0<<PORTC3) | (0<<PORTC2) | (0<<PORTC1) | (0<<PORTC0);
00008b bbe5      	OUT  0x15,R30
                 ; 0000 004D 
                 ; 0000 004E // Port D initialization
                 ; 0000 004F // Function: Bit7=In Bit6=In Bit5=In Bit4=In Bit3=In Bit2=In Bit1=In Bit0=In
                 ; 0000 0050 DDRD=(0<<DDD7) | (0<<DDD6) | (0<<DDD5) | (0<<DDD4) | (0<<DDD3) | (0<<DDD2) | (0<<DDD1) | (0<<DDD0);
00008c bbe1      	OUT  0x11,R30
                 ; 0000 0051 // State: Bit7=T Bit6=T Bit5=T Bit4=T Bit3=T Bit2=T Bit1=T Bit0=T
                 ; 0000 0052 PORTD=(0<<PORTD7) | (0<<PORTD6) | (0<<PORTD5) | (0<<PORTD4) | (0<<PORTD3) | (0<<PORTD2) | (0<<PORTD1) | (0<<PORTD0);
00008d bbe2      	OUT  0x12,R30
                 ; 0000 0053 
                 ; 0000 0054 // ADC initialization
                 ; 0000 0055 // ADC Clock frequency: 1000.000 kHz
                 ; 0000 0056 // ADC Voltage Reference: AREF pin
                 ; 0000 0057 // ADC Auto Trigger Source: ADC Stopped
                 ; 0000 0058 ADMUX=ADC_VREF_TYPE;
00008e b9e7      	OUT  0x7,R30
                 ; 0000 0059 ADCSRA=(1<<ADEN) | (0<<ADSC) | (0<<ADATE) | (0<<ADIF) | (0<<ADIE) | (0<<ADPS2) | (1<<ADPS1) | (1<<ADPS0);
00008f e8e3      	LDI  R30,LOW(131)
000090 b9e6      	OUT  0x6,R30
                 ; 0000 005A SFIOR=(0<<ADTS2) | (0<<ADTS1) | (0<<ADTS0);
000091 e0e0      	LDI  R30,LOW(0)
000092 bfe0      	OUT  0x30,R30
                 ; 0000 005B 
                 ; 0000 005C // Alphanumeric LCD initialization
                 ; 0000 005D // Connections are specified in the
                 ; 0000 005E // Project|Configure|C Compiler|Libraries|Alphanumeric LCD menu:
                 ; 0000 005F // RS - PORTC Bit 0
                 ; 0000 0060 // RD - PORTC Bit 1
                 ; 0000 0061 // EN - PORTC Bit 2
                 ; 0000 0062 // D4 - PORTC Bit 4
                 ; 0000 0063 // D5 - PORTC Bit 5
                 ; 0000 0064 // D6 - PORTC Bit 6
                 ; 0000 0065 // D7 - PORTC Bit 7
                 ; 0000 0066 // Characters/line: 16
                 ; 0000 0067 lcd_init(16);
000093 e1a0      	LDI  R26,LOW(16)
000094 940e 0288 	CALL _lcd_init
                 ; 0000 0068 
                 ; 0000 0069 
                 ; 0000 006A 
                 ; 0000 006B while (1)
                 _0x7:
                 ; 0000 006C       {
                 ; 0000 006D       // Place your code here
                 ; 0000 006E         lcd_clear();
000096 940e 027c 	CALL _lcd_clear
                 ; 0000 006F 
                 ; 0000 0070         a = read_adc(0);
000098 e0a0      	LDI  R26,LOW(0)
000099 dfd6      	RCALL _read_adc
00009a 018f      	MOVW R16,R30
                 ; 0000 0071         sprintf(str , "%d  " , a);
00009b 935a      	ST   -Y,R21
00009c 934a      	ST   -Y,R20
                +
00009d e6e7     +LDI R30 , LOW ( 2 * _0x0 + ( 1 ) )
00009e e0f0     +LDI R31 , HIGH ( 2 * _0x0 + ( 1 ) )
                 	__POINTW1FN _0x0,1
00009f 93fa      	ST   -Y,R31
0000a0 93ea      	ST   -Y,R30
0000a1 01f8      	MOVW R30,R16
0000a2 940e 02cf 	CALL SUBOPT_0x0
                 ; 0000 0072         //lcd_puts(str);
                 ; 0000 0073 
                 ; 0000 0074         delay_ms(50);
                 ; 0000 0075 
                 ; 0000 0076         b = read_adc(1);
0000a4 e0a1      	LDI  R26,LOW(1)
0000a5 dfca      	RCALL _read_adc
0000a6 019f      	MOVW R18,R30
                 ; 0000 0077         sprintf(str2 ,"%d" ,b);
0000a7 81e8      	LD   R30,Y
0000a8 81f9      	LDD  R31,Y+1
0000a9 93fa      	ST   -Y,R31
0000aa 93ea      	ST   -Y,R30
                +
0000ab e6ec     +LDI R30 , LOW ( 2 * _0x0 + ( 6 ) )
0000ac e0f0     +LDI R31 , HIGH ( 2 * _0x0 + ( 6 ) )
                 	__POINTW1FN _0x0,6
0000ad 93fa      	ST   -Y,R31
0000ae 93ea      	ST   -Y,R30
0000af 01f9      	MOVW R30,R18
0000b0 940e 02cf 	CALL SUBOPT_0x0
                 ; 0000 0078         //lcd_puts(str + " " + str2);
                 ; 0000 0079 
                 ; 0000 007A         delay_ms(50);
                 ; 0000 007B 
                 ; 0000 007C       }
0000b2 cfe3      	RJMP _0x7
                 ; 0000 007D }
                 _0xA:
0000b3 cfff      	RJMP _0xA
                 ; .FEND
                 
                 	.DSEG
                 _0x6:
000260           	.BYTE 0x2
                 	#ifndef __SLEEP_DEFINED__
                 	#endif
                 
                 	.CSEG
                 _put_buff_G100:
                 ; .FSTART _put_buff_G100
0000b4 93ba      	ST   -Y,R27
0000b5 93aa      	ST   -Y,R26
0000b6 931a      	ST   -Y,R17
0000b7 930a      	ST   -Y,R16
0000b8 81aa      	LDD  R26,Y+2
0000b9 81bb      	LDD  R27,Y+2+1
0000ba 9612      	ADIW R26,2
0000bb 940e 032c 	CALL __GETW1P
0000bd 9730      	SBIW R30,0
0000be f159      	BREQ _0x2000010
0000bf 81aa      	LDD  R26,Y+2
0000c0 81bb      	LDD  R27,Y+2+1
0000c1 9614      	ADIW R26,4
0000c2 940e 032c 	CALL __GETW1P
0000c4 018f      	MOVW R16,R30
0000c5 9730      	SBIW R30,0
0000c6 f061      	BREQ _0x2000012
                +
0000c7 3002     +CPI R16 , LOW ( 2 )
0000c8 e0e0     +LDI R30 , HIGH ( 2 )
0000c9 071e     +CPC R17 , R30
                 	__CPWRN 16,17,2
0000ca f098      	BRLO _0x2000013
0000cb 01f8      	MOVW R30,R16
0000cc 9731      	SBIW R30,1
0000cd 018f      	MOVW R16,R30
                +
0000ce 81aa     +LDD R26 , Y + 2
0000cf 81bb     +LDD R27 , Y + 2 + 1
0000d0 9614     +ADIW R26 , 4
0000d1 93ed     +ST X + , R30
0000d2 93fc     +ST X , R31
                 	__PUTW1SNS 2,4
                 _0x2000012:
0000d3 81aa      	LDD  R26,Y+2
0000d4 81bb      	LDD  R27,Y+2+1
0000d5 9612      	ADIW R26,2
0000d6 91ed      	LD   R30,X+
0000d7 91fd      	LD   R31,X+
0000d8 9631      	ADIW R30,1
0000d9 93fe      	ST   -X,R31
0000da 93ee      	ST   -X,R30
0000db 9731      	SBIW R30,1
0000dc 81ac      	LDD  R26,Y+4
0000dd 83a0      	STD  Z+0,R26
                 _0x2000013:
0000de 81aa      	LDD  R26,Y+2
0000df 81bb      	LDD  R27,Y+2+1
0000e0 940e 032c 	CALL __GETW1P
0000e2 23ff      	TST  R31
0000e3 f02a      	BRMI _0x2000014
0000e4 91ed      	LD   R30,X+
0000e5 91fd      	LD   R31,X+
0000e6 9631      	ADIW R30,1
0000e7 93fe      	ST   -X,R31
0000e8 93ee      	ST   -X,R30
                 _0x2000014:
0000e9 c006      	RJMP _0x2000015
                 _0x2000010:
0000ea 81aa      	LDD  R26,Y+2
0000eb 81bb      	LDD  R27,Y+2+1
0000ec efef      	LDI  R30,LOW(65535)
0000ed efff      	LDI  R31,HIGH(65535)
0000ee 93ed      	ST   X+,R30
0000ef 93fc      	ST   X,R31
                 _0x2000015:
0000f0 8119      	LDD  R17,Y+1
0000f1 8108      	LDD  R16,Y+0
0000f2 9625      	ADIW R28,5
0000f3 9508      	RET
                 ; .FEND
                 __print_G100:
                 ; .FSTART __print_G100
0000f4 93ba      	ST   -Y,R27
0000f5 93aa      	ST   -Y,R26
0000f6 9726      	SBIW R28,6
0000f7 940e 0339 	CALL __SAVELOCR6
0000f9 e010      	LDI  R17,0
0000fa 85ac      	LDD  R26,Y+12
0000fb 85bd      	LDD  R27,Y+12+1
0000fc e0e0      	LDI  R30,LOW(0)
0000fd e0f0      	LDI  R31,HIGH(0)
0000fe 93ed      	ST   X+,R30
0000ff 93fc      	ST   X,R31
                 _0x2000016:
000100 89ea      	LDD  R30,Y+18
000101 89fb      	LDD  R31,Y+18+1
000102 9631      	ADIW R30,1
000103 8bea      	STD  Y+18,R30
000104 8bfb      	STD  Y+18+1,R31
000105 9731      	SBIW R30,1
000106 91e4      	LPM  R30,Z
000107 2f2e      	MOV  R18,R30
000108 30e0      	CPI  R30,0
000109 f409      	BRNE PC+2
00010a c115      	RJMP _0x2000018
00010b 2fe1      	MOV  R30,R17
00010c 30e0      	CPI  R30,0
00010d f439      	BRNE _0x200001C
00010e 3225      	CPI  R18,37
00010f f411      	BRNE _0x200001D
000110 e011      	LDI  R17,LOW(1)
000111 c002      	RJMP _0x200001E
                 _0x200001D:
000112 940e 02db 	CALL SUBOPT_0x1
                 _0x200001E:
000114 c10a      	RJMP _0x200001B
                 _0x200001C:
000115 30e1      	CPI  R30,LOW(0x1)
000116 f4a9      	BRNE _0x200001F
000117 3225      	CPI  R18,37
000118 f419      	BRNE _0x2000020
000119 940e 02db 	CALL SUBOPT_0x1
00011b c102      	RJMP _0x20000CC
                 _0x2000020:
00011c e012      	LDI  R17,LOW(2)
00011d e040      	LDI  R20,LOW(0)
00011e e000      	LDI  R16,LOW(0)
00011f 322d      	CPI  R18,45
000120 f411      	BRNE _0x2000021
000121 e001      	LDI  R16,LOW(1)
000122 c0fc      	RJMP _0x200001B
                 _0x2000021:
000123 322b      	CPI  R18,43
000124 f411      	BRNE _0x2000022
000125 e24b      	LDI  R20,LOW(43)
000126 c0f8      	RJMP _0x200001B
                 _0x2000022:
000127 3220      	CPI  R18,32
000128 f411      	BRNE _0x2000023
000129 e240      	LDI  R20,LOW(32)
00012a c0f4      	RJMP _0x200001B
                 _0x2000023:
00012b c002      	RJMP _0x2000024
                 _0x200001F:
00012c 30e2      	CPI  R30,LOW(0x2)
00012d f439      	BRNE _0x2000025
                 _0x2000024:
00012e e050      	LDI  R21,LOW(0)
00012f e013      	LDI  R17,LOW(3)
000130 3320      	CPI  R18,48
000131 f411      	BRNE _0x2000026
000132 6800      	ORI  R16,LOW(128)
000133 c0eb      	RJMP _0x200001B
                 _0x2000026:
000134 c003      	RJMP _0x2000027
                 _0x2000025:
000135 30e3      	CPI  R30,LOW(0x3)
000136 f009      	BREQ PC+2
000137 c0e7      	RJMP _0x200001B
                 _0x2000027:
000138 3320      	CPI  R18,48
000139 f010      	BRLO _0x200002A
00013a 332a      	CPI  R18,58
00013b f008      	BRLO _0x200002B
                 _0x200002A:
00013c c007      	RJMP _0x2000029
                 _0x200002B:
00013d e0aa      	LDI  R26,LOW(10)
00013e 9f5a      	MUL  R21,R26
00013f 2d50      	MOV  R21,R0
000140 2fe2      	MOV  R30,R18
000141 53e0      	SUBI R30,LOW(48)
000142 0f5e      	ADD  R21,R30
000143 c0db      	RJMP _0x200001B
                 _0x2000029:
000144 2fe2      	MOV  R30,R18
000145 36e3      	CPI  R30,LOW(0x63)
000146 f449      	BRNE _0x200002F
000147 940e 02e2 	CALL SUBOPT_0x2
000149 89e8      	LDD  R30,Y+16
00014a 89f9      	LDD  R31,Y+16+1
00014b 81a4      	LDD  R26,Z+4
00014c 93aa      	ST   -Y,R26
00014d 940e 02e8 	CALL SUBOPT_0x3
00014f c0ce      	RJMP _0x2000030
                 _0x200002F:
000150 37e3      	CPI  R30,LOW(0x73)
000151 f441      	BRNE _0x2000032
000152 940e 02e2 	CALL SUBOPT_0x2
000154 940e 02ee 	CALL SUBOPT_0x4
000156 940e 02b6 	CALL _strlen
000158 2f1e      	MOV  R17,R30
000159 c00a      	RJMP _0x2000033
                 _0x2000032:
00015a 37e0      	CPI  R30,LOW(0x70)
00015b f461      	BRNE _0x2000035
00015c 940e 02e2 	CALL SUBOPT_0x2
00015e 940e 02ee 	CALL SUBOPT_0x4
000160 940e 02c2 	CALL _strlenf
000162 2f1e      	MOV  R17,R30
000163 6008      	ORI  R16,LOW(8)
                 _0x2000033:
000164 6002      	ORI  R16,LOW(2)
000165 770f      	ANDI R16,LOW(127)
000166 e030      	LDI  R19,LOW(0)
000167 c034      	RJMP _0x2000036
                 _0x2000035:
000168 36e4      	CPI  R30,LOW(0x64)
000169 f011      	BREQ _0x2000039
00016a 36e9      	CPI  R30,LOW(0x69)
00016b f411      	BRNE _0x200003A
                 _0x2000039:
00016c 6004      	ORI  R16,LOW(4)
00016d c002      	RJMP _0x200003B
                 _0x200003A:
00016e 37e5      	CPI  R30,LOW(0x75)
00016f f431      	BRNE _0x200003C
                 _0x200003B:
000170 e5e4      	LDI  R30,LOW(_tbl10_G100*2)
000171 e0f0      	LDI  R31,HIGH(_tbl10_G100*2)
000172 83ee      	STD  Y+6,R30
000173 83ff      	STD  Y+6+1,R31
000174 e015      	LDI  R17,LOW(5)
000175 c00c      	RJMP _0x200003D
                 _0x200003C:
000176 35e8      	CPI  R30,LOW(0x58)
000177 f411      	BRNE _0x200003F
000178 6008      	ORI  R16,LOW(8)
000179 c003      	RJMP _0x2000040
                 _0x200003F:
00017a 37e8      	CPI  R30,LOW(0x78)
00017b f009      	BREQ PC+2
00017c c0a1      	RJMP _0x2000071
                 _0x2000040:
00017d e5ee      	LDI  R30,LOW(_tbl16_G100*2)
00017e e0f0      	LDI  R31,HIGH(_tbl16_G100*2)
00017f 83ee      	STD  Y+6,R30
000180 83ff      	STD  Y+6+1,R31
000181 e014      	LDI  R17,LOW(4)
                 _0x200003D:
000182 ff02      	SBRS R16,2
000183 c014      	RJMP _0x2000042
000184 940e 02e2 	CALL SUBOPT_0x2
000186 940e 02f8 	CALL SUBOPT_0x5
000188 85ab      	LDD  R26,Y+11
000189 23aa      	TST  R26
00018a f43a      	BRPL _0x2000043
00018b 85ea      	LDD  R30,Y+10
00018c 85fb      	LDD  R31,Y+10+1
00018d 940e 0323 	CALL __ANEGW1
00018f 87ea      	STD  Y+10,R30
000190 87fb      	STD  Y+10+1,R31
000191 e24d      	LDI  R20,LOW(45)
                 _0x2000043:
000192 3040      	CPI  R20,0
000193 f011      	BREQ _0x2000044
000194 5f1f      	SUBI R17,-LOW(1)
000195 c001      	RJMP _0x2000045
                 _0x2000044:
000196 7f0b      	ANDI R16,LOW(251)
                 _0x2000045:
000197 c004      	RJMP _0x2000046
                 _0x2000042:
000198 940e 02e2 	CALL SUBOPT_0x2
00019a 940e 02f8 	CALL SUBOPT_0x5
                 _0x2000046:
                 _0x2000036:
00019c fd00      	SBRC R16,0
00019d c011      	RJMP _0x2000047
                 _0x2000048:
00019e 1715      	CP   R17,R21
00019f f478      	BRSH _0x200004A
0001a0 ff07      	SBRS R16,7
0001a1 c008      	RJMP _0x200004B
0001a2 ff02      	SBRS R16,2
0001a3 c004      	RJMP _0x200004C
0001a4 7f0b      	ANDI R16,LOW(251)
0001a5 2f24      	MOV  R18,R20
0001a6 5011      	SUBI R17,LOW(1)
0001a7 c001      	RJMP _0x200004D
                 _0x200004C:
0001a8 e320      	LDI  R18,LOW(48)
                 _0x200004D:
0001a9 c001      	RJMP _0x200004E
                 _0x200004B:
0001aa e220      	LDI  R18,LOW(32)
                 _0x200004E:
0001ab 940e 02db 	CALL SUBOPT_0x1
0001ad 5051      	SUBI R21,LOW(1)
0001ae cfef      	RJMP _0x2000048
                 _0x200004A:
                 _0x2000047:
0001af 2f31      	MOV  R19,R17
0001b0 ff01      	SBRS R16,1
0001b1 c017      	RJMP _0x200004F
                 _0x2000050:
0001b2 3030      	CPI  R19,0
0001b3 f0a1      	BREQ _0x2000052
0001b4 ff03      	SBRS R16,3
0001b5 c006      	RJMP _0x2000053
0001b6 81ee      	LDD  R30,Y+6
0001b7 81ff      	LDD  R31,Y+6+1
0001b8 9125      	LPM  R18,Z+
0001b9 83ee      	STD  Y+6,R30
0001ba 83ff      	STD  Y+6+1,R31
0001bb c005      	RJMP _0x2000054
                 _0x2000053:
0001bc 81ae      	LDD  R26,Y+6
0001bd 81bf      	LDD  R27,Y+6+1
0001be 912d      	LD   R18,X+
0001bf 83ae      	STD  Y+6,R26
0001c0 83bf      	STD  Y+6+1,R27
                 _0x2000054:
0001c1 940e 02db 	CALL SUBOPT_0x1
0001c3 3050      	CPI  R21,0
0001c4 f009      	BREQ _0x2000055
0001c5 5051      	SUBI R21,LOW(1)
                 _0x2000055:
0001c6 5031      	SUBI R19,LOW(1)
0001c7 cfea      	RJMP _0x2000050
                 _0x2000052:
0001c8 c04b      	RJMP _0x2000056
                 _0x200004F:
                 _0x2000058:
0001c9 e320      	LDI  R18,LOW(48)
0001ca 81ee      	LDD  R30,Y+6
0001cb 81ff      	LDD  R31,Y+6+1
0001cc 940e 0330 	CALL __GETW1PF
0001ce 87e8      	STD  Y+8,R30
0001cf 87f9      	STD  Y+8+1,R31
0001d0 81ee      	LDD  R30,Y+6
0001d1 81ff      	LDD  R31,Y+6+1
0001d2 9632      	ADIW R30,2
0001d3 83ee      	STD  Y+6,R30
0001d4 83ff      	STD  Y+6+1,R31
                 _0x200005A:
0001d5 85e8      	LDD  R30,Y+8
0001d6 85f9      	LDD  R31,Y+8+1
0001d7 85aa      	LDD  R26,Y+10
0001d8 85bb      	LDD  R27,Y+10+1
0001d9 17ae      	CP   R26,R30
0001da 07bf      	CPC  R27,R31
0001db f050      	BRLO _0x200005C
0001dc 5f2f      	SUBI R18,-LOW(1)
0001dd 85a8      	LDD  R26,Y+8
0001de 85b9      	LDD  R27,Y+8+1
0001df 85ea      	LDD  R30,Y+10
0001e0 85fb      	LDD  R31,Y+10+1
0001e1 1bea      	SUB  R30,R26
0001e2 0bfb      	SBC  R31,R27
0001e3 87ea      	STD  Y+10,R30
0001e4 87fb      	STD  Y+10+1,R31
0001e5 cfef      	RJMP _0x200005A
                 _0x200005C:
0001e6 332a      	CPI  R18,58
0001e7 f028      	BRLO _0x200005D
0001e8 ff03      	SBRS R16,3
0001e9 c002      	RJMP _0x200005E
0001ea 5f29      	SUBI R18,-LOW(7)
0001eb c001      	RJMP _0x200005F
                 _0x200005E:
0001ec 5d29      	SUBI R18,-LOW(39)
                 _0x200005F:
                 _0x200005D:
0001ed fd04      	SBRC R16,4
0001ee c01a      	RJMP _0x2000061
0001ef 3321      	CPI  R18,49
0001f0 f420      	BRSH _0x2000063
0001f1 85a8      	LDD  R26,Y+8
0001f2 85b9      	LDD  R27,Y+8+1
0001f3 9711      	SBIW R26,1
0001f4 f409      	BRNE _0x2000062
                 _0x2000063:
0001f5 c009      	RJMP _0x20000CD
                 _0x2000062:
0001f6 1753      	CP   R21,R19
0001f7 f010      	BRLO _0x2000067
0001f8 ff00      	SBRS R16,0
0001f9 c001      	RJMP _0x2000068
                 _0x2000067:
0001fa c013      	RJMP _0x2000066
                 _0x2000068:
0001fb e220      	LDI  R18,LOW(32)
0001fc ff07      	SBRS R16,7
0001fd c00b      	RJMP _0x2000069
0001fe e320      	LDI  R18,LOW(48)
                 _0x20000CD:
0001ff 6100      	ORI  R16,LOW(16)
000200 ff02      	SBRS R16,2
000201 c007      	RJMP _0x200006A
000202 7f0b      	ANDI R16,LOW(251)
000203 934a      	ST   -Y,R20
000204 940e 02e8 	CALL SUBOPT_0x3
000206 3050      	CPI  R21,0
000207 f009      	BREQ _0x200006B
000208 5051      	SUBI R21,LOW(1)
                 _0x200006B:
                 _0x200006A:
                 _0x2000069:
                 _0x2000061:
000209 940e 02db 	CALL SUBOPT_0x1
00020b 3050      	CPI  R21,0
00020c f009      	BREQ _0x200006C
00020d 5051      	SUBI R21,LOW(1)
                 _0x200006C:
                 _0x2000066:
00020e 5031      	SUBI R19,LOW(1)
00020f 85a8      	LDD  R26,Y+8
000210 85b9      	LDD  R27,Y+8+1
000211 9712      	SBIW R26,2
000212 f008      	BRLO _0x2000059
000213 cfb5      	RJMP _0x2000058
                 _0x2000059:
                 _0x2000056:
000214 ff00      	SBRS R16,0
000215 c008      	RJMP _0x200006D
                 _0x200006E:
000216 3050      	CPI  R21,0
000217 f031      	BREQ _0x2000070
000218 5051      	SUBI R21,LOW(1)
000219 e2e0      	LDI  R30,LOW(32)
00021a 93ea      	ST   -Y,R30
00021b 940e 02e8 	CALL SUBOPT_0x3
00021d cff8      	RJMP _0x200006E
                 _0x2000070:
                 _0x200006D:
                 _0x2000071:
                 _0x2000030:
                 _0x20000CC:
00021e e010      	LDI  R17,LOW(0)
                 _0x200001B:
00021f cee0      	RJMP _0x2000016
                 _0x2000018:
000220 85ac      	LDD  R26,Y+12
000221 85bd      	LDD  R27,Y+12+1
000222 940e 032c 	CALL __GETW1P
000224 940e 0340 	CALL __LOADLOCR6
000226 9664      	ADIW R28,20
000227 9508      	RET
                 ; .FEND
                 _sprintf:
                 ; .FSTART _sprintf
000228 92ff      	PUSH R15
000229 2ef8      	MOV  R15,R24
00022a 9726      	SBIW R28,6
00022b 940e 033b 	CALL __SAVELOCR4
00022d 940e 0300 	CALL SUBOPT_0x6
00022f 9730      	SBIW R30,0
000230 f419      	BRNE _0x2000072
000231 efef      	LDI  R30,LOW(65535)
000232 efff      	LDI  R31,HIGH(65535)
000233 c023      	RJMP _0x2080002
                 _0x2000072:
000234 01de      	MOVW R26,R28
000235 9616      	ADIW R26,6
000236 940e 031f 	CALL __ADDW2R15
000238 018d      	MOVW R16,R26
000239 940e 0300 	CALL SUBOPT_0x6
00023b 83ee      	STD  Y+6,R30
00023c 83ff      	STD  Y+6+1,R31
00023d e0e0      	LDI  R30,LOW(0)
00023e 87e8      	STD  Y+8,R30
00023f 87e9      	STD  Y+8+1,R30
000240 01de      	MOVW R26,R28
000241 961a      	ADIW R26,10
000242 940e 031f 	CALL __ADDW2R15
000244 940e 032c 	CALL __GETW1P
000246 93fa      	ST   -Y,R31
000247 93ea      	ST   -Y,R30
000248 931a      	ST   -Y,R17
000249 930a      	ST   -Y,R16
00024a ebe4      	LDI  R30,LOW(_put_buff_G100)
00024b e0f0      	LDI  R31,HIGH(_put_buff_G100)
00024c 93fa      	ST   -Y,R31
00024d 93ea      	ST   -Y,R30
00024e 01de      	MOVW R26,R28
00024f 961a      	ADIW R26,10
000250 dea3      	RCALL __print_G100
000251 019f      	MOVW R18,R30
000252 81ae      	LDD  R26,Y+6
000253 81bf      	LDD  R27,Y+6+1
000254 e0e0      	LDI  R30,LOW(0)
000255 93ec      	ST   X,R30
000256 01f9      	MOVW R30,R18
                 _0x2080002:
000257 940e 0342 	CALL __LOADLOCR4
000259 962a      	ADIW R28,10
00025a 90ff      	POP  R15
00025b 9508      	RET
                 ; .FEND
                 	#ifndef __SLEEP_DEFINED__
                 	#endif
                 
                 	.DSEG
                 
                 	.CSEG
                 __lcd_write_nibble_G101:
                 ; .FSTART __lcd_write_nibble_G101
00025c 93aa      	ST   -Y,R26
00025d b3e5      	IN   R30,0x15
00025e 70ef      	ANDI R30,LOW(0xF)
00025f 2fae      	MOV  R26,R30
000260 81e8      	LD   R30,Y
000261 7fe0      	ANDI R30,LOW(0xF0)
000262 2bea      	OR   R30,R26
000263 bbe5      	OUT  0x15,R30
                +
000264 e08d     +LDI R24 , LOW ( 13 )
                +__DELAY_USB_LOOP :
000265 958a     +DEC R24
000266 f7f1     +BRNE __DELAY_USB_LOOP
                 	__DELAY_USB 13
000267 9aaa      	SBI  0x15,2
                +
000268 e08d     +LDI R24 , LOW ( 13 )
                +__DELAY_USB_LOOP :
000269 958a     +DEC R24
00026a f7f1     +BRNE __DELAY_USB_LOOP
                 	__DELAY_USB 13
00026b 98aa      	CBI  0x15,2
                +
00026c e08d     +LDI R24 , LOW ( 13 )
                +__DELAY_USB_LOOP :
00026d 958a     +DEC R24
00026e f7f1     +BRNE __DELAY_USB_LOOP
                 	__DELAY_USB 13
00026f c044      	RJMP _0x2080001
                 ; .FEND
                 __lcd_write_data:
                 ; .FSTART __lcd_write_data
000270 93aa      	ST   -Y,R26
000271 81a8      	LD   R26,Y
000272 dfe9      	RCALL __lcd_write_nibble_G101
000273 81e8          ld    r30,y
000274 95e2          swap  r30
000275 83e8          st    y,r30
000276 81a8      	LD   R26,Y
000277 dfe4      	RCALL __lcd_write_nibble_G101
                +
000278 e885     +LDI R24 , LOW ( 133 )
                +__DELAY_USB_LOOP :
000279 958a     +DEC R24
00027a f7f1     +BRNE __DELAY_USB_LOOP
                 	__DELAY_USB 133
00027b c038      	RJMP _0x2080001
                 ; .FEND
                 _lcd_clear:
                 ; .FSTART _lcd_clear
00027c e0a2      	LDI  R26,LOW(2)
00027d 940e 0307 	CALL SUBOPT_0x7
00027f e0ac      	LDI  R26,LOW(12)
000280 dfef      	RCALL __lcd_write_data
000281 e0a1      	LDI  R26,LOW(1)
000282 940e 0307 	CALL SUBOPT_0x7
000284 e0e0      	LDI  R30,LOW(0)
000285 2e4e      	MOV  R4,R30
000286 2e5e      	MOV  R5,R30
000287 9508      	RET
                 ; .FEND
                 _lcd_init:
                 ; .FSTART _lcd_init
000288 93aa      	ST   -Y,R26
000289 b3e4      	IN   R30,0x14
00028a 6fe0      	ORI  R30,LOW(0xF0)
00028b bbe4      	OUT  0x14,R30
00028c 9aa2      	SBI  0x14,2
00028d 9aa0      	SBI  0x14,0
00028e 9aa1      	SBI  0x14,1
00028f 98aa      	CBI  0x15,2
000290 98a8      	CBI  0x15,0
000291 98a9      	CBI  0x15,1
000292 8078      	LDD  R7,Y+0
000293 81e8      	LD   R30,Y
000294 58e0      	SUBI R30,-LOW(128)
                +
000295 93e0 0264+STS __base_y_G101 + ( 2 ) , R30
                 	__PUTB1MN __base_y_G101,2
000297 81e8      	LD   R30,Y
000298 54e0      	SUBI R30,-LOW(192)
                +
000299 93e0 0265+STS __base_y_G101 + ( 3 ) , R30
                 	__PUTB1MN __base_y_G101,3
00029b e1a4      	LDI  R26,LOW(20)
00029c e0b0      	LDI  R27,0
00029d 940e 0315 	CALL _delay_ms
00029f 940e 030d 	CALL SUBOPT_0x8
0002a1 940e 030d 	CALL SUBOPT_0x8
0002a3 940e 030d 	CALL SUBOPT_0x8
0002a5 e2a0      	LDI  R26,LOW(32)
0002a6 dfb5      	RCALL __lcd_write_nibble_G101
                +
0002a7 ec88     +LDI R24 , LOW ( 200 )
0002a8 e090     +LDI R25 , HIGH ( 200 )
                +__DELAY_USW_LOOP :
0002a9 9701     +SBIW R24 , 1
0002aa f7f1     +BRNE __DELAY_USW_LOOP
                 	__DELAY_USW 200
0002ab e2a8      	LDI  R26,LOW(40)
0002ac dfc3      	RCALL __lcd_write_data
0002ad e0a4      	LDI  R26,LOW(4)
0002ae dfc1      	RCALL __lcd_write_data
0002af e8a5      	LDI  R26,LOW(133)
0002b0 dfbf      	RCALL __lcd_write_data
0002b1 e0a6      	LDI  R26,LOW(6)
0002b2 dfbd      	RCALL __lcd_write_data
0002b3 dfc8      	RCALL _lcd_clear
                 _0x2080001:
0002b4 9621      	ADIW R28,1
0002b5 9508      	RET
                 ; .FEND
                 
                 	.CSEG
                 
                 	.CSEG
                 _strlen:
                 ; .FSTART _strlen
0002b6 93ba      	ST   -Y,R27
0002b7 93aa      	ST   -Y,R26
0002b8 91a9          ld   r26,y+
0002b9 91b9          ld   r27,y+
0002ba 27ee          clr  r30
0002bb 27ff          clr  r31
                 strlen0:
0002bc 916d          ld   r22,x+
0002bd 2366          tst  r22
0002be f011          breq strlen1
0002bf 9631          adiw r30,1
0002c0 cffb          rjmp strlen0
                 strlen1:
0002c1 9508          ret
                 ; .FEND
                 _strlenf:
                 ; .FSTART _strlenf
0002c2 93ba      	ST   -Y,R27
0002c3 93aa      	ST   -Y,R26
0002c4 27aa          clr  r26
0002c5 27bb          clr  r27
0002c6 91e9          ld   r30,y+
0002c7 91f9          ld   r31,y+
                 strlenf0:
0002c8 9005      	lpm  r0,z+
0002c9 2000          tst  r0
0002ca f011          breq strlenf1
0002cb 9611          adiw r26,1
0002cc cffb          rjmp strlenf0
                 strlenf1:
0002cd 01fd          movw r30,r26
0002ce 9508          ret
                 ; .FEND
                 
                 	.DSEG
                 __base_y_G101:
000262           	.BYTE 0x4
                 
                 	.CSEG
                 ;OPTIMIZER ADDED SUBROUTINE, CALLED 2 TIMES, CODE SIZE REDUCTION:7 WORDS
                 SUBOPT_0x0:
0002cf 940e 0327 	CALL __CWD1
0002d1 940e 0334 	CALL __PUTPARD1
0002d3 e084      	LDI  R24,4
0002d4 940e 0228 	CALL _sprintf
0002d6 9628      	ADIW R28,8
0002d7 e3a2      	LDI  R26,LOW(50)
0002d8 e0b0      	LDI  R27,0
0002d9 940c 0315 	JMP  _delay_ms
                 
                 ;OPTIMIZER ADDED SUBROUTINE, CALLED 5 TIMES, CODE SIZE REDUCTION:13 WORDS
                 SUBOPT_0x1:
0002db 932a      	ST   -Y,R18
0002dc 85ad      	LDD  R26,Y+13
0002dd 85be      	LDD  R27,Y+13+1
0002de 85ef      	LDD  R30,Y+15
0002df 89f8      	LDD  R31,Y+15+1
0002e0 9509      	ICALL
0002e1 9508      	RET
                 
                 ;OPTIMIZER ADDED SUBROUTINE, CALLED 5 TIMES, CODE SIZE REDUCTION:9 WORDS
                 SUBOPT_0x2:
0002e2 89e8      	LDD  R30,Y+16
0002e3 89f9      	LDD  R31,Y+16+1
0002e4 9734      	SBIW R30,4
0002e5 8be8      	STD  Y+16,R30
0002e6 8bf9      	STD  Y+16+1,R31
0002e7 9508      	RET
                 
                 ;OPTIMIZER ADDED SUBROUTINE, CALLED 3 TIMES, CODE SIZE REDUCTION:3 WORDS
                 SUBOPT_0x3:
0002e8 85ad      	LDD  R26,Y+13
0002e9 85be      	LDD  R27,Y+13+1
0002ea 85ef      	LDD  R30,Y+15
0002eb 89f8      	LDD  R31,Y+15+1
0002ec 9509      	ICALL
0002ed 9508      	RET
                 
                 ;OPTIMIZER ADDED SUBROUTINE, CALLED 2 TIMES, CODE SIZE REDUCTION:4 WORDS
                 SUBOPT_0x4:
0002ee 89a8      	LDD  R26,Y+16
0002ef 89b9      	LDD  R27,Y+16+1
0002f0 9614      	ADIW R26,4
0002f1 940e 032c 	CALL __GETW1P
0002f3 83ee      	STD  Y+6,R30
0002f4 83ff      	STD  Y+6+1,R31
0002f5 81ae      	LDD  R26,Y+6
0002f6 81bf      	LDD  R27,Y+6+1
0002f7 9508      	RET
                 
                 ;OPTIMIZER ADDED SUBROUTINE, CALLED 2 TIMES, CODE SIZE REDUCTION:2 WORDS
                 SUBOPT_0x5:
0002f8 89a8      	LDD  R26,Y+16
0002f9 89b9      	LDD  R27,Y+16+1
0002fa 9614      	ADIW R26,4
0002fb 940e 032c 	CALL __GETW1P
0002fd 87ea      	STD  Y+10,R30
0002fe 87fb      	STD  Y+10+1,R31
0002ff 9508      	RET
                 
                 ;OPTIMIZER ADDED SUBROUTINE, CALLED 2 TIMES, CODE SIZE REDUCTION:1 WORDS
                 SUBOPT_0x6:
000300 01de      	MOVW R26,R28
000301 961c      	ADIW R26,12
000302 940e 031f 	CALL __ADDW2R15
000304 940e 032c 	CALL __GETW1P
000306 9508      	RET
                 
                 ;OPTIMIZER ADDED SUBROUTINE, CALLED 2 TIMES, CODE SIZE REDUCTION:1 WORDS
                 SUBOPT_0x7:
000307 940e 0270 	CALL __lcd_write_data
000309 e0a3      	LDI  R26,LOW(3)
00030a e0b0      	LDI  R27,0
00030b 940c 0315 	JMP  _delay_ms
                 
                 ;OPTIMIZER ADDED SUBROUTINE, CALLED 3 TIMES, CODE SIZE REDUCTION:7 WORDS
                 SUBOPT_0x8:
00030d e3a0      	LDI  R26,LOW(48)
00030e 940e 025c 	CALL __lcd_write_nibble_G101
                +
000310 ec88     +LDI R24 , LOW ( 200 )
000311 e090     +LDI R25 , HIGH ( 200 )
                +__DELAY_USW_LOOP :
000312 9701     +SBIW R24 , 1
000313 f7f1     +BRNE __DELAY_USW_LOOP
                 	__DELAY_USW 200
000314 9508      	RET
                 
                 
                 	.CSEG
                 _delay_ms:
000315 9610      	adiw r26,0
000316 f039      	breq __delay_ms1
                 __delay_ms0:
                +
000317 ed80     +LDI R24 , LOW ( 0x7D0 )
000318 e097     +LDI R25 , HIGH ( 0x7D0 )
                +__DELAY_USW_LOOP :
000319 9701     +SBIW R24 , 1
00031a f7f1     +BRNE __DELAY_USW_LOOP
                 	__DELAY_USW 0x7D0
00031b 95a8      	wdr
00031c 9711      	sbiw r26,1
00031d f7c9      	brne __delay_ms0
                 __delay_ms1:
00031e 9508      	ret
                 
                 __ADDW2R15:
00031f 2400      	CLR  R0
000320 0daf      	ADD  R26,R15
000321 1db0      	ADC  R27,R0
000322 9508      	RET
                 
                 __ANEGW1:
000323 95f1      	NEG  R31
000324 95e1      	NEG  R30
000325 40f0      	SBCI R31,0
000326 9508      	RET
                 
                 __CWD1:
000327 2f6f      	MOV  R22,R31
000328 0f66      	ADD  R22,R22
000329 0b66      	SBC  R22,R22
00032a 2f76      	MOV  R23,R22
00032b 9508      	RET
                 
                 __GETW1P:
00032c 91ed      	LD   R30,X+
00032d 91fc      	LD   R31,X
00032e 9711      	SBIW R26,1
00032f 9508      	RET
                 
                 __GETW1PF:
000330 9005      	LPM  R0,Z+
000331 91f4      	LPM  R31,Z
000332 2de0      	MOV  R30,R0
000333 9508      	RET
                 
                 __PUTPARD1:
000334 937a      	ST   -Y,R23
000335 936a      	ST   -Y,R22
000336 93fa      	ST   -Y,R31
000337 93ea      	ST   -Y,R30
000338 9508      	RET
                 
                 __SAVELOCR6:
000339 935a      	ST   -Y,R21
                 __SAVELOCR5:
00033a 934a      	ST   -Y,R20
                 __SAVELOCR4:
00033b 933a      	ST   -Y,R19
                 __SAVELOCR3:
00033c 932a      	ST   -Y,R18
                 __SAVELOCR2:
00033d 931a      	ST   -Y,R17
00033e 930a      	ST   -Y,R16
00033f 9508      	RET
                 
                 __LOADLOCR6:
000340 815d      	LDD  R21,Y+5
                 __LOADLOCR5:
000341 814c      	LDD  R20,Y+4
                 __LOADLOCR4:
000342 813b      	LDD  R19,Y+3
                 __LOADLOCR3:
000343 812a      	LDD  R18,Y+2
                 __LOADLOCR2:
000344 8119      	LDD  R17,Y+1
000345 8108      	LD   R16,Y
000346 9508      	RET
                 
                 ;END OF CODE MARKER
                 __END_OF_CODE:


RESOURCE USE INFORMATION
------------------------

Notice:
The register and instruction counts are symbol table hit counts,
and hence implicitly used resources are not counted, eg, the
'lpm' instruction without operands implicitly uses r0 and z,
none of which are counted.

x,y,z are separate entities in the symbol table and are
counted separately from r26..r31 here.

.dseg memory usage only counts static data declared with .byte

ATmega32 register use summary:
r0 :  11 r1 :   1 r2 :   0 r3 :   0 r4 :   1 r5 :   1 r6 :   0 r7 :   1 
r8 :   0 r9 :   0 r10:   0 r11:   0 r12:   0 r13:   0 r14:   0 r15:   4 
r16:  36 r17:  20 r18:  31 r19:   8 r20:  11 r21:  19 r22:  11 r23:   2 
r24:  25 r25:   5 r26:  85 r27:  34 r28:  13 r29:   1 r30: 160 r31:  61 
x  :  22 y  : 157 z  :  14 
Registers used: 25 out of 35 (71.4%)

ATmega32 instruction use summary:
.lds  :   0 .lds.l:   0 .sts  :   0 .sts.l:   0 adc   :   1 add   :   3 
adiw  :  22 and   :   0 andi  :   6 asr   :   0 bclr  :   0 bld   :   0 
brbc  :   0 brbs  :   0 brcc  :   0 brcs  :   0 break :   0 breq  :  15 
brge  :   0 brhc  :   0 brhs  :   0 brid  :   0 brie  :   0 brlo  :   7 
brlt  :   0 brmi  :   1 brne  :  30 brpl  :   1 brsh  :   2 brtc  :   0 
brts  :   0 brvc  :   0 brvs  :   0 bset  :   0 bst   :   0 call  :  53 
cbi   :   4 cbr   :   0 clc   :   0 clh   :   0 cli   :   1 cln   :   0 
clr   :   7 cls   :   0 clt   :   0 clv   :   0 clz   :   0 com   :   0 
cp    :   3 cpc   :   2 cpi   :  30 cpse  :   0 dec   :   6 des   :   0 
eor   :   0 fmul  :   0 fmuls :   0 fmulsu:   0 icall :   2 ijmp  :   0 
in    :   4 inc   :   0 jmp   :  25 ld    :  21 ldd   :  72 ldi   :  91 
lds   :   0 lpm   :  14 lsl   :   0 lsr   :   0 mov   :  16 movw  :  18 
mul   :   1 muls  :   0 mulsu :   0 neg   :   2 nop   :   0 or    :   1 
ori   :   7 out   :  20 pop   :   1 push  :   1 rcall :  12 ret   :  23 
reti  :   0 rjmp  :  57 rol   :   0 ror   :   0 sbc   :   2 sbci  :   1 
sbi   :   6 sbic  :   0 sbis  :   1 sbiw  :  20 sbr   :   0 sbrc  :   2 
sbrs  :  10 sec   :   0 seh   :   0 sei   :   0 sen   :   0 ser   :   0 
ses   :   0 set   :   0 sev   :   0 sez   :   0 sleep :   0 spm   :   0 
st    :  58 std   :  30 sts   :   2 sub   :   1 subi  :  15 swap  :   1 
tst   :   4 wdr   :   1 
Instructions used: 52 out of 116 (44.8%)

ATmega32 memory use summary [bytes]:
Segment   Begin    End      Code   Data   Used    Size   Use%
---------------------------------------------------------------
[.cseg] 0x000000 0x00068e   1628     50   1678   32768   5.1%
[.dseg] 0x000060 0x000266      0      6      6    2048   0.3%
[.eseg] 0x000000 0x000000      0      0      0    1024   0.0%

Assembly complete, 0 errors, 4 warnings
