
AVRASM ver. 2.1.30  C:\Users\Hossein\Desktop\HW4\Slave\Debug\List\slave.asm Sat Jul 06 01:55:28 2019

C:\Users\Hossein\Desktop\HW4\Slave\Debug\List\slave.asm(1088): warning: Register r4 already defined by the .DEF directive
C:\Users\Hossein\Desktop\HW4\Slave\Debug\List\slave.asm(1089): warning: Register r5 already defined by the .DEF directive
C:\Users\Hossein\Desktop\HW4\Slave\Debug\List\slave.asm(1090): warning: Register r7 already defined by the .DEF directive
C:\Users\Hossein\Desktop\HW4\Slave\Debug\List\slave.asm(1091): warning: Register r6 already defined by the .DEF directive
C:\Users\Hossein\Desktop\HW4\Slave\Debug\List\slave.asm(1092): warning: Register r9 already defined by the .DEF directive
                 
                 
                 ;CodeVisionAVR C Compiler V3.12 Advanced
                 ;(C) Copyright 1998-2014 Pavel Haiduc, HP InfoTech s.r.l.
                 ;http://www.hpinfotech.com
                 
                 ;Build configuration    : Debug
                 ;Chip type              : ATmega32
                 ;Program type           : Application
                 ;Clock frequency        : 8.000000 MHz
                 ;Memory model           : Small
                 ;Optimize for           : Size
                 ;(s)printf features     : int, width
                 ;(s)scanf features      : int, width
                 ;External RAM size      : 0
                 ;Data Stack size        : 512 byte(s)
                 ;Heap size              : 0 byte(s)
                 ;Promote 'char' to 'int': Yes
                 ;'char' is unsigned     : Yes
                 ;8 bit enums            : Yes
                 ;Global 'const' stored in FLASH: Yes
                 ;Enhanced function parameter passing: Yes
                 ;Enhanced core instructions: On
                 ;Automatic register allocation for global variables: On
                 ;Smart register allocation: On
                 
                 	#define _MODEL_SMALL_
                 
                 	#pragma AVRPART ADMIN PART_NAME ATmega32
                 	#pragma AVRPART MEMORY PROG_FLASH 32768
                 	#pragma AVRPART MEMORY EEPROM 1024
                 	#pragma AVRPART MEMORY INT_SRAM SIZE 2048
                 	#pragma AVRPART MEMORY INT_SRAM START_ADDR 0x60
                 
                 	#define CALL_SUPPORTED 1
                 
                 	.LISTMAC
                 	.EQU UDRE=0x5
                 	.EQU RXC=0x7
                 	.EQU USR=0xB
                 	.EQU UDR=0xC
                 	.EQU SPSR=0xE
                 	.EQU SPDR=0xF
                 	.EQU EERE=0x0
                 	.EQU EEWE=0x1
                 	.EQU EEMWE=0x2
                 	.EQU EECR=0x1C
                 	.EQU EEDR=0x1D
                 	.EQU EEARL=0x1E
                 	.EQU EEARH=0x1F
                 	.EQU WDTCR=0x21
                 	.EQU MCUCR=0x35
                 	.EQU GICR=0x3B
                 	.EQU SPL=0x3D
                 	.EQU SPH=0x3E
                 	.EQU SREG=0x3F
                 
                 	.DEF R0X0=R0
                 	.DEF R0X1=R1
                 	.DEF R0X2=R2
                 	.DEF R0X3=R3
                 	.DEF R0X4=R4
                 	.DEF R0X5=R5
                 	.DEF R0X6=R6
                 	.DEF R0X7=R7
                 	.DEF R0X8=R8
                 	.DEF R0X9=R9
                 	.DEF R0XA=R10
                 	.DEF R0XB=R11
                 	.DEF R0XC=R12
                 	.DEF R0XD=R13
                 	.DEF R0XE=R14
                 	.DEF R0XF=R15
                 	.DEF R0X10=R16
                 	.DEF R0X11=R17
                 	.DEF R0X12=R18
                 	.DEF R0X13=R19
                 	.DEF R0X14=R20
                 	.DEF R0X15=R21
                 	.DEF R0X16=R22
                 	.DEF R0X17=R23
                 	.DEF R0X18=R24
                 	.DEF R0X19=R25
                 	.DEF R0X1A=R26
                 	.DEF R0X1B=R27
                 	.DEF R0X1C=R28
                 	.DEF R0X1D=R29
                 	.DEF R0X1E=R30
                 	.DEF R0X1F=R31
                 
                 	.EQU __SRAM_START=0x0060
                 	.EQU __SRAM_END=0x085F
                 	.EQU __DSTACK_SIZE=0x0200
                 	.EQU __HEAP_SIZE=0x0000
                 	.EQU __CLEAR_SRAM_SIZE=__SRAM_END-__SRAM_START+1
                 
                 	.MACRO __CPD1N
                 	CPI  R30,LOW(@0)
                 	LDI  R26,HIGH(@0)
                 	CPC  R31,R26
                 	LDI  R26,BYTE3(@0)
                 	CPC  R22,R26
                 	LDI  R26,BYTE4(@0)
                 	CPC  R23,R26
                 	.ENDM
                 
                 	.MACRO __CPD2N
                 	CPI  R26,LOW(@0)
                 	LDI  R30,HIGH(@0)
                 	CPC  R27,R30
                 	LDI  R30,BYTE3(@0)
                 	CPC  R24,R30
                 	LDI  R30,BYTE4(@0)
                 	CPC  R25,R30
                 	.ENDM
                 
                 	.MACRO __CPWRR
                 	CP   R@0,R@2
                 	CPC  R@1,R@3
                 	.ENDM
                 
                 	.MACRO __CPWRN
                 	CPI  R@0,LOW(@2)
                 	LDI  R30,HIGH(@2)
                 	CPC  R@1,R30
                 	.ENDM
                 
                 	.MACRO __ADDB1MN
                 	SUBI R30,LOW(-@0-(@1))
                 	.ENDM
                 
                 	.MACRO __ADDB2MN
                 	SUBI R26,LOW(-@0-(@1))
                 	.ENDM
                 
                 	.MACRO __ADDW1MN
                 	SUBI R30,LOW(-@0-(@1))
                 	SBCI R31,HIGH(-@0-(@1))
                 	.ENDM
                 
                 	.MACRO __ADDW2MN
                 	SUBI R26,LOW(-@0-(@1))
                 	SBCI R27,HIGH(-@0-(@1))
                 	.ENDM
                 
                 	.MACRO __ADDW1FN
                 	SUBI R30,LOW(-2*@0-(@1))
                 	SBCI R31,HIGH(-2*@0-(@1))
                 	.ENDM
                 
                 	.MACRO __ADDD1FN
                 	SUBI R30,LOW(-2*@0-(@1))
                 	SBCI R31,HIGH(-2*@0-(@1))
                 	SBCI R22,BYTE3(-2*@0-(@1))
                 	.ENDM
                 
                 	.MACRO __ADDD1N
                 	SUBI R30,LOW(-@0)
                 	SBCI R31,HIGH(-@0)
                 	SBCI R22,BYTE3(-@0)
                 	SBCI R23,BYTE4(-@0)
                 	.ENDM
                 
                 	.MACRO __ADDD2N
                 	SUBI R26,LOW(-@0)
                 	SBCI R27,HIGH(-@0)
                 	SBCI R24,BYTE3(-@0)
                 	SBCI R25,BYTE4(-@0)
                 	.ENDM
                 
                 	.MACRO __SUBD1N
                 	SUBI R30,LOW(@0)
                 	SBCI R31,HIGH(@0)
                 	SBCI R22,BYTE3(@0)
                 	SBCI R23,BYTE4(@0)
                 	.ENDM
                 
                 	.MACRO __SUBD2N
                 	SUBI R26,LOW(@0)
                 	SBCI R27,HIGH(@0)
                 	SBCI R24,BYTE3(@0)
                 	SBCI R25,BYTE4(@0)
                 	.ENDM
                 
                 	.MACRO __ANDBMNN
                 	LDS  R30,@0+(@1)
                 	ANDI R30,LOW(@2)
                 	STS  @0+(@1),R30
                 	.ENDM
                 
                 	.MACRO __ANDWMNN
                 	LDS  R30,@0+(@1)
                 	ANDI R30,LOW(@2)
                 	STS  @0+(@1),R30
                 	LDS  R30,@0+(@1)+1
                 	ANDI R30,HIGH(@2)
                 	STS  @0+(@1)+1,R30
                 	.ENDM
                 
                 	.MACRO __ANDD1N
                 	ANDI R30,LOW(@0)
                 	ANDI R31,HIGH(@0)
                 	ANDI R22,BYTE3(@0)
                 	ANDI R23,BYTE4(@0)
                 	.ENDM
                 
                 	.MACRO __ANDD2N
                 	ANDI R26,LOW(@0)
                 	ANDI R27,HIGH(@0)
                 	ANDI R24,BYTE3(@0)
                 	ANDI R25,BYTE4(@0)
                 	.ENDM
                 
                 	.MACRO __ORBMNN
                 	LDS  R30,@0+(@1)
                 	ORI  R30,LOW(@2)
                 	STS  @0+(@1),R30
                 	.ENDM
                 
                 	.MACRO __ORWMNN
                 	LDS  R30,@0+(@1)
                 	ORI  R30,LOW(@2)
                 	STS  @0+(@1),R30
                 	LDS  R30,@0+(@1)+1
                 	ORI  R30,HIGH(@2)
                 	STS  @0+(@1)+1,R30
                 	.ENDM
                 
                 	.MACRO __ORD1N
                 	ORI  R30,LOW(@0)
                 	ORI  R31,HIGH(@0)
                 	ORI  R22,BYTE3(@0)
                 	ORI  R23,BYTE4(@0)
                 	.ENDM
                 
                 	.MACRO __ORD2N
                 	ORI  R26,LOW(@0)
                 	ORI  R27,HIGH(@0)
                 	ORI  R24,BYTE3(@0)
                 	ORI  R25,BYTE4(@0)
                 	.ENDM
                 
                 	.MACRO __DELAY_USB
                 	LDI  R24,LOW(@0)
                 __DELAY_USB_LOOP:
                 	DEC  R24
                 	BRNE __DELAY_USB_LOOP
                 	.ENDM
                 
                 	.MACRO __DELAY_USW
                 	LDI  R24,LOW(@0)
                 	LDI  R25,HIGH(@0)
                 __DELAY_USW_LOOP:
                 	SBIW R24,1
                 	BRNE __DELAY_USW_LOOP
                 	.ENDM
                 
                 	.MACRO __GETD1S
                 	LDD  R30,Y+@0
                 	LDD  R31,Y+@0+1
                 	LDD  R22,Y+@0+2
                 	LDD  R23,Y+@0+3
                 	.ENDM
                 
                 	.MACRO __GETD2S
                 	LDD  R26,Y+@0
                 	LDD  R27,Y+@0+1
                 	LDD  R24,Y+@0+2
                 	LDD  R25,Y+@0+3
                 	.ENDM
                 
                 	.MACRO __PUTD1S
                 	STD  Y+@0,R30
                 	STD  Y+@0+1,R31
                 	STD  Y+@0+2,R22
                 	STD  Y+@0+3,R23
                 	.ENDM
                 
                 	.MACRO __PUTD2S
                 	STD  Y+@0,R26
                 	STD  Y+@0+1,R27
                 	STD  Y+@0+2,R24
                 	STD  Y+@0+3,R25
                 	.ENDM
                 
                 	.MACRO __PUTDZ2
                 	STD  Z+@0,R26
                 	STD  Z+@0+1,R27
                 	STD  Z+@0+2,R24
                 	STD  Z+@0+3,R25
                 	.ENDM
                 
                 	.MACRO __CLRD1S
                 	STD  Y+@0,R30
                 	STD  Y+@0+1,R30
                 	STD  Y+@0+2,R30
                 	STD  Y+@0+3,R30
                 	.ENDM
                 
                 	.MACRO __POINTB1MN
                 	LDI  R30,LOW(@0+(@1))
                 	.ENDM
                 
                 	.MACRO __POINTW1MN
                 	LDI  R30,LOW(@0+(@1))
                 	LDI  R31,HIGH(@0+(@1))
                 	.ENDM
                 
                 	.MACRO __POINTD1M
                 	LDI  R30,LOW(@0)
                 	LDI  R31,HIGH(@0)
                 	LDI  R22,BYTE3(@0)
                 	LDI  R23,BYTE4(@0)
                 	.ENDM
                 
                 	.MACRO __POINTW1FN
                 	LDI  R30,LOW(2*@0+(@1))
                 	LDI  R31,HIGH(2*@0+(@1))
                 	.ENDM
                 
                 	.MACRO __POINTD1FN
                 	LDI  R30,LOW(2*@0+(@1))
                 	LDI  R31,HIGH(2*@0+(@1))
                 	LDI  R22,BYTE3(2*@0+(@1))
                 	LDI  R23,BYTE4(2*@0+(@1))
                 	.ENDM
                 
                 	.MACRO __POINTB2MN
                 	LDI  R26,LOW(@0+(@1))
                 	.ENDM
                 
                 	.MACRO __POINTW2MN
                 	LDI  R26,LOW(@0+(@1))
                 	LDI  R27,HIGH(@0+(@1))
                 	.ENDM
                 
                 	.MACRO __POINTW2FN
                 	LDI  R26,LOW(2*@0+(@1))
                 	LDI  R27,HIGH(2*@0+(@1))
                 	.ENDM
                 
                 	.MACRO __POINTD2FN
                 	LDI  R26,LOW(2*@0+(@1))
                 	LDI  R27,HIGH(2*@0+(@1))
                 	LDI  R24,BYTE3(2*@0+(@1))
                 	LDI  R25,BYTE4(2*@0+(@1))
                 	.ENDM
                 
                 	.MACRO __POINTBRM
                 	LDI  R@0,LOW(@1)
                 	.ENDM
                 
                 	.MACRO __POINTWRM
                 	LDI  R@0,LOW(@2)
                 	LDI  R@1,HIGH(@2)
                 	.ENDM
                 
                 	.MACRO __POINTBRMN
                 	LDI  R@0,LOW(@1+(@2))
                 	.ENDM
                 
                 	.MACRO __POINTWRMN
                 	LDI  R@0,LOW(@2+(@3))
                 	LDI  R@1,HIGH(@2+(@3))
                 	.ENDM
                 
                 	.MACRO __POINTWRFN
                 	LDI  R@0,LOW(@2*2+(@3))
                 	LDI  R@1,HIGH(@2*2+(@3))
                 	.ENDM
                 
                 	.MACRO __GETD1N
                 	LDI  R30,LOW(@0)
                 	LDI  R31,HIGH(@0)
                 	LDI  R22,BYTE3(@0)
                 	LDI  R23,BYTE4(@0)
                 	.ENDM
                 
                 	.MACRO __GETD2N
                 	LDI  R26,LOW(@0)
                 	LDI  R27,HIGH(@0)
                 	LDI  R24,BYTE3(@0)
                 	LDI  R25,BYTE4(@0)
                 	.ENDM
                 
                 	.MACRO __GETB1MN
                 	LDS  R30,@0+(@1)
                 	.ENDM
                 
                 	.MACRO __GETB1HMN
                 	LDS  R31,@0+(@1)
                 	.ENDM
                 
                 	.MACRO __GETW1MN
                 	LDS  R30,@0+(@1)
                 	LDS  R31,@0+(@1)+1
                 	.ENDM
                 
                 	.MACRO __GETD1MN
                 	LDS  R30,@0+(@1)
                 	LDS  R31,@0+(@1)+1
                 	LDS  R22,@0+(@1)+2
                 	LDS  R23,@0+(@1)+3
                 	.ENDM
                 
                 	.MACRO __GETBRMN
                 	LDS  R@0,@1+(@2)
                 	.ENDM
                 
                 	.MACRO __GETWRMN
                 	LDS  R@0,@2+(@3)
                 	LDS  R@1,@2+(@3)+1
                 	.ENDM
                 
                 	.MACRO __GETWRZ
                 	LDD  R@0,Z+@2
                 	LDD  R@1,Z+@2+1
                 	.ENDM
                 
                 	.MACRO __GETD2Z
                 	LDD  R26,Z+@0
                 	LDD  R27,Z+@0+1
                 	LDD  R24,Z+@0+2
                 	LDD  R25,Z+@0+3
                 	.ENDM
                 
                 	.MACRO __GETB2MN
                 	LDS  R26,@0+(@1)
                 	.ENDM
                 
                 	.MACRO __GETW2MN
                 	LDS  R26,@0+(@1)
                 	LDS  R27,@0+(@1)+1
                 	.ENDM
                 
                 	.MACRO __GETD2MN
                 	LDS  R26,@0+(@1)
                 	LDS  R27,@0+(@1)+1
                 	LDS  R24,@0+(@1)+2
                 	LDS  R25,@0+(@1)+3
                 	.ENDM
                 
                 	.MACRO __PUTB1MN
                 	STS  @0+(@1),R30
                 	.ENDM
                 
                 	.MACRO __PUTW1MN
                 	STS  @0+(@1),R30
                 	STS  @0+(@1)+1,R31
                 	.ENDM
                 
                 	.MACRO __PUTD1MN
                 	STS  @0+(@1),R30
                 	STS  @0+(@1)+1,R31
                 	STS  @0+(@1)+2,R22
                 	STS  @0+(@1)+3,R23
                 	.ENDM
                 
                 	.MACRO __PUTB1EN
                 	LDI  R26,LOW(@0+(@1))
                 	LDI  R27,HIGH(@0+(@1))
                 	CALL __EEPROMWRB
                 	.ENDM
                 
                 	.MACRO __PUTW1EN
                 	LDI  R26,LOW(@0+(@1))
                 	LDI  R27,HIGH(@0+(@1))
                 	CALL __EEPROMWRW
                 	.ENDM
                 
                 	.MACRO __PUTD1EN
                 	LDI  R26,LOW(@0+(@1))
                 	LDI  R27,HIGH(@0+(@1))
                 	CALL __EEPROMWRD
                 	.ENDM
                 
                 	.MACRO __PUTBR0MN
                 	STS  @0+(@1),R0
                 	.ENDM
                 
                 	.MACRO __PUTBMRN
                 	STS  @0+(@1),R@2
                 	.ENDM
                 
                 	.MACRO __PUTWMRN
                 	STS  @0+(@1),R@2
                 	STS  @0+(@1)+1,R@3
                 	.ENDM
                 
                 	.MACRO __PUTBZR
                 	STD  Z+@1,R@0
                 	.ENDM
                 
                 	.MACRO __PUTWZR
                 	STD  Z+@2,R@0
                 	STD  Z+@2+1,R@1
                 	.ENDM
                 
                 	.MACRO __GETW1R
                 	MOV  R30,R@0
                 	MOV  R31,R@1
                 	.ENDM
                 
                 	.MACRO __GETW2R
                 	MOV  R26,R@0
                 	MOV  R27,R@1
                 	.ENDM
                 
                 	.MACRO __GETWRN
                 	LDI  R@0,LOW(@2)
                 	LDI  R@1,HIGH(@2)
                 	.ENDM
                 
                 	.MACRO __PUTW1R
                 	MOV  R@0,R30
                 	MOV  R@1,R31
                 	.ENDM
                 
                 	.MACRO __PUTW2R
                 	MOV  R@0,R26
                 	MOV  R@1,R27
                 	.ENDM
                 
                 	.MACRO __ADDWRN
                 	SUBI R@0,LOW(-@2)
                 	SBCI R@1,HIGH(-@2)
                 	.ENDM
                 
                 	.MACRO __ADDWRR
                 	ADD  R@0,R@2
                 	ADC  R@1,R@3
                 	.ENDM
                 
                 	.MACRO __SUBWRN
                 	SUBI R@0,LOW(@2)
                 	SBCI R@1,HIGH(@2)
                 	.ENDM
                 
                 	.MACRO __SUBWRR
                 	SUB  R@0,R@2
                 	SBC  R@1,R@3
                 	.ENDM
                 
                 	.MACRO __ANDWRN
                 	ANDI R@0,LOW(@2)
                 	ANDI R@1,HIGH(@2)
                 	.ENDM
                 
                 	.MACRO __ANDWRR
                 	AND  R@0,R@2
                 	AND  R@1,R@3
                 	.ENDM
                 
                 	.MACRO __ORWRN
                 	ORI  R@0,LOW(@2)
                 	ORI  R@1,HIGH(@2)
                 	.ENDM
                 
                 	.MACRO __ORWRR
                 	OR   R@0,R@2
                 	OR   R@1,R@3
                 	.ENDM
                 
                 	.MACRO __EORWRR
                 	EOR  R@0,R@2
                 	EOR  R@1,R@3
                 	.ENDM
                 
                 	.MACRO __GETWRS
                 	LDD  R@0,Y+@2
                 	LDD  R@1,Y+@2+1
                 	.ENDM
                 
                 	.MACRO __PUTBSR
                 	STD  Y+@1,R@0
                 	.ENDM
                 
                 	.MACRO __PUTWSR
                 	STD  Y+@2,R@0
                 	STD  Y+@2+1,R@1
                 	.ENDM
                 
                 	.MACRO __MOVEWRR
                 	MOV  R@0,R@2
                 	MOV  R@1,R@3
                 	.ENDM
                 
                 	.MACRO __INWR
                 	IN   R@0,@2
                 	IN   R@1,@2+1
                 	.ENDM
                 
                 	.MACRO __OUTWR
                 	OUT  @2+1,R@1
                 	OUT  @2,R@0
                 	.ENDM
                 
                 	.MACRO __CALL1MN
                 	LDS  R30,@0+(@1)
                 	LDS  R31,@0+(@1)+1
                 	ICALL
                 	.ENDM
                 
                 	.MACRO __CALL1FN
                 	LDI  R30,LOW(2*@0+(@1))
                 	LDI  R31,HIGH(2*@0+(@1))
                 	CALL __GETW1PF
                 	ICALL
                 	.ENDM
                 
                 	.MACRO __CALL2EN
                 	PUSH R26
                 	PUSH R27
                 	LDI  R26,LOW(@0+(@1))
                 	LDI  R27,HIGH(@0+(@1))
                 	CALL __EEPROMRDW
                 	POP  R27
                 	POP  R26
                 	ICALL
                 	.ENDM
                 
                 	.MACRO __CALL2EX
                 	SUBI R26,LOW(-@0)
                 	SBCI R27,HIGH(-@0)
                 	CALL __EEPROMRDD
                 	ICALL
                 	.ENDM
                 
                 	.MACRO __GETW1STACK
                 	IN   R30,SPL
                 	IN   R31,SPH
                 	ADIW R30,@0+1
                 	LD   R0,Z+
                 	LD   R31,Z
                 	MOV  R30,R0
                 	.ENDM
                 
                 	.MACRO __GETD1STACK
                 	IN   R30,SPL
                 	IN   R31,SPH
                 	ADIW R30,@0+1
                 	LD   R0,Z+
                 	LD   R1,Z+
                 	LD   R22,Z
                 	MOVW R30,R0
                 	.ENDM
                 
                 	.MACRO __NBST
                 	BST  R@0,@1
                 	IN   R30,SREG
                 	LDI  R31,0x40
                 	EOR  R30,R31
                 	OUT  SREG,R30
                 	.ENDM
                 
                 
                 	.MACRO __PUTB1SN
                 	LDD  R26,Y+@0
                 	LDD  R27,Y+@0+1
                 	SUBI R26,LOW(-@1)
                 	SBCI R27,HIGH(-@1)
                 	ST   X,R30
                 	.ENDM
                 
                 	.MACRO __PUTW1SN
                 	LDD  R26,Y+@0
                 	LDD  R27,Y+@0+1
                 	SUBI R26,LOW(-@1)
                 	SBCI R27,HIGH(-@1)
                 	ST   X+,R30
                 	ST   X,R31
                 	.ENDM
                 
                 	.MACRO __PUTD1SN
                 	LDD  R26,Y+@0
                 	LDD  R27,Y+@0+1
                 	SUBI R26,LOW(-@1)
                 	SBCI R27,HIGH(-@1)
                 	CALL __PUTDP1
                 	.ENDM
                 
                 	.MACRO __PUTB1SNS
                 	LDD  R26,Y+@0
                 	LDD  R27,Y+@0+1
                 	ADIW R26,@1
                 	ST   X,R30
                 	.ENDM
                 
                 	.MACRO __PUTW1SNS
                 	LDD  R26,Y+@0
                 	LDD  R27,Y+@0+1
                 	ADIW R26,@1
                 	ST   X+,R30
                 	ST   X,R31
                 	.ENDM
                 
                 	.MACRO __PUTD1SNS
                 	LDD  R26,Y+@0
                 	LDD  R27,Y+@0+1
                 	ADIW R26,@1
                 	CALL __PUTDP1
                 	.ENDM
                 
                 	.MACRO __PUTB1PMN
                 	LDS  R26,@0
                 	LDS  R27,@0+1
                 	SUBI R26,LOW(-@1)
                 	SBCI R27,HIGH(-@1)
                 	ST   X,R30
                 	.ENDM
                 
                 	.MACRO __PUTW1PMN
                 	LDS  R26,@0
                 	LDS  R27,@0+1
                 	SUBI R26,LOW(-@1)
                 	SBCI R27,HIGH(-@1)
                 	ST   X+,R30
                 	ST   X,R31
                 	.ENDM
                 
                 	.MACRO __PUTD1PMN
                 	LDS  R26,@0
                 	LDS  R27,@0+1
                 	SUBI R26,LOW(-@1)
                 	SBCI R27,HIGH(-@1)
                 	CALL __PUTDP1
                 	.ENDM
                 
                 	.MACRO __PUTB1PMNS
                 	LDS  R26,@0
                 	LDS  R27,@0+1
                 	ADIW R26,@1
                 	ST   X,R30
                 	.ENDM
                 
                 	.MACRO __PUTW1PMNS
                 	LDS  R26,@0
                 	LDS  R27,@0+1
                 	ADIW R26,@1
                 	ST   X+,R30
                 	ST   X,R31
                 	.ENDM
                 
                 	.MACRO __PUTD1PMNS
                 	LDS  R26,@0
                 	LDS  R27,@0+1
                 	ADIW R26,@1
                 	CALL __PUTDP1
                 	.ENDM
                 
                 	.MACRO __PUTB1RN
                 	MOVW R26,R@0
                 	SUBI R26,LOW(-@1)
                 	SBCI R27,HIGH(-@1)
                 	ST   X,R30
                 	.ENDM
                 
                 	.MACRO __PUTW1RN
                 	MOVW R26,R@0
                 	SUBI R26,LOW(-@1)
                 	SBCI R27,HIGH(-@1)
                 	ST   X+,R30
                 	ST   X,R31
                 	.ENDM
                 
                 	.MACRO __PUTD1RN
                 	MOVW R26,R@0
                 	SUBI R26,LOW(-@1)
                 	SBCI R27,HIGH(-@1)
                 	CALL __PUTDP1
                 	.ENDM
                 
                 	.MACRO __PUTB1RNS
                 	MOVW R26,R@0
                 	ADIW R26,@1
                 	ST   X,R30
                 	.ENDM
                 
                 	.MACRO __PUTW1RNS
                 	MOVW R26,R@0
                 	ADIW R26,@1
                 	ST   X+,R30
                 	ST   X,R31
                 	.ENDM
                 
                 	.MACRO __PUTD1RNS
                 	MOVW R26,R@0
                 	ADIW R26,@1
                 	CALL __PUTDP1
                 	.ENDM
                 
                 	.MACRO __PUTB1RON
                 	MOV  R26,R@0
                 	MOV  R27,R@1
                 	SUBI R26,LOW(-@2)
                 	SBCI R27,HIGH(-@2)
                 	ST   X,R30
                 	.ENDM
                 
                 	.MACRO __PUTW1RON
                 	MOV  R26,R@0
                 	MOV  R27,R@1
                 	SUBI R26,LOW(-@2)
                 	SBCI R27,HIGH(-@2)
                 	ST   X+,R30
                 	ST   X,R31
                 	.ENDM
                 
                 	.MACRO __PUTD1RON
                 	MOV  R26,R@0
                 	MOV  R27,R@1
                 	SUBI R26,LOW(-@2)
                 	SBCI R27,HIGH(-@2)
                 	CALL __PUTDP1
                 	.ENDM
                 
                 	.MACRO __PUTB1RONS
                 	MOV  R26,R@0
                 	MOV  R27,R@1
                 	ADIW R26,@2
                 	ST   X,R30
                 	.ENDM
                 
                 	.MACRO __PUTW1RONS
                 	MOV  R26,R@0
                 	MOV  R27,R@1
                 	ADIW R26,@2
                 	ST   X+,R30
                 	ST   X,R31
                 	.ENDM
                 
                 	.MACRO __PUTD1RONS
                 	MOV  R26,R@0
                 	MOV  R27,R@1
                 	ADIW R26,@2
                 	CALL __PUTDP1
                 	.ENDM
                 
                 
                 	.MACRO __GETB1SX
                 	MOVW R30,R28
                 	SUBI R30,LOW(-@0)
                 	SBCI R31,HIGH(-@0)
                 	LD   R30,Z
                 	.ENDM
                 
                 	.MACRO __GETB1HSX
                 	MOVW R30,R28
                 	SUBI R30,LOW(-@0)
                 	SBCI R31,HIGH(-@0)
                 	LD   R31,Z
                 	.ENDM
                 
                 	.MACRO __GETW1SX
                 	MOVW R30,R28
                 	SUBI R30,LOW(-@0)
                 	SBCI R31,HIGH(-@0)
                 	LD   R0,Z+
                 	LD   R31,Z
                 	MOV  R30,R0
                 	.ENDM
                 
                 	.MACRO __GETD1SX
                 	MOVW R30,R28
                 	SUBI R30,LOW(-@0)
                 	SBCI R31,HIGH(-@0)
                 	LD   R0,Z+
                 	LD   R1,Z+
                 	LD   R22,Z+
                 	LD   R23,Z
                 	MOVW R30,R0
                 	.ENDM
                 
                 	.MACRO __GETB2SX
                 	MOVW R26,R28
                 	SUBI R26,LOW(-@0)
                 	SBCI R27,HIGH(-@0)
                 	LD   R26,X
                 	.ENDM
                 
                 	.MACRO __GETW2SX
                 	MOVW R26,R28
                 	SUBI R26,LOW(-@0)
                 	SBCI R27,HIGH(-@0)
                 	LD   R0,X+
                 	LD   R27,X
                 	MOV  R26,R0
                 	.ENDM
                 
                 	.MACRO __GETD2SX
                 	MOVW R26,R28
                 	SUBI R26,LOW(-@0)
                 	SBCI R27,HIGH(-@0)
                 	LD   R0,X+
                 	LD   R1,X+
                 	LD   R24,X+
                 	LD   R25,X
                 	MOVW R26,R0
                 	.ENDM
                 
                 	.MACRO __GETBRSX
                 	MOVW R30,R28
                 	SUBI R30,LOW(-@1)
                 	SBCI R31,HIGH(-@1)
                 	LD   R@0,Z
                 	.ENDM
                 
                 	.MACRO __GETWRSX
                 	MOVW R30,R28
                 	SUBI R30,LOW(-@2)
                 	SBCI R31,HIGH(-@2)
                 	LD   R@0,Z+
                 	LD   R@1,Z
                 	.ENDM
                 
                 	.MACRO __GETBRSX2
                 	MOVW R26,R28
                 	SUBI R26,LOW(-@1)
                 	SBCI R27,HIGH(-@1)
                 	LD   R@0,X
                 	.ENDM
                 
                 	.MACRO __GETWRSX2
                 	MOVW R26,R28
                 	SUBI R26,LOW(-@2)
                 	SBCI R27,HIGH(-@2)
                 	LD   R@0,X+
                 	LD   R@1,X
                 	.ENDM
                 
                 	.MACRO __LSLW8SX
                 	MOVW R30,R28
                 	SUBI R30,LOW(-@0)
                 	SBCI R31,HIGH(-@0)
                 	LD   R31,Z
                 	CLR  R30
                 	.ENDM
                 
                 	.MACRO __PUTB1SX
                 	MOVW R26,R28
                 	SUBI R26,LOW(-@0)
                 	SBCI R27,HIGH(-@0)
                 	ST   X,R30
                 	.ENDM
                 
                 	.MACRO __PUTW1SX
                 	MOVW R26,R28
                 	SUBI R26,LOW(-@0)
                 	SBCI R27,HIGH(-@0)
                 	ST   X+,R30
                 	ST   X,R31
                 	.ENDM
                 
                 	.MACRO __PUTD1SX
                 	MOVW R26,R28
                 	SUBI R26,LOW(-@0)
                 	SBCI R27,HIGH(-@0)
                 	ST   X+,R30
                 	ST   X+,R31
                 	ST   X+,R22
                 	ST   X,R23
                 	.ENDM
                 
                 	.MACRO __CLRW1SX
                 	MOVW R26,R28
                 	SUBI R26,LOW(-@0)
                 	SBCI R27,HIGH(-@0)
                 	ST   X+,R30
                 	ST   X,R30
                 	.ENDM
                 
                 	.MACRO __CLRD1SX
                 	MOVW R26,R28
                 	SUBI R26,LOW(-@0)
                 	SBCI R27,HIGH(-@0)
                 	ST   X+,R30
                 	ST   X+,R30
                 	ST   X+,R30
                 	ST   X,R30
                 	.ENDM
                 
                 	.MACRO __PUTB2SX
                 	MOVW R30,R28
                 	SUBI R30,LOW(-@0)
                 	SBCI R31,HIGH(-@0)
                 	ST   Z,R26
                 	.ENDM
                 
                 	.MACRO __PUTW2SX
                 	MOVW R30,R28
                 	SUBI R30,LOW(-@0)
                 	SBCI R31,HIGH(-@0)
                 	ST   Z+,R26
                 	ST   Z,R27
                 	.ENDM
                 
                 	.MACRO __PUTD2SX
                 	MOVW R30,R28
                 	SUBI R30,LOW(-@0)
                 	SBCI R31,HIGH(-@0)
                 	ST   Z+,R26
                 	ST   Z+,R27
                 	ST   Z+,R24
                 	ST   Z,R25
                 	.ENDM
                 
                 	.MACRO __PUTBSRX
                 	MOVW R30,R28
                 	SUBI R30,LOW(-@1)
                 	SBCI R31,HIGH(-@1)
                 	ST   Z,R@0
                 	.ENDM
                 
                 	.MACRO __PUTWSRX
                 	MOVW R30,R28
                 	SUBI R30,LOW(-@2)
                 	SBCI R31,HIGH(-@2)
                 	ST   Z+,R@0
                 	ST   Z,R@1
                 	.ENDM
                 
                 	.MACRO __PUTB1SNX
                 	MOVW R26,R28
                 	SUBI R26,LOW(-@0)
                 	SBCI R27,HIGH(-@0)
                 	LD   R0,X+
                 	LD   R27,X
                 	MOV  R26,R0
                 	SUBI R26,LOW(-@1)
                 	SBCI R27,HIGH(-@1)
                 	ST   X,R30
                 	.ENDM
                 
                 	.MACRO __PUTW1SNX
                 	MOVW R26,R28
                 	SUBI R26,LOW(-@0)
                 	SBCI R27,HIGH(-@0)
                 	LD   R0,X+
                 	LD   R27,X
                 	MOV  R26,R0
                 	SUBI R26,LOW(-@1)
                 	SBCI R27,HIGH(-@1)
                 	ST   X+,R30
                 	ST   X,R31
                 	.ENDM
                 
                 	.MACRO __PUTD1SNX
                 	MOVW R26,R28
                 	SUBI R26,LOW(-@0)
                 	SBCI R27,HIGH(-@0)
                 	LD   R0,X+
                 	LD   R27,X
                 	MOV  R26,R0
                 	SUBI R26,LOW(-@1)
                 	SBCI R27,HIGH(-@1)
                 	ST   X+,R30
                 	ST   X+,R31
                 	ST   X+,R22
                 	ST   X,R23
                 	.ENDM
                 
                 	.MACRO __MULBRR
                 	MULS R@0,R@1
                 	MOVW R30,R0
                 	.ENDM
                 
                 	.MACRO __MULBRRU
                 	MUL  R@0,R@1
                 	MOVW R30,R0
                 	.ENDM
                 
                 	.MACRO __MULBRR0
                 	MULS R@0,R@1
                 	.ENDM
                 
                 	.MACRO __MULBRRU0
                 	MUL  R@0,R@1
                 	.ENDM
                 
                 	.MACRO __MULBNWRU
                 	LDI  R26,@2
                 	MUL  R26,R@0
                 	MOVW R30,R0
                 	MUL  R26,R@1
                 	ADD  R31,R0
                 	.ENDM
                 
                 ;NAME DEFINITIONS FOR GLOBAL VARIABLES ALLOCATED TO REGISTERS
                 	.DEF _x=R4
                 	.DEF _x_msb=R5
                 	.DEF __lcd_x=R7
                 	.DEF __lcd_y=R6
                 	.DEF __lcd_maxx=R9
                 
                 	.CSEG
                 	.ORG 0x00
                 
                 ;START OF CODE MARKER
                 __START_OF_CODE:
                 
                 ;INTERRUPT VECTORS
000000 940c 0041 	JMP  __RESET
000002 940c 0000 	JMP  0x00
000004 940c 0000 	JMP  0x00
000006 940c 0000 	JMP  0x00
000008 940c 0000 	JMP  0x00
00000a 940c 0000 	JMP  0x00
00000c 940c 0000 	JMP  0x00
00000e 940c 0000 	JMP  0x00
000010 940c 0000 	JMP  0x00
000012 940c 0000 	JMP  0x00
000014 940c 0000 	JMP  0x00
000016 940c 0000 	JMP  0x00
000018 940c 006e 	JMP  _spi_isr
00001a 940c 0000 	JMP  0x00
00001c 940c 0000 	JMP  0x00
00001e 940c 0000 	JMP  0x00
000020 940c 0000 	JMP  0x00
000022 940c 0000 	JMP  0x00
000024 940c 0000 	JMP  0x00
000026 940c 0000 	JMP  0x00
000028 940c 0000 	JMP  0x00
                 
                 _tbl10_G100:
00002a 2710
00002b 03e8
00002c 0064
00002d 000a      	.DB  0x10,0x27,0xE8,0x3,0x64,0x0,0xA,0x0
00002e 0001      	.DB  0x1,0x0
                 _tbl16_G100:
00002f 1000
000030 0100
000031 0010
000032 0001      	.DB  0x0,0x10,0x0,0x1,0x10,0x0,0x1,0x0
                 
                 ;GLOBAL REGISTER VARIABLES INITIALIZATION
                 __REG_VARS:
000033 0000      	.DB  0x0,0x0
                 
                 _0x0:
000034 2500
000035 0064      	.DB  0x0,0x25,0x64,0x0
                 _0x2020003:
000036 c080      	.DB  0x80,0xC0
                 
                 __GLOBAL_INI_TBL:
000037 0002      	.DW  0x02
000038 0004      	.DW  0x04
000039 0066      	.DW  __REG_VARS*2
                 
00003a 0001      	.DW  0x01
00003b 0260      	.DW  _0x3
00003c 0068      	.DW  _0x0*2
                 
00003d 0002      	.DW  0x02
00003e 0261      	.DW  __base_y_G101
00003f 006c      	.DW  _0x2020003*2
                 
                 _0xFFFFFFFF:
000040 0000      	.DW  0
                 
                 #define __GLOBAL_INI_TBL_PRESENT 1
                 
                 __RESET:
000041 94f8      	CLI
000042 27ee      	CLR  R30
000043 bbec      	OUT  EECR,R30
                 
                 ;INTERRUPT VECTORS ARE PLACED
                 ;AT THE START OF FLASH
000044 e0f1      	LDI  R31,1
000045 bffb      	OUT  GICR,R31
000046 bfeb      	OUT  GICR,R30
000047 bfe5      	OUT  MCUCR,R30
                 
                 ;CLEAR R2-R14
000048 e08d      	LDI  R24,(14-2)+1
000049 e0a2      	LDI  R26,2
00004a 27bb      	CLR  R27
                 __CLEAR_REG:
00004b 93ed      	ST   X+,R30
00004c 958a      	DEC  R24
00004d f7e9      	BRNE __CLEAR_REG
                 
                 ;CLEAR SRAM
00004e e080      	LDI  R24,LOW(__CLEAR_SRAM_SIZE)
00004f e098      	LDI  R25,HIGH(__CLEAR_SRAM_SIZE)
000050 e6a0      	LDI  R26,__SRAM_START
                 __CLEAR_SRAM:
000051 93ed      	ST   X+,R30
000052 9701      	SBIW R24,1
000053 f7e9      	BRNE __CLEAR_SRAM
                 
                 ;GLOBAL VARIABLES INITIALIZATION
000054 e6ee      	LDI  R30,LOW(__GLOBAL_INI_TBL*2)
000055 e0f0      	LDI  R31,HIGH(__GLOBAL_INI_TBL*2)
                 __GLOBAL_INI_NEXT:
000056 9185      	LPM  R24,Z+
000057 9195      	LPM  R25,Z+
000058 9700      	SBIW R24,0
000059 f061      	BREQ __GLOBAL_INI_END
00005a 91a5      	LPM  R26,Z+
00005b 91b5      	LPM  R27,Z+
00005c 9005      	LPM  R0,Z+
00005d 9015      	LPM  R1,Z+
00005e 01bf      	MOVW R22,R30
00005f 01f0      	MOVW R30,R0
                 __GLOBAL_INI_LOOP:
000060 9005      	LPM  R0,Z+
000061 920d      	ST   X+,R0
000062 9701      	SBIW R24,1
000063 f7e1      	BRNE __GLOBAL_INI_LOOP
000064 01fb      	MOVW R30,R22
000065 cff0      	RJMP __GLOBAL_INI_NEXT
                 __GLOBAL_INI_END:
                 
                 ;HARDWARE STACK POINTER INITIALIZATION
000066 e5ef      	LDI  R30,LOW(__SRAM_END-__HEAP_SIZE)
000067 bfed      	OUT  SPL,R30
000068 e0e8      	LDI  R30,HIGH(__SRAM_END-__HEAP_SIZE)
000069 bfee      	OUT  SPH,R30
                 
                 ;DATA STACK POINTER INITIALIZATION
00006a e6c0      	LDI  R28,LOW(__SRAM_START+__DSTACK_SIZE)
00006b e0d2      	LDI  R29,HIGH(__SRAM_START+__DSTACK_SIZE)
                 
00006c 940c 00f1 	JMP  _main
                 
                 	.ESEG
                 	.ORG 0
                 
                 	.DSEG
                 	.ORG 0x260
                 
                 	.CSEG
                 ;/*******************************************************
                 ;This program was created by the
                 ;CodeWizardAVR V3.12 Advanced
                 ;Automatic Program Generator
                 ;© Copyright 1998-2014 Pavel Haiduc, HP InfoTech str.r.l.
                 ;http://www.hpinfotech.com
                 ;
                 ;Project :
                 ;Version :
                 ;Date    : 2019/07/02
                 ;Author  :
                 ;Company :
                 ;Comments:
                 ;
                 ;
                 ;Chip type               : ATmega32
                 ;Program type            : Application
                 ;AVR Core Clock frequency: 8.000000 MHz
                 ;Memory model            : Small
                 ;External RAM size       : 0
                 ;Data Stack size         : 512
                 ;*******************************************************/
                 ;
                 ;#include <mega32.h>
                 	#ifndef __SLEEP_DEFINED__
                 	#define __SLEEP_DEFINED__
                 	.EQU __se_bit=0x80
                 	.EQU __sm_mask=0x70
                 	.EQU __sm_powerdown=0x20
                 	.EQU __sm_powersave=0x30
                 	.EQU __sm_standby=0x60
                 	.EQU __sm_ext_standby=0x70
                 	.EQU __sm_adc_noise_red=0x10
                 	.SET power_ctrl_reg=mcucr
                 	#endif
                 ;#include <stdio.h>
                 ;
                 ;// Alphanumeric LCD functions
                 ;#include <alcd.h>
                 ;
                 ;// Declare your global variables here
                 ;int x = 0 ;
                 ;
                 ;
                 ;// SPI interrupt service routine
                 ;interrupt [SPI_STC] void spi_isr(void)
                 ; 0000 0024 {
                 
                 	.CSEG
                 _spi_isr:
                 ; .FSTART _spi_isr
00006e 920a      	ST   -Y,R0
00006f 921a      	ST   -Y,R1
000070 92fa      	ST   -Y,R15
000071 936a      	ST   -Y,R22
000072 937a      	ST   -Y,R23
000073 938a      	ST   -Y,R24
000074 939a      	ST   -Y,R25
000075 93aa      	ST   -Y,R26
000076 93ba      	ST   -Y,R27
000077 93ea      	ST   -Y,R30
000078 93fa      	ST   -Y,R31
000079 b7ef      	IN   R30,SREG
00007a 93ea      	ST   -Y,R30
                 ; 0000 0025 
                 ; 0000 0026 char * str =  "";
                 ; 0000 0027 unsigned char data;
                 ; 0000 0028 data=SPDR;
00007b 940e 03fa 	CALL __SAVELOCR4
                 ;	*str -> R16,R17
                 ;	data -> R19
                +
00007d e600     +LDI R16 , LOW ( _0x3 + ( 0 ) )
00007e e012     +LDI R17 , HIGH ( _0x3 + ( 0 ) )
                 	__POINTWRMN 16,17,_0x3,0
00007f b13f      	IN   R19,15
                 ; 0000 0029 // Place your code here
                 ; 0000 002A 
                 ; 0000 002B 
                 ; 0000 002C 	switch (data){
000080 2fe3      	MOV  R30,R19
000081 e0f0      	LDI  R31,0
                 ; 0000 002D 
                 ; 0000 002E 			case 0x0A :
000082 30ea      	CPI  R30,LOW(0xA)
000083 e0a0      	LDI  R26,HIGH(0xA)
000084 07fa      	CPC  R31,R26
000085 f411      	BRNE _0x7
                 ; 0000 002F 				OCR0 = 255;
000086 efef      	LDI  R30,LOW(255)
000087 c039      	RJMP _0x16
                 ; 0000 0030 				x = (OCR0 *100) /255 ;
                 ; 0000 0031 				break ;
                 ; 0000 0032 
                 ; 0000 0033 			case 0x09 :
                 _0x7:
000088 30e9      	CPI  R30,LOW(0x9)
000089 e0a0      	LDI  R26,HIGH(0x9)
00008a 07fa      	CPC  R31,R26
00008b f411      	BRNE _0x8
                 ; 0000 0034 				OCR0 = 230;
00008c eee6      	LDI  R30,LOW(230)
00008d c033      	RJMP _0x16
                 ; 0000 0035 				x = (OCR0 *100) /255;
                 ; 0000 0036 			break ;
                 ; 0000 0037 
                 ; 0000 0038 			case 0x08 :
                 _0x8:
00008e 30e8      	CPI  R30,LOW(0x8)
00008f e0a0      	LDI  R26,HIGH(0x8)
000090 07fa      	CPC  R31,R26
000091 f411      	BRNE _0x9
                 ; 0000 0039 				OCR0 = 205;
000092 eced      	LDI  R30,LOW(205)
000093 c02d      	RJMP _0x16
                 ; 0000 003A 				x = (OCR0 *100)  /255;
                 ; 0000 003B 			break ;
                 ; 0000 003C 
                 ; 0000 003D 			case 0x07 :
                 _0x9:
000094 30e7      	CPI  R30,LOW(0x7)
000095 e0a0      	LDI  R26,HIGH(0x7)
000096 07fa      	CPC  R31,R26
000097 f411      	BRNE _0xA
                 ; 0000 003E 			    OCR0 = 180;
000098 ebe4      	LDI  R30,LOW(180)
000099 c027      	RJMP _0x16
                 ; 0000 003F 				x = (OCR0 *100)  /255;
                 ; 0000 0040 			break ;
                 ; 0000 0041 
                 ; 0000 0042 			case 0x06 :
                 _0xA:
00009a 30e6      	CPI  R30,LOW(0x6)
00009b e0a0      	LDI  R26,HIGH(0x6)
00009c 07fa      	CPC  R31,R26
00009d f411      	BRNE _0xB
                 ; 0000 0043 				OCR0 = 155;
00009e e9eb      	LDI  R30,LOW(155)
00009f c021      	RJMP _0x16
                 ; 0000 0044 				x = (OCR0 *100)  /255;
                 ; 0000 0045 			break ;
                 ; 0000 0046 
                 ; 0000 0047 			case 0x05 :
                 _0xB:
0000a0 30e5      	CPI  R30,LOW(0x5)
0000a1 e0a0      	LDI  R26,HIGH(0x5)
0000a2 07fa      	CPC  R31,R26
0000a3 f411      	BRNE _0xC
                 ; 0000 0048 				OCR0 = 130;
0000a4 e8e2      	LDI  R30,LOW(130)
0000a5 c01b      	RJMP _0x16
                 ; 0000 0049 				x = (OCR0 *100)  /255;
                 ; 0000 004A 			break ;
                 ; 0000 004B 
                 ; 0000 004C 			case 0x04 :
                 _0xC:
0000a6 30e4      	CPI  R30,LOW(0x4)
0000a7 e0a0      	LDI  R26,HIGH(0x4)
0000a8 07fa      	CPC  R31,R26
0000a9 f411      	BRNE _0xD
                 ; 0000 004D 				OCR0 = 105;
0000aa e6e9      	LDI  R30,LOW(105)
0000ab c015      	RJMP _0x16
                 ; 0000 004E 				x = (OCR0 *100)  /255;
                 ; 0000 004F 			break ;
                 ; 0000 0050 
                 ; 0000 0051 			case 0x03 :
                 _0xD:
0000ac 30e3      	CPI  R30,LOW(0x3)
0000ad e0a0      	LDI  R26,HIGH(0x3)
0000ae 07fa      	CPC  R31,R26
0000af f411      	BRNE _0xE
                 ; 0000 0052 				OCR0 = 80;
0000b0 e5e0      	LDI  R30,LOW(80)
0000b1 c00f      	RJMP _0x16
                 ; 0000 0053 				x = (OCR0 *100)  /255;
                 ; 0000 0054 			break ;
                 ; 0000 0055 
                 ; 0000 0056 			case 0x02 :
                 _0xE:
0000b2 30e2      	CPI  R30,LOW(0x2)
0000b3 e0a0      	LDI  R26,HIGH(0x2)
0000b4 07fa      	CPC  R31,R26
0000b5 f411      	BRNE _0xF
                 ; 0000 0057 				OCR0 = 55;
0000b6 e3e7      	LDI  R30,LOW(55)
0000b7 c009      	RJMP _0x16
                 ; 0000 0058 				x = (OCR0 *100)  /255;
                 ; 0000 0059 			break ;
                 ; 0000 005A 
                 ; 0000 005B 			case 0x01:
                 _0xF:
0000b8 30e1      	CPI  R30,LOW(0x1)
0000b9 e0a0      	LDI  R26,HIGH(0x1)
0000ba 07fa      	CPC  R31,R26
0000bb f411      	BRNE _0x10
                 ; 0000 005C 			  OCR0 = 30;
0000bc e1ee      	LDI  R30,LOW(30)
0000bd c003      	RJMP _0x16
                 ; 0000 005D 			  x = (OCR0 *100)  /255;
                 ; 0000 005E 			break ;
                 ; 0000 005F 
                 ; 0000 0060 			case 0x00 :
                 _0x10:
0000be 9730      	SBIW R30,0
0000bf f461      	BRNE _0x6
                 ; 0000 0061 				OCR0 = 5;
0000c0 e0e5      	LDI  R30,LOW(5)
                 _0x16:
0000c1 bfec      	OUT  0x3C,R30
                 ; 0000 0062 				x = (OCR0 *100)  /255;
0000c2 b7ec      	IN   R30,0x3C
0000c3 e6a4      	LDI  R26,LOW(100)
0000c4 9fea      	MUL  R30,R26
0000c5 01f0      	MOVW R30,R0
0000c6 01df      	MOVW R26,R30
0000c7 efef      	LDI  R30,LOW(255)
0000c8 e0f0      	LDI  R31,HIGH(255)
0000c9 940e 03d8 	CALL __DIVW21
0000cb 012f      	MOVW R4,R30
                 ; 0000 0063 			break ;
                 ; 0000 0064 	}
                 _0x6:
                 ; 0000 0065 
                 ; 0000 0066 	    lcd_clear();
0000cc 940e 02fb 	CALL _lcd_clear
                 ; 0000 0067         sprintf(str,"%d",x);
0000ce 931a      	ST   -Y,R17
0000cf 930a      	ST   -Y,R16
                +
0000d0 e6e9     +LDI R30 , LOW ( 2 * _0x0 + ( 1 ) )
0000d1 e0f0     +LDI R31 , HIGH ( 2 * _0x0 + ( 1 ) )
                 	__POINTW1FN _0x0,1
0000d2 93fa      	ST   -Y,R31
0000d3 93ea      	ST   -Y,R30
0000d4 01f2      	MOVW R30,R4
0000d5 940e 03c0 	CALL __CWD1
0000d7 940e 03f3 	CALL __PUTPARD1
0000d9 e084      	LDI  R24,4
0000da 940e 029a 	CALL _sprintf
0000dc 9628      	ADIW R28,8
                 ; 0000 0068         lcd_puts(str);
0000dd 01d8      	MOVW R26,R16
0000de 940e 031c 	CALL _lcd_puts
                 ; 0000 0069 
                 ; 0000 006A 
                 ; 0000 006B 
                 ; 0000 006C }
0000e0 940e 0401 	CALL __LOADLOCR4
0000e2 9624      	ADIW R28,4
0000e3 91e9      	LD   R30,Y+
0000e4 bfef      	OUT  SREG,R30
0000e5 91f9      	LD   R31,Y+
0000e6 91e9      	LD   R30,Y+
0000e7 91b9      	LD   R27,Y+
0000e8 91a9      	LD   R26,Y+
0000e9 9199      	LD   R25,Y+
0000ea 9189      	LD   R24,Y+
0000eb 9179      	LD   R23,Y+
0000ec 9169      	LD   R22,Y+
0000ed 90f9      	LD   R15,Y+
0000ee 9019      	LD   R1,Y+
0000ef 9009      	LD   R0,Y+
0000f0 9518      	RETI
                 ; .FEND
                 
                 	.DSEG
                 _0x3:
000260           	.BYTE 0x1
                 ;
                 ;void main(void)
                 ; 0000 006F {
                 
                 	.CSEG
                 _main:
                 ; .FSTART _main
                 ; 0000 0070 // Declare your local variables here
                 ; 0000 0071 // Input/Output Ports initialization
                 ; 0000 0072 // Port A initialization
                 ; 0000 0073 // Function: Bit7=In Bit6=In Bit5=In Bit4=In Bit3=In Bit2=In Bit1=In Bit0=In
                 ; 0000 0074 DDRA=(0<<DDA7) | (0<<DDA6) | (0<<DDA5) | (0<<DDA4) | (0<<DDA3) | (0<<DDA2) | (0<<DDA1) | (1<<DDA0);
0000f1 e0e1      	LDI  R30,LOW(1)
0000f2 bbea      	OUT  0x1A,R30
                 ; 0000 0075 // State: Bit7=T Bit6=T Bit5=T Bit4=T Bit3=T Bit2=T Bit1=T Bit0=T
                 ; 0000 0076 PORTA=(0<<PORTA7) | (0<<PORTA6) | (0<<PORTA5) | (0<<PORTA4) | (0<<PORTA3) | (0<<PORTA2) | (0<<PORTA1) | (0<<PORTA0);
0000f3 e0e0      	LDI  R30,LOW(0)
0000f4 bbeb      	OUT  0x1B,R30
                 ; 0000 0077 
                 ; 0000 0078 // Port B initialization
                 ; 0000 0079 // Function: Bit7=In Bit6=Out Bit5=In Bit4=In Bit3=Out Bit2=In Bit1=In Bit0=In
                 ; 0000 007A DDRB=(0<<DDB7) | (1<<DDB6) | (0<<DDB5) | (0<<DDB4) | (1<<DDB3) | (0<<DDB2) | (0<<DDB1) | (0<<DDB0);
0000f5 e4e8      	LDI  R30,LOW(72)
0000f6 bbe7      	OUT  0x17,R30
                 ; 0000 007B // State: Bit7=T Bit6=0 Bit5=T Bit4=T Bit3=0 Bit2=T Bit1=T Bit0=T
                 ; 0000 007C PORTB=(0<<PORTB7) | (0<<PORTB6) | (0<<PORTB5) | (0<<PORTB4) | (0<<PORTB3) | (0<<PORTB2) | (0<<PORTB1) | (0<<PORTB0);
0000f7 e0e0      	LDI  R30,LOW(0)
0000f8 bbe8      	OUT  0x18,R30
                 ; 0000 007D 
                 ; 0000 007E // Port C initialization
                 ; 0000 007F // Function: Bit7=In Bit6=In Bit5=In Bit4=In Bit3=In Bit2=In Bit1=In Bit0=In
                 ; 0000 0080 DDRC=(0<<DDC7) | (0<<DDC6) | (0<<DDC5) | (0<<DDC4) | (0<<DDC3) | (0<<DDC2) | (0<<DDC1) | (0<<DDC0);
0000f9 bbe4      	OUT  0x14,R30
                 ; 0000 0081 // State: Bit7=T Bit6=T Bit5=T Bit4=T Bit3=T Bit2=T Bit1=T Bit0=T
                 ; 0000 0082 PORTC=(0<<PORTC7) | (0<<PORTC6) | (0<<PORTC5) | (0<<PORTC4) | (0<<PORTC3) | (0<<PORTC2) | (0<<PORTC1) | (0<<PORTC0);
0000fa bbe5      	OUT  0x15,R30
                 ; 0000 0083 
                 ; 0000 0084 // Port D initialization
                 ; 0000 0085 // Function: Bit7=In Bit6=In Bit5=In Bit4=In Bit3=In Bit2=In Bit1=In Bit0=In
                 ; 0000 0086 DDRD=(0<<DDD7) | (0<<DDD6) | (0<<DDD5) | (0<<DDD4) | (0<<DDD3) | (0<<DDD2) | (0<<DDD1) | (0<<DDD0);
0000fb bbe1      	OUT  0x11,R30
                 ; 0000 0087 // State: Bit7=T Bit6=T Bit5=T Bit4=T Bit3=T Bit2=T Bit1=T Bit0=T
                 ; 0000 0088 PORTD=(0<<PORTD7) | (0<<PORTD6) | (0<<PORTD5) | (0<<PORTD4) | (0<<PORTD3) | (0<<PORTD2) | (0<<PORTD1) | (0<<PORTD0);
0000fc bbe2      	OUT  0x12,R30
                 ; 0000 0089 
                 ; 0000 008A // Timer/Counter 0 initialization
                 ; 0000 008B // Clock source: System Clock
                 ; 0000 008C // Clock value: 8000.000 kHz
                 ; 0000 008D // Mode: Fast PWM top=0xFF
                 ; 0000 008E // OC0 output: Non-Inverted PWM
                 ; 0000 008F // Timer Period: 0.032 ms
                 ; 0000 0090 // Output Pulse(s):
                 ; 0000 0091 // OC0 Period: 0.032 ms Width: 0 us
                 ; 0000 0092 TCCR0=(1<<WGM00) | (1<<COM01) | (0<<COM00) | (1<<WGM01) | (0<<CS02) | (0<<CS01) | (1<<CS00);
0000fd e6e9      	LDI  R30,LOW(105)
0000fe bfe3      	OUT  0x33,R30
                 ; 0000 0093 TCNT0=0x00;
0000ff e0e0      	LDI  R30,LOW(0)
000100 bfe2      	OUT  0x32,R30
                 ; 0000 0094 
                 ; 0000 0095 
                 ; 0000 0096 // Timer/Counter 1 initialization
                 ; 0000 0097 // Clock source: System Clock
                 ; 0000 0098 // Clock value: Timer1 Stopped
                 ; 0000 0099 // Mode: Normal top=0xFFFF
                 ; 0000 009A // OC1A output: Disconnected
                 ; 0000 009B // OC1B output: Disconnected
                 ; 0000 009C // Noise Canceler: Off
                 ; 0000 009D // Input Capture on Falling Edge
                 ; 0000 009E // Timer1 Overflow Interrupt: Off
                 ; 0000 009F // Input Capture Interrupt: Off
                 ; 0000 00A0 // Compare A Match Interrupt: Off
                 ; 0000 00A1 // Compare B Match Interrupt: Off
                 ; 0000 00A2 TCCR1A=(0<<COM1A1) | (0<<COM1A0) | (0<<COM1B1) | (0<<COM1B0) | (0<<WGM11) | (0<<WGM10);
000101 bdef      	OUT  0x2F,R30
                 ; 0000 00A3 TCCR1B=(0<<ICNC1) | (0<<ICES1) | (0<<WGM13) | (0<<WGM12) | (0<<CS12) | (0<<CS11) | (0<<CS10);
000102 bdee      	OUT  0x2E,R30
                 ; 0000 00A4 TCNT1H=0x00;
000103 bded      	OUT  0x2D,R30
                 ; 0000 00A5 TCNT1L=0x00;
000104 bdec      	OUT  0x2C,R30
                 ; 0000 00A6 ICR1H=0x00;
000105 bde7      	OUT  0x27,R30
                 ; 0000 00A7 ICR1L=0x00;
000106 bde6      	OUT  0x26,R30
                 ; 0000 00A8 OCR1AH=0x00;
000107 bdeb      	OUT  0x2B,R30
                 ; 0000 00A9 OCR1AL=0x00;
000108 bdea      	OUT  0x2A,R30
                 ; 0000 00AA OCR1BH=0x00;
000109 bde9      	OUT  0x29,R30
                 ; 0000 00AB OCR1BL=0x00;
00010a bde8      	OUT  0x28,R30
                 ; 0000 00AC 
                 ; 0000 00AD // Timer/Counter 2 initialization
                 ; 0000 00AE // Clock source: System Clock
                 ; 0000 00AF // Clock value: Timer2 Stopped
                 ; 0000 00B0 // Mode: Normal top=0xFF
                 ; 0000 00B1 // OC2 output: Disconnected
                 ; 0000 00B2 ASSR=0<<AS2;
00010b bde2      	OUT  0x22,R30
                 ; 0000 00B3 TCCR2=(0<<PWM2) | (0<<COM21) | (0<<COM20) | (0<<CTC2) | (0<<CS22) | (0<<CS21) | (0<<CS20);
00010c bde5      	OUT  0x25,R30
                 ; 0000 00B4 TCNT2=0x00;
00010d bde4      	OUT  0x24,R30
                 ; 0000 00B5 OCR2=0x00;
00010e bde3      	OUT  0x23,R30
                 ; 0000 00B6 
                 ; 0000 00B7 // Timer(s)/Counter(s) Interrupt(s) initialization
                 ; 0000 00B8 TIMSK=(0<<OCIE2) | (0<<TOIE2) | (0<<TICIE1) | (0<<OCIE1A) | (0<<OCIE1B) | (0<<TOIE1) | (0<<OCIE0) | (0<<TOIE0);
00010f bfe9      	OUT  0x39,R30
                 ; 0000 00B9 
                 ; 0000 00BA // External Interrupt(s) initialization
                 ; 0000 00BB // INT0: Off
                 ; 0000 00BC // INT1: Off
                 ; 0000 00BD // INT2: Off
                 ; 0000 00BE MCUCR=(0<<ISC11) | (0<<ISC10) | (0<<ISC01) | (0<<ISC00);
000110 bfe5      	OUT  0x35,R30
                 ; 0000 00BF MCUCSR=(0<<ISC2);
000111 bfe4      	OUT  0x34,R30
                 ; 0000 00C0 
                 ; 0000 00C1 // USART initialization
                 ; 0000 00C2 // USART disabled
                 ; 0000 00C3 UCSRB=(0<<RXCIE) | (0<<TXCIE) | (0<<UDRIE) | (0<<RXEN) | (0<<TXEN) | (0<<UCSZ2) | (0<<RXB8) | (0<<TXB8);
000112 b9ea      	OUT  0xA,R30
                 ; 0000 00C4 
                 ; 0000 00C5 // Analog Comparator initialization
                 ; 0000 00C6 // Analog Comparator: Off
                 ; 0000 00C7 // The Analog Comparator's positive input is
                 ; 0000 00C8 // connected to the AIN0 pin
                 ; 0000 00C9 // The Analog Comparator'str negative input is
                 ; 0000 00CA // connected to the AIN1 pin
                 ; 0000 00CB ACSR=(1<<ACD) | (0<<ACBG) | (0<<ACO) | (0<<ACI) | (0<<ACIE) | (0<<ACIC) | (0<<ACIS1) | (0<<ACIS0);
000113 e8e0      	LDI  R30,LOW(128)
000114 b9e8      	OUT  0x8,R30
                 ; 0000 00CC SFIOR=(0<<ACME);
000115 e0e0      	LDI  R30,LOW(0)
000116 bfe0      	OUT  0x30,R30
                 ; 0000 00CD 
                 ; 0000 00CE // ADC initialization
                 ; 0000 00CF // ADC disabled
                 ; 0000 00D0 ADCSRA=(0<<ADEN) | (0<<ADSC) | (0<<ADATE) | (0<<ADIF) | (0<<ADIE) | (0<<ADPS2) | (0<<ADPS1) | (0<<ADPS0);
000117 b9e6      	OUT  0x6,R30
                 ; 0000 00D1 
                 ; 0000 00D2 // SPI initialization
                 ; 0000 00D3 // SPI Type: Slave
                 ; 0000 00D4 // SPI Clock Rate: 2000.000 kHz
                 ; 0000 00D5 // SPI Clock Phase: Cycle Start
                 ; 0000 00D6 // SPI Clock Polarity: Low
                 ; 0000 00D7 // SPI Data Order: MSB First
                 ; 0000 00D8 SPCR=(1<<SPIE) | (1<<SPE) | (0<<DORD) | (0<<MSTR) | (0<<CPOL) | (0<<CPHA) | (0<<SPR1) | (0<<SPR0);
000118 ece0      	LDI  R30,LOW(192)
000119 b9ed      	OUT  0xD,R30
                 ; 0000 00D9 SPSR=(0<<SPI2X);
00011a e0e0      	LDI  R30,LOW(0)
00011b b9ee      	OUT  0xE,R30
                 ; 0000 00DA 
                 ; 0000 00DB // Clear the SPI interrupt flag
                 ; 0000 00DC #asm
                 ; 0000 00DD     in   r30,spsr
00011c b1ee          in   r30,spsr
                 ; 0000 00DE     in   r30,spdr
00011d b1ef          in   r30,spdr
                 ; 0000 00DF #endasm
                 ; 0000 00E0 
                 ; 0000 00E1 // TWI initialization
                 ; 0000 00E2 // TWI disabled
                 ; 0000 00E3 TWCR=(0<<TWEA) | (0<<TWSTA) | (0<<TWSTO) | (0<<TWEN) | (0<<TWIE);
00011e e0e0      	LDI  R30,LOW(0)
00011f bfe6      	OUT  0x36,R30
                 ; 0000 00E4 
                 ; 0000 00E5 // Alphanumeric LCD initialization
                 ; 0000 00E6 // Connections are specified in the
                 ; 0000 00E7 // Project|Configure|C Compiler|Libraries|Alphanumeric LCD menu:
                 ; 0000 00E8 // RS - PORTC Bit 0
                 ; 0000 00E9 // RD - PORTC Bit 1
                 ; 0000 00EA // EN - PORTC Bit 2
                 ; 0000 00EB // D4 - PORTC Bit 4
                 ; 0000 00EC // D5 - PORTC Bit 5
                 ; 0000 00ED // D6 - PORTC Bit 6
                 ; 0000 00EE // D7 - PORTC Bit 7
                 ; 0000 00EF // Characters/line: 16
                 ; 0000 00F0 lcd_init(16);
000120 e1a0      	LDI  R26,LOW(16)
000121 940e 032d 	CALL _lcd_init
                 ; 0000 00F1 
                 ; 0000 00F2 // Global enable interrupts
                 ; 0000 00F3 #asm("sei")
000123 9478      	sei
                 ; 0000 00F4 
                 ; 0000 00F5 while (1)
                 _0x12:
                 ; 0000 00F6       {
                 ; 0000 00F7       // Place your code here
                 ; 0000 00F8 
                 ; 0000 00F9 
                 ; 0000 00FA       }
000124 cfff      	RJMP _0x12
                 ; 0000 00FB }
                 _0x15:
000125 cfff      	RJMP _0x15
                 ; .FEND
                 	#ifndef __SLEEP_DEFINED__
                 	#endif
                 
                 	.CSEG
                 _put_buff_G100:
                 ; .FSTART _put_buff_G100
000126 93ba      	ST   -Y,R27
000127 93aa      	ST   -Y,R26
000128 931a      	ST   -Y,R17
000129 930a      	ST   -Y,R16
00012a 81aa      	LDD  R26,Y+2
00012b 81bb      	LDD  R27,Y+2+1
00012c 9612      	ADIW R26,2
00012d 940e 03eb 	CALL __GETW1P
00012f 9730      	SBIW R30,0
000130 f159      	BREQ _0x2000010
000131 81aa      	LDD  R26,Y+2
000132 81bb      	LDD  R27,Y+2+1
000133 9614      	ADIW R26,4
000134 940e 03eb 	CALL __GETW1P
000136 018f      	MOVW R16,R30
000137 9730      	SBIW R30,0
000138 f061      	BREQ _0x2000012
                +
000139 3002     +CPI R16 , LOW ( 2 )
00013a e0e0     +LDI R30 , HIGH ( 2 )
00013b 071e     +CPC R17 , R30
                 	__CPWRN 16,17,2
00013c f098      	BRLO _0x2000013
00013d 01f8      	MOVW R30,R16
00013e 9731      	SBIW R30,1
00013f 018f      	MOVW R16,R30
                +
000140 81aa     +LDD R26 , Y + 2
000141 81bb     +LDD R27 , Y + 2 + 1
000142 9614     +ADIW R26 , 4
000143 93ed     +ST X + , R30
000144 93fc     +ST X , R31
                 	__PUTW1SNS 2,4
                 _0x2000012:
000145 81aa      	LDD  R26,Y+2
000146 81bb      	LDD  R27,Y+2+1
000147 9612      	ADIW R26,2
000148 91ed      	LD   R30,X+
000149 91fd      	LD   R31,X+
00014a 9631      	ADIW R30,1
00014b 93fe      	ST   -X,R31
00014c 93ee      	ST   -X,R30
00014d 9731      	SBIW R30,1
00014e 81ac      	LDD  R26,Y+4
00014f 83a0      	STD  Z+0,R26
                 _0x2000013:
000150 81aa      	LDD  R26,Y+2
000151 81bb      	LDD  R27,Y+2+1
000152 940e 03eb 	CALL __GETW1P
000154 23ff      	TST  R31
000155 f02a      	BRMI _0x2000014
000156 91ed      	LD   R30,X+
000157 91fd      	LD   R31,X+
000158 9631      	ADIW R30,1
000159 93fe      	ST   -X,R31
00015a 93ee      	ST   -X,R30
                 _0x2000014:
00015b c006      	RJMP _0x2000015
                 _0x2000010:
00015c 81aa      	LDD  R26,Y+2
00015d 81bb      	LDD  R27,Y+2+1
00015e efef      	LDI  R30,LOW(65535)
00015f efff      	LDI  R31,HIGH(65535)
000160 93ed      	ST   X+,R30
000161 93fc      	ST   X,R31
                 _0x2000015:
000162 8119      	LDD  R17,Y+1
000163 8108      	LDD  R16,Y+0
000164 9625      	ADIW R28,5
000165 9508      	RET
                 ; .FEND
                 __print_G100:
                 ; .FSTART __print_G100
000166 93ba      	ST   -Y,R27
000167 93aa      	ST   -Y,R26
000168 9726      	SBIW R28,6
000169 940e 03f8 	CALL __SAVELOCR6
00016b e010      	LDI  R17,0
00016c 85ac      	LDD  R26,Y+12
00016d 85bd      	LDD  R27,Y+12+1
00016e e0e0      	LDI  R30,LOW(0)
00016f e0f0      	LDI  R31,HIGH(0)
000170 93ed      	ST   X+,R30
000171 93fc      	ST   X,R31
                 _0x2000016:
000172 89ea      	LDD  R30,Y+18
000173 89fb      	LDD  R31,Y+18+1
000174 9631      	ADIW R30,1
000175 8bea      	STD  Y+18,R30
000176 8bfb      	STD  Y+18+1,R31
000177 9731      	SBIW R30,1
000178 91e4      	LPM  R30,Z
000179 2f2e      	MOV  R18,R30
00017a 30e0      	CPI  R30,0
00017b f409      	BRNE PC+2
00017c c115      	RJMP _0x2000018
00017d 2fe1      	MOV  R30,R17
00017e 30e0      	CPI  R30,0
00017f f439      	BRNE _0x200001C
000180 3225      	CPI  R18,37
000181 f411      	BRNE _0x200001D
000182 e011      	LDI  R17,LOW(1)
000183 c002      	RJMP _0x200001E
                 _0x200001D:
000184 940e 0374 	CALL SUBOPT_0x0
                 _0x200001E:
000186 c10a      	RJMP _0x200001B
                 _0x200001C:
000187 30e1      	CPI  R30,LOW(0x1)
000188 f4a9      	BRNE _0x200001F
000189 3225      	CPI  R18,37
00018a f419      	BRNE _0x2000020
00018b 940e 0374 	CALL SUBOPT_0x0
00018d c102      	RJMP _0x20000CC
                 _0x2000020:
00018e e012      	LDI  R17,LOW(2)
00018f e040      	LDI  R20,LOW(0)
000190 e000      	LDI  R16,LOW(0)
000191 322d      	CPI  R18,45
000192 f411      	BRNE _0x2000021
000193 e001      	LDI  R16,LOW(1)
000194 c0fc      	RJMP _0x200001B
                 _0x2000021:
000195 322b      	CPI  R18,43
000196 f411      	BRNE _0x2000022
000197 e24b      	LDI  R20,LOW(43)
000198 c0f8      	RJMP _0x200001B
                 _0x2000022:
000199 3220      	CPI  R18,32
00019a f411      	BRNE _0x2000023
00019b e240      	LDI  R20,LOW(32)
00019c c0f4      	RJMP _0x200001B
                 _0x2000023:
00019d c002      	RJMP _0x2000024
                 _0x200001F:
00019e 30e2      	CPI  R30,LOW(0x2)
00019f f439      	BRNE _0x2000025
                 _0x2000024:
0001a0 e050      	LDI  R21,LOW(0)
0001a1 e013      	LDI  R17,LOW(3)
0001a2 3320      	CPI  R18,48
0001a3 f411      	BRNE _0x2000026
0001a4 6800      	ORI  R16,LOW(128)
0001a5 c0eb      	RJMP _0x200001B
                 _0x2000026:
0001a6 c003      	RJMP _0x2000027
                 _0x2000025:
0001a7 30e3      	CPI  R30,LOW(0x3)
0001a8 f009      	BREQ PC+2
0001a9 c0e7      	RJMP _0x200001B
                 _0x2000027:
0001aa 3320      	CPI  R18,48
0001ab f010      	BRLO _0x200002A
0001ac 332a      	CPI  R18,58
0001ad f008      	BRLO _0x200002B
                 _0x200002A:
0001ae c007      	RJMP _0x2000029
                 _0x200002B:
0001af e0aa      	LDI  R26,LOW(10)
0001b0 9f5a      	MUL  R21,R26
0001b1 2d50      	MOV  R21,R0
0001b2 2fe2      	MOV  R30,R18
0001b3 53e0      	SUBI R30,LOW(48)
0001b4 0f5e      	ADD  R21,R30
0001b5 c0db      	RJMP _0x200001B
                 _0x2000029:
0001b6 2fe2      	MOV  R30,R18
0001b7 36e3      	CPI  R30,LOW(0x63)
0001b8 f449      	BRNE _0x200002F
0001b9 940e 037b 	CALL SUBOPT_0x1
0001bb 89e8      	LDD  R30,Y+16
0001bc 89f9      	LDD  R31,Y+16+1
0001bd 81a4      	LDD  R26,Z+4
0001be 93aa      	ST   -Y,R26
0001bf 940e 0381 	CALL SUBOPT_0x2
0001c1 c0ce      	RJMP _0x2000030
                 _0x200002F:
0001c2 37e3      	CPI  R30,LOW(0x73)
0001c3 f441      	BRNE _0x2000032
0001c4 940e 037b 	CALL SUBOPT_0x1
0001c6 940e 0387 	CALL SUBOPT_0x3
0001c8 940e 035b 	CALL _strlen
0001ca 2f1e      	MOV  R17,R30
0001cb c00a      	RJMP _0x2000033
                 _0x2000032:
0001cc 37e0      	CPI  R30,LOW(0x70)
0001cd f461      	BRNE _0x2000035
0001ce 940e 037b 	CALL SUBOPT_0x1
0001d0 940e 0387 	CALL SUBOPT_0x3
0001d2 940e 0367 	CALL _strlenf
0001d4 2f1e      	MOV  R17,R30
0001d5 6008      	ORI  R16,LOW(8)
                 _0x2000033:
0001d6 6002      	ORI  R16,LOW(2)
0001d7 770f      	ANDI R16,LOW(127)
0001d8 e030      	LDI  R19,LOW(0)
0001d9 c034      	RJMP _0x2000036
                 _0x2000035:
0001da 36e4      	CPI  R30,LOW(0x64)
0001db f011      	BREQ _0x2000039
0001dc 36e9      	CPI  R30,LOW(0x69)
0001dd f411      	BRNE _0x200003A
                 _0x2000039:
0001de 6004      	ORI  R16,LOW(4)
0001df c002      	RJMP _0x200003B
                 _0x200003A:
0001e0 37e5      	CPI  R30,LOW(0x75)
0001e1 f431      	BRNE _0x200003C
                 _0x200003B:
0001e2 e5e4      	LDI  R30,LOW(_tbl10_G100*2)
0001e3 e0f0      	LDI  R31,HIGH(_tbl10_G100*2)
0001e4 83ee      	STD  Y+6,R30
0001e5 83ff      	STD  Y+6+1,R31
0001e6 e015      	LDI  R17,LOW(5)
0001e7 c00c      	RJMP _0x200003D
                 _0x200003C:
0001e8 35e8      	CPI  R30,LOW(0x58)
0001e9 f411      	BRNE _0x200003F
0001ea 6008      	ORI  R16,LOW(8)
0001eb c003      	RJMP _0x2000040
                 _0x200003F:
0001ec 37e8      	CPI  R30,LOW(0x78)
0001ed f009      	BREQ PC+2
0001ee c0a1      	RJMP _0x2000071
                 _0x2000040:
0001ef e5ee      	LDI  R30,LOW(_tbl16_G100*2)
0001f0 e0f0      	LDI  R31,HIGH(_tbl16_G100*2)
0001f1 83ee      	STD  Y+6,R30
0001f2 83ff      	STD  Y+6+1,R31
0001f3 e014      	LDI  R17,LOW(4)
                 _0x200003D:
0001f4 ff02      	SBRS R16,2
0001f5 c014      	RJMP _0x2000042
0001f6 940e 037b 	CALL SUBOPT_0x1
0001f8 940e 0391 	CALL SUBOPT_0x4
0001fa 85ab      	LDD  R26,Y+11
0001fb 23aa      	TST  R26
0001fc f43a      	BRPL _0x2000043
0001fd 85ea      	LDD  R30,Y+10
0001fe 85fb      	LDD  R31,Y+10+1
0001ff 940e 03bc 	CALL __ANEGW1
000201 87ea      	STD  Y+10,R30
000202 87fb      	STD  Y+10+1,R31
000203 e24d      	LDI  R20,LOW(45)
                 _0x2000043:
000204 3040      	CPI  R20,0
000205 f011      	BREQ _0x2000044
000206 5f1f      	SUBI R17,-LOW(1)
000207 c001      	RJMP _0x2000045
                 _0x2000044:
000208 7f0b      	ANDI R16,LOW(251)
                 _0x2000045:
000209 c004      	RJMP _0x2000046
                 _0x2000042:
00020a 940e 037b 	CALL SUBOPT_0x1
00020c 940e 0391 	CALL SUBOPT_0x4
                 _0x2000046:
                 _0x2000036:
00020e fd00      	SBRC R16,0
00020f c011      	RJMP _0x2000047
                 _0x2000048:
000210 1715      	CP   R17,R21
000211 f478      	BRSH _0x200004A
000212 ff07      	SBRS R16,7
000213 c008      	RJMP _0x200004B
000214 ff02      	SBRS R16,2
000215 c004      	RJMP _0x200004C
000216 7f0b      	ANDI R16,LOW(251)
000217 2f24      	MOV  R18,R20
000218 5011      	SUBI R17,LOW(1)
000219 c001      	RJMP _0x200004D
                 _0x200004C:
00021a e320      	LDI  R18,LOW(48)
                 _0x200004D:
00021b c001      	RJMP _0x200004E
                 _0x200004B:
00021c e220      	LDI  R18,LOW(32)
                 _0x200004E:
00021d 940e 0374 	CALL SUBOPT_0x0
00021f 5051      	SUBI R21,LOW(1)
000220 cfef      	RJMP _0x2000048
                 _0x200004A:
                 _0x2000047:
000221 2f31      	MOV  R19,R17
000222 ff01      	SBRS R16,1
000223 c017      	RJMP _0x200004F
                 _0x2000050:
000224 3030      	CPI  R19,0
000225 f0a1      	BREQ _0x2000052
000226 ff03      	SBRS R16,3
000227 c006      	RJMP _0x2000053
000228 81ee      	LDD  R30,Y+6
000229 81ff      	LDD  R31,Y+6+1
00022a 9125      	LPM  R18,Z+
00022b 83ee      	STD  Y+6,R30
00022c 83ff      	STD  Y+6+1,R31
00022d c005      	RJMP _0x2000054
                 _0x2000053:
00022e 81ae      	LDD  R26,Y+6
00022f 81bf      	LDD  R27,Y+6+1
000230 912d      	LD   R18,X+
000231 83ae      	STD  Y+6,R26
000232 83bf      	STD  Y+6+1,R27
                 _0x2000054:
000233 940e 0374 	CALL SUBOPT_0x0
000235 3050      	CPI  R21,0
000236 f009      	BREQ _0x2000055
000237 5051      	SUBI R21,LOW(1)
                 _0x2000055:
000238 5031      	SUBI R19,LOW(1)
000239 cfea      	RJMP _0x2000050
                 _0x2000052:
00023a c04b      	RJMP _0x2000056
                 _0x200004F:
                 _0x2000058:
00023b e320      	LDI  R18,LOW(48)
00023c 81ee      	LDD  R30,Y+6
00023d 81ff      	LDD  R31,Y+6+1
00023e 940e 03ef 	CALL __GETW1PF
000240 87e8      	STD  Y+8,R30
000241 87f9      	STD  Y+8+1,R31
000242 81ee      	LDD  R30,Y+6
000243 81ff      	LDD  R31,Y+6+1
000244 9632      	ADIW R30,2
000245 83ee      	STD  Y+6,R30
000246 83ff      	STD  Y+6+1,R31
                 _0x200005A:
000247 85e8      	LDD  R30,Y+8
000248 85f9      	LDD  R31,Y+8+1
000249 85aa      	LDD  R26,Y+10
00024a 85bb      	LDD  R27,Y+10+1
00024b 17ae      	CP   R26,R30
00024c 07bf      	CPC  R27,R31
00024d f050      	BRLO _0x200005C
00024e 5f2f      	SUBI R18,-LOW(1)
00024f 85a8      	LDD  R26,Y+8
000250 85b9      	LDD  R27,Y+8+1
000251 85ea      	LDD  R30,Y+10
000252 85fb      	LDD  R31,Y+10+1
000253 1bea      	SUB  R30,R26
000254 0bfb      	SBC  R31,R27
000255 87ea      	STD  Y+10,R30
000256 87fb      	STD  Y+10+1,R31
000257 cfef      	RJMP _0x200005A
                 _0x200005C:
000258 332a      	CPI  R18,58
000259 f028      	BRLO _0x200005D
00025a ff03      	SBRS R16,3
00025b c002      	RJMP _0x200005E
00025c 5f29      	SUBI R18,-LOW(7)
00025d c001      	RJMP _0x200005F
                 _0x200005E:
00025e 5d29      	SUBI R18,-LOW(39)
                 _0x200005F:
                 _0x200005D:
00025f fd04      	SBRC R16,4
000260 c01a      	RJMP _0x2000061
000261 3321      	CPI  R18,49
000262 f420      	BRSH _0x2000063
000263 85a8      	LDD  R26,Y+8
000264 85b9      	LDD  R27,Y+8+1
000265 9711      	SBIW R26,1
000266 f409      	BRNE _0x2000062
                 _0x2000063:
000267 c009      	RJMP _0x20000CD
                 _0x2000062:
000268 1753      	CP   R21,R19
000269 f010      	BRLO _0x2000067
00026a ff00      	SBRS R16,0
00026b c001      	RJMP _0x2000068
                 _0x2000067:
00026c c013      	RJMP _0x2000066
                 _0x2000068:
00026d e220      	LDI  R18,LOW(32)
00026e ff07      	SBRS R16,7
00026f c00b      	RJMP _0x2000069
000270 e320      	LDI  R18,LOW(48)
                 _0x20000CD:
000271 6100      	ORI  R16,LOW(16)
000272 ff02      	SBRS R16,2
000273 c007      	RJMP _0x200006A
000274 7f0b      	ANDI R16,LOW(251)
000275 934a      	ST   -Y,R20
000276 940e 0381 	CALL SUBOPT_0x2
000278 3050      	CPI  R21,0
000279 f009      	BREQ _0x200006B
00027a 5051      	SUBI R21,LOW(1)
                 _0x200006B:
                 _0x200006A:
                 _0x2000069:
                 _0x2000061:
00027b 940e 0374 	CALL SUBOPT_0x0
00027d 3050      	CPI  R21,0
00027e f009      	BREQ _0x200006C
00027f 5051      	SUBI R21,LOW(1)
                 _0x200006C:
                 _0x2000066:
000280 5031      	SUBI R19,LOW(1)
000281 85a8      	LDD  R26,Y+8
000282 85b9      	LDD  R27,Y+8+1
000283 9712      	SBIW R26,2
000284 f008      	BRLO _0x2000059
000285 cfb5      	RJMP _0x2000058
                 _0x2000059:
                 _0x2000056:
000286 ff00      	SBRS R16,0
000287 c008      	RJMP _0x200006D
                 _0x200006E:
000288 3050      	CPI  R21,0
000289 f031      	BREQ _0x2000070
00028a 5051      	SUBI R21,LOW(1)
00028b e2e0      	LDI  R30,LOW(32)
00028c 93ea      	ST   -Y,R30
00028d 940e 0381 	CALL SUBOPT_0x2
00028f cff8      	RJMP _0x200006E
                 _0x2000070:
                 _0x200006D:
                 _0x2000071:
                 _0x2000030:
                 _0x20000CC:
000290 e010      	LDI  R17,LOW(0)
                 _0x200001B:
000291 cee0      	RJMP _0x2000016
                 _0x2000018:
000292 85ac      	LDD  R26,Y+12
000293 85bd      	LDD  R27,Y+12+1
000294 940e 03eb 	CALL __GETW1P
000296 940e 03ff 	CALL __LOADLOCR6
000298 9664      	ADIW R28,20
000299 9508      	RET
                 ; .FEND
                 _sprintf:
                 ; .FSTART _sprintf
00029a 92ff      	PUSH R15
00029b 2ef8      	MOV  R15,R24
00029c 9726      	SBIW R28,6
00029d 940e 03fa 	CALL __SAVELOCR4
00029f 940e 0399 	CALL SUBOPT_0x5
0002a1 9730      	SBIW R30,0
0002a2 f419      	BRNE _0x2000072
0002a3 efef      	LDI  R30,LOW(65535)
0002a4 efff      	LDI  R31,HIGH(65535)
0002a5 c023      	RJMP _0x2080002
                 _0x2000072:
0002a6 01de      	MOVW R26,R28
0002a7 9616      	ADIW R26,6
0002a8 940e 03b8 	CALL __ADDW2R15
0002aa 018d      	MOVW R16,R26
0002ab 940e 0399 	CALL SUBOPT_0x5
0002ad 83ee      	STD  Y+6,R30
0002ae 83ff      	STD  Y+6+1,R31
0002af e0e0      	LDI  R30,LOW(0)
0002b0 87e8      	STD  Y+8,R30
0002b1 87e9      	STD  Y+8+1,R30
0002b2 01de      	MOVW R26,R28
0002b3 961a      	ADIW R26,10
0002b4 940e 03b8 	CALL __ADDW2R15
0002b6 940e 03eb 	CALL __GETW1P
0002b8 93fa      	ST   -Y,R31
0002b9 93ea      	ST   -Y,R30
0002ba 931a      	ST   -Y,R17
0002bb 930a      	ST   -Y,R16
0002bc e2e6      	LDI  R30,LOW(_put_buff_G100)
0002bd e0f1      	LDI  R31,HIGH(_put_buff_G100)
0002be 93fa      	ST   -Y,R31
0002bf 93ea      	ST   -Y,R30
0002c0 01de      	MOVW R26,R28
0002c1 961a      	ADIW R26,10
0002c2 dea3      	RCALL __print_G100
0002c3 019f      	MOVW R18,R30
0002c4 81ae      	LDD  R26,Y+6
0002c5 81bf      	LDD  R27,Y+6+1
0002c6 e0e0      	LDI  R30,LOW(0)
0002c7 93ec      	ST   X,R30
0002c8 01f9      	MOVW R30,R18
                 _0x2080002:
0002c9 940e 0401 	CALL __LOADLOCR4
0002cb 962a      	ADIW R28,10
0002cc 90ff      	POP  R15
0002cd 9508      	RET
                 ; .FEND
                 	#ifndef __SLEEP_DEFINED__
                 	#endif
                 
                 	.DSEG
                 
                 	.CSEG
                 __lcd_write_nibble_G101:
                 ; .FSTART __lcd_write_nibble_G101
0002ce 93aa      	ST   -Y,R26
0002cf b3e5      	IN   R30,0x15
0002d0 70ef      	ANDI R30,LOW(0xF)
0002d1 2fae      	MOV  R26,R30
0002d2 81e8      	LD   R30,Y
0002d3 7fe0      	ANDI R30,LOW(0xF0)
0002d4 2bea      	OR   R30,R26
0002d5 bbe5      	OUT  0x15,R30
                +
0002d6 e08d     +LDI R24 , LOW ( 13 )
                +__DELAY_USB_LOOP :
0002d7 958a     +DEC R24
0002d8 f7f1     +BRNE __DELAY_USB_LOOP
                 	__DELAY_USB 13
0002d9 9aaa      	SBI  0x15,2
                +
0002da e08d     +LDI R24 , LOW ( 13 )
                +__DELAY_USB_LOOP :
0002db 958a     +DEC R24
0002dc f7f1     +BRNE __DELAY_USB_LOOP
                 	__DELAY_USB 13
0002dd 98aa      	CBI  0x15,2
                +
0002de e08d     +LDI R24 , LOW ( 13 )
                +__DELAY_USB_LOOP :
0002df 958a     +DEC R24
0002e0 f7f1     +BRNE __DELAY_USB_LOOP
                 	__DELAY_USB 13
0002e1 c077      	RJMP _0x2080001
                 ; .FEND
                 __lcd_write_data:
                 ; .FSTART __lcd_write_data
0002e2 93aa      	ST   -Y,R26
0002e3 81a8      	LD   R26,Y
0002e4 dfe9      	RCALL __lcd_write_nibble_G101
0002e5 81e8          ld    r30,y
0002e6 95e2          swap  r30
0002e7 83e8          st    y,r30
0002e8 81a8      	LD   R26,Y
0002e9 dfe4      	RCALL __lcd_write_nibble_G101
                +
0002ea e885     +LDI R24 , LOW ( 133 )
                +__DELAY_USB_LOOP :
0002eb 958a     +DEC R24
0002ec f7f1     +BRNE __DELAY_USB_LOOP
                 	__DELAY_USB 133
0002ed c06b      	RJMP _0x2080001
                 ; .FEND
                 _lcd_gotoxy:
                 ; .FSTART _lcd_gotoxy
0002ee 93aa      	ST   -Y,R26
0002ef 81e8      	LD   R30,Y
0002f0 e0f0      	LDI  R31,0
0002f1 59ef      	SUBI R30,LOW(-__base_y_G101)
0002f2 4ffd      	SBCI R31,HIGH(-__base_y_G101)
0002f3 81e0      	LD   R30,Z
0002f4 81a9      	LDD  R26,Y+1
0002f5 0fae      	ADD  R26,R30
0002f6 dfeb      	RCALL __lcd_write_data
0002f7 8079      	LDD  R7,Y+1
0002f8 8068      	LDD  R6,Y+0
0002f9 9622      	ADIW R28,2
0002fa 9508      	RET
                 ; .FEND
                 _lcd_clear:
                 ; .FSTART _lcd_clear
0002fb e0a2      	LDI  R26,LOW(2)
0002fc 940e 03a0 	CALL SUBOPT_0x6
0002fe e0ac      	LDI  R26,LOW(12)
0002ff dfe2      	RCALL __lcd_write_data
000300 e0a1      	LDI  R26,LOW(1)
000301 940e 03a0 	CALL SUBOPT_0x6
000303 e0e0      	LDI  R30,LOW(0)
000304 2e6e      	MOV  R6,R30
000305 2e7e      	MOV  R7,R30
000306 9508      	RET
                 ; .FEND
                 _lcd_putchar:
                 ; .FSTART _lcd_putchar
000307 93aa      	ST   -Y,R26
000308 81a8      	LD   R26,Y
000309 30aa      	CPI  R26,LOW(0xA)
00030a f011      	BREQ _0x2020005
00030b 1479      	CP   R7,R9
00030c f048      	BRLO _0x2020004
                 _0x2020005:
00030d e0e0      	LDI  R30,LOW(0)
00030e 93ea      	ST   -Y,R30
00030f 9463      	INC  R6
000310 2da6      	MOV  R26,R6
000311 dfdc      	RCALL _lcd_gotoxy
000312 81a8      	LD   R26,Y
000313 30aa      	CPI  R26,LOW(0xA)
000314 f409      	BRNE _0x2020007
000315 c043      	RJMP _0x2080001
                 _0x2020007:
                 _0x2020004:
000316 9473      	INC  R7
000317 9aa8      	SBI  0x15,0
000318 81a8      	LD   R26,Y
000319 dfc8      	RCALL __lcd_write_data
00031a 98a8      	CBI  0x15,0
00031b c03d      	RJMP _0x2080001
                 ; .FEND
                 _lcd_puts:
                 ; .FSTART _lcd_puts
00031c 93ba      	ST   -Y,R27
00031d 93aa      	ST   -Y,R26
00031e 931a      	ST   -Y,R17
                 _0x2020008:
00031f 81a9      	LDD  R26,Y+1
000320 81ba      	LDD  R27,Y+1+1
000321 91ed      	LD   R30,X+
000322 83a9      	STD  Y+1,R26
000323 83ba      	STD  Y+1+1,R27
000324 2f1e      	MOV  R17,R30
000325 30e0      	CPI  R30,0
000326 f019      	BREQ _0x202000A
000327 2fa1      	MOV  R26,R17
000328 dfde      	RCALL _lcd_putchar
000329 cff5      	RJMP _0x2020008
                 _0x202000A:
00032a 8118      	LDD  R17,Y+0
00032b 9623      	ADIW R28,3
00032c 9508      	RET
                 ; .FEND
                 _lcd_init:
                 ; .FSTART _lcd_init
00032d 93aa      	ST   -Y,R26
00032e b3e4      	IN   R30,0x14
00032f 6fe0      	ORI  R30,LOW(0xF0)
000330 bbe4      	OUT  0x14,R30
000331 9aa2      	SBI  0x14,2
000332 9aa0      	SBI  0x14,0
000333 9aa1      	SBI  0x14,1
000334 98aa      	CBI  0x15,2
000335 98a8      	CBI  0x15,0
000336 98a9      	CBI  0x15,1
000337 8098      	LDD  R9,Y+0
000338 81e8      	LD   R30,Y
000339 58e0      	SUBI R30,-LOW(128)
                +
00033a 93e0 0263+STS __base_y_G101 + ( 2 ) , R30
                 	__PUTB1MN __base_y_G101,2
00033c 81e8      	LD   R30,Y
00033d 54e0      	SUBI R30,-LOW(192)
                +
00033e 93e0 0264+STS __base_y_G101 + ( 3 ) , R30
                 	__PUTB1MN __base_y_G101,3
000340 e1a4      	LDI  R26,LOW(20)
000341 e0b0      	LDI  R27,0
000342 940e 03ae 	CALL _delay_ms
000344 940e 03a6 	CALL SUBOPT_0x7
000346 940e 03a6 	CALL SUBOPT_0x7
000348 940e 03a6 	CALL SUBOPT_0x7
00034a e2a0      	LDI  R26,LOW(32)
00034b df82      	RCALL __lcd_write_nibble_G101
                +
00034c ec88     +LDI R24 , LOW ( 200 )
00034d e090     +LDI R25 , HIGH ( 200 )
                +__DELAY_USW_LOOP :
00034e 9701     +SBIW R24 , 1
00034f f7f1     +BRNE __DELAY_USW_LOOP
                 	__DELAY_USW 200
000350 e2a8      	LDI  R26,LOW(40)
000351 df90      	RCALL __lcd_write_data
000352 e0a4      	LDI  R26,LOW(4)
000353 df8e      	RCALL __lcd_write_data
000354 e8a5      	LDI  R26,LOW(133)
000355 df8c      	RCALL __lcd_write_data
000356 e0a6      	LDI  R26,LOW(6)
000357 df8a      	RCALL __lcd_write_data
000358 dfa2      	RCALL _lcd_clear
                 _0x2080001:
000359 9621      	ADIW R28,1
00035a 9508      	RET
                 ; .FEND
                 
                 	.CSEG
                 
                 	.CSEG
                 _strlen:
                 ; .FSTART _strlen
00035b 93ba      	ST   -Y,R27
00035c 93aa      	ST   -Y,R26
00035d 91a9          ld   r26,y+
00035e 91b9          ld   r27,y+
00035f 27ee          clr  r30
000360 27ff          clr  r31
                 strlen0:
000361 916d          ld   r22,x+
000362 2366          tst  r22
000363 f011          breq strlen1
000364 9631          adiw r30,1
000365 cffb          rjmp strlen0
                 strlen1:
000366 9508          ret
                 ; .FEND
                 _strlenf:
                 ; .FSTART _strlenf
000367 93ba      	ST   -Y,R27
000368 93aa      	ST   -Y,R26
000369 27aa          clr  r26
00036a 27bb          clr  r27
00036b 91e9          ld   r30,y+
00036c 91f9          ld   r31,y+
                 strlenf0:
00036d 9005      	lpm  r0,z+
00036e 2000          tst  r0
00036f f011          breq strlenf1
000370 9611          adiw r26,1
000371 cffb          rjmp strlenf0
                 strlenf1:
000372 01fd          movw r30,r26
000373 9508          ret
                 ; .FEND
                 
                 	.DSEG
                 __base_y_G101:
000261           	.BYTE 0x4
                 
                 	.CSEG
                 ;OPTIMIZER ADDED SUBROUTINE, CALLED 5 TIMES, CODE SIZE REDUCTION:13 WORDS
                 SUBOPT_0x0:
000374 932a      	ST   -Y,R18
000375 85ad      	LDD  R26,Y+13
000376 85be      	LDD  R27,Y+13+1
000377 85ef      	LDD  R30,Y+15
000378 89f8      	LDD  R31,Y+15+1
000379 9509      	ICALL
00037a 9508      	RET
                 
                 ;OPTIMIZER ADDED SUBROUTINE, CALLED 5 TIMES, CODE SIZE REDUCTION:9 WORDS
                 SUBOPT_0x1:
00037b 89e8      	LDD  R30,Y+16
00037c 89f9      	LDD  R31,Y+16+1
00037d 9734      	SBIW R30,4
00037e 8be8      	STD  Y+16,R30
00037f 8bf9      	STD  Y+16+1,R31
000380 9508      	RET
                 
                 ;OPTIMIZER ADDED SUBROUTINE, CALLED 3 TIMES, CODE SIZE REDUCTION:3 WORDS
                 SUBOPT_0x2:
000381 85ad      	LDD  R26,Y+13
000382 85be      	LDD  R27,Y+13+1
000383 85ef      	LDD  R30,Y+15
000384 89f8      	LDD  R31,Y+15+1
000385 9509      	ICALL
000386 9508      	RET
                 
                 ;OPTIMIZER ADDED SUBROUTINE, CALLED 2 TIMES, CODE SIZE REDUCTION:4 WORDS
                 SUBOPT_0x3:
000387 89a8      	LDD  R26,Y+16
000388 89b9      	LDD  R27,Y+16+1
000389 9614      	ADIW R26,4
00038a 940e 03eb 	CALL __GETW1P
00038c 83ee      	STD  Y+6,R30
00038d 83ff      	STD  Y+6+1,R31
00038e 81ae      	LDD  R26,Y+6
00038f 81bf      	LDD  R27,Y+6+1
000390 9508      	RET
                 
                 ;OPTIMIZER ADDED SUBROUTINE, CALLED 2 TIMES, CODE SIZE REDUCTION:2 WORDS
                 SUBOPT_0x4:
000391 89a8      	LDD  R26,Y+16
000392 89b9      	LDD  R27,Y+16+1
000393 9614      	ADIW R26,4
000394 940e 03eb 	CALL __GETW1P
000396 87ea      	STD  Y+10,R30
000397 87fb      	STD  Y+10+1,R31
000398 9508      	RET
                 
                 ;OPTIMIZER ADDED SUBROUTINE, CALLED 2 TIMES, CODE SIZE REDUCTION:1 WORDS
                 SUBOPT_0x5:
000399 01de      	MOVW R26,R28
00039a 961c      	ADIW R26,12
00039b 940e 03b8 	CALL __ADDW2R15
00039d 940e 03eb 	CALL __GETW1P
00039f 9508      	RET
                 
                 ;OPTIMIZER ADDED SUBROUTINE, CALLED 2 TIMES, CODE SIZE REDUCTION:1 WORDS
                 SUBOPT_0x6:
0003a0 940e 02e2 	CALL __lcd_write_data
0003a2 e0a3      	LDI  R26,LOW(3)
0003a3 e0b0      	LDI  R27,0
0003a4 940c 03ae 	JMP  _delay_ms
                 
                 ;OPTIMIZER ADDED SUBROUTINE, CALLED 3 TIMES, CODE SIZE REDUCTION:7 WORDS
                 SUBOPT_0x7:
0003a6 e3a0      	LDI  R26,LOW(48)
0003a7 940e 02ce 	CALL __lcd_write_nibble_G101
                +
0003a9 ec88     +LDI R24 , LOW ( 200 )
0003aa e090     +LDI R25 , HIGH ( 200 )
                +__DELAY_USW_LOOP :
0003ab 9701     +SBIW R24 , 1
0003ac f7f1     +BRNE __DELAY_USW_LOOP
                 	__DELAY_USW 200
0003ad 9508      	RET
                 
                 
                 	.CSEG
                 _delay_ms:
0003ae 9610      	adiw r26,0
0003af f039      	breq __delay_ms1
                 __delay_ms0:
                +
0003b0 ed80     +LDI R24 , LOW ( 0x7D0 )
0003b1 e097     +LDI R25 , HIGH ( 0x7D0 )
                +__DELAY_USW_LOOP :
0003b2 9701     +SBIW R24 , 1
0003b3 f7f1     +BRNE __DELAY_USW_LOOP
                 	__DELAY_USW 0x7D0
0003b4 95a8      	wdr
0003b5 9711      	sbiw r26,1
0003b6 f7c9      	brne __delay_ms0
                 __delay_ms1:
0003b7 9508      	ret
                 
                 __ADDW2R15:
0003b8 2400      	CLR  R0
0003b9 0daf      	ADD  R26,R15
0003ba 1db0      	ADC  R27,R0
0003bb 9508      	RET
                 
                 __ANEGW1:
0003bc 95f1      	NEG  R31
0003bd 95e1      	NEG  R30
0003be 40f0      	SBCI R31,0
0003bf 9508      	RET
                 
                 __CWD1:
0003c0 2f6f      	MOV  R22,R31
0003c1 0f66      	ADD  R22,R22
0003c2 0b66      	SBC  R22,R22
0003c3 2f76      	MOV  R23,R22
0003c4 9508      	RET
                 
                 __DIVW21U:
0003c5 2400      	CLR  R0
0003c6 2411      	CLR  R1
0003c7 e190      	LDI  R25,16
                 __DIVW21U1:
0003c8 0faa      	LSL  R26
0003c9 1fbb      	ROL  R27
0003ca 1c00      	ROL  R0
0003cb 1c11      	ROL  R1
0003cc 1a0e      	SUB  R0,R30
0003cd 0a1f      	SBC  R1,R31
0003ce f418      	BRCC __DIVW21U2
0003cf 0e0e      	ADD  R0,R30
0003d0 1e1f      	ADC  R1,R31
0003d1 c001      	RJMP __DIVW21U3
                 __DIVW21U2:
0003d2 60a1      	SBR  R26,1
                 __DIVW21U3:
0003d3 959a      	DEC  R25
0003d4 f799      	BRNE __DIVW21U1
0003d5 01fd      	MOVW R30,R26
0003d6 01d0      	MOVW R26,R0
0003d7 9508      	RET
                 
                 __DIVW21:
0003d8 d004      	RCALL __CHKSIGNW
0003d9 dfeb      	RCALL __DIVW21U
0003da f40e      	BRTC __DIVW211
0003db dfe0      	RCALL __ANEGW1
                 __DIVW211:
0003dc 9508      	RET
                 
                 __CHKSIGNW:
0003dd 94e8      	CLT
0003de fff7      	SBRS R31,7
0003df c002      	RJMP __CHKSW1
0003e0 dfdb      	RCALL __ANEGW1
0003e1 9468      	SET
                 __CHKSW1:
0003e2 ffb7      	SBRS R27,7
0003e3 c006      	RJMP __CHKSW2
0003e4 95a0      	COM  R26
0003e5 95b0      	COM  R27
0003e6 9611      	ADIW R26,1
0003e7 f800      	BLD  R0,0
0003e8 9403      	INC  R0
0003e9 fa00      	BST  R0,0
                 __CHKSW2:
0003ea 9508      	RET
                 
                 __GETW1P:
0003eb 91ed      	LD   R30,X+
0003ec 91fc      	LD   R31,X
0003ed 9711      	SBIW R26,1
0003ee 9508      	RET
                 
                 __GETW1PF:
0003ef 9005      	LPM  R0,Z+
0003f0 91f4      	LPM  R31,Z
0003f1 2de0      	MOV  R30,R0
0003f2 9508      	RET
                 
                 __PUTPARD1:
0003f3 937a      	ST   -Y,R23
0003f4 936a      	ST   -Y,R22
0003f5 93fa      	ST   -Y,R31
0003f6 93ea      	ST   -Y,R30
0003f7 9508      	RET
                 
                 __SAVELOCR6:
0003f8 935a      	ST   -Y,R21
                 __SAVELOCR5:
0003f9 934a      	ST   -Y,R20
                 __SAVELOCR4:
0003fa 933a      	ST   -Y,R19
                 __SAVELOCR3:
0003fb 932a      	ST   -Y,R18
                 __SAVELOCR2:
0003fc 931a      	ST   -Y,R17
0003fd 930a      	ST   -Y,R16
0003fe 9508      	RET
                 
                 __LOADLOCR6:
0003ff 815d      	LDD  R21,Y+5
                 __LOADLOCR5:
000400 814c      	LDD  R20,Y+4
                 __LOADLOCR4:
000401 813b      	LDD  R19,Y+3
                 __LOADLOCR3:
000402 812a      	LDD  R18,Y+2
                 __LOADLOCR2:
000403 8119      	LDD  R17,Y+1
000404 8108      	LD   R16,Y
000405 9508      	RET
                 
                 ;END OF CODE MARKER
                 __END_OF_CODE:


RESOURCE USE INFORMATION
------------------------

Notice:
The register and instruction counts are symbol table hit counts,
and hence implicitly used resources are not counted, eg, the
'lpm' instruction without operands implicitly uses r0 and z,
none of which are counted.

x,y,z are separate entities in the symbol table and are
counted separately from r26..r31 here.

.dseg memory usage only counts static data declared with .byte

ATmega32 register use summary:
r0 :  22 r1 :   7 r2 :   0 r3 :   0 r4 :   2 r5 :   0 r6 :   4 r7 :   4 
r8 :   0 r9 :   2 r10:   0 r11:   0 r12:   0 r13:   0 r14:   0 r15:   6 
r16:  37 r17:  26 r18:  29 r19:  10 r20:   9 r21:  17 r22:  13 r23:   4 
r24:  25 r25:   9 r26: 127 r27:  41 r28:  15 r29:   1 r30: 229 r31:  73 
x  :  23 y  : 189 z  :  15 
Registers used: 26 out of 35 (74.3%)

ATmega32 instruction use summary:
.lds  :   0 .lds.l:   0 .sts  :   0 .sts.l:   0 adc   :   2 add   :   5 
adiw  :  26 and   :   0 andi  :   6 asr   :   0 bclr  :   0 bld   :   1 
brbc  :   0 brbs  :   0 brcc  :   1 brcs  :   0 break :   0 breq  :  17 
brge  :   0 brhc  :   0 brhs  :   0 brid  :   0 brie  :   0 brlo  :   8 
brlt  :   0 brmi  :   1 brne  :  42 brpl  :   1 brsh  :   2 brtc  :   1 
brts  :   0 brvc  :   0 brvs  :   0 bset  :   0 bst   :   1 call  :  55 
cbi   :   5 cbr   :   0 clc   :   0 clh   :   0 cli   :   1 cln   :   0 
clr   :   9 cls   :   0 clt   :   1 clv   :   0 clz   :   0 com   :   2 
cp    :   4 cpc   :  12 cpi   :  43 cpse  :   0 dec   :   6 des   :   0 
eor   :   0 fmul  :   0 fmuls :   0 fmulsu:   0 icall :   2 ijmp  :   0 
in    :   7 inc   :   3 jmp   :  23 ld    :  37 ldd   :  77 ldi   : 118 
lds   :   0 lpm   :  14 lsl   :   1 lsr   :   0 mov   :  20 movw  :  21 
mul   :   2 muls  :   0 mulsu :   0 neg   :   2 nop   :   0 or    :   1 
ori   :   7 out   :  44 pop   :   1 push  :   1 rcall :  18 ret   :  28 
reti  :   1 rjmp  :  72 rol   :   3 ror   :   0 sbc   :   3 sbci  :   2 
sbi   :   5 sbic  :   0 sbis  :   0 sbiw  :  20 sbr   :   1 sbrc  :   2 
sbrs  :  12 sec   :   0 seh   :   0 sei   :   1 sen   :   0 ser   :   0 
ses   :   0 set   :   1 sev   :   0 sez   :   0 sleep :   0 spm   :   0 
st    :  70 std   :  31 sts   :   2 sub   :   2 subi  :  16 swap  :   1 
tst   :   4 wdr   :   1 
Instructions used: 64 out of 116 (55.2%)

ATmega32 memory use summary [bytes]:
Segment   Begin    End      Code   Data   Used    Size   Use%
---------------------------------------------------------------
[.cseg] 0x000000 0x00080c   2014     46   2060   32768   6.3%
[.dseg] 0x000060 0x000265      0      5      5    2048   0.2%
[.eseg] 0x000000 0x000000      0      0      0    1024   0.0%

Assembly complete, 0 errors, 5 warnings
