
AVRASM ver. 2.1.30  C:\Users\Hossein\Desktop\receiver\Debug\List\receiver.asm Tue Jul 02 20:25:45 2019

C:\Users\Hossein\Desktop\receiver\Debug\List\receiver.asm(1088): warning: Register r4 already defined by the .DEF directive
C:\Users\Hossein\Desktop\receiver\Debug\List\receiver.asm(1089): warning: Register r5 already defined by the .DEF directive
C:\Users\Hossein\Desktop\receiver\Debug\List\receiver.asm(1090): warning: Register r7 already defined by the .DEF directive
C:\Users\Hossein\Desktop\receiver\Debug\List\receiver.asm(1091): warning: Register r6 already defined by the .DEF directive
C:\Users\Hossein\Desktop\receiver\Debug\List\receiver.asm(1092): warning: Register r9 already defined by the .DEF directive
C:\Users\Hossein\Desktop\receiver\Debug\List\receiver.asm(1093): warning: Register r10 already defined by the .DEF directive
C:\Users\Hossein\Desktop\receiver\Debug\List\receiver.asm(1094): warning: Register r11 already defined by the .DEF directive
C:\Users\Hossein\Desktop\receiver\Debug\List\receiver.asm(1095): warning: Register r8 already defined by the .DEF directive
C:\Users\Hossein\Desktop\receiver\Debug\List\receiver.asm(1096): warning: Register r13 already defined by the .DEF directive
C:\Users\Hossein\Desktop\receiver\Debug\List\receiver.asm(1097): warning: Register r12 already defined by the .DEF directive
                 
                 
                 ;CodeVisionAVR C Compiler V3.12 Advanced
                 ;(C) Copyright 1998-2014 Pavel Haiduc, HP InfoTech s.r.l.
                 ;http://www.hpinfotech.com
                 
                 ;Build configuration    : Debug
                 ;Chip type              : ATmega32
                 ;Program type           : Application
                 ;Clock frequency        : 8.000000 MHz
                 ;Memory model           : Small
                 ;Optimize for           : Size
                 ;(s)printf features     : int, width
                 ;(s)scanf features      : int, width
                 ;External RAM size      : 0
                 ;Data Stack size        : 512 byte(s)
                 ;Heap size              : 0 byte(s)
                 ;Promote 'char' to 'int': Yes
                 ;'char' is unsigned     : Yes
                 ;8 bit enums            : Yes
                 ;Global 'const' stored in FLASH: Yes
                 ;Enhanced function parameter passing: Yes
                 ;Enhanced core instructions: On
                 ;Automatic register allocation for global variables: On
                 ;Smart register allocation: On
                 
                 	#define _MODEL_SMALL_
                 
                 	#pragma AVRPART ADMIN PART_NAME ATmega32
                 	#pragma AVRPART MEMORY PROG_FLASH 32768
                 	#pragma AVRPART MEMORY EEPROM 1024
                 	#pragma AVRPART MEMORY INT_SRAM SIZE 2048
                 	#pragma AVRPART MEMORY INT_SRAM START_ADDR 0x60
                 
                 	#define CALL_SUPPORTED 1
                 
                 	.LISTMAC
                 	.EQU UDRE=0x5
                 	.EQU RXC=0x7
                 	.EQU USR=0xB
                 	.EQU UDR=0xC
                 	.EQU SPSR=0xE
                 	.EQU SPDR=0xF
                 	.EQU EERE=0x0
                 	.EQU EEWE=0x1
                 	.EQU EEMWE=0x2
                 	.EQU EECR=0x1C
                 	.EQU EEDR=0x1D
                 	.EQU EEARL=0x1E
                 	.EQU EEARH=0x1F
                 	.EQU WDTCR=0x21
                 	.EQU MCUCR=0x35
                 	.EQU GICR=0x3B
                 	.EQU SPL=0x3D
                 	.EQU SPH=0x3E
                 	.EQU SREG=0x3F
                 
                 	.DEF R0X0=R0
                 	.DEF R0X1=R1
                 	.DEF R0X2=R2
                 	.DEF R0X3=R3
                 	.DEF R0X4=R4
                 	.DEF R0X5=R5
                 	.DEF R0X6=R6
                 	.DEF R0X7=R7
                 	.DEF R0X8=R8
                 	.DEF R0X9=R9
                 	.DEF R0XA=R10
                 	.DEF R0XB=R11
                 	.DEF R0XC=R12
                 	.DEF R0XD=R13
                 	.DEF R0XE=R14
                 	.DEF R0XF=R15
                 	.DEF R0X10=R16
                 	.DEF R0X11=R17
                 	.DEF R0X12=R18
                 	.DEF R0X13=R19
                 	.DEF R0X14=R20
                 	.DEF R0X15=R21
                 	.DEF R0X16=R22
                 	.DEF R0X17=R23
                 	.DEF R0X18=R24
                 	.DEF R0X19=R25
                 	.DEF R0X1A=R26
                 	.DEF R0X1B=R27
                 	.DEF R0X1C=R28
                 	.DEF R0X1D=R29
                 	.DEF R0X1E=R30
                 	.DEF R0X1F=R31
                 
                 	.EQU __SRAM_START=0x0060
                 	.EQU __SRAM_END=0x085F
                 	.EQU __DSTACK_SIZE=0x0200
                 	.EQU __HEAP_SIZE=0x0000
                 	.EQU __CLEAR_SRAM_SIZE=__SRAM_END-__SRAM_START+1
                 
                 	.MACRO __CPD1N
                 	CPI  R30,LOW(@0)
                 	LDI  R26,HIGH(@0)
                 	CPC  R31,R26
                 	LDI  R26,BYTE3(@0)
                 	CPC  R22,R26
                 	LDI  R26,BYTE4(@0)
                 	CPC  R23,R26
                 	.ENDM
                 
                 	.MACRO __CPD2N
                 	CPI  R26,LOW(@0)
                 	LDI  R30,HIGH(@0)
                 	CPC  R27,R30
                 	LDI  R30,BYTE3(@0)
                 	CPC  R24,R30
                 	LDI  R30,BYTE4(@0)
                 	CPC  R25,R30
                 	.ENDM
                 
                 	.MACRO __CPWRR
                 	CP   R@0,R@2
                 	CPC  R@1,R@3
                 	.ENDM
                 
                 	.MACRO __CPWRN
                 	CPI  R@0,LOW(@2)
                 	LDI  R30,HIGH(@2)
                 	CPC  R@1,R30
                 	.ENDM
                 
                 	.MACRO __ADDB1MN
                 	SUBI R30,LOW(-@0-(@1))
                 	.ENDM
                 
                 	.MACRO __ADDB2MN
                 	SUBI R26,LOW(-@0-(@1))
                 	.ENDM
                 
                 	.MACRO __ADDW1MN
                 	SUBI R30,LOW(-@0-(@1))
                 	SBCI R31,HIGH(-@0-(@1))
                 	.ENDM
                 
                 	.MACRO __ADDW2MN
                 	SUBI R26,LOW(-@0-(@1))
                 	SBCI R27,HIGH(-@0-(@1))
                 	.ENDM
                 
                 	.MACRO __ADDW1FN
                 	SUBI R30,LOW(-2*@0-(@1))
                 	SBCI R31,HIGH(-2*@0-(@1))
                 	.ENDM
                 
                 	.MACRO __ADDD1FN
                 	SUBI R30,LOW(-2*@0-(@1))
                 	SBCI R31,HIGH(-2*@0-(@1))
                 	SBCI R22,BYTE3(-2*@0-(@1))
                 	.ENDM
                 
                 	.MACRO __ADDD1N
                 	SUBI R30,LOW(-@0)
                 	SBCI R31,HIGH(-@0)
                 	SBCI R22,BYTE3(-@0)
                 	SBCI R23,BYTE4(-@0)
                 	.ENDM
                 
                 	.MACRO __ADDD2N
                 	SUBI R26,LOW(-@0)
                 	SBCI R27,HIGH(-@0)
                 	SBCI R24,BYTE3(-@0)
                 	SBCI R25,BYTE4(-@0)
                 	.ENDM
                 
                 	.MACRO __SUBD1N
                 	SUBI R30,LOW(@0)
                 	SBCI R31,HIGH(@0)
                 	SBCI R22,BYTE3(@0)
                 	SBCI R23,BYTE4(@0)
                 	.ENDM
                 
                 	.MACRO __SUBD2N
                 	SUBI R26,LOW(@0)
                 	SBCI R27,HIGH(@0)
                 	SBCI R24,BYTE3(@0)
                 	SBCI R25,BYTE4(@0)
                 	.ENDM
                 
                 	.MACRO __ANDBMNN
                 	LDS  R30,@0+(@1)
                 	ANDI R30,LOW(@2)
                 	STS  @0+(@1),R30
                 	.ENDM
                 
                 	.MACRO __ANDWMNN
                 	LDS  R30,@0+(@1)
                 	ANDI R30,LOW(@2)
                 	STS  @0+(@1),R30
                 	LDS  R30,@0+(@1)+1
                 	ANDI R30,HIGH(@2)
                 	STS  @0+(@1)+1,R30
                 	.ENDM
                 
                 	.MACRO __ANDD1N
                 	ANDI R30,LOW(@0)
                 	ANDI R31,HIGH(@0)
                 	ANDI R22,BYTE3(@0)
                 	ANDI R23,BYTE4(@0)
                 	.ENDM
                 
                 	.MACRO __ANDD2N
                 	ANDI R26,LOW(@0)
                 	ANDI R27,HIGH(@0)
                 	ANDI R24,BYTE3(@0)
                 	ANDI R25,BYTE4(@0)
                 	.ENDM
                 
                 	.MACRO __ORBMNN
                 	LDS  R30,@0+(@1)
                 	ORI  R30,LOW(@2)
                 	STS  @0+(@1),R30
                 	.ENDM
                 
                 	.MACRO __ORWMNN
                 	LDS  R30,@0+(@1)
                 	ORI  R30,LOW(@2)
                 	STS  @0+(@1),R30
                 	LDS  R30,@0+(@1)+1
                 	ORI  R30,HIGH(@2)
                 	STS  @0+(@1)+1,R30
                 	.ENDM
                 
                 	.MACRO __ORD1N
                 	ORI  R30,LOW(@0)
                 	ORI  R31,HIGH(@0)
                 	ORI  R22,BYTE3(@0)
                 	ORI  R23,BYTE4(@0)
                 	.ENDM
                 
                 	.MACRO __ORD2N
                 	ORI  R26,LOW(@0)
                 	ORI  R27,HIGH(@0)
                 	ORI  R24,BYTE3(@0)
                 	ORI  R25,BYTE4(@0)
                 	.ENDM
                 
                 	.MACRO __DELAY_USB
                 	LDI  R24,LOW(@0)
                 __DELAY_USB_LOOP:
                 	DEC  R24
                 	BRNE __DELAY_USB_LOOP
                 	.ENDM
                 
                 	.MACRO __DELAY_USW
                 	LDI  R24,LOW(@0)
                 	LDI  R25,HIGH(@0)
                 __DELAY_USW_LOOP:
                 	SBIW R24,1
                 	BRNE __DELAY_USW_LOOP
                 	.ENDM
                 
                 	.MACRO __GETD1S
                 	LDD  R30,Y+@0
                 	LDD  R31,Y+@0+1
                 	LDD  R22,Y+@0+2
                 	LDD  R23,Y+@0+3
                 	.ENDM
                 
                 	.MACRO __GETD2S
                 	LDD  R26,Y+@0
                 	LDD  R27,Y+@0+1
                 	LDD  R24,Y+@0+2
                 	LDD  R25,Y+@0+3
                 	.ENDM
                 
                 	.MACRO __PUTD1S
                 	STD  Y+@0,R30
                 	STD  Y+@0+1,R31
                 	STD  Y+@0+2,R22
                 	STD  Y+@0+3,R23
                 	.ENDM
                 
                 	.MACRO __PUTD2S
                 	STD  Y+@0,R26
                 	STD  Y+@0+1,R27
                 	STD  Y+@0+2,R24
                 	STD  Y+@0+3,R25
                 	.ENDM
                 
                 	.MACRO __PUTDZ2
                 	STD  Z+@0,R26
                 	STD  Z+@0+1,R27
                 	STD  Z+@0+2,R24
                 	STD  Z+@0+3,R25
                 	.ENDM
                 
                 	.MACRO __CLRD1S
                 	STD  Y+@0,R30
                 	STD  Y+@0+1,R30
                 	STD  Y+@0+2,R30
                 	STD  Y+@0+3,R30
                 	.ENDM
                 
                 	.MACRO __POINTB1MN
                 	LDI  R30,LOW(@0+(@1))
                 	.ENDM
                 
                 	.MACRO __POINTW1MN
                 	LDI  R30,LOW(@0+(@1))
                 	LDI  R31,HIGH(@0+(@1))
                 	.ENDM
                 
                 	.MACRO __POINTD1M
                 	LDI  R30,LOW(@0)
                 	LDI  R31,HIGH(@0)
                 	LDI  R22,BYTE3(@0)
                 	LDI  R23,BYTE4(@0)
                 	.ENDM
                 
                 	.MACRO __POINTW1FN
                 	LDI  R30,LOW(2*@0+(@1))
                 	LDI  R31,HIGH(2*@0+(@1))
                 	.ENDM
                 
                 	.MACRO __POINTD1FN
                 	LDI  R30,LOW(2*@0+(@1))
                 	LDI  R31,HIGH(2*@0+(@1))
                 	LDI  R22,BYTE3(2*@0+(@1))
                 	LDI  R23,BYTE4(2*@0+(@1))
                 	.ENDM
                 
                 	.MACRO __POINTB2MN
                 	LDI  R26,LOW(@0+(@1))
                 	.ENDM
                 
                 	.MACRO __POINTW2MN
                 	LDI  R26,LOW(@0+(@1))
                 	LDI  R27,HIGH(@0+(@1))
                 	.ENDM
                 
                 	.MACRO __POINTW2FN
                 	LDI  R26,LOW(2*@0+(@1))
                 	LDI  R27,HIGH(2*@0+(@1))
                 	.ENDM
                 
                 	.MACRO __POINTD2FN
                 	LDI  R26,LOW(2*@0+(@1))
                 	LDI  R27,HIGH(2*@0+(@1))
                 	LDI  R24,BYTE3(2*@0+(@1))
                 	LDI  R25,BYTE4(2*@0+(@1))
                 	.ENDM
                 
                 	.MACRO __POINTBRM
                 	LDI  R@0,LOW(@1)
                 	.ENDM
                 
                 	.MACRO __POINTWRM
                 	LDI  R@0,LOW(@2)
                 	LDI  R@1,HIGH(@2)
                 	.ENDM
                 
                 	.MACRO __POINTBRMN
                 	LDI  R@0,LOW(@1+(@2))
                 	.ENDM
                 
                 	.MACRO __POINTWRMN
                 	LDI  R@0,LOW(@2+(@3))
                 	LDI  R@1,HIGH(@2+(@3))
                 	.ENDM
                 
                 	.MACRO __POINTWRFN
                 	LDI  R@0,LOW(@2*2+(@3))
                 	LDI  R@1,HIGH(@2*2+(@3))
                 	.ENDM
                 
                 	.MACRO __GETD1N
                 	LDI  R30,LOW(@0)
                 	LDI  R31,HIGH(@0)
                 	LDI  R22,BYTE3(@0)
                 	LDI  R23,BYTE4(@0)
                 	.ENDM
                 
                 	.MACRO __GETD2N
                 	LDI  R26,LOW(@0)
                 	LDI  R27,HIGH(@0)
                 	LDI  R24,BYTE3(@0)
                 	LDI  R25,BYTE4(@0)
                 	.ENDM
                 
                 	.MACRO __GETB1MN
                 	LDS  R30,@0+(@1)
                 	.ENDM
                 
                 	.MACRO __GETB1HMN
                 	LDS  R31,@0+(@1)
                 	.ENDM
                 
                 	.MACRO __GETW1MN
                 	LDS  R30,@0+(@1)
                 	LDS  R31,@0+(@1)+1
                 	.ENDM
                 
                 	.MACRO __GETD1MN
                 	LDS  R30,@0+(@1)
                 	LDS  R31,@0+(@1)+1
                 	LDS  R22,@0+(@1)+2
                 	LDS  R23,@0+(@1)+3
                 	.ENDM
                 
                 	.MACRO __GETBRMN
                 	LDS  R@0,@1+(@2)
                 	.ENDM
                 
                 	.MACRO __GETWRMN
                 	LDS  R@0,@2+(@3)
                 	LDS  R@1,@2+(@3)+1
                 	.ENDM
                 
                 	.MACRO __GETWRZ
                 	LDD  R@0,Z+@2
                 	LDD  R@1,Z+@2+1
                 	.ENDM
                 
                 	.MACRO __GETD2Z
                 	LDD  R26,Z+@0
                 	LDD  R27,Z+@0+1
                 	LDD  R24,Z+@0+2
                 	LDD  R25,Z+@0+3
                 	.ENDM
                 
                 	.MACRO __GETB2MN
                 	LDS  R26,@0+(@1)
                 	.ENDM
                 
                 	.MACRO __GETW2MN
                 	LDS  R26,@0+(@1)
                 	LDS  R27,@0+(@1)+1
                 	.ENDM
                 
                 	.MACRO __GETD2MN
                 	LDS  R26,@0+(@1)
                 	LDS  R27,@0+(@1)+1
                 	LDS  R24,@0+(@1)+2
                 	LDS  R25,@0+(@1)+3
                 	.ENDM
                 
                 	.MACRO __PUTB1MN
                 	STS  @0+(@1),R30
                 	.ENDM
                 
                 	.MACRO __PUTW1MN
                 	STS  @0+(@1),R30
                 	STS  @0+(@1)+1,R31
                 	.ENDM
                 
                 	.MACRO __PUTD1MN
                 	STS  @0+(@1),R30
                 	STS  @0+(@1)+1,R31
                 	STS  @0+(@1)+2,R22
                 	STS  @0+(@1)+3,R23
                 	.ENDM
                 
                 	.MACRO __PUTB1EN
                 	LDI  R26,LOW(@0+(@1))
                 	LDI  R27,HIGH(@0+(@1))
                 	CALL __EEPROMWRB
                 	.ENDM
                 
                 	.MACRO __PUTW1EN
                 	LDI  R26,LOW(@0+(@1))
                 	LDI  R27,HIGH(@0+(@1))
                 	CALL __EEPROMWRW
                 	.ENDM
                 
                 	.MACRO __PUTD1EN
                 	LDI  R26,LOW(@0+(@1))
                 	LDI  R27,HIGH(@0+(@1))
                 	CALL __EEPROMWRD
                 	.ENDM
                 
                 	.MACRO __PUTBR0MN
                 	STS  @0+(@1),R0
                 	.ENDM
                 
                 	.MACRO __PUTBMRN
                 	STS  @0+(@1),R@2
                 	.ENDM
                 
                 	.MACRO __PUTWMRN
                 	STS  @0+(@1),R@2
                 	STS  @0+(@1)+1,R@3
                 	.ENDM
                 
                 	.MACRO __PUTBZR
                 	STD  Z+@1,R@0
                 	.ENDM
                 
                 	.MACRO __PUTWZR
                 	STD  Z+@2,R@0
                 	STD  Z+@2+1,R@1
                 	.ENDM
                 
                 	.MACRO __GETW1R
                 	MOV  R30,R@0
                 	MOV  R31,R@1
                 	.ENDM
                 
                 	.MACRO __GETW2R
                 	MOV  R26,R@0
                 	MOV  R27,R@1
                 	.ENDM
                 
                 	.MACRO __GETWRN
                 	LDI  R@0,LOW(@2)
                 	LDI  R@1,HIGH(@2)
                 	.ENDM
                 
                 	.MACRO __PUTW1R
                 	MOV  R@0,R30
                 	MOV  R@1,R31
                 	.ENDM
                 
                 	.MACRO __PUTW2R
                 	MOV  R@0,R26
                 	MOV  R@1,R27
                 	.ENDM
                 
                 	.MACRO __ADDWRN
                 	SUBI R@0,LOW(-@2)
                 	SBCI R@1,HIGH(-@2)
                 	.ENDM
                 
                 	.MACRO __ADDWRR
                 	ADD  R@0,R@2
                 	ADC  R@1,R@3
                 	.ENDM
                 
                 	.MACRO __SUBWRN
                 	SUBI R@0,LOW(@2)
                 	SBCI R@1,HIGH(@2)
                 	.ENDM
                 
                 	.MACRO __SUBWRR
                 	SUB  R@0,R@2
                 	SBC  R@1,R@3
                 	.ENDM
                 
                 	.MACRO __ANDWRN
                 	ANDI R@0,LOW(@2)
                 	ANDI R@1,HIGH(@2)
                 	.ENDM
                 
                 	.MACRO __ANDWRR
                 	AND  R@0,R@2
                 	AND  R@1,R@3
                 	.ENDM
                 
                 	.MACRO __ORWRN
                 	ORI  R@0,LOW(@2)
                 	ORI  R@1,HIGH(@2)
                 	.ENDM
                 
                 	.MACRO __ORWRR
                 	OR   R@0,R@2
                 	OR   R@1,R@3
                 	.ENDM
                 
                 	.MACRO __EORWRR
                 	EOR  R@0,R@2
                 	EOR  R@1,R@3
                 	.ENDM
                 
                 	.MACRO __GETWRS
                 	LDD  R@0,Y+@2
                 	LDD  R@1,Y+@2+1
                 	.ENDM
                 
                 	.MACRO __PUTBSR
                 	STD  Y+@1,R@0
                 	.ENDM
                 
                 	.MACRO __PUTWSR
                 	STD  Y+@2,R@0
                 	STD  Y+@2+1,R@1
                 	.ENDM
                 
                 	.MACRO __MOVEWRR
                 	MOV  R@0,R@2
                 	MOV  R@1,R@3
                 	.ENDM
                 
                 	.MACRO __INWR
                 	IN   R@0,@2
                 	IN   R@1,@2+1
                 	.ENDM
                 
                 	.MACRO __OUTWR
                 	OUT  @2+1,R@1
                 	OUT  @2,R@0
                 	.ENDM
                 
                 	.MACRO __CALL1MN
                 	LDS  R30,@0+(@1)
                 	LDS  R31,@0+(@1)+1
                 	ICALL
                 	.ENDM
                 
                 	.MACRO __CALL1FN
                 	LDI  R30,LOW(2*@0+(@1))
                 	LDI  R31,HIGH(2*@0+(@1))
                 	CALL __GETW1PF
                 	ICALL
                 	.ENDM
                 
                 	.MACRO __CALL2EN
                 	PUSH R26
                 	PUSH R27
                 	LDI  R26,LOW(@0+(@1))
                 	LDI  R27,HIGH(@0+(@1))
                 	CALL __EEPROMRDW
                 	POP  R27
                 	POP  R26
                 	ICALL
                 	.ENDM
                 
                 	.MACRO __CALL2EX
                 	SUBI R26,LOW(-@0)
                 	SBCI R27,HIGH(-@0)
                 	CALL __EEPROMRDD
                 	ICALL
                 	.ENDM
                 
                 	.MACRO __GETW1STACK
                 	IN   R30,SPL
                 	IN   R31,SPH
                 	ADIW R30,@0+1
                 	LD   R0,Z+
                 	LD   R31,Z
                 	MOV  R30,R0
                 	.ENDM
                 
                 	.MACRO __GETD1STACK
                 	IN   R30,SPL
                 	IN   R31,SPH
                 	ADIW R30,@0+1
                 	LD   R0,Z+
                 	LD   R1,Z+
                 	LD   R22,Z
                 	MOVW R30,R0
                 	.ENDM
                 
                 	.MACRO __NBST
                 	BST  R@0,@1
                 	IN   R30,SREG
                 	LDI  R31,0x40
                 	EOR  R30,R31
                 	OUT  SREG,R30
                 	.ENDM
                 
                 
                 	.MACRO __PUTB1SN
                 	LDD  R26,Y+@0
                 	LDD  R27,Y+@0+1
                 	SUBI R26,LOW(-@1)
                 	SBCI R27,HIGH(-@1)
                 	ST   X,R30
                 	.ENDM
                 
                 	.MACRO __PUTW1SN
                 	LDD  R26,Y+@0
                 	LDD  R27,Y+@0+1
                 	SUBI R26,LOW(-@1)
                 	SBCI R27,HIGH(-@1)
                 	ST   X+,R30
                 	ST   X,R31
                 	.ENDM
                 
                 	.MACRO __PUTD1SN
                 	LDD  R26,Y+@0
                 	LDD  R27,Y+@0+1
                 	SUBI R26,LOW(-@1)
                 	SBCI R27,HIGH(-@1)
                 	CALL __PUTDP1
                 	.ENDM
                 
                 	.MACRO __PUTB1SNS
                 	LDD  R26,Y+@0
                 	LDD  R27,Y+@0+1
                 	ADIW R26,@1
                 	ST   X,R30
                 	.ENDM
                 
                 	.MACRO __PUTW1SNS
                 	LDD  R26,Y+@0
                 	LDD  R27,Y+@0+1
                 	ADIW R26,@1
                 	ST   X+,R30
                 	ST   X,R31
                 	.ENDM
                 
                 	.MACRO __PUTD1SNS
                 	LDD  R26,Y+@0
                 	LDD  R27,Y+@0+1
                 	ADIW R26,@1
                 	CALL __PUTDP1
                 	.ENDM
                 
                 	.MACRO __PUTB1PMN
                 	LDS  R26,@0
                 	LDS  R27,@0+1
                 	SUBI R26,LOW(-@1)
                 	SBCI R27,HIGH(-@1)
                 	ST   X,R30
                 	.ENDM
                 
                 	.MACRO __PUTW1PMN
                 	LDS  R26,@0
                 	LDS  R27,@0+1
                 	SUBI R26,LOW(-@1)
                 	SBCI R27,HIGH(-@1)
                 	ST   X+,R30
                 	ST   X,R31
                 	.ENDM
                 
                 	.MACRO __PUTD1PMN
                 	LDS  R26,@0
                 	LDS  R27,@0+1
                 	SUBI R26,LOW(-@1)
                 	SBCI R27,HIGH(-@1)
                 	CALL __PUTDP1
                 	.ENDM
                 
                 	.MACRO __PUTB1PMNS
                 	LDS  R26,@0
                 	LDS  R27,@0+1
                 	ADIW R26,@1
                 	ST   X,R30
                 	.ENDM
                 
                 	.MACRO __PUTW1PMNS
                 	LDS  R26,@0
                 	LDS  R27,@0+1
                 	ADIW R26,@1
                 	ST   X+,R30
                 	ST   X,R31
                 	.ENDM
                 
                 	.MACRO __PUTD1PMNS
                 	LDS  R26,@0
                 	LDS  R27,@0+1
                 	ADIW R26,@1
                 	CALL __PUTDP1
                 	.ENDM
                 
                 	.MACRO __PUTB1RN
                 	MOVW R26,R@0
                 	SUBI R26,LOW(-@1)
                 	SBCI R27,HIGH(-@1)
                 	ST   X,R30
                 	.ENDM
                 
                 	.MACRO __PUTW1RN
                 	MOVW R26,R@0
                 	SUBI R26,LOW(-@1)
                 	SBCI R27,HIGH(-@1)
                 	ST   X+,R30
                 	ST   X,R31
                 	.ENDM
                 
                 	.MACRO __PUTD1RN
                 	MOVW R26,R@0
                 	SUBI R26,LOW(-@1)
                 	SBCI R27,HIGH(-@1)
                 	CALL __PUTDP1
                 	.ENDM
                 
                 	.MACRO __PUTB1RNS
                 	MOVW R26,R@0
                 	ADIW R26,@1
                 	ST   X,R30
                 	.ENDM
                 
                 	.MACRO __PUTW1RNS
                 	MOVW R26,R@0
                 	ADIW R26,@1
                 	ST   X+,R30
                 	ST   X,R31
                 	.ENDM
                 
                 	.MACRO __PUTD1RNS
                 	MOVW R26,R@0
                 	ADIW R26,@1
                 	CALL __PUTDP1
                 	.ENDM
                 
                 	.MACRO __PUTB1RON
                 	MOV  R26,R@0
                 	MOV  R27,R@1
                 	SUBI R26,LOW(-@2)
                 	SBCI R27,HIGH(-@2)
                 	ST   X,R30
                 	.ENDM
                 
                 	.MACRO __PUTW1RON
                 	MOV  R26,R@0
                 	MOV  R27,R@1
                 	SUBI R26,LOW(-@2)
                 	SBCI R27,HIGH(-@2)
                 	ST   X+,R30
                 	ST   X,R31
                 	.ENDM
                 
                 	.MACRO __PUTD1RON
                 	MOV  R26,R@0
                 	MOV  R27,R@1
                 	SUBI R26,LOW(-@2)
                 	SBCI R27,HIGH(-@2)
                 	CALL __PUTDP1
                 	.ENDM
                 
                 	.MACRO __PUTB1RONS
                 	MOV  R26,R@0
                 	MOV  R27,R@1
                 	ADIW R26,@2
                 	ST   X,R30
                 	.ENDM
                 
                 	.MACRO __PUTW1RONS
                 	MOV  R26,R@0
                 	MOV  R27,R@1
                 	ADIW R26,@2
                 	ST   X+,R30
                 	ST   X,R31
                 	.ENDM
                 
                 	.MACRO __PUTD1RONS
                 	MOV  R26,R@0
                 	MOV  R27,R@1
                 	ADIW R26,@2
                 	CALL __PUTDP1
                 	.ENDM
                 
                 
                 	.MACRO __GETB1SX
                 	MOVW R30,R28
                 	SUBI R30,LOW(-@0)
                 	SBCI R31,HIGH(-@0)
                 	LD   R30,Z
                 	.ENDM
                 
                 	.MACRO __GETB1HSX
                 	MOVW R30,R28
                 	SUBI R30,LOW(-@0)
                 	SBCI R31,HIGH(-@0)
                 	LD   R31,Z
                 	.ENDM
                 
                 	.MACRO __GETW1SX
                 	MOVW R30,R28
                 	SUBI R30,LOW(-@0)
                 	SBCI R31,HIGH(-@0)
                 	LD   R0,Z+
                 	LD   R31,Z
                 	MOV  R30,R0
                 	.ENDM
                 
                 	.MACRO __GETD1SX
                 	MOVW R30,R28
                 	SUBI R30,LOW(-@0)
                 	SBCI R31,HIGH(-@0)
                 	LD   R0,Z+
                 	LD   R1,Z+
                 	LD   R22,Z+
                 	LD   R23,Z
                 	MOVW R30,R0
                 	.ENDM
                 
                 	.MACRO __GETB2SX
                 	MOVW R26,R28
                 	SUBI R26,LOW(-@0)
                 	SBCI R27,HIGH(-@0)
                 	LD   R26,X
                 	.ENDM
                 
                 	.MACRO __GETW2SX
                 	MOVW R26,R28
                 	SUBI R26,LOW(-@0)
                 	SBCI R27,HIGH(-@0)
                 	LD   R0,X+
                 	LD   R27,X
                 	MOV  R26,R0
                 	.ENDM
                 
                 	.MACRO __GETD2SX
                 	MOVW R26,R28
                 	SUBI R26,LOW(-@0)
                 	SBCI R27,HIGH(-@0)
                 	LD   R0,X+
                 	LD   R1,X+
                 	LD   R24,X+
                 	LD   R25,X
                 	MOVW R26,R0
                 	.ENDM
                 
                 	.MACRO __GETBRSX
                 	MOVW R30,R28
                 	SUBI R30,LOW(-@1)
                 	SBCI R31,HIGH(-@1)
                 	LD   R@0,Z
                 	.ENDM
                 
                 	.MACRO __GETWRSX
                 	MOVW R30,R28
                 	SUBI R30,LOW(-@2)
                 	SBCI R31,HIGH(-@2)
                 	LD   R@0,Z+
                 	LD   R@1,Z
                 	.ENDM
                 
                 	.MACRO __GETBRSX2
                 	MOVW R26,R28
                 	SUBI R26,LOW(-@1)
                 	SBCI R27,HIGH(-@1)
                 	LD   R@0,X
                 	.ENDM
                 
                 	.MACRO __GETWRSX2
                 	MOVW R26,R28
                 	SUBI R26,LOW(-@2)
                 	SBCI R27,HIGH(-@2)
                 	LD   R@0,X+
                 	LD   R@1,X
                 	.ENDM
                 
                 	.MACRO __LSLW8SX
                 	MOVW R30,R28
                 	SUBI R30,LOW(-@0)
                 	SBCI R31,HIGH(-@0)
                 	LD   R31,Z
                 	CLR  R30
                 	.ENDM
                 
                 	.MACRO __PUTB1SX
                 	MOVW R26,R28
                 	SUBI R26,LOW(-@0)
                 	SBCI R27,HIGH(-@0)
                 	ST   X,R30
                 	.ENDM
                 
                 	.MACRO __PUTW1SX
                 	MOVW R26,R28
                 	SUBI R26,LOW(-@0)
                 	SBCI R27,HIGH(-@0)
                 	ST   X+,R30
                 	ST   X,R31
                 	.ENDM
                 
                 	.MACRO __PUTD1SX
                 	MOVW R26,R28
                 	SUBI R26,LOW(-@0)
                 	SBCI R27,HIGH(-@0)
                 	ST   X+,R30
                 	ST   X+,R31
                 	ST   X+,R22
                 	ST   X,R23
                 	.ENDM
                 
                 	.MACRO __CLRW1SX
                 	MOVW R26,R28
                 	SUBI R26,LOW(-@0)
                 	SBCI R27,HIGH(-@0)
                 	ST   X+,R30
                 	ST   X,R30
                 	.ENDM
                 
                 	.MACRO __CLRD1SX
                 	MOVW R26,R28
                 	SUBI R26,LOW(-@0)
                 	SBCI R27,HIGH(-@0)
                 	ST   X+,R30
                 	ST   X+,R30
                 	ST   X+,R30
                 	ST   X,R30
                 	.ENDM
                 
                 	.MACRO __PUTB2SX
                 	MOVW R30,R28
                 	SUBI R30,LOW(-@0)
                 	SBCI R31,HIGH(-@0)
                 	ST   Z,R26
                 	.ENDM
                 
                 	.MACRO __PUTW2SX
                 	MOVW R30,R28
                 	SUBI R30,LOW(-@0)
                 	SBCI R31,HIGH(-@0)
                 	ST   Z+,R26
                 	ST   Z,R27
                 	.ENDM
                 
                 	.MACRO __PUTD2SX
                 	MOVW R30,R28
                 	SUBI R30,LOW(-@0)
                 	SBCI R31,HIGH(-@0)
                 	ST   Z+,R26
                 	ST   Z+,R27
                 	ST   Z+,R24
                 	ST   Z,R25
                 	.ENDM
                 
                 	.MACRO __PUTBSRX
                 	MOVW R30,R28
                 	SUBI R30,LOW(-@1)
                 	SBCI R31,HIGH(-@1)
                 	ST   Z,R@0
                 	.ENDM
                 
                 	.MACRO __PUTWSRX
                 	MOVW R30,R28
                 	SUBI R30,LOW(-@2)
                 	SBCI R31,HIGH(-@2)
                 	ST   Z+,R@0
                 	ST   Z,R@1
                 	.ENDM
                 
                 	.MACRO __PUTB1SNX
                 	MOVW R26,R28
                 	SUBI R26,LOW(-@0)
                 	SBCI R27,HIGH(-@0)
                 	LD   R0,X+
                 	LD   R27,X
                 	MOV  R26,R0
                 	SUBI R26,LOW(-@1)
                 	SBCI R27,HIGH(-@1)
                 	ST   X,R30
                 	.ENDM
                 
                 	.MACRO __PUTW1SNX
                 	MOVW R26,R28
                 	SUBI R26,LOW(-@0)
                 	SBCI R27,HIGH(-@0)
                 	LD   R0,X+
                 	LD   R27,X
                 	MOV  R26,R0
                 	SUBI R26,LOW(-@1)
                 	SBCI R27,HIGH(-@1)
                 	ST   X+,R30
                 	ST   X,R31
                 	.ENDM
                 
                 	.MACRO __PUTD1SNX
                 	MOVW R26,R28
                 	SUBI R26,LOW(-@0)
                 	SBCI R27,HIGH(-@0)
                 	LD   R0,X+
                 	LD   R27,X
                 	MOV  R26,R0
                 	SUBI R26,LOW(-@1)
                 	SBCI R27,HIGH(-@1)
                 	ST   X+,R30
                 	ST   X+,R31
                 	ST   X+,R22
                 	ST   X,R23
                 	.ENDM
                 
                 	.MACRO __MULBRR
                 	MULS R@0,R@1
                 	MOVW R30,R0
                 	.ENDM
                 
                 	.MACRO __MULBRRU
                 	MUL  R@0,R@1
                 	MOVW R30,R0
                 	.ENDM
                 
                 	.MACRO __MULBRR0
                 	MULS R@0,R@1
                 	.ENDM
                 
                 	.MACRO __MULBRRU0
                 	MUL  R@0,R@1
                 	.ENDM
                 
                 	.MACRO __MULBNWRU
                 	LDI  R26,@2
                 	MUL  R26,R@0
                 	MOVW R30,R0
                 	MUL  R26,R@1
                 	ADD  R31,R0
                 	.ENDM
                 
                 ;NAME DEFINITIONS FOR GLOBAL VARIABLES ALLOCATED TO REGISTERS
                 	.DEF _temp=R4
                 	.DEF _temp_msb=R5
                 	.DEF _rx_wr_index=R7
                 	.DEF _rx_rd_index=R6
                 	.DEF _rx_counter=R9
                 	.DEF _myData=R10
                 	.DEF _myData_msb=R11
                 	.DEF __lcd_x=R8
                 	.DEF __lcd_y=R13
                 	.DEF __lcd_maxx=R12
                 
                 	.CSEG
                 	.ORG 0x00
                 
                 ;START OF CODE MARKER
                 __START_OF_CODE:
                 
                 ;INTERRUPT VECTORS
000000 940c 0048 	JMP  __RESET
000002 940c 0000 	JMP  0x00
000004 940c 0000 	JMP  0x00
000006 940c 0000 	JMP  0x00
000008 940c 0000 	JMP  0x00
00000a 940c 0000 	JMP  0x00
00000c 940c 0000 	JMP  0x00
00000e 940c 0000 	JMP  0x00
000010 940c 0000 	JMP  0x00
000012 940c 0000 	JMP  0x00
000014 940c 0000 	JMP  0x00
000016 940c 0000 	JMP  0x00
000018 940c 0000 	JMP  0x00
00001a 940c 0075 	JMP  _usart_rx_isr
00001c 940c 0000 	JMP  0x00
00001e 940c 0000 	JMP  0x00
000020 940c 0000 	JMP  0x00
000022 940c 0000 	JMP  0x00
000024 940c 0000 	JMP  0x00
000026 940c 0000 	JMP  0x00
000028 940c 0000 	JMP  0x00
                 
                 _tbl10_G101:
00002a 2710
00002b 03e8
00002c 0064
00002d 000a      	.DB  0x10,0x27,0xE8,0x3,0x64,0x0,0xA,0x0
00002e 0001      	.DB  0x1,0x0
                 _tbl16_G101:
00002f 1000
000030 0100
000031 0010
000032 0001      	.DB  0x0,0x10,0x0,0x1,0x10,0x0,0x1,0x0
                 
                 ;REGISTER BIT VARIABLES INITIALIZATION
                 __REG_BIT_VARS:
000033 0000      	.DW  0x0000
                 
                 ;GLOBAL REGISTER VARIABLES INITIALIZATION
                 __REG_VARS:
000034 0000
000035 0000      	.DB  0x0,0x0,0x0,0x0
000036 0000      	.DB  0x0,0x0
                 
                 _0x0:
000037 6554
000038 706d
000039 3a20
00003a 2520      	.DB  0x54,0x65,0x6D,0x70,0x20,0x3A,0x20,0x25
00003b 2064
C:\Users\Hossein\Desktop\receiver\Debug\List\receiver.asm(1145): warning: .cseg .db misalignment - padding zero byte
00003c 0000      	.DB  0x64,0x20,0x0
                 _0x2000003:
00003d c080      	.DB  0x80,0xC0
                 
                 __GLOBAL_INI_TBL:
00003e 0001      	.DW  0x01
00003f 0002      	.DW  0x02
000040 0066      	.DW  __REG_BIT_VARS*2
                 
000041 0006      	.DW  0x06
000042 0006      	.DW  0x06
000043 0068      	.DW  __REG_VARS*2
                 
000044 0002      	.DW  0x02
000045 02cc      	.DW  __base_y_G100
000046 007a      	.DW  _0x2000003*2
                 
                 _0xFFFFFFFF:
000047 0000      	.DW  0
                 
                 #define __GLOBAL_INI_TBL_PRESENT 1
                 
                 __RESET:
000048 94f8      	CLI
000049 27ee      	CLR  R30
00004a bbec      	OUT  EECR,R30
                 
                 ;INTERRUPT VECTORS ARE PLACED
                 ;AT THE START OF FLASH
00004b e0f1      	LDI  R31,1
00004c bffb      	OUT  GICR,R31
00004d bfeb      	OUT  GICR,R30
00004e bfe5      	OUT  MCUCR,R30
                 
                 ;CLEAR R2-R14
00004f e08d      	LDI  R24,(14-2)+1
000050 e0a2      	LDI  R26,2
000051 27bb      	CLR  R27
                 __CLEAR_REG:
000052 93ed      	ST   X+,R30
000053 958a      	DEC  R24
000054 f7e9      	BRNE __CLEAR_REG
                 
                 ;CLEAR SRAM
000055 e080      	LDI  R24,LOW(__CLEAR_SRAM_SIZE)
000056 e098      	LDI  R25,HIGH(__CLEAR_SRAM_SIZE)
000057 e6a0      	LDI  R26,__SRAM_START
                 __CLEAR_SRAM:
000058 93ed      	ST   X+,R30
000059 9701      	SBIW R24,1
00005a f7e9      	BRNE __CLEAR_SRAM
                 
                 ;GLOBAL VARIABLES INITIALIZATION
00005b e7ec      	LDI  R30,LOW(__GLOBAL_INI_TBL*2)
00005c e0f0      	LDI  R31,HIGH(__GLOBAL_INI_TBL*2)
                 __GLOBAL_INI_NEXT:
00005d 9185      	LPM  R24,Z+
00005e 9195      	LPM  R25,Z+
00005f 9700      	SBIW R24,0
000060 f061      	BREQ __GLOBAL_INI_END
000061 91a5      	LPM  R26,Z+
000062 91b5      	LPM  R27,Z+
000063 9005      	LPM  R0,Z+
000064 9015      	LPM  R1,Z+
000065 01bf      	MOVW R22,R30
000066 01f0      	MOVW R30,R0
                 __GLOBAL_INI_LOOP:
000067 9005      	LPM  R0,Z+
000068 920d      	ST   X+,R0
000069 9701      	SBIW R24,1
00006a f7e1      	BRNE __GLOBAL_INI_LOOP
00006b 01fb      	MOVW R30,R22
00006c cff0      	RJMP __GLOBAL_INI_NEXT
                 __GLOBAL_INI_END:
                 
                 ;HARDWARE STACK POINTER INITIALIZATION
00006d e5ef      	LDI  R30,LOW(__SRAM_END-__HEAP_SIZE)
00006e bfed      	OUT  SPL,R30
00006f e0e8      	LDI  R30,HIGH(__SRAM_END-__HEAP_SIZE)
000070 bfee      	OUT  SPH,R30
                 
                 ;DATA STACK POINTER INITIALIZATION
000071 e6c0      	LDI  R28,LOW(__SRAM_START+__DSTACK_SIZE)
000072 e0d2      	LDI  R29,HIGH(__SRAM_START+__DSTACK_SIZE)
                 
000073 940c 00ad 	JMP  _main
                 
                 	.ESEG
                 	.ORG 0
                 
                 	.DSEG
                 	.ORG 0x260
                 
                 	.CSEG
                 ;/*******************************************************
                 ;This program was created by the
                 ;CodeWizardAVR V3.12 Advanced
                 ;Automatic Program Generator
                 ;© Copyright 1998-2014 Pavel Haiduc, HP InfoTech s.r.l.
                 ;http://www.hpinfotech.com
                 ;
                 ;Project :
                 ;Version :
                 ;Date    : 7/2/2019
                 ;Author  :
                 ;Company :
                 ;Comments:
                 ;
                 ;
                 ;Chip type               : ATmega32
                 ;Program type            : Application
                 ;AVR Core Clock frequency: 8.000000 MHz
                 ;Memory model            : Small
                 ;External RAM size       : 0
                 ;Data Stack size         : 512
                 ;*******************************************************/
                 ;
                 ;#include <mega32.h>
                 	#ifndef __SLEEP_DEFINED__
                 	#define __SLEEP_DEFINED__
                 	.EQU __se_bit=0x80
                 	.EQU __sm_mask=0x70
                 	.EQU __sm_powerdown=0x20
                 	.EQU __sm_powersave=0x30
                 	.EQU __sm_standby=0x60
                 	.EQU __sm_ext_standby=0x70
                 	.EQU __sm_adc_noise_red=0x10
                 	.SET power_ctrl_reg=mcucr
                 	#endif
                 ;
                 ;// Alphanumeric LCD functions
                 ;#include <alcd.h>
                 ; #include <delay.h>
                 ;// Declare your global variables here
                 ;char str [100];
                 ;int temp;
                 ;#define DATA_REGISTER_EMPTY (1<<UDRE)
                 ;#define RX_COMPLETE (1<<RXC)
                 ;#define FRAMING_ERROR (1<<FE)
                 ;#define PARITY_ERROR (1<<UPE)
                 ;#define DATA_OVERRUN (1<<DOR)
                 ;
                 ;// USART Receiver buffer
                 ;#define RX_BUFFER_SIZE 8
                 ;char rx_buffer[RX_BUFFER_SIZE];
                 ;
                 ;#if RX_BUFFER_SIZE <= 256
                 ;unsigned char rx_wr_index=0,rx_rd_index=0;
                 ;#else
                 ;unsigned int rx_wr_index=0,rx_rd_index=0;
                 ;#endif
                 ;
                 ;#if RX_BUFFER_SIZE < 256
                 ;unsigned char rx_counter=0;
                 ;#else
                 ;unsigned int rx_counter=0;
                 ;#endif
                 ;
                 ;// This flag is set on USART Receiver buffer overflow
                 ;bit rx_buffer_overflow;
                 ;int myData = 0 ;
                 ;// USART Receiver interrupt service routine
                 ;interrupt [USART_RXC] void usart_rx_isr(void)
                 ; 0000 003B {
                 
                 	.CSEG
                 _usart_rx_isr:
                 ; .FSTART _usart_rx_isr
000075 93ea      	ST   -Y,R30
000076 93fa      	ST   -Y,R31
000077 b7ef      	IN   R30,SREG
000078 93ea      	ST   -Y,R30
                 ; 0000 003C char status,data;
                 ; 0000 003D status=UCSRA;
000079 931a      	ST   -Y,R17
00007a 930a      	ST   -Y,R16
                 ;	status -> R17
                 ;	data -> R16
00007b b11b      	IN   R17,11
                 ; 0000 003E data=UDR;
00007c b10c      	IN   R16,12
                 ; 0000 003F myData = UDR ;
00007d b0ac      	IN   R10,12
00007e 24bb      	CLR  R11
                 ; 0000 0040 if ((status & (FRAMING_ERROR | PARITY_ERROR | DATA_OVERRUN))==0)
00007f 2fe1      	MOV  R30,R17
000080 71ec      	ANDI R30,LOW(0x1C)
000081 f489      	BRNE _0x3
                 ; 0000 0041    {
                 ; 0000 0042    rx_buffer[rx_wr_index++]=data;
000082 2de7      	MOV  R30,R7
000083 9473      	INC  R7
000084 e0f0      	LDI  R31,0
000085 53ec      	SUBI R30,LOW(-_rx_buffer)
000086 4ffd      	SBCI R31,HIGH(-_rx_buffer)
000087 8300      	ST   Z,R16
                 ; 0000 0043 #if RX_BUFFER_SIZE == 256
                 ; 0000 0044    // special case for receiver buffer size=256
                 ; 0000 0045    if (++rx_counter == 0) rx_buffer_overflow=1;
                 ; 0000 0046 #else
                 ; 0000 0047    if (rx_wr_index == RX_BUFFER_SIZE) rx_wr_index=0;
000088 e0e8      	LDI  R30,LOW(8)
000089 15e7      	CP   R30,R7
00008a f409      	BRNE _0x4
00008b 2477      	CLR  R7
                 ; 0000 0048    if (++rx_counter == RX_BUFFER_SIZE)
                 _0x4:
00008c 9493      	INC  R9
00008d e0e8      	LDI  R30,LOW(8)
00008e 15e9      	CP   R30,R9
00008f f419      	BRNE _0x5
                 ; 0000 0049       {
                 ; 0000 004A       rx_counter=0;
000090 2499      	CLR  R9
                 ; 0000 004B       rx_buffer_overflow=1;
000091 9468      	SET
000092 f820      	BLD  R2,0
                 ; 0000 004C       }
                 ; 0000 004D #endif
                 ; 0000 004E    }
                 _0x5:
                 ; 0000 004F }
                 _0x3:
000093 9109      	LD   R16,Y+
000094 9119      	LD   R17,Y+
000095 91e9      	LD   R30,Y+
000096 bfef      	OUT  SREG,R30
000097 91f9      	LD   R31,Y+
000098 91e9      	LD   R30,Y+
000099 9518      	RETI
                 ; .FEND
                 ;
                 ;#ifndef _DEBUG_TERMINAL_IO_
                 ;// Get a character from the USART Receiver buffer
                 ;#define _ALTERNATE_GETCHAR_
                 ;#pragma used+
                 ;char getchar(void)
                 ; 0000 0056 {
                 _getchar:
                 ; .FSTART _getchar
                 ; 0000 0057 char data;
                 ; 0000 0058 while (rx_counter==0);
00009a 931a      	ST   -Y,R17
                 ;	data -> R17
                 _0x6:
00009b 2099      	TST  R9
00009c f3f1      	BREQ _0x6
                 ; 0000 0059 data=rx_buffer[rx_rd_index++];
00009d 2de6      	MOV  R30,R6
00009e 9463      	INC  R6
00009f e0f0      	LDI  R31,0
0000a0 53ec      	SUBI R30,LOW(-_rx_buffer)
0000a1 4ffd      	SBCI R31,HIGH(-_rx_buffer)
0000a2 8110      	LD   R17,Z
                 ; 0000 005A #if RX_BUFFER_SIZE != 256
                 ; 0000 005B if (rx_rd_index == RX_BUFFER_SIZE) rx_rd_index=0;
0000a3 e0e8      	LDI  R30,LOW(8)
0000a4 15e6      	CP   R30,R6
0000a5 f409      	BRNE _0x9
0000a6 2466      	CLR  R6
                 ; 0000 005C #endif
                 ; 0000 005D #asm("cli")
                 _0x9:
0000a7 94f8      	cli
                 ; 0000 005E --rx_counter;
0000a8 949a      	DEC  R9
                 ; 0000 005F #asm("sei")
0000a9 9478      	sei
                 ; 0000 0060 return data;
0000aa 2fe1      	MOV  R30,R17
0000ab 9119      	LD   R17,Y+
0000ac 9508      	RET
                 ; 0000 0061 }
                 ; .FEND
                 ;#pragma used-
                 ;#endif
                 ;
                 ;// Standard Input/Output functions
                 ;#include <stdio.h>
                 ;
                 ;void main(void)
                 ; 0000 0069 {
                 _main:
                 ; .FSTART _main
                 ; 0000 006A // Declare your local variables here
                 ; 0000 006B 
                 ; 0000 006C // Input/Output Ports initialization
                 ; 0000 006D // Port A initialization
                 ; 0000 006E // Function: Bit7=In Bit6=In Bit5=In Bit4=In Bit3=In Bit2=In Bit1=In Bit0=In
                 ; 0000 006F DDRA=(0<<DDA7) | (0<<DDA6) | (0<<DDA5) | (0<<DDA4) | (0<<DDA3) | (0<<DDA2) | (0<<DDA1) | (0<<DDA0);
0000ad e0e0      	LDI  R30,LOW(0)
0000ae bbea      	OUT  0x1A,R30
                 ; 0000 0070 // State: Bit7=T Bit6=T Bit5=T Bit4=T Bit3=T Bit2=T Bit1=T Bit0=T
                 ; 0000 0071 PORTA=(0<<PORTA7) | (0<<PORTA6) | (0<<PORTA5) | (0<<PORTA4) | (0<<PORTA3) | (0<<PORTA2) | (0<<PORTA1) | (0<<PORTA0);
0000af bbeb      	OUT  0x1B,R30
                 ; 0000 0072 
                 ; 0000 0073 // Port B initialization
                 ; 0000 0074 // Function: Bit7=In Bit6=In Bit5=In Bit4=In Bit3=In Bit2=In Bit1=In Bit0=In
                 ; 0000 0075 DDRB=(0<<DDB7) | (0<<DDB6) | (0<<DDB5) | (0<<DDB4) | (0<<DDB3) | (0<<DDB2) | (0<<DDB1) | (0<<DDB0);
0000b0 bbe7      	OUT  0x17,R30
                 ; 0000 0076 // State: Bit7=T Bit6=T Bit5=T Bit4=T Bit3=T Bit2=T Bit1=T Bit0=T
                 ; 0000 0077 PORTB=(0<<PORTB7) | (0<<PORTB6) | (0<<PORTB5) | (0<<PORTB4) | (0<<PORTB3) | (0<<PORTB2) | (0<<PORTB1) | (0<<PORTB0);
0000b1 bbe8      	OUT  0x18,R30
                 ; 0000 0078 
                 ; 0000 0079 // Port C initialization
                 ; 0000 007A // Function: Bit7=In Bit6=In Bit5=In Bit4=In Bit3=In Bit2=In Bit1=In Bit0=In
                 ; 0000 007B DDRC=(0<<DDC7) | (0<<DDC6) | (0<<DDC5) | (0<<DDC4) | (0<<DDC3) | (0<<DDC2) | (0<<DDC1) | (0<<DDC0);
0000b2 bbe4      	OUT  0x14,R30
                 ; 0000 007C // State: Bit7=T Bit6=T Bit5=T Bit4=T Bit3=T Bit2=T Bit1=T Bit0=T
                 ; 0000 007D PORTC=(0<<PORTC7) | (0<<PORTC6) | (0<<PORTC5) | (0<<PORTC4) | (0<<PORTC3) | (0<<PORTC2) | (0<<PORTC1) | (0<<PORTC0);
0000b3 bbe5      	OUT  0x15,R30
                 ; 0000 007E 
                 ; 0000 007F // Port D initialization
                 ; 0000 0080 // Function: Bit7=In Bit6=In Bit5=In Bit4=In Bit3=In Bit2=In Bit1=In Bit0=In
                 ; 0000 0081 DDRD=(0<<DDD7) | (0<<DDD6) | (0<<DDD5) | (0<<DDD4) | (0<<DDD3) | (0<<DDD2) | (0<<DDD1) | (0<<DDD0);
0000b4 bbe1      	OUT  0x11,R30
                 ; 0000 0082 // State: Bit7=T Bit6=T Bit5=T Bit4=T Bit3=T Bit2=T Bit1=T Bit0=T
                 ; 0000 0083 PORTD=(0<<PORTD7) | (0<<PORTD6) | (0<<PORTD5) | (0<<PORTD4) | (0<<PORTD3) | (0<<PORTD2) | (0<<PORTD1) | (0<<PORTD0);
0000b5 bbe2      	OUT  0x12,R30
                 ; 0000 0084 
                 ; 0000 0085 // Timer/Counter 0 initialization
                 ; 0000 0086 // Clock source: System Clock
                 ; 0000 0087 // Clock value: Timer 0 Stopped
                 ; 0000 0088 // Mode: Normal top=0xFF
                 ; 0000 0089 // OC0 output: Disconnected
                 ; 0000 008A TCCR0=(0<<WGM00) | (0<<COM01) | (0<<COM00) | (0<<WGM01) | (0<<CS02) | (0<<CS01) | (0<<CS00);
0000b6 bfe3      	OUT  0x33,R30
                 ; 0000 008B TCNT0=0x00;
0000b7 bfe2      	OUT  0x32,R30
                 ; 0000 008C OCR0=0x00;
0000b8 bfec      	OUT  0x3C,R30
                 ; 0000 008D 
                 ; 0000 008E // Timer/Counter 1 initialization
                 ; 0000 008F // Clock source: System Clock
                 ; 0000 0090 // Clock value: Timer1 Stopped
                 ; 0000 0091 // Mode: Normal top=0xFFFF
                 ; 0000 0092 // OC1A output: Disconnected
                 ; 0000 0093 // OC1B output: Disconnected
                 ; 0000 0094 // Noise Canceler: Off
                 ; 0000 0095 // Input Capture on Falling Edge
                 ; 0000 0096 // Timer1 Overflow Interrupt: Off
                 ; 0000 0097 // Input Capture Interrupt: Off
                 ; 0000 0098 // Compare A Match Interrupt: Off
                 ; 0000 0099 // Compare B Match Interrupt: Off
                 ; 0000 009A TCCR1A=(0<<COM1A1) | (0<<COM1A0) | (0<<COM1B1) | (0<<COM1B0) | (0<<WGM11) | (0<<WGM10);
0000b9 bdef      	OUT  0x2F,R30
                 ; 0000 009B TCCR1B=(0<<ICNC1) | (0<<ICES1) | (0<<WGM13) | (0<<WGM12) | (0<<CS12) | (0<<CS11) | (0<<CS10);
0000ba bdee      	OUT  0x2E,R30
                 ; 0000 009C TCNT1H=0x00;
0000bb bded      	OUT  0x2D,R30
                 ; 0000 009D TCNT1L=0x00;
0000bc bdec      	OUT  0x2C,R30
                 ; 0000 009E ICR1H=0x00;
0000bd bde7      	OUT  0x27,R30
                 ; 0000 009F ICR1L=0x00;
0000be bde6      	OUT  0x26,R30
                 ; 0000 00A0 OCR1AH=0x00;
0000bf bdeb      	OUT  0x2B,R30
                 ; 0000 00A1 OCR1AL=0x00;
0000c0 bdea      	OUT  0x2A,R30
                 ; 0000 00A2 OCR1BH=0x00;
0000c1 bde9      	OUT  0x29,R30
                 ; 0000 00A3 OCR1BL=0x00;
0000c2 bde8      	OUT  0x28,R30
                 ; 0000 00A4 
                 ; 0000 00A5 // Timer/Counter 2 initialization
                 ; 0000 00A6 // Clock source: System Clock
                 ; 0000 00A7 // Clock value: Timer2 Stopped
                 ; 0000 00A8 // Mode: Normal top=0xFF
                 ; 0000 00A9 // OC2 output: Disconnected
                 ; 0000 00AA ASSR=0<<AS2;
0000c3 bde2      	OUT  0x22,R30
                 ; 0000 00AB TCCR2=(0<<PWM2) | (0<<COM21) | (0<<COM20) | (0<<CTC2) | (0<<CS22) | (0<<CS21) | (0<<CS20);
0000c4 bde5      	OUT  0x25,R30
                 ; 0000 00AC TCNT2=0x00;
0000c5 bde4      	OUT  0x24,R30
                 ; 0000 00AD OCR2=0x00;
0000c6 bde3      	OUT  0x23,R30
                 ; 0000 00AE 
                 ; 0000 00AF // Timer(s)/Counter(s) Interrupt(s) initialization
                 ; 0000 00B0 TIMSK=(0<<OCIE2) | (0<<TOIE2) | (0<<TICIE1) | (0<<OCIE1A) | (0<<OCIE1B) | (0<<TOIE1) | (0<<OCIE0) | (0<<TOIE0);
0000c7 bfe9      	OUT  0x39,R30
                 ; 0000 00B1 
                 ; 0000 00B2 // External Interrupt(s) initialization
                 ; 0000 00B3 // INT0: Off
                 ; 0000 00B4 // INT1: Off
                 ; 0000 00B5 // INT2: Off
                 ; 0000 00B6 MCUCR=(0<<ISC11) | (0<<ISC10) | (0<<ISC01) | (0<<ISC00);
0000c8 bfe5      	OUT  0x35,R30
                 ; 0000 00B7 MCUCSR=(0<<ISC2);
0000c9 bfe4      	OUT  0x34,R30
                 ; 0000 00B8 
                 ; 0000 00B9 // USART initialization
                 ; 0000 00BA // Communication Parameters: 8 Data, 1 Stop, No Parity
                 ; 0000 00BB // USART Receiver: On
                 ; 0000 00BC // USART Transmitter: Off
                 ; 0000 00BD // USART Mode: Asynchronous
                 ; 0000 00BE // USART Baud Rate: 9600
                 ; 0000 00BF UCSRA=(0<<RXC) | (0<<TXC) | (0<<UDRE) | (0<<FE) | (0<<DOR) | (0<<UPE) | (0<<U2X) | (0<<MPCM);
0000ca b9eb      	OUT  0xB,R30
                 ; 0000 00C0 UCSRB=(1<<RXCIE) | (0<<TXCIE) | (0<<UDRIE) | (1<<RXEN) | (0<<TXEN) | (0<<UCSZ2) | (0<<RXB8) | (0<<TXB8);
0000cb e9e0      	LDI  R30,LOW(144)
0000cc b9ea      	OUT  0xA,R30
                 ; 0000 00C1 UCSRC=(1<<URSEL) | (0<<UMSEL) | (0<<UPM1) | (0<<UPM0) | (0<<USBS) | (1<<UCSZ1) | (1<<UCSZ0) | (0<<UCPOL);
0000cd e8e6      	LDI  R30,LOW(134)
0000ce bde0      	OUT  0x20,R30
                 ; 0000 00C2 UBRRH=0x00;
0000cf e0e0      	LDI  R30,LOW(0)
0000d0 bde0      	OUT  0x20,R30
                 ; 0000 00C3 UBRRL=0x33;
0000d1 e3e3      	LDI  R30,LOW(51)
0000d2 b9e9      	OUT  0x9,R30
                 ; 0000 00C4 
                 ; 0000 00C5 // Analog Comparator initialization
                 ; 0000 00C6 // Analog Comparator: Off
                 ; 0000 00C7 // The Analog Comparator's positive input is
                 ; 0000 00C8 // connected to the AIN0 pin
                 ; 0000 00C9 // The Analog Comparator's negative input is
                 ; 0000 00CA // connected to the AIN1 pin
                 ; 0000 00CB ACSR=(1<<ACD) | (0<<ACBG) | (0<<ACO) | (0<<ACI) | (0<<ACIE) | (0<<ACIC) | (0<<ACIS1) | (0<<ACIS0);
0000d3 e8e0      	LDI  R30,LOW(128)
0000d4 b9e8      	OUT  0x8,R30
                 ; 0000 00CC SFIOR=(0<<ACME);
0000d5 e0e0      	LDI  R30,LOW(0)
0000d6 bfe0      	OUT  0x30,R30
                 ; 0000 00CD 
                 ; 0000 00CE // ADC initialization
                 ; 0000 00CF // ADC disabled
                 ; 0000 00D0 ADCSRA=(0<<ADEN) | (0<<ADSC) | (0<<ADATE) | (0<<ADIF) | (0<<ADIE) | (0<<ADPS2) | (0<<ADPS1) | (0<<ADPS0);
0000d7 b9e6      	OUT  0x6,R30
                 ; 0000 00D1 
                 ; 0000 00D2 // SPI initialization
                 ; 0000 00D3 // SPI disabled
                 ; 0000 00D4 SPCR=(0<<SPIE) | (0<<SPE) | (0<<DORD) | (0<<MSTR) | (0<<CPOL) | (0<<CPHA) | (0<<SPR1) | (0<<SPR0);
0000d8 b9ed      	OUT  0xD,R30
                 ; 0000 00D5 
                 ; 0000 00D6 // TWI initialization
                 ; 0000 00D7 // TWI disabled
                 ; 0000 00D8 TWCR=(0<<TWEA) | (0<<TWSTA) | (0<<TWSTO) | (0<<TWEN) | (0<<TWIE);
0000d9 bfe6      	OUT  0x36,R30
                 ; 0000 00D9 
                 ; 0000 00DA // Alphanumeric LCD initialization
                 ; 0000 00DB // Connections are specified in the
                 ; 0000 00DC // Project|Configure|C Compiler|Libraries|Alphanumeric LCD menu:
                 ; 0000 00DD // RS - PORTC Bit 0
                 ; 0000 00DE // RD - PORTC Bit 1
                 ; 0000 00DF // EN - PORTC Bit 2
                 ; 0000 00E0 // D4 - PORTC Bit 4
                 ; 0000 00E1 // D5 - PORTC Bit 5
                 ; 0000 00E2 // D6 - PORTC Bit 6
                 ; 0000 00E3 // D7 - PORTC Bit 7
                 ; 0000 00E4 // Characters/line: 16
                 ; 0000 00E5 lcd_init(16);
0000da e1a0      	LDI  R26,LOW(16)
0000db d083      	RCALL _lcd_init
                 ; 0000 00E6 
                 ; 0000 00E7 // Global enable interrupts
                 ; 0000 00E8 #asm("sei")
0000dc 9478      	sei
                 ; 0000 00E9 
                 ; 0000 00EA while (1)
                 _0xA:
                 ; 0000 00EB       {
                 ; 0000 00EC       // Place your code here
                 ; 0000 00ED       temp = (getchar()/4)+1 ;
0000dd dfbc      	RCALL _getchar
0000de e0f0      	LDI  R31,0
0000df 01df      	MOVW R26,R30
0000e0 e0e4      	LDI  R30,LOW(4)
0000e1 e0f0      	LDI  R31,HIGH(4)
0000e2 940e 03b2 	CALL __DIVW21
0000e4 9631      	ADIW R30,1
0000e5 012f      	MOVW R4,R30
                 ; 0000 00EE       sprintf(str , "Temp : %d " , temp );
0000e6 e6e0      	LDI  R30,LOW(_str)
0000e7 e0f2      	LDI  R31,HIGH(_str)
0000e8 93fa      	ST   -Y,R31
0000e9 93ea      	ST   -Y,R30
                +
0000ea e6ee     +LDI R30 , LOW ( 2 * _0x0 + ( 0 ) )
0000eb e0f0     +LDI R31 , HIGH ( 2 * _0x0 + ( 0 ) )
                 	__POINTW1FN _0x0,0
0000ec 93fa      	ST   -Y,R31
0000ed 93ea      	ST   -Y,R30
0000ee 01f2      	MOVW R30,R4
0000ef 940e 039a 	CALL __CWD1
0000f1 940e 03cd 	CALL __PUTPARD1
0000f3 e084      	LDI  R24,4
0000f4 940e 0301 	CALL _sprintf
0000f6 9628      	ADIW R28,8
                 ; 0000 00EF       lcd_gotoxy(0,0);
0000f7 e0e0      	LDI  R30,LOW(0)
0000f8 93ea      	ST   -Y,R30
0000f9 e0a0      	LDI  R26,LOW(0)
0000fa d025      	RCALL _lcd_gotoxy
                 ; 0000 00F0       lcd_puts(str);
0000fb e6a0      	LDI  R26,LOW(_str)
0000fc e0b2      	LDI  R27,HIGH(_str)
0000fd d050      	RCALL _lcd_puts
                 ; 0000 00F1 
                 ; 0000 00F2       }
0000fe cfde      	RJMP _0xA
                 ; 0000 00F3 }
                 _0xD:
0000ff cfff      	RJMP _0xD
                 ; .FEND
                 	#ifndef __SLEEP_DEFINED__
                 	#endif
                 
                 	.DSEG
                 
                 	.CSEG
                 __lcd_write_nibble_G100:
                 ; .FSTART __lcd_write_nibble_G100
000100 93aa      	ST   -Y,R26
000101 b3e5      	IN   R30,0x15
000102 70ef      	ANDI R30,LOW(0xF)
000103 2fae      	MOV  R26,R30
000104 81e8      	LD   R30,Y
000105 7fe0      	ANDI R30,LOW(0xF0)
000106 2bea      	OR   R30,R26
000107 bbe5      	OUT  0x15,R30
                +
000108 e08d     +LDI R24 , LOW ( 13 )
                +__DELAY_USB_LOOP :
000109 958a     +DEC R24
00010a f7f1     +BRNE __DELAY_USB_LOOP
                 	__DELAY_USB 13
00010b 9aaa      	SBI  0x15,2
                +
00010c e08d     +LDI R24 , LOW ( 13 )
                +__DELAY_USB_LOOP :
00010d 958a     +DEC R24
00010e f7f1     +BRNE __DELAY_USB_LOOP
                 	__DELAY_USB 13
00010f 98aa      	CBI  0x15,2
                +
000110 e08d     +LDI R24 , LOW ( 13 )
                +__DELAY_USB_LOOP :
000111 958a     +DEC R24
000112 f7f1     +BRNE __DELAY_USB_LOOP
                 	__DELAY_USB 13
000113 c077      	RJMP _0x2080002
                 ; .FEND
                 __lcd_write_data:
                 ; .FSTART __lcd_write_data
000114 93aa      	ST   -Y,R26
000115 81a8      	LD   R26,Y
000116 dfe9      	RCALL __lcd_write_nibble_G100
000117 81e8          ld    r30,y
000118 95e2          swap  r30
000119 83e8          st    y,r30
00011a 81a8      	LD   R26,Y
00011b dfe4      	RCALL __lcd_write_nibble_G100
                +
00011c e885     +LDI R24 , LOW ( 133 )
                +__DELAY_USB_LOOP :
00011d 958a     +DEC R24
00011e f7f1     +BRNE __DELAY_USB_LOOP
                 	__DELAY_USB 133
00011f c06b      	RJMP _0x2080002
                 ; .FEND
                 _lcd_gotoxy:
                 ; .FSTART _lcd_gotoxy
000120 93aa      	ST   -Y,R26
000121 81e8      	LD   R30,Y
000122 e0f0      	LDI  R31,0
000123 53e4      	SUBI R30,LOW(-__base_y_G100)
000124 4ffd      	SBCI R31,HIGH(-__base_y_G100)
000125 81e0      	LD   R30,Z
000126 81a9      	LDD  R26,Y+1
000127 0fae      	ADD  R26,R30
000128 dfeb      	RCALL __lcd_write_data
000129 8089      	LDD  R8,Y+1
00012a 80d8      	LDD  R13,Y+0
00012b 9622      	ADIW R28,2
00012c 9508      	RET
                 ; .FEND
                 _lcd_clear:
                 ; .FSTART _lcd_clear
00012d e0a2      	LDI  R26,LOW(2)
00012e 940e 034e 	CALL SUBOPT_0x0
000130 e0ac      	LDI  R26,LOW(12)
000131 dfe2      	RCALL __lcd_write_data
000132 e0a1      	LDI  R26,LOW(1)
000133 940e 034e 	CALL SUBOPT_0x0
000135 e0e0      	LDI  R30,LOW(0)
000136 2ede      	MOV  R13,R30
000137 2e8e      	MOV  R8,R30
000138 9508      	RET
                 ; .FEND
                 _lcd_putchar:
                 ; .FSTART _lcd_putchar
000139 93aa      	ST   -Y,R26
00013a 81a8      	LD   R26,Y
00013b 30aa      	CPI  R26,LOW(0xA)
00013c f011      	BREQ _0x2000005
00013d 148c      	CP   R8,R12
00013e f048      	BRLO _0x2000004
                 _0x2000005:
00013f e0e0      	LDI  R30,LOW(0)
000140 93ea      	ST   -Y,R30
000141 94d3      	INC  R13
000142 2dad      	MOV  R26,R13
000143 dfdc      	RCALL _lcd_gotoxy
000144 81a8      	LD   R26,Y
000145 30aa      	CPI  R26,LOW(0xA)
000146 f409      	BRNE _0x2000007
000147 c043      	RJMP _0x2080002
                 _0x2000007:
                 _0x2000004:
000148 9483      	INC  R8
000149 9aa8      	SBI  0x15,0
00014a 81a8      	LD   R26,Y
00014b dfc8      	RCALL __lcd_write_data
00014c 98a8      	CBI  0x15,0
00014d c03d      	RJMP _0x2080002
                 ; .FEND
                 _lcd_puts:
                 ; .FSTART _lcd_puts
00014e 93ba      	ST   -Y,R27
00014f 93aa      	ST   -Y,R26
000150 931a      	ST   -Y,R17
                 _0x2000008:
000151 81a9      	LDD  R26,Y+1
000152 81ba      	LDD  R27,Y+1+1
000153 91ed      	LD   R30,X+
000154 83a9      	STD  Y+1,R26
000155 83ba      	STD  Y+1+1,R27
000156 2f1e      	MOV  R17,R30
000157 30e0      	CPI  R30,0
000158 f019      	BREQ _0x200000A
000159 2fa1      	MOV  R26,R17
00015a dfde      	RCALL _lcd_putchar
00015b cff5      	RJMP _0x2000008
                 _0x200000A:
00015c 8118      	LDD  R17,Y+0
00015d 9623      	ADIW R28,3
00015e 9508      	RET
                 ; .FEND
                 _lcd_init:
                 ; .FSTART _lcd_init
00015f 93aa      	ST   -Y,R26
000160 b3e4      	IN   R30,0x14
000161 6fe0      	ORI  R30,LOW(0xF0)
000162 bbe4      	OUT  0x14,R30
000163 9aa2      	SBI  0x14,2
000164 9aa0      	SBI  0x14,0
000165 9aa1      	SBI  0x14,1
000166 98aa      	CBI  0x15,2
000167 98a8      	CBI  0x15,0
000168 98a9      	CBI  0x15,1
000169 80c8      	LDD  R12,Y+0
00016a 81e8      	LD   R30,Y
00016b 58e0      	SUBI R30,-LOW(128)
                +
00016c 93e0 02ce+STS __base_y_G100 + ( 2 ) , R30
                 	__PUTB1MN __base_y_G100,2
00016e 81e8      	LD   R30,Y
00016f 54e0      	SUBI R30,-LOW(192)
                +
000170 93e0 02cf+STS __base_y_G100 + ( 3 ) , R30
                 	__PUTB1MN __base_y_G100,3
000172 e1a4      	LDI  R26,LOW(20)
000173 e0b0      	LDI  R27,0
000174 940e 0388 	CALL _delay_ms
000176 940e 0354 	CALL SUBOPT_0x1
000178 940e 0354 	CALL SUBOPT_0x1
00017a 940e 0354 	CALL SUBOPT_0x1
00017c e2a0      	LDI  R26,LOW(32)
00017d df82      	RCALL __lcd_write_nibble_G100
                +
00017e ec88     +LDI R24 , LOW ( 200 )
00017f e090     +LDI R25 , HIGH ( 200 )
                +__DELAY_USW_LOOP :
000180 9701     +SBIW R24 , 1
000181 f7f1     +BRNE __DELAY_USW_LOOP
                 	__DELAY_USW 200
000182 e2a8      	LDI  R26,LOW(40)
000183 df90      	RCALL __lcd_write_data
000184 e0a4      	LDI  R26,LOW(4)
000185 df8e      	RCALL __lcd_write_data
000186 e8a5      	LDI  R26,LOW(133)
000187 df8c      	RCALL __lcd_write_data
000188 e0a6      	LDI  R26,LOW(6)
000189 df8a      	RCALL __lcd_write_data
00018a dfa2      	RCALL _lcd_clear
                 _0x2080002:
00018b 9621      	ADIW R28,1
00018c 9508      	RET
                 ; .FEND
                 	#ifndef __SLEEP_DEFINED__
                 	#endif
                 
                 	.CSEG
                 _put_buff_G101:
                 ; .FSTART _put_buff_G101
00018d 93ba      	ST   -Y,R27
00018e 93aa      	ST   -Y,R26
00018f 931a      	ST   -Y,R17
000190 930a      	ST   -Y,R16
000191 81aa      	LDD  R26,Y+2
000192 81bb      	LDD  R27,Y+2+1
000193 9612      	ADIW R26,2
000194 940e 03c5 	CALL __GETW1P
000196 9730      	SBIW R30,0
000197 f159      	BREQ _0x2020010
000198 81aa      	LDD  R26,Y+2
000199 81bb      	LDD  R27,Y+2+1
00019a 9614      	ADIW R26,4
00019b 940e 03c5 	CALL __GETW1P
00019d 018f      	MOVW R16,R30
00019e 9730      	SBIW R30,0
00019f f061      	BREQ _0x2020012
                +
0001a0 3002     +CPI R16 , LOW ( 2 )
0001a1 e0e0     +LDI R30 , HIGH ( 2 )
0001a2 071e     +CPC R17 , R30
                 	__CPWRN 16,17,2
0001a3 f098      	BRLO _0x2020013
0001a4 01f8      	MOVW R30,R16
0001a5 9731      	SBIW R30,1
0001a6 018f      	MOVW R16,R30
                +
0001a7 81aa     +LDD R26 , Y + 2
0001a8 81bb     +LDD R27 , Y + 2 + 1
0001a9 9614     +ADIW R26 , 4
0001aa 93ed     +ST X + , R30
0001ab 93fc     +ST X , R31
                 	__PUTW1SNS 2,4
                 _0x2020012:
0001ac 81aa      	LDD  R26,Y+2
0001ad 81bb      	LDD  R27,Y+2+1
0001ae 9612      	ADIW R26,2
0001af 91ed      	LD   R30,X+
0001b0 91fd      	LD   R31,X+
0001b1 9631      	ADIW R30,1
0001b2 93fe      	ST   -X,R31
0001b3 93ee      	ST   -X,R30
0001b4 9731      	SBIW R30,1
0001b5 81ac      	LDD  R26,Y+4
0001b6 83a0      	STD  Z+0,R26
                 _0x2020013:
0001b7 81aa      	LDD  R26,Y+2
0001b8 81bb      	LDD  R27,Y+2+1
0001b9 940e 03c5 	CALL __GETW1P
0001bb 23ff      	TST  R31
0001bc f02a      	BRMI _0x2020014
0001bd 91ed      	LD   R30,X+
0001be 91fd      	LD   R31,X+
0001bf 9631      	ADIW R30,1
0001c0 93fe      	ST   -X,R31
0001c1 93ee      	ST   -X,R30
                 _0x2020014:
0001c2 c006      	RJMP _0x2020015
                 _0x2020010:
0001c3 81aa      	LDD  R26,Y+2
0001c4 81bb      	LDD  R27,Y+2+1
0001c5 efef      	LDI  R30,LOW(65535)
0001c6 efff      	LDI  R31,HIGH(65535)
0001c7 93ed      	ST   X+,R30
0001c8 93fc      	ST   X,R31
                 _0x2020015:
0001c9 8119      	LDD  R17,Y+1
0001ca 8108      	LDD  R16,Y+0
0001cb 9625      	ADIW R28,5
0001cc 9508      	RET
                 ; .FEND
                 __print_G101:
                 ; .FSTART __print_G101
0001cd 93ba      	ST   -Y,R27
0001ce 93aa      	ST   -Y,R26
0001cf 9726      	SBIW R28,6
0001d0 940e 03d2 	CALL __SAVELOCR6
0001d2 e010      	LDI  R17,0
0001d3 85ac      	LDD  R26,Y+12
0001d4 85bd      	LDD  R27,Y+12+1
0001d5 e0e0      	LDI  R30,LOW(0)
0001d6 e0f0      	LDI  R31,HIGH(0)
0001d7 93ed      	ST   X+,R30
0001d8 93fc      	ST   X,R31
                 _0x2020016:
0001d9 89ea      	LDD  R30,Y+18
0001da 89fb      	LDD  R31,Y+18+1
0001db 9631      	ADIW R30,1
0001dc 8bea      	STD  Y+18,R30
0001dd 8bfb      	STD  Y+18+1,R31
0001de 9731      	SBIW R30,1
0001df 91e4      	LPM  R30,Z
0001e0 2f2e      	MOV  R18,R30
0001e1 30e0      	CPI  R30,0
0001e2 f409      	BRNE PC+2
0001e3 c115      	RJMP _0x2020018
0001e4 2fe1      	MOV  R30,R17
0001e5 30e0      	CPI  R30,0
0001e6 f439      	BRNE _0x202001C
0001e7 3225      	CPI  R18,37
0001e8 f411      	BRNE _0x202001D
0001e9 e011      	LDI  R17,LOW(1)
0001ea c002      	RJMP _0x202001E
                 _0x202001D:
0001eb 940e 035c 	CALL SUBOPT_0x2
                 _0x202001E:
0001ed c10a      	RJMP _0x202001B
                 _0x202001C:
0001ee 30e1      	CPI  R30,LOW(0x1)
0001ef f4a9      	BRNE _0x202001F
0001f0 3225      	CPI  R18,37
0001f1 f419      	BRNE _0x2020020
0001f2 940e 035c 	CALL SUBOPT_0x2
0001f4 c102      	RJMP _0x20200CC
                 _0x2020020:
0001f5 e012      	LDI  R17,LOW(2)
0001f6 e040      	LDI  R20,LOW(0)
0001f7 e000      	LDI  R16,LOW(0)
0001f8 322d      	CPI  R18,45
0001f9 f411      	BRNE _0x2020021
0001fa e001      	LDI  R16,LOW(1)
0001fb c0fc      	RJMP _0x202001B
                 _0x2020021:
0001fc 322b      	CPI  R18,43
0001fd f411      	BRNE _0x2020022
0001fe e24b      	LDI  R20,LOW(43)
0001ff c0f8      	RJMP _0x202001B
                 _0x2020022:
000200 3220      	CPI  R18,32
000201 f411      	BRNE _0x2020023
000202 e240      	LDI  R20,LOW(32)
000203 c0f4      	RJMP _0x202001B
                 _0x2020023:
000204 c002      	RJMP _0x2020024
                 _0x202001F:
000205 30e2      	CPI  R30,LOW(0x2)
000206 f439      	BRNE _0x2020025
                 _0x2020024:
000207 e050      	LDI  R21,LOW(0)
000208 e013      	LDI  R17,LOW(3)
000209 3320      	CPI  R18,48
00020a f411      	BRNE _0x2020026
00020b 6800      	ORI  R16,LOW(128)
00020c c0eb      	RJMP _0x202001B
                 _0x2020026:
00020d c003      	RJMP _0x2020027
                 _0x2020025:
00020e 30e3      	CPI  R30,LOW(0x3)
00020f f009      	BREQ PC+2
000210 c0e7      	RJMP _0x202001B
                 _0x2020027:
000211 3320      	CPI  R18,48
000212 f010      	BRLO _0x202002A
000213 332a      	CPI  R18,58
000214 f008      	BRLO _0x202002B
                 _0x202002A:
000215 c007      	RJMP _0x2020029
                 _0x202002B:
000216 e0aa      	LDI  R26,LOW(10)
000217 9f5a      	MUL  R21,R26
000218 2d50      	MOV  R21,R0
000219 2fe2      	MOV  R30,R18
00021a 53e0      	SUBI R30,LOW(48)
00021b 0f5e      	ADD  R21,R30
00021c c0db      	RJMP _0x202001B
                 _0x2020029:
00021d 2fe2      	MOV  R30,R18
00021e 36e3      	CPI  R30,LOW(0x63)
00021f f449      	BRNE _0x202002F
000220 940e 0363 	CALL SUBOPT_0x3
000222 89e8      	LDD  R30,Y+16
000223 89f9      	LDD  R31,Y+16+1
000224 81a4      	LDD  R26,Z+4
000225 93aa      	ST   -Y,R26
000226 940e 0369 	CALL SUBOPT_0x4
000228 c0ce      	RJMP _0x2020030
                 _0x202002F:
000229 37e3      	CPI  R30,LOW(0x73)
00022a f441      	BRNE _0x2020032
00022b 940e 0363 	CALL SUBOPT_0x3
00022d 940e 036f 	CALL SUBOPT_0x5
00022f 940e 0335 	CALL _strlen
000231 2f1e      	MOV  R17,R30
000232 c00a      	RJMP _0x2020033
                 _0x2020032:
000233 37e0      	CPI  R30,LOW(0x70)
000234 f461      	BRNE _0x2020035
000235 940e 0363 	CALL SUBOPT_0x3
000237 940e 036f 	CALL SUBOPT_0x5
000239 940e 0341 	CALL _strlenf
00023b 2f1e      	MOV  R17,R30
00023c 6008      	ORI  R16,LOW(8)
                 _0x2020033:
00023d 6002      	ORI  R16,LOW(2)
00023e 770f      	ANDI R16,LOW(127)
00023f e030      	LDI  R19,LOW(0)
000240 c034      	RJMP _0x2020036
                 _0x2020035:
000241 36e4      	CPI  R30,LOW(0x64)
000242 f011      	BREQ _0x2020039
000243 36e9      	CPI  R30,LOW(0x69)
000244 f411      	BRNE _0x202003A
                 _0x2020039:
000245 6004      	ORI  R16,LOW(4)
000246 c002      	RJMP _0x202003B
                 _0x202003A:
000247 37e5      	CPI  R30,LOW(0x75)
000248 f431      	BRNE _0x202003C
                 _0x202003B:
000249 e5e4      	LDI  R30,LOW(_tbl10_G101*2)
00024a e0f0      	LDI  R31,HIGH(_tbl10_G101*2)
00024b 83ee      	STD  Y+6,R30
00024c 83ff      	STD  Y+6+1,R31
00024d e015      	LDI  R17,LOW(5)
00024e c00c      	RJMP _0x202003D
                 _0x202003C:
00024f 35e8      	CPI  R30,LOW(0x58)
000250 f411      	BRNE _0x202003F
000251 6008      	ORI  R16,LOW(8)
000252 c003      	RJMP _0x2020040
                 _0x202003F:
000253 37e8      	CPI  R30,LOW(0x78)
000254 f009      	BREQ PC+2
000255 c0a1      	RJMP _0x2020071
                 _0x2020040:
000256 e5ee      	LDI  R30,LOW(_tbl16_G101*2)
000257 e0f0      	LDI  R31,HIGH(_tbl16_G101*2)
000258 83ee      	STD  Y+6,R30
000259 83ff      	STD  Y+6+1,R31
00025a e014      	LDI  R17,LOW(4)
                 _0x202003D:
00025b ff02      	SBRS R16,2
00025c c014      	RJMP _0x2020042
00025d 940e 0363 	CALL SUBOPT_0x3
00025f 940e 0379 	CALL SUBOPT_0x6
000261 85ab      	LDD  R26,Y+11
000262 23aa      	TST  R26
000263 f43a      	BRPL _0x2020043
000264 85ea      	LDD  R30,Y+10
000265 85fb      	LDD  R31,Y+10+1
000266 940e 0396 	CALL __ANEGW1
000268 87ea      	STD  Y+10,R30
000269 87fb      	STD  Y+10+1,R31
00026a e24d      	LDI  R20,LOW(45)
                 _0x2020043:
00026b 3040      	CPI  R20,0
00026c f011      	BREQ _0x2020044
00026d 5f1f      	SUBI R17,-LOW(1)
00026e c001      	RJMP _0x2020045
                 _0x2020044:
00026f 7f0b      	ANDI R16,LOW(251)
                 _0x2020045:
000270 c004      	RJMP _0x2020046
                 _0x2020042:
000271 940e 0363 	CALL SUBOPT_0x3
000273 940e 0379 	CALL SUBOPT_0x6
                 _0x2020046:
                 _0x2020036:
000275 fd00      	SBRC R16,0
000276 c011      	RJMP _0x2020047
                 _0x2020048:
000277 1715      	CP   R17,R21
000278 f478      	BRSH _0x202004A
000279 ff07      	SBRS R16,7
00027a c008      	RJMP _0x202004B
00027b ff02      	SBRS R16,2
00027c c004      	RJMP _0x202004C
00027d 7f0b      	ANDI R16,LOW(251)
00027e 2f24      	MOV  R18,R20
00027f 5011      	SUBI R17,LOW(1)
000280 c001      	RJMP _0x202004D
                 _0x202004C:
000281 e320      	LDI  R18,LOW(48)
                 _0x202004D:
000282 c001      	RJMP _0x202004E
                 _0x202004B:
000283 e220      	LDI  R18,LOW(32)
                 _0x202004E:
000284 940e 035c 	CALL SUBOPT_0x2
000286 5051      	SUBI R21,LOW(1)
000287 cfef      	RJMP _0x2020048
                 _0x202004A:
                 _0x2020047:
000288 2f31      	MOV  R19,R17
000289 ff01      	SBRS R16,1
00028a c017      	RJMP _0x202004F
                 _0x2020050:
00028b 3030      	CPI  R19,0
00028c f0a1      	BREQ _0x2020052
00028d ff03      	SBRS R16,3
00028e c006      	RJMP _0x2020053
00028f 81ee      	LDD  R30,Y+6
000290 81ff      	LDD  R31,Y+6+1
000291 9125      	LPM  R18,Z+
000292 83ee      	STD  Y+6,R30
000293 83ff      	STD  Y+6+1,R31
000294 c005      	RJMP _0x2020054
                 _0x2020053:
000295 81ae      	LDD  R26,Y+6
000296 81bf      	LDD  R27,Y+6+1
000297 912d      	LD   R18,X+
000298 83ae      	STD  Y+6,R26
000299 83bf      	STD  Y+6+1,R27
                 _0x2020054:
00029a 940e 035c 	CALL SUBOPT_0x2
00029c 3050      	CPI  R21,0
00029d f009      	BREQ _0x2020055
00029e 5051      	SUBI R21,LOW(1)
                 _0x2020055:
00029f 5031      	SUBI R19,LOW(1)
0002a0 cfea      	RJMP _0x2020050
                 _0x2020052:
0002a1 c04b      	RJMP _0x2020056
                 _0x202004F:
                 _0x2020058:
0002a2 e320      	LDI  R18,LOW(48)
0002a3 81ee      	LDD  R30,Y+6
0002a4 81ff      	LDD  R31,Y+6+1
0002a5 940e 03c9 	CALL __GETW1PF
0002a7 87e8      	STD  Y+8,R30
0002a8 87f9      	STD  Y+8+1,R31
0002a9 81ee      	LDD  R30,Y+6
0002aa 81ff      	LDD  R31,Y+6+1
0002ab 9632      	ADIW R30,2
0002ac 83ee      	STD  Y+6,R30
0002ad 83ff      	STD  Y+6+1,R31
                 _0x202005A:
0002ae 85e8      	LDD  R30,Y+8
0002af 85f9      	LDD  R31,Y+8+1
0002b0 85aa      	LDD  R26,Y+10
0002b1 85bb      	LDD  R27,Y+10+1
0002b2 17ae      	CP   R26,R30
0002b3 07bf      	CPC  R27,R31
0002b4 f050      	BRLO _0x202005C
0002b5 5f2f      	SUBI R18,-LOW(1)
0002b6 85a8      	LDD  R26,Y+8
0002b7 85b9      	LDD  R27,Y+8+1
0002b8 85ea      	LDD  R30,Y+10
0002b9 85fb      	LDD  R31,Y+10+1
0002ba 1bea      	SUB  R30,R26
0002bb 0bfb      	SBC  R31,R27
0002bc 87ea      	STD  Y+10,R30
0002bd 87fb      	STD  Y+10+1,R31
0002be cfef      	RJMP _0x202005A
                 _0x202005C:
0002bf 332a      	CPI  R18,58
0002c0 f028      	BRLO _0x202005D
0002c1 ff03      	SBRS R16,3
0002c2 c002      	RJMP _0x202005E
0002c3 5f29      	SUBI R18,-LOW(7)
0002c4 c001      	RJMP _0x202005F
                 _0x202005E:
0002c5 5d29      	SUBI R18,-LOW(39)
                 _0x202005F:
                 _0x202005D:
0002c6 fd04      	SBRC R16,4
0002c7 c01a      	RJMP _0x2020061
0002c8 3321      	CPI  R18,49
0002c9 f420      	BRSH _0x2020063
0002ca 85a8      	LDD  R26,Y+8
0002cb 85b9      	LDD  R27,Y+8+1
0002cc 9711      	SBIW R26,1
0002cd f409      	BRNE _0x2020062
                 _0x2020063:
0002ce c009      	RJMP _0x20200CD
                 _0x2020062:
0002cf 1753      	CP   R21,R19
0002d0 f010      	BRLO _0x2020067
0002d1 ff00      	SBRS R16,0
0002d2 c001      	RJMP _0x2020068
                 _0x2020067:
0002d3 c013      	RJMP _0x2020066
                 _0x2020068:
0002d4 e220      	LDI  R18,LOW(32)
0002d5 ff07      	SBRS R16,7
0002d6 c00b      	RJMP _0x2020069
0002d7 e320      	LDI  R18,LOW(48)
                 _0x20200CD:
0002d8 6100      	ORI  R16,LOW(16)
0002d9 ff02      	SBRS R16,2
0002da c007      	RJMP _0x202006A
0002db 7f0b      	ANDI R16,LOW(251)
0002dc 934a      	ST   -Y,R20
0002dd 940e 0369 	CALL SUBOPT_0x4
0002df 3050      	CPI  R21,0
0002e0 f009      	BREQ _0x202006B
0002e1 5051      	SUBI R21,LOW(1)
                 _0x202006B:
                 _0x202006A:
                 _0x2020069:
                 _0x2020061:
0002e2 940e 035c 	CALL SUBOPT_0x2
0002e4 3050      	CPI  R21,0
0002e5 f009      	BREQ _0x202006C
0002e6 5051      	SUBI R21,LOW(1)
                 _0x202006C:
                 _0x2020066:
0002e7 5031      	SUBI R19,LOW(1)
0002e8 85a8      	LDD  R26,Y+8
0002e9 85b9      	LDD  R27,Y+8+1
0002ea 9712      	SBIW R26,2
0002eb f008      	BRLO _0x2020059
0002ec cfb5      	RJMP _0x2020058
                 _0x2020059:
                 _0x2020056:
0002ed ff00      	SBRS R16,0
0002ee c008      	RJMP _0x202006D
                 _0x202006E:
0002ef 3050      	CPI  R21,0
0002f0 f031      	BREQ _0x2020070
0002f1 5051      	SUBI R21,LOW(1)
0002f2 e2e0      	LDI  R30,LOW(32)
0002f3 93ea      	ST   -Y,R30
0002f4 940e 0369 	CALL SUBOPT_0x4
0002f6 cff8      	RJMP _0x202006E
                 _0x2020070:
                 _0x202006D:
                 _0x2020071:
                 _0x2020030:
                 _0x20200CC:
0002f7 e010      	LDI  R17,LOW(0)
                 _0x202001B:
0002f8 cee0      	RJMP _0x2020016
                 _0x2020018:
0002f9 85ac      	LDD  R26,Y+12
0002fa 85bd      	LDD  R27,Y+12+1
0002fb 940e 03c5 	CALL __GETW1P
0002fd 940e 03d9 	CALL __LOADLOCR6
0002ff 9664      	ADIW R28,20
000300 9508      	RET
                 ; .FEND
                 _sprintf:
                 ; .FSTART _sprintf
000301 92ff      	PUSH R15
000302 2ef8      	MOV  R15,R24
000303 9726      	SBIW R28,6
000304 940e 03d4 	CALL __SAVELOCR4
000306 940e 0381 	CALL SUBOPT_0x7
000308 9730      	SBIW R30,0
000309 f419      	BRNE _0x2020072
00030a efef      	LDI  R30,LOW(65535)
00030b efff      	LDI  R31,HIGH(65535)
00030c c023      	RJMP _0x2080001
                 _0x2020072:
00030d 01de      	MOVW R26,R28
00030e 9616      	ADIW R26,6
00030f 940e 0392 	CALL __ADDW2R15
000311 018d      	MOVW R16,R26
000312 940e 0381 	CALL SUBOPT_0x7
000314 83ee      	STD  Y+6,R30
000315 83ff      	STD  Y+6+1,R31
000316 e0e0      	LDI  R30,LOW(0)
000317 87e8      	STD  Y+8,R30
000318 87e9      	STD  Y+8+1,R30
000319 01de      	MOVW R26,R28
00031a 961a      	ADIW R26,10
00031b 940e 0392 	CALL __ADDW2R15
00031d 940e 03c5 	CALL __GETW1P
00031f 93fa      	ST   -Y,R31
000320 93ea      	ST   -Y,R30
000321 931a      	ST   -Y,R17
000322 930a      	ST   -Y,R16
000323 e8ed      	LDI  R30,LOW(_put_buff_G101)
000324 e0f1      	LDI  R31,HIGH(_put_buff_G101)
000325 93fa      	ST   -Y,R31
000326 93ea      	ST   -Y,R30
000327 01de      	MOVW R26,R28
000328 961a      	ADIW R26,10
000329 dea3      	RCALL __print_G101
00032a 019f      	MOVW R18,R30
00032b 81ae      	LDD  R26,Y+6
00032c 81bf      	LDD  R27,Y+6+1
00032d e0e0      	LDI  R30,LOW(0)
00032e 93ec      	ST   X,R30
00032f 01f9      	MOVW R30,R18
                 _0x2080001:
000330 940e 03db 	CALL __LOADLOCR4
000332 962a      	ADIW R28,10
000333 90ff      	POP  R15
000334 9508      	RET
                 ; .FEND
                 
                 	.CSEG
                 
                 	.CSEG
                 _strlen:
                 ; .FSTART _strlen
000335 93ba      	ST   -Y,R27
000336 93aa      	ST   -Y,R26
000337 91a9          ld   r26,y+
000338 91b9          ld   r27,y+
000339 27ee          clr  r30
00033a 27ff          clr  r31
                 strlen0:
00033b 916d          ld   r22,x+
00033c 2366          tst  r22
00033d f011          breq strlen1
00033e 9631          adiw r30,1
00033f cffb          rjmp strlen0
                 strlen1:
000340 9508          ret
                 ; .FEND
                 _strlenf:
                 ; .FSTART _strlenf
000341 93ba      	ST   -Y,R27
000342 93aa      	ST   -Y,R26
000343 27aa          clr  r26
000344 27bb          clr  r27
000345 91e9          ld   r30,y+
000346 91f9          ld   r31,y+
                 strlenf0:
000347 9005      	lpm  r0,z+
000348 2000          tst  r0
000349 f011          breq strlenf1
00034a 9611          adiw r26,1
00034b cffb          rjmp strlenf0
                 strlenf1:
00034c 01fd          movw r30,r26
00034d 9508          ret
                 ; .FEND
                 
                 	.DSEG
                 _str:
000260           	.BYTE 0x64
                 _rx_buffer:
0002c4           	.BYTE 0x8
                 __base_y_G100:
0002cc           	.BYTE 0x4
                 
                 	.CSEG
                 ;OPTIMIZER ADDED SUBROUTINE, CALLED 2 TIMES, CODE SIZE REDUCTION:1 WORDS
                 SUBOPT_0x0:
00034e 940e 0114 	CALL __lcd_write_data
000350 e0a3      	LDI  R26,LOW(3)
000351 e0b0      	LDI  R27,0
000352 940c 0388 	JMP  _delay_ms
                 
                 ;OPTIMIZER ADDED SUBROUTINE, CALLED 3 TIMES, CODE SIZE REDUCTION:7 WORDS
                 SUBOPT_0x1:
000354 e3a0      	LDI  R26,LOW(48)
000355 940e 0100 	CALL __lcd_write_nibble_G100
                +
000357 ec88     +LDI R24 , LOW ( 200 )
000358 e090     +LDI R25 , HIGH ( 200 )
                +__DELAY_USW_LOOP :
000359 9701     +SBIW R24 , 1
00035a f7f1     +BRNE __DELAY_USW_LOOP
                 	__DELAY_USW 200
00035b 9508      	RET
                 
                 ;OPTIMIZER ADDED SUBROUTINE, CALLED 5 TIMES, CODE SIZE REDUCTION:13 WORDS
                 SUBOPT_0x2:
00035c 932a      	ST   -Y,R18
00035d 85ad      	LDD  R26,Y+13
00035e 85be      	LDD  R27,Y+13+1
00035f 85ef      	LDD  R30,Y+15
000360 89f8      	LDD  R31,Y+15+1
000361 9509      	ICALL
000362 9508      	RET
                 
                 ;OPTIMIZER ADDED SUBROUTINE, CALLED 5 TIMES, CODE SIZE REDUCTION:9 WORDS
                 SUBOPT_0x3:
000363 89e8      	LDD  R30,Y+16
000364 89f9      	LDD  R31,Y+16+1
000365 9734      	SBIW R30,4
000366 8be8      	STD  Y+16,R30
000367 8bf9      	STD  Y+16+1,R31
000368 9508      	RET
                 
                 ;OPTIMIZER ADDED SUBROUTINE, CALLED 3 TIMES, CODE SIZE REDUCTION:3 WORDS
                 SUBOPT_0x4:
000369 85ad      	LDD  R26,Y+13
00036a 85be      	LDD  R27,Y+13+1
00036b 85ef      	LDD  R30,Y+15
00036c 89f8      	LDD  R31,Y+15+1
00036d 9509      	ICALL
00036e 9508      	RET
                 
                 ;OPTIMIZER ADDED SUBROUTINE, CALLED 2 TIMES, CODE SIZE REDUCTION:4 WORDS
                 SUBOPT_0x5:
00036f 89a8      	LDD  R26,Y+16
000370 89b9      	LDD  R27,Y+16+1
000371 9614      	ADIW R26,4
000372 940e 03c5 	CALL __GETW1P
000374 83ee      	STD  Y+6,R30
000375 83ff      	STD  Y+6+1,R31
000376 81ae      	LDD  R26,Y+6
000377 81bf      	LDD  R27,Y+6+1
000378 9508      	RET
                 
                 ;OPTIMIZER ADDED SUBROUTINE, CALLED 2 TIMES, CODE SIZE REDUCTION:2 WORDS
                 SUBOPT_0x6:
000379 89a8      	LDD  R26,Y+16
00037a 89b9      	LDD  R27,Y+16+1
00037b 9614      	ADIW R26,4
00037c 940e 03c5 	CALL __GETW1P
00037e 87ea      	STD  Y+10,R30
00037f 87fb      	STD  Y+10+1,R31
000380 9508      	RET
                 
                 ;OPTIMIZER ADDED SUBROUTINE, CALLED 2 TIMES, CODE SIZE REDUCTION:1 WORDS
                 SUBOPT_0x7:
000381 01de      	MOVW R26,R28
000382 961c      	ADIW R26,12
000383 940e 0392 	CALL __ADDW2R15
000385 940e 03c5 	CALL __GETW1P
000387 9508      	RET
                 
                 
                 	.CSEG
                 _delay_ms:
000388 9610      	adiw r26,0
000389 f039      	breq __delay_ms1
                 __delay_ms0:
                +
00038a ed80     +LDI R24 , LOW ( 0x7D0 )
00038b e097     +LDI R25 , HIGH ( 0x7D0 )
                +__DELAY_USW_LOOP :
00038c 9701     +SBIW R24 , 1
00038d f7f1     +BRNE __DELAY_USW_LOOP
                 	__DELAY_USW 0x7D0
00038e 95a8      	wdr
00038f 9711      	sbiw r26,1
000390 f7c9      	brne __delay_ms0
                 __delay_ms1:
000391 9508      	ret
                 
                 __ADDW2R15:
000392 2400      	CLR  R0
000393 0daf      	ADD  R26,R15
000394 1db0      	ADC  R27,R0
000395 9508      	RET
                 
                 __ANEGW1:
000396 95f1      	NEG  R31
000397 95e1      	NEG  R30
000398 40f0      	SBCI R31,0
000399 9508      	RET
                 
                 __CWD1:
00039a 2f6f      	MOV  R22,R31
00039b 0f66      	ADD  R22,R22
00039c 0b66      	SBC  R22,R22
00039d 2f76      	MOV  R23,R22
00039e 9508      	RET
                 
                 __DIVW21U:
00039f 2400      	CLR  R0
0003a0 2411      	CLR  R1
0003a1 e190      	LDI  R25,16
                 __DIVW21U1:
0003a2 0faa      	LSL  R26
0003a3 1fbb      	ROL  R27
0003a4 1c00      	ROL  R0
0003a5 1c11      	ROL  R1
0003a6 1a0e      	SUB  R0,R30
0003a7 0a1f      	SBC  R1,R31
0003a8 f418      	BRCC __DIVW21U2
0003a9 0e0e      	ADD  R0,R30
0003aa 1e1f      	ADC  R1,R31
0003ab c001      	RJMP __DIVW21U3
                 __DIVW21U2:
0003ac 60a1      	SBR  R26,1
                 __DIVW21U3:
0003ad 959a      	DEC  R25
0003ae f799      	BRNE __DIVW21U1
0003af 01fd      	MOVW R30,R26
0003b0 01d0      	MOVW R26,R0
0003b1 9508      	RET
                 
                 __DIVW21:
0003b2 d004      	RCALL __CHKSIGNW
0003b3 dfeb      	RCALL __DIVW21U
0003b4 f40e      	BRTC __DIVW211
0003b5 dfe0      	RCALL __ANEGW1
                 __DIVW211:
0003b6 9508      	RET
                 
                 __CHKSIGNW:
0003b7 94e8      	CLT
0003b8 fff7      	SBRS R31,7
0003b9 c002      	RJMP __CHKSW1
0003ba dfdb      	RCALL __ANEGW1
0003bb 9468      	SET
                 __CHKSW1:
0003bc ffb7      	SBRS R27,7
0003bd c006      	RJMP __CHKSW2
0003be 95a0      	COM  R26
0003bf 95b0      	COM  R27
0003c0 9611      	ADIW R26,1
0003c1 f800      	BLD  R0,0
0003c2 9403      	INC  R0
0003c3 fa00      	BST  R0,0
                 __CHKSW2:
0003c4 9508      	RET
                 
                 __GETW1P:
0003c5 91ed      	LD   R30,X+
0003c6 91fc      	LD   R31,X
0003c7 9711      	SBIW R26,1
0003c8 9508      	RET
                 
                 __GETW1PF:
0003c9 9005      	LPM  R0,Z+
0003ca 91f4      	LPM  R31,Z
0003cb 2de0      	MOV  R30,R0
0003cc 9508      	RET
                 
                 __PUTPARD1:
0003cd 937a      	ST   -Y,R23
0003ce 936a      	ST   -Y,R22
0003cf 93fa      	ST   -Y,R31
0003d0 93ea      	ST   -Y,R30
0003d1 9508      	RET
                 
                 __SAVELOCR6:
0003d2 935a      	ST   -Y,R21
                 __SAVELOCR5:
0003d3 934a      	ST   -Y,R20
                 __SAVELOCR4:
0003d4 933a      	ST   -Y,R19
                 __SAVELOCR3:
0003d5 932a      	ST   -Y,R18
                 __SAVELOCR2:
0003d6 931a      	ST   -Y,R17
0003d7 930a      	ST   -Y,R16
0003d8 9508      	RET
                 
                 __LOADLOCR6:
0003d9 815d      	LDD  R21,Y+5
                 __LOADLOCR5:
0003da 814c      	LDD  R20,Y+4
                 __LOADLOCR4:
0003db 813b      	LDD  R19,Y+3
                 __LOADLOCR3:
0003dc 812a      	LDD  R18,Y+2
                 __LOADLOCR2:
0003dd 8119      	LDD  R17,Y+1
0003de 8108      	LD   R16,Y
0003df 9508      	RET
                 
                 ;END OF CODE MARKER
                 __END_OF_CODE:


RESOURCE USE INFORMATION
------------------------

Notice:
The register and instruction counts are symbol table hit counts,
and hence implicitly used resources are not counted, eg, the
'lpm' instruction without operands implicitly uses r0 and z,
none of which are counted.

x,y,z are separate entities in the symbol table and are
counted separately from r26..r31 here.

.dseg memory usage only counts static data declared with .byte

ATmega32 register use summary:
r0 :  19 r1 :   5 r2 :   1 r3 :   0 r4 :   2 r5 :   0 r6 :   4 r7 :   4 
r8 :   4 r9 :   5 r10:   1 r11:   1 r12:   2 r13:   4 r14:   0 r15:   4 
r16:  38 r17:  32 r18:  29 r19:   8 r20:   9 r21:  17 r22:  11 r23:   2 
r24:  23 r25:   7 r26: 104 r27:  40 r28:  14 r29:   1 r30: 218 r31:  69 
x  :  23 y  : 178 z  :  17 
Registers used: 32 out of 35 (91.4%)

ATmega32 instruction use summary:
.lds  :   0 .lds.l:   0 .sts  :   0 .sts.l:   0 adc   :   2 add   :   5 
adiw  :  26 and   :   0 andi  :   7 asr   :   0 bclr  :   0 bld   :   2 
brbc  :   0 brbs  :   0 brcc  :   1 brcs  :   0 break :   0 breq  :  18 
brge  :   0 brhc  :   0 brhs  :   0 brid  :   0 brie  :   0 brlo  :   8 
brlt  :   0 brmi  :   1 brne  :  35 brpl  :   1 brsh  :   2 brtc  :   1 
brts  :   0 brvc  :   0 brvs  :   0 bset  :   0 bst   :   1 call  :  50 
cbi   :   5 cbr   :   0 clc   :   0 clh   :   0 cli   :   2 cln   :   0 
clr   :  13 cls   :   0 clt   :   1 clv   :   0 clz   :   0 com   :   2 
cp    :   7 cpc   :   2 cpi   :  33 cpse  :   0 dec   :   7 des   :   0 
eor   :   0 fmul  :   0 fmuls :   0 fmulsu:   0 icall :   2 ijmp  :   0 
in    :   6 inc   :   6 jmp   :  23 ld    :  32 ldd   :  77 ldi   : 101 
lds   :   0 lpm   :  14 lsl   :   1 lsr   :   0 mov   :  23 movw  :  19 
mul   :   1 muls  :   0 mulsu :   0 neg   :   2 nop   :   0 or    :   1 
ori   :   7 out   :  47 pop   :   1 push  :   1 rcall :  22 ret   :  29 
reti  :   1 rjmp  :  62 rol   :   3 ror   :   0 sbc   :   3 sbci  :   4 
sbi   :   5 sbic  :   0 sbis  :   0 sbiw  :  19 sbr   :   1 sbrc  :   2 
sbrs  :  12 sec   :   0 seh   :   0 sei   :   2 sen   :   0 ser   :   0 
ses   :   0 set   :   2 sev   :   0 sez   :   0 sleep :   0 spm   :   0 
st    :  66 std   :  31 sts   :   2 sub   :   2 subi  :  18 swap  :   1 
tst   :   5 wdr   :   1 
Instructions used: 64 out of 116 (55.2%)

ATmega32 memory use summary [bytes]:
Segment   Begin    End      Code   Data   Used    Size   Use%
---------------------------------------------------------------
[.cseg] 0x000000 0x0007c0   1924     60   1984   32768   6.1%
[.dseg] 0x000060 0x0002d0      0    112    112    2048   5.5%
[.eseg] 0x000000 0x000000      0      0      0    1024   0.0%

Assembly complete, 0 errors, 11 warnings
