
AVRASM ver. 2.1.30  C:\Users\Hossein\Desktop\kk2\Debug\List\x2.asm Sun Jun 02 17:25:05 2019

C:\Users\Hossein\Desktop\kk2\Debug\List\x2.asm(1088): warning: Register r4 already defined by the .DEF directive
C:\Users\Hossein\Desktop\kk2\Debug\List\x2.asm(1089): warning: Register r5 already defined by the .DEF directive
C:\Users\Hossein\Desktop\kk2\Debug\List\x2.asm(1090): warning: Register r6 already defined by the .DEF directive
C:\Users\Hossein\Desktop\kk2\Debug\List\x2.asm(1091): warning: Register r7 already defined by the .DEF directive
C:\Users\Hossein\Desktop\kk2\Debug\List\x2.asm(1092): warning: Register r8 already defined by the .DEF directive
C:\Users\Hossein\Desktop\kk2\Debug\List\x2.asm(1093): warning: Register r9 already defined by the .DEF directive
C:\Users\Hossein\Desktop\kk2\Debug\List\x2.asm(1094): warning: Register r10 already defined by the .DEF directive
C:\Users\Hossein\Desktop\kk2\Debug\List\x2.asm(1095): warning: Register r11 already defined by the .DEF directive
C:\Users\Hossein\Desktop\kk2\Debug\List\x2.asm(1096): warning: Register r12 already defined by the .DEF directive
C:\Users\Hossein\Desktop\kk2\Debug\List\x2.asm(1097): warning: Register r13 already defined by the .DEF directive
                 
                 
                 ;CodeVisionAVR C Compiler V3.12 Advanced
                 ;(C) Copyright 1998-2014 Pavel Haiduc, HP InfoTech s.r.l.
                 ;http://www.hpinfotech.com
                 
                 ;Build configuration    : Debug
                 ;Chip type              : ATmega32
                 ;Program type           : Application
                 ;Clock frequency        : 8.000000 MHz
                 ;Memory model           : Small
                 ;Optimize for           : Size
                 ;(s)printf features     : int, width
                 ;(s)scanf features      : int, width
                 ;External RAM size      : 0
                 ;Data Stack size        : 512 byte(s)
                 ;Heap size              : 0 byte(s)
                 ;Promote 'char' to 'int': Yes
                 ;'char' is unsigned     : Yes
                 ;8 bit enums            : Yes
                 ;Global 'const' stored in FLASH: Yes
                 ;Enhanced function parameter passing: Yes
                 ;Enhanced core instructions: On
                 ;Automatic register allocation for global variables: On
                 ;Smart register allocation: On
                 
                 	#define _MODEL_SMALL_
                 
                 	#pragma AVRPART ADMIN PART_NAME ATmega32
                 	#pragma AVRPART MEMORY PROG_FLASH 32768
                 	#pragma AVRPART MEMORY EEPROM 1024
                 	#pragma AVRPART MEMORY INT_SRAM SIZE 2048
                 	#pragma AVRPART MEMORY INT_SRAM START_ADDR 0x60
                 
                 	#define CALL_SUPPORTED 1
                 
                 	.LISTMAC
                 	.EQU UDRE=0x5
                 	.EQU RXC=0x7
                 	.EQU USR=0xB
                 	.EQU UDR=0xC
                 	.EQU SPSR=0xE
                 	.EQU SPDR=0xF
                 	.EQU EERE=0x0
                 	.EQU EEWE=0x1
                 	.EQU EEMWE=0x2
                 	.EQU EECR=0x1C
                 	.EQU EEDR=0x1D
                 	.EQU EEARL=0x1E
                 	.EQU EEARH=0x1F
                 	.EQU WDTCR=0x21
                 	.EQU MCUCR=0x35
                 	.EQU GICR=0x3B
                 	.EQU SPL=0x3D
                 	.EQU SPH=0x3E
                 	.EQU SREG=0x3F
                 
                 	.DEF R0X0=R0
                 	.DEF R0X1=R1
                 	.DEF R0X2=R2
                 	.DEF R0X3=R3
                 	.DEF R0X4=R4
                 	.DEF R0X5=R5
                 	.DEF R0X6=R6
                 	.DEF R0X7=R7
                 	.DEF R0X8=R8
                 	.DEF R0X9=R9
                 	.DEF R0XA=R10
                 	.DEF R0XB=R11
                 	.DEF R0XC=R12
                 	.DEF R0XD=R13
                 	.DEF R0XE=R14
                 	.DEF R0XF=R15
                 	.DEF R0X10=R16
                 	.DEF R0X11=R17
                 	.DEF R0X12=R18
                 	.DEF R0X13=R19
                 	.DEF R0X14=R20
                 	.DEF R0X15=R21
                 	.DEF R0X16=R22
                 	.DEF R0X17=R23
                 	.DEF R0X18=R24
                 	.DEF R0X19=R25
                 	.DEF R0X1A=R26
                 	.DEF R0X1B=R27
                 	.DEF R0X1C=R28
                 	.DEF R0X1D=R29
                 	.DEF R0X1E=R30
                 	.DEF R0X1F=R31
                 
                 	.EQU __SRAM_START=0x0060
                 	.EQU __SRAM_END=0x085F
                 	.EQU __DSTACK_SIZE=0x0200
                 	.EQU __HEAP_SIZE=0x0000
                 	.EQU __CLEAR_SRAM_SIZE=__SRAM_END-__SRAM_START+1
                 
                 	.MACRO __CPD1N
                 	CPI  R30,LOW(@0)
                 	LDI  R26,HIGH(@0)
                 	CPC  R31,R26
                 	LDI  R26,BYTE3(@0)
                 	CPC  R22,R26
                 	LDI  R26,BYTE4(@0)
                 	CPC  R23,R26
                 	.ENDM
                 
                 	.MACRO __CPD2N
                 	CPI  R26,LOW(@0)
                 	LDI  R30,HIGH(@0)
                 	CPC  R27,R30
                 	LDI  R30,BYTE3(@0)
                 	CPC  R24,R30
                 	LDI  R30,BYTE4(@0)
                 	CPC  R25,R30
                 	.ENDM
                 
                 	.MACRO __CPWRR
                 	CP   R@0,R@2
                 	CPC  R@1,R@3
                 	.ENDM
                 
                 	.MACRO __CPWRN
                 	CPI  R@0,LOW(@2)
                 	LDI  R30,HIGH(@2)
                 	CPC  R@1,R30
                 	.ENDM
                 
                 	.MACRO __ADDB1MN
                 	SUBI R30,LOW(-@0-(@1))
                 	.ENDM
                 
                 	.MACRO __ADDB2MN
                 	SUBI R26,LOW(-@0-(@1))
                 	.ENDM
                 
                 	.MACRO __ADDW1MN
                 	SUBI R30,LOW(-@0-(@1))
                 	SBCI R31,HIGH(-@0-(@1))
                 	.ENDM
                 
                 	.MACRO __ADDW2MN
                 	SUBI R26,LOW(-@0-(@1))
                 	SBCI R27,HIGH(-@0-(@1))
                 	.ENDM
                 
                 	.MACRO __ADDW1FN
                 	SUBI R30,LOW(-2*@0-(@1))
                 	SBCI R31,HIGH(-2*@0-(@1))
                 	.ENDM
                 
                 	.MACRO __ADDD1FN
                 	SUBI R30,LOW(-2*@0-(@1))
                 	SBCI R31,HIGH(-2*@0-(@1))
                 	SBCI R22,BYTE3(-2*@0-(@1))
                 	.ENDM
                 
                 	.MACRO __ADDD1N
                 	SUBI R30,LOW(-@0)
                 	SBCI R31,HIGH(-@0)
                 	SBCI R22,BYTE3(-@0)
                 	SBCI R23,BYTE4(-@0)
                 	.ENDM
                 
                 	.MACRO __ADDD2N
                 	SUBI R26,LOW(-@0)
                 	SBCI R27,HIGH(-@0)
                 	SBCI R24,BYTE3(-@0)
                 	SBCI R25,BYTE4(-@0)
                 	.ENDM
                 
                 	.MACRO __SUBD1N
                 	SUBI R30,LOW(@0)
                 	SBCI R31,HIGH(@0)
                 	SBCI R22,BYTE3(@0)
                 	SBCI R23,BYTE4(@0)
                 	.ENDM
                 
                 	.MACRO __SUBD2N
                 	SUBI R26,LOW(@0)
                 	SBCI R27,HIGH(@0)
                 	SBCI R24,BYTE3(@0)
                 	SBCI R25,BYTE4(@0)
                 	.ENDM
                 
                 	.MACRO __ANDBMNN
                 	LDS  R30,@0+(@1)
                 	ANDI R30,LOW(@2)
                 	STS  @0+(@1),R30
                 	.ENDM
                 
                 	.MACRO __ANDWMNN
                 	LDS  R30,@0+(@1)
                 	ANDI R30,LOW(@2)
                 	STS  @0+(@1),R30
                 	LDS  R30,@0+(@1)+1
                 	ANDI R30,HIGH(@2)
                 	STS  @0+(@1)+1,R30
                 	.ENDM
                 
                 	.MACRO __ANDD1N
                 	ANDI R30,LOW(@0)
                 	ANDI R31,HIGH(@0)
                 	ANDI R22,BYTE3(@0)
                 	ANDI R23,BYTE4(@0)
                 	.ENDM
                 
                 	.MACRO __ANDD2N
                 	ANDI R26,LOW(@0)
                 	ANDI R27,HIGH(@0)
                 	ANDI R24,BYTE3(@0)
                 	ANDI R25,BYTE4(@0)
                 	.ENDM
                 
                 	.MACRO __ORBMNN
                 	LDS  R30,@0+(@1)
                 	ORI  R30,LOW(@2)
                 	STS  @0+(@1),R30
                 	.ENDM
                 
                 	.MACRO __ORWMNN
                 	LDS  R30,@0+(@1)
                 	ORI  R30,LOW(@2)
                 	STS  @0+(@1),R30
                 	LDS  R30,@0+(@1)+1
                 	ORI  R30,HIGH(@2)
                 	STS  @0+(@1)+1,R30
                 	.ENDM
                 
                 	.MACRO __ORD1N
                 	ORI  R30,LOW(@0)
                 	ORI  R31,HIGH(@0)
                 	ORI  R22,BYTE3(@0)
                 	ORI  R23,BYTE4(@0)
                 	.ENDM
                 
                 	.MACRO __ORD2N
                 	ORI  R26,LOW(@0)
                 	ORI  R27,HIGH(@0)
                 	ORI  R24,BYTE3(@0)
                 	ORI  R25,BYTE4(@0)
                 	.ENDM
                 
                 	.MACRO __DELAY_USB
                 	LDI  R24,LOW(@0)
                 __DELAY_USB_LOOP:
                 	DEC  R24
                 	BRNE __DELAY_USB_LOOP
                 	.ENDM
                 
                 	.MACRO __DELAY_USW
                 	LDI  R24,LOW(@0)
                 	LDI  R25,HIGH(@0)
                 __DELAY_USW_LOOP:
                 	SBIW R24,1
                 	BRNE __DELAY_USW_LOOP
                 	.ENDM
                 
                 	.MACRO __GETD1S
                 	LDD  R30,Y+@0
                 	LDD  R31,Y+@0+1
                 	LDD  R22,Y+@0+2
                 	LDD  R23,Y+@0+3
                 	.ENDM
                 
                 	.MACRO __GETD2S
                 	LDD  R26,Y+@0
                 	LDD  R27,Y+@0+1
                 	LDD  R24,Y+@0+2
                 	LDD  R25,Y+@0+3
                 	.ENDM
                 
                 	.MACRO __PUTD1S
                 	STD  Y+@0,R30
                 	STD  Y+@0+1,R31
                 	STD  Y+@0+2,R22
                 	STD  Y+@0+3,R23
                 	.ENDM
                 
                 	.MACRO __PUTD2S
                 	STD  Y+@0,R26
                 	STD  Y+@0+1,R27
                 	STD  Y+@0+2,R24
                 	STD  Y+@0+3,R25
                 	.ENDM
                 
                 	.MACRO __PUTDZ2
                 	STD  Z+@0,R26
                 	STD  Z+@0+1,R27
                 	STD  Z+@0+2,R24
                 	STD  Z+@0+3,R25
                 	.ENDM
                 
                 	.MACRO __CLRD1S
                 	STD  Y+@0,R30
                 	STD  Y+@0+1,R30
                 	STD  Y+@0+2,R30
                 	STD  Y+@0+3,R30
                 	.ENDM
                 
                 	.MACRO __POINTB1MN
                 	LDI  R30,LOW(@0+(@1))
                 	.ENDM
                 
                 	.MACRO __POINTW1MN
                 	LDI  R30,LOW(@0+(@1))
                 	LDI  R31,HIGH(@0+(@1))
                 	.ENDM
                 
                 	.MACRO __POINTD1M
                 	LDI  R30,LOW(@0)
                 	LDI  R31,HIGH(@0)
                 	LDI  R22,BYTE3(@0)
                 	LDI  R23,BYTE4(@0)
                 	.ENDM
                 
                 	.MACRO __POINTW1FN
                 	LDI  R30,LOW(2*@0+(@1))
                 	LDI  R31,HIGH(2*@0+(@1))
                 	.ENDM
                 
                 	.MACRO __POINTD1FN
                 	LDI  R30,LOW(2*@0+(@1))
                 	LDI  R31,HIGH(2*@0+(@1))
                 	LDI  R22,BYTE3(2*@0+(@1))
                 	LDI  R23,BYTE4(2*@0+(@1))
                 	.ENDM
                 
                 	.MACRO __POINTB2MN
                 	LDI  R26,LOW(@0+(@1))
                 	.ENDM
                 
                 	.MACRO __POINTW2MN
                 	LDI  R26,LOW(@0+(@1))
                 	LDI  R27,HIGH(@0+(@1))
                 	.ENDM
                 
                 	.MACRO __POINTW2FN
                 	LDI  R26,LOW(2*@0+(@1))
                 	LDI  R27,HIGH(2*@0+(@1))
                 	.ENDM
                 
                 	.MACRO __POINTD2FN
                 	LDI  R26,LOW(2*@0+(@1))
                 	LDI  R27,HIGH(2*@0+(@1))
                 	LDI  R24,BYTE3(2*@0+(@1))
                 	LDI  R25,BYTE4(2*@0+(@1))
                 	.ENDM
                 
                 	.MACRO __POINTBRM
                 	LDI  R@0,LOW(@1)
                 	.ENDM
                 
                 	.MACRO __POINTWRM
                 	LDI  R@0,LOW(@2)
                 	LDI  R@1,HIGH(@2)
                 	.ENDM
                 
                 	.MACRO __POINTBRMN
                 	LDI  R@0,LOW(@1+(@2))
                 	.ENDM
                 
                 	.MACRO __POINTWRMN
                 	LDI  R@0,LOW(@2+(@3))
                 	LDI  R@1,HIGH(@2+(@3))
                 	.ENDM
                 
                 	.MACRO __POINTWRFN
                 	LDI  R@0,LOW(@2*2+(@3))
                 	LDI  R@1,HIGH(@2*2+(@3))
                 	.ENDM
                 
                 	.MACRO __GETD1N
                 	LDI  R30,LOW(@0)
                 	LDI  R31,HIGH(@0)
                 	LDI  R22,BYTE3(@0)
                 	LDI  R23,BYTE4(@0)
                 	.ENDM
                 
                 	.MACRO __GETD2N
                 	LDI  R26,LOW(@0)
                 	LDI  R27,HIGH(@0)
                 	LDI  R24,BYTE3(@0)
                 	LDI  R25,BYTE4(@0)
                 	.ENDM
                 
                 	.MACRO __GETB1MN
                 	LDS  R30,@0+(@1)
                 	.ENDM
                 
                 	.MACRO __GETB1HMN
                 	LDS  R31,@0+(@1)
                 	.ENDM
                 
                 	.MACRO __GETW1MN
                 	LDS  R30,@0+(@1)
                 	LDS  R31,@0+(@1)+1
                 	.ENDM
                 
                 	.MACRO __GETD1MN
                 	LDS  R30,@0+(@1)
                 	LDS  R31,@0+(@1)+1
                 	LDS  R22,@0+(@1)+2
                 	LDS  R23,@0+(@1)+3
                 	.ENDM
                 
                 	.MACRO __GETBRMN
                 	LDS  R@0,@1+(@2)
                 	.ENDM
                 
                 	.MACRO __GETWRMN
                 	LDS  R@0,@2+(@3)
                 	LDS  R@1,@2+(@3)+1
                 	.ENDM
                 
                 	.MACRO __GETWRZ
                 	LDD  R@0,Z+@2
                 	LDD  R@1,Z+@2+1
                 	.ENDM
                 
                 	.MACRO __GETD2Z
                 	LDD  R26,Z+@0
                 	LDD  R27,Z+@0+1
                 	LDD  R24,Z+@0+2
                 	LDD  R25,Z+@0+3
                 	.ENDM
                 
                 	.MACRO __GETB2MN
                 	LDS  R26,@0+(@1)
                 	.ENDM
                 
                 	.MACRO __GETW2MN
                 	LDS  R26,@0+(@1)
                 	LDS  R27,@0+(@1)+1
                 	.ENDM
                 
                 	.MACRO __GETD2MN
                 	LDS  R26,@0+(@1)
                 	LDS  R27,@0+(@1)+1
                 	LDS  R24,@0+(@1)+2
                 	LDS  R25,@0+(@1)+3
                 	.ENDM
                 
                 	.MACRO __PUTB1MN
                 	STS  @0+(@1),R30
                 	.ENDM
                 
                 	.MACRO __PUTW1MN
                 	STS  @0+(@1),R30
                 	STS  @0+(@1)+1,R31
                 	.ENDM
                 
                 	.MACRO __PUTD1MN
                 	STS  @0+(@1),R30
                 	STS  @0+(@1)+1,R31
                 	STS  @0+(@1)+2,R22
                 	STS  @0+(@1)+3,R23
                 	.ENDM
                 
                 	.MACRO __PUTB1EN
                 	LDI  R26,LOW(@0+(@1))
                 	LDI  R27,HIGH(@0+(@1))
                 	CALL __EEPROMWRB
                 	.ENDM
                 
                 	.MACRO __PUTW1EN
                 	LDI  R26,LOW(@0+(@1))
                 	LDI  R27,HIGH(@0+(@1))
                 	CALL __EEPROMWRW
                 	.ENDM
                 
                 	.MACRO __PUTD1EN
                 	LDI  R26,LOW(@0+(@1))
                 	LDI  R27,HIGH(@0+(@1))
                 	CALL __EEPROMWRD
                 	.ENDM
                 
                 	.MACRO __PUTBR0MN
                 	STS  @0+(@1),R0
                 	.ENDM
                 
                 	.MACRO __PUTBMRN
                 	STS  @0+(@1),R@2
                 	.ENDM
                 
                 	.MACRO __PUTWMRN
                 	STS  @0+(@1),R@2
                 	STS  @0+(@1)+1,R@3
                 	.ENDM
                 
                 	.MACRO __PUTBZR
                 	STD  Z+@1,R@0
                 	.ENDM
                 
                 	.MACRO __PUTWZR
                 	STD  Z+@2,R@0
                 	STD  Z+@2+1,R@1
                 	.ENDM
                 
                 	.MACRO __GETW1R
                 	MOV  R30,R@0
                 	MOV  R31,R@1
                 	.ENDM
                 
                 	.MACRO __GETW2R
                 	MOV  R26,R@0
                 	MOV  R27,R@1
                 	.ENDM
                 
                 	.MACRO __GETWRN
                 	LDI  R@0,LOW(@2)
                 	LDI  R@1,HIGH(@2)
                 	.ENDM
                 
                 	.MACRO __PUTW1R
                 	MOV  R@0,R30
                 	MOV  R@1,R31
                 	.ENDM
                 
                 	.MACRO __PUTW2R
                 	MOV  R@0,R26
                 	MOV  R@1,R27
                 	.ENDM
                 
                 	.MACRO __ADDWRN
                 	SUBI R@0,LOW(-@2)
                 	SBCI R@1,HIGH(-@2)
                 	.ENDM
                 
                 	.MACRO __ADDWRR
                 	ADD  R@0,R@2
                 	ADC  R@1,R@3
                 	.ENDM
                 
                 	.MACRO __SUBWRN
                 	SUBI R@0,LOW(@2)
                 	SBCI R@1,HIGH(@2)
                 	.ENDM
                 
                 	.MACRO __SUBWRR
                 	SUB  R@0,R@2
                 	SBC  R@1,R@3
                 	.ENDM
                 
                 	.MACRO __ANDWRN
                 	ANDI R@0,LOW(@2)
                 	ANDI R@1,HIGH(@2)
                 	.ENDM
                 
                 	.MACRO __ANDWRR
                 	AND  R@0,R@2
                 	AND  R@1,R@3
                 	.ENDM
                 
                 	.MACRO __ORWRN
                 	ORI  R@0,LOW(@2)
                 	ORI  R@1,HIGH(@2)
                 	.ENDM
                 
                 	.MACRO __ORWRR
                 	OR   R@0,R@2
                 	OR   R@1,R@3
                 	.ENDM
                 
                 	.MACRO __EORWRR
                 	EOR  R@0,R@2
                 	EOR  R@1,R@3
                 	.ENDM
                 
                 	.MACRO __GETWRS
                 	LDD  R@0,Y+@2
                 	LDD  R@1,Y+@2+1
                 	.ENDM
                 
                 	.MACRO __PUTBSR
                 	STD  Y+@1,R@0
                 	.ENDM
                 
                 	.MACRO __PUTWSR
                 	STD  Y+@2,R@0
                 	STD  Y+@2+1,R@1
                 	.ENDM
                 
                 	.MACRO __MOVEWRR
                 	MOV  R@0,R@2
                 	MOV  R@1,R@3
                 	.ENDM
                 
                 	.MACRO __INWR
                 	IN   R@0,@2
                 	IN   R@1,@2+1
                 	.ENDM
                 
                 	.MACRO __OUTWR
                 	OUT  @2+1,R@1
                 	OUT  @2,R@0
                 	.ENDM
                 
                 	.MACRO __CALL1MN
                 	LDS  R30,@0+(@1)
                 	LDS  R31,@0+(@1)+1
                 	ICALL
                 	.ENDM
                 
                 	.MACRO __CALL1FN
                 	LDI  R30,LOW(2*@0+(@1))
                 	LDI  R31,HIGH(2*@0+(@1))
                 	CALL __GETW1PF
                 	ICALL
                 	.ENDM
                 
                 	.MACRO __CALL2EN
                 	PUSH R26
                 	PUSH R27
                 	LDI  R26,LOW(@0+(@1))
                 	LDI  R27,HIGH(@0+(@1))
                 	CALL __EEPROMRDW
                 	POP  R27
                 	POP  R26
                 	ICALL
                 	.ENDM
                 
                 	.MACRO __CALL2EX
                 	SUBI R26,LOW(-@0)
                 	SBCI R27,HIGH(-@0)
                 	CALL __EEPROMRDD
                 	ICALL
                 	.ENDM
                 
                 	.MACRO __GETW1STACK
                 	IN   R30,SPL
                 	IN   R31,SPH
                 	ADIW R30,@0+1
                 	LD   R0,Z+
                 	LD   R31,Z
                 	MOV  R30,R0
                 	.ENDM
                 
                 	.MACRO __GETD1STACK
                 	IN   R30,SPL
                 	IN   R31,SPH
                 	ADIW R30,@0+1
                 	LD   R0,Z+
                 	LD   R1,Z+
                 	LD   R22,Z
                 	MOVW R30,R0
                 	.ENDM
                 
                 	.MACRO __NBST
                 	BST  R@0,@1
                 	IN   R30,SREG
                 	LDI  R31,0x40
                 	EOR  R30,R31
                 	OUT  SREG,R30
                 	.ENDM
                 
                 
                 	.MACRO __PUTB1SN
                 	LDD  R26,Y+@0
                 	LDD  R27,Y+@0+1
                 	SUBI R26,LOW(-@1)
                 	SBCI R27,HIGH(-@1)
                 	ST   X,R30
                 	.ENDM
                 
                 	.MACRO __PUTW1SN
                 	LDD  R26,Y+@0
                 	LDD  R27,Y+@0+1
                 	SUBI R26,LOW(-@1)
                 	SBCI R27,HIGH(-@1)
                 	ST   X+,R30
                 	ST   X,R31
                 	.ENDM
                 
                 	.MACRO __PUTD1SN
                 	LDD  R26,Y+@0
                 	LDD  R27,Y+@0+1
                 	SUBI R26,LOW(-@1)
                 	SBCI R27,HIGH(-@1)
                 	CALL __PUTDP1
                 	.ENDM
                 
                 	.MACRO __PUTB1SNS
                 	LDD  R26,Y+@0
                 	LDD  R27,Y+@0+1
                 	ADIW R26,@1
                 	ST   X,R30
                 	.ENDM
                 
                 	.MACRO __PUTW1SNS
                 	LDD  R26,Y+@0
                 	LDD  R27,Y+@0+1
                 	ADIW R26,@1
                 	ST   X+,R30
                 	ST   X,R31
                 	.ENDM
                 
                 	.MACRO __PUTD1SNS
                 	LDD  R26,Y+@0
                 	LDD  R27,Y+@0+1
                 	ADIW R26,@1
                 	CALL __PUTDP1
                 	.ENDM
                 
                 	.MACRO __PUTB1PMN
                 	LDS  R26,@0
                 	LDS  R27,@0+1
                 	SUBI R26,LOW(-@1)
                 	SBCI R27,HIGH(-@1)
                 	ST   X,R30
                 	.ENDM
                 
                 	.MACRO __PUTW1PMN
                 	LDS  R26,@0
                 	LDS  R27,@0+1
                 	SUBI R26,LOW(-@1)
                 	SBCI R27,HIGH(-@1)
                 	ST   X+,R30
                 	ST   X,R31
                 	.ENDM
                 
                 	.MACRO __PUTD1PMN
                 	LDS  R26,@0
                 	LDS  R27,@0+1
                 	SUBI R26,LOW(-@1)
                 	SBCI R27,HIGH(-@1)
                 	CALL __PUTDP1
                 	.ENDM
                 
                 	.MACRO __PUTB1PMNS
                 	LDS  R26,@0
                 	LDS  R27,@0+1
                 	ADIW R26,@1
                 	ST   X,R30
                 	.ENDM
                 
                 	.MACRO __PUTW1PMNS
                 	LDS  R26,@0
                 	LDS  R27,@0+1
                 	ADIW R26,@1
                 	ST   X+,R30
                 	ST   X,R31
                 	.ENDM
                 
                 	.MACRO __PUTD1PMNS
                 	LDS  R26,@0
                 	LDS  R27,@0+1
                 	ADIW R26,@1
                 	CALL __PUTDP1
                 	.ENDM
                 
                 	.MACRO __PUTB1RN
                 	MOVW R26,R@0
                 	SUBI R26,LOW(-@1)
                 	SBCI R27,HIGH(-@1)
                 	ST   X,R30
                 	.ENDM
                 
                 	.MACRO __PUTW1RN
                 	MOVW R26,R@0
                 	SUBI R26,LOW(-@1)
                 	SBCI R27,HIGH(-@1)
                 	ST   X+,R30
                 	ST   X,R31
                 	.ENDM
                 
                 	.MACRO __PUTD1RN
                 	MOVW R26,R@0
                 	SUBI R26,LOW(-@1)
                 	SBCI R27,HIGH(-@1)
                 	CALL __PUTDP1
                 	.ENDM
                 
                 	.MACRO __PUTB1RNS
                 	MOVW R26,R@0
                 	ADIW R26,@1
                 	ST   X,R30
                 	.ENDM
                 
                 	.MACRO __PUTW1RNS
                 	MOVW R26,R@0
                 	ADIW R26,@1
                 	ST   X+,R30
                 	ST   X,R31
                 	.ENDM
                 
                 	.MACRO __PUTD1RNS
                 	MOVW R26,R@0
                 	ADIW R26,@1
                 	CALL __PUTDP1
                 	.ENDM
                 
                 	.MACRO __PUTB1RON
                 	MOV  R26,R@0
                 	MOV  R27,R@1
                 	SUBI R26,LOW(-@2)
                 	SBCI R27,HIGH(-@2)
                 	ST   X,R30
                 	.ENDM
                 
                 	.MACRO __PUTW1RON
                 	MOV  R26,R@0
                 	MOV  R27,R@1
                 	SUBI R26,LOW(-@2)
                 	SBCI R27,HIGH(-@2)
                 	ST   X+,R30
                 	ST   X,R31
                 	.ENDM
                 
                 	.MACRO __PUTD1RON
                 	MOV  R26,R@0
                 	MOV  R27,R@1
                 	SUBI R26,LOW(-@2)
                 	SBCI R27,HIGH(-@2)
                 	CALL __PUTDP1
                 	.ENDM
                 
                 	.MACRO __PUTB1RONS
                 	MOV  R26,R@0
                 	MOV  R27,R@1
                 	ADIW R26,@2
                 	ST   X,R30
                 	.ENDM
                 
                 	.MACRO __PUTW1RONS
                 	MOV  R26,R@0
                 	MOV  R27,R@1
                 	ADIW R26,@2
                 	ST   X+,R30
                 	ST   X,R31
                 	.ENDM
                 
                 	.MACRO __PUTD1RONS
                 	MOV  R26,R@0
                 	MOV  R27,R@1
                 	ADIW R26,@2
                 	CALL __PUTDP1
                 	.ENDM
                 
                 
                 	.MACRO __GETB1SX
                 	MOVW R30,R28
                 	SUBI R30,LOW(-@0)
                 	SBCI R31,HIGH(-@0)
                 	LD   R30,Z
                 	.ENDM
                 
                 	.MACRO __GETB1HSX
                 	MOVW R30,R28
                 	SUBI R30,LOW(-@0)
                 	SBCI R31,HIGH(-@0)
                 	LD   R31,Z
                 	.ENDM
                 
                 	.MACRO __GETW1SX
                 	MOVW R30,R28
                 	SUBI R30,LOW(-@0)
                 	SBCI R31,HIGH(-@0)
                 	LD   R0,Z+
                 	LD   R31,Z
                 	MOV  R30,R0
                 	.ENDM
                 
                 	.MACRO __GETD1SX
                 	MOVW R30,R28
                 	SUBI R30,LOW(-@0)
                 	SBCI R31,HIGH(-@0)
                 	LD   R0,Z+
                 	LD   R1,Z+
                 	LD   R22,Z+
                 	LD   R23,Z
                 	MOVW R30,R0
                 	.ENDM
                 
                 	.MACRO __GETB2SX
                 	MOVW R26,R28
                 	SUBI R26,LOW(-@0)
                 	SBCI R27,HIGH(-@0)
                 	LD   R26,X
                 	.ENDM
                 
                 	.MACRO __GETW2SX
                 	MOVW R26,R28
                 	SUBI R26,LOW(-@0)
                 	SBCI R27,HIGH(-@0)
                 	LD   R0,X+
                 	LD   R27,X
                 	MOV  R26,R0
                 	.ENDM
                 
                 	.MACRO __GETD2SX
                 	MOVW R26,R28
                 	SUBI R26,LOW(-@0)
                 	SBCI R27,HIGH(-@0)
                 	LD   R0,X+
                 	LD   R1,X+
                 	LD   R24,X+
                 	LD   R25,X
                 	MOVW R26,R0
                 	.ENDM
                 
                 	.MACRO __GETBRSX
                 	MOVW R30,R28
                 	SUBI R30,LOW(-@1)
                 	SBCI R31,HIGH(-@1)
                 	LD   R@0,Z
                 	.ENDM
                 
                 	.MACRO __GETWRSX
                 	MOVW R30,R28
                 	SUBI R30,LOW(-@2)
                 	SBCI R31,HIGH(-@2)
                 	LD   R@0,Z+
                 	LD   R@1,Z
                 	.ENDM
                 
                 	.MACRO __GETBRSX2
                 	MOVW R26,R28
                 	SUBI R26,LOW(-@1)
                 	SBCI R27,HIGH(-@1)
                 	LD   R@0,X
                 	.ENDM
                 
                 	.MACRO __GETWRSX2
                 	MOVW R26,R28
                 	SUBI R26,LOW(-@2)
                 	SBCI R27,HIGH(-@2)
                 	LD   R@0,X+
                 	LD   R@1,X
                 	.ENDM
                 
                 	.MACRO __LSLW8SX
                 	MOVW R30,R28
                 	SUBI R30,LOW(-@0)
                 	SBCI R31,HIGH(-@0)
                 	LD   R31,Z
                 	CLR  R30
                 	.ENDM
                 
                 	.MACRO __PUTB1SX
                 	MOVW R26,R28
                 	SUBI R26,LOW(-@0)
                 	SBCI R27,HIGH(-@0)
                 	ST   X,R30
                 	.ENDM
                 
                 	.MACRO __PUTW1SX
                 	MOVW R26,R28
                 	SUBI R26,LOW(-@0)
                 	SBCI R27,HIGH(-@0)
                 	ST   X+,R30
                 	ST   X,R31
                 	.ENDM
                 
                 	.MACRO __PUTD1SX
                 	MOVW R26,R28
                 	SUBI R26,LOW(-@0)
                 	SBCI R27,HIGH(-@0)
                 	ST   X+,R30
                 	ST   X+,R31
                 	ST   X+,R22
                 	ST   X,R23
                 	.ENDM
                 
                 	.MACRO __CLRW1SX
                 	MOVW R26,R28
                 	SUBI R26,LOW(-@0)
                 	SBCI R27,HIGH(-@0)
                 	ST   X+,R30
                 	ST   X,R30
                 	.ENDM
                 
                 	.MACRO __CLRD1SX
                 	MOVW R26,R28
                 	SUBI R26,LOW(-@0)
                 	SBCI R27,HIGH(-@0)
                 	ST   X+,R30
                 	ST   X+,R30
                 	ST   X+,R30
                 	ST   X,R30
                 	.ENDM
                 
                 	.MACRO __PUTB2SX
                 	MOVW R30,R28
                 	SUBI R30,LOW(-@0)
                 	SBCI R31,HIGH(-@0)
                 	ST   Z,R26
                 	.ENDM
                 
                 	.MACRO __PUTW2SX
                 	MOVW R30,R28
                 	SUBI R30,LOW(-@0)
                 	SBCI R31,HIGH(-@0)
                 	ST   Z+,R26
                 	ST   Z,R27
                 	.ENDM
                 
                 	.MACRO __PUTD2SX
                 	MOVW R30,R28
                 	SUBI R30,LOW(-@0)
                 	SBCI R31,HIGH(-@0)
                 	ST   Z+,R26
                 	ST   Z+,R27
                 	ST   Z+,R24
                 	ST   Z,R25
                 	.ENDM
                 
                 	.MACRO __PUTBSRX
                 	MOVW R30,R28
                 	SUBI R30,LOW(-@1)
                 	SBCI R31,HIGH(-@1)
                 	ST   Z,R@0
                 	.ENDM
                 
                 	.MACRO __PUTWSRX
                 	MOVW R30,R28
                 	SUBI R30,LOW(-@2)
                 	SBCI R31,HIGH(-@2)
                 	ST   Z+,R@0
                 	ST   Z,R@1
                 	.ENDM
                 
                 	.MACRO __PUTB1SNX
                 	MOVW R26,R28
                 	SUBI R26,LOW(-@0)
                 	SBCI R27,HIGH(-@0)
                 	LD   R0,X+
                 	LD   R27,X
                 	MOV  R26,R0
                 	SUBI R26,LOW(-@1)
                 	SBCI R27,HIGH(-@1)
                 	ST   X,R30
                 	.ENDM
                 
                 	.MACRO __PUTW1SNX
                 	MOVW R26,R28
                 	SUBI R26,LOW(-@0)
                 	SBCI R27,HIGH(-@0)
                 	LD   R0,X+
                 	LD   R27,X
                 	MOV  R26,R0
                 	SUBI R26,LOW(-@1)
                 	SBCI R27,HIGH(-@1)
                 	ST   X+,R30
                 	ST   X,R31
                 	.ENDM
                 
                 	.MACRO __PUTD1SNX
                 	MOVW R26,R28
                 	SUBI R26,LOW(-@0)
                 	SBCI R27,HIGH(-@0)
                 	LD   R0,X+
                 	LD   R27,X
                 	MOV  R26,R0
                 	SUBI R26,LOW(-@1)
                 	SBCI R27,HIGH(-@1)
                 	ST   X+,R30
                 	ST   X+,R31
                 	ST   X+,R22
                 	ST   X,R23
                 	.ENDM
                 
                 	.MACRO __MULBRR
                 	MULS R@0,R@1
                 	MOVW R30,R0
                 	.ENDM
                 
                 	.MACRO __MULBRRU
                 	MUL  R@0,R@1
                 	MOVW R30,R0
                 	.ENDM
                 
                 	.MACRO __MULBRR0
                 	MULS R@0,R@1
                 	.ENDM
                 
                 	.MACRO __MULBRRU0
                 	MUL  R@0,R@1
                 	.ENDM
                 
                 	.MACRO __MULBNWRU
                 	LDI  R26,@2
                 	MUL  R26,R@0
                 	MOVW R30,R0
                 	MUL  R26,R@1
                 	ADD  R31,R0
                 	.ENDM
                 
                 ;NAME DEFINITIONS FOR GLOBAL VARIABLES ALLOCATED TO REGISTERS
                 	.DEF _minute_read=R4
                 	.DEF _minute_read_msb=R5
                 	.DEF _stop=R6
                 	.DEF _stop_msb=R7
                 	.DEF _second_counter=R8
                 	.DEF _second_counter_msb=R9
                 	.DEF _last_sec=R10
                 	.DEF _last_sec_msb=R11
                 	.DEF _minute_counter=R12
                 	.DEF _minute_counter_msb=R13
                 
                 	.CSEG
                 	.ORG 0x00
                 
                 ;START OF CODE MARKER
                 __START_OF_CODE:
                 
                 ;INTERRUPT VECTORS
000000 940c 004b 	JMP  __RESET
000002 940c 0078 	JMP  _ext_int0_isr
000004 940c 0000 	JMP  0x00
000006 940c 0000 	JMP  0x00
000008 940c 0000 	JMP  0x00
00000a 940c 0000 	JMP  0x00
00000c 940c 0000 	JMP  0x00
00000e 940c 0000 	JMP  0x00
000010 940c 0000 	JMP  0x00
000012 940c 0000 	JMP  0x00
000014 940c 00cb 	JMP  _timer0_comp_isr
000016 940c 009b 	JMP  _timer0_ovf_isr
000018 940c 0000 	JMP  0x00
00001a 940c 0000 	JMP  0x00
00001c 940c 0000 	JMP  0x00
00001e 940c 0000 	JMP  0x00
000020 940c 0000 	JMP  0x00
000022 940c 0000 	JMP  0x00
000024 940c 0000 	JMP  0x00
000026 940c 0000 	JMP  0x00
000028 940c 0000 	JMP  0x00
                 
                 _tbl10_G100:
00002a 2710
00002b 03e8
00002c 0064
00002d 000a      	.DB  0x10,0x27,0xE8,0x3,0x64,0x0,0xA,0x0
00002e 0001      	.DB  0x1,0x0
                 _tbl16_G100:
00002f 1000
000030 0100
000031 0010
000032 0001      	.DB  0x0,0x10,0x0,0x1,0x10,0x0,0x1,0x0
                 
                 ;GLOBAL REGISTER VARIABLES INITIALIZATION
                 __REG_VARS:
000033 0000
000034 0000      	.DB  0x0,0x0,0x0,0x0
000035 0000
000036 0000      	.DB  0x0,0x0,0x0,0x0
000037 0000      	.DB  0x0,0x0
                 
                 _0x3:
000038 3030
000039 303a
C:\Users\Hossein\Desktop\kk2\Debug\List\x2.asm(1141): warning: .cseg .db misalignment - padding zero byte
00003a 0030      	.DB  0x30,0x30,0x3A,0x30,0x30
                 _0x0:
00003b 6425
00003c 3a20
00003d 2520
00003e 2064      	.DB  0x25,0x64,0x20,0x3A,0x20,0x25,0x64,0x20
C:\Users\Hossein\Desktop\kk2\Debug\List\x2.asm(1144): warning: .cseg .db misalignment - padding zero byte
00003f 0000      	.DB  0x0
                 _0x2020003:
000040 c080      	.DB  0x80,0xC0
                 
                 __GLOBAL_INI_TBL:
000041 000a      	.DW  0x0A
000042 0004      	.DW  0x04
000043 0066      	.DW  __REG_VARS*2
                 
000044 0005      	.DW  0x05
000045 0266      	.DW  _time
000046 0070      	.DW  _0x3*2
                 
000047 0002      	.DW  0x02
000048 0270      	.DW  __base_y_G101
000049 0080      	.DW  _0x2020003*2
                 
                 _0xFFFFFFFF:
00004a 0000      	.DW  0
                 
                 #define __GLOBAL_INI_TBL_PRESENT 1
                 
                 __RESET:
00004b 94f8      	CLI
00004c 27ee      	CLR  R30
00004d bbec      	OUT  EECR,R30
                 
                 ;INTERRUPT VECTORS ARE PLACED
                 ;AT THE START OF FLASH
00004e e0f1      	LDI  R31,1
00004f bffb      	OUT  GICR,R31
000050 bfeb      	OUT  GICR,R30
000051 bfe5      	OUT  MCUCR,R30
                 
                 ;CLEAR R2-R14
000052 e08d      	LDI  R24,(14-2)+1
000053 e0a2      	LDI  R26,2
000054 27bb      	CLR  R27
                 __CLEAR_REG:
000055 93ed      	ST   X+,R30
000056 958a      	DEC  R24
000057 f7e9      	BRNE __CLEAR_REG
                 
                 ;CLEAR SRAM
000058 e080      	LDI  R24,LOW(__CLEAR_SRAM_SIZE)
000059 e098      	LDI  R25,HIGH(__CLEAR_SRAM_SIZE)
00005a e6a0      	LDI  R26,__SRAM_START
                 __CLEAR_SRAM:
00005b 93ed      	ST   X+,R30
00005c 9701      	SBIW R24,1
00005d f7e9      	BRNE __CLEAR_SRAM
                 
                 ;GLOBAL VARIABLES INITIALIZATION
00005e e8e2      	LDI  R30,LOW(__GLOBAL_INI_TBL*2)
00005f e0f0      	LDI  R31,HIGH(__GLOBAL_INI_TBL*2)
                 __GLOBAL_INI_NEXT:
000060 9185      	LPM  R24,Z+
000061 9195      	LPM  R25,Z+
000062 9700      	SBIW R24,0
000063 f061      	BREQ __GLOBAL_INI_END
000064 91a5      	LPM  R26,Z+
000065 91b5      	LPM  R27,Z+
000066 9005      	LPM  R0,Z+
000067 9015      	LPM  R1,Z+
000068 01bf      	MOVW R22,R30
000069 01f0      	MOVW R30,R0
                 __GLOBAL_INI_LOOP:
00006a 9005      	LPM  R0,Z+
00006b 920d      	ST   X+,R0
00006c 9701      	SBIW R24,1
00006d f7e1      	BRNE __GLOBAL_INI_LOOP
00006e 01fb      	MOVW R30,R22
00006f cff0      	RJMP __GLOBAL_INI_NEXT
                 __GLOBAL_INI_END:
                 
                 ;HARDWARE STACK POINTER INITIALIZATION
000070 e5ef      	LDI  R30,LOW(__SRAM_END-__HEAP_SIZE)
000071 bfed      	OUT  SPL,R30
000072 e0e8      	LDI  R30,HIGH(__SRAM_END-__HEAP_SIZE)
000073 bfee      	OUT  SPH,R30
                 
                 ;DATA STACK POINTER INITIALIZATION
000074 e6c0      	LDI  R28,LOW(__SRAM_START+__DSTACK_SIZE)
000075 e0d2      	LDI  R29,HIGH(__SRAM_START+__DSTACK_SIZE)
                 
000076 940c 00cc 	JMP  _main
                 
                 	.ESEG
                 	.ORG 0
                 
                 	.DSEG
                 	.ORG 0x260
                 
                 	.CSEG
                 ;/*******************************************************
                 ;This program was created by the
                 ;CodeWizardAVR V3.12 Advanced
                 ;Automatic Program Generator
                 ;© Copyright 1998-2014 Pavel Haiduc, HP InfoTech s.r.l.
                 ;http://www.hpinfotech.com
                 ;
                 ;Project :
                 ;Version :
                 ;Date    : 6/2/2019
                 ;Author  :
                 ;Company :
                 ;Comments:
                 ;
                 ;
                 ;Chip type               : ATmega32
                 ;Program type            : Application
                 ;AVR Core Clock frequency: 8.000000 MHz
                 ;Memory model            : Small
                 ;External RAM size       : 0
                 ;Data Stack size         : 512
                 ;*******************************************************/
                 ;
                 ;#include <mega32.h>
                 	#ifndef __SLEEP_DEFINED__
                 	#define __SLEEP_DEFINED__
                 	.EQU __se_bit=0x80
                 	.EQU __sm_mask=0x70
                 	.EQU __sm_powerdown=0x20
                 	.EQU __sm_powersave=0x30
                 	.EQU __sm_standby=0x60
                 	.EQU __sm_ext_standby=0x70
                 	.EQU __sm_adc_noise_red=0x10
                 	.SET power_ctrl_reg=mcucr
                 	#endif
                 ;#include <stdio.h>
                 ;// Alphanumeric LCD functions
                 ;#include <alcd.h>
                 ;//NOTICE : BE advised to Control that the frequency set by code vision must be the same frequency given to the ATmega32.
                 ;// Declare your global variables here
                 ;int minute_read = 0;
                 ;int stop = 0;
                 ;int second_counter = 0 ;
                 ;int last_sec;
                 ;int minute_counter = 0;
                 ;int counter;
                 ;int second_read = 0;
                 ;int last_min;
                 ;
                 ;
                 ;char time[10] = "00:00";
                 
                 	.DSEG
                 ;// External Interrupt 0 service routine
                 ;interrupt [EXT_INT0] void ext_int0_isr(void) {
                 ; 0000 002A interrupt [2] void ext_int0_isr(void) {
                 
                 	.CSEG
                 _ext_int0_isr:
                 ; .FSTART _ext_int0_isr
000078 93ea      	ST   -Y,R30
000079 93fa      	ST   -Y,R31
00007a b7ef      	IN   R30,SREG
00007b 93ea      	ST   -Y,R30
                 ; 0000 002B     stop = !stop;
00007c 01f3      	MOVW R30,R6
00007d 940e 03f5 	CALL __LNEGW1
00007f 2e6e      	MOV  R6,R30
000080 2477      	CLR  R7
                 ; 0000 002C }
000081 91e9      	LD   R30,Y+
000082 bfef      	OUT  SREG,R30
000083 91f9      	LD   R31,Y+
000084 91e9      	LD   R30,Y+
000085 9518      	RETI
                 ; .FEND
                 ;
                 ;void update(){
                 ; 0000 002E void update(){
                 _update:
                 ; .FSTART _update
                 ; 0000 002F     if (second_counter != 0){
000086 2c08      	MOV  R0,R8
000087 2809      	OR   R0,R9
000088 f029      	BREQ _0x4
                 ; 0000 0030         second_counter--;
000089 01f4      	MOVW R30,R8
00008a 9731      	SBIW R30,1
00008b 014f      	MOVW R8,R30
                 ; 0000 0031         PORTD.6 = 0;
00008c 9896      	CBI  0x12,6
                 ; 0000 0032     }
                 ; 0000 0033     else if(minute_counter != 0) {
00008d c00c      	RJMP _0x7
                 _0x4:
00008e 2c0c      	MOV  R0,R12
00008f 280d      	OR   R0,R13
000090 f041      	BREQ _0x8
                 ; 0000 0034         minute_counter--;
000091 01f6      	MOVW R30,R12
000092 9731      	SBIW R30,1
000093 016f      	MOVW R12,R30
                 ; 0000 0035         second_counter = 59;
000094 e3eb      	LDI  R30,LOW(59)
000095 e0f0      	LDI  R31,HIGH(59)
000096 014f      	MOVW R8,R30
                 ; 0000 0036         PORTD.6 = 0;
000097 9896      	CBI  0x12,6
                 ; 0000 0037         }
                 ; 0000 0038     else {
000098 c001      	RJMP _0xB
                 _0x8:
                 ; 0000 0039         PORTD.6 = 1;
000099 9a96      	SBI  0x12,6
                 ; 0000 003A     }
                 _0xB:
                 _0x7:
                 ; 0000 003B }
00009a 9508      	RET
                 ; .FEND
                 ;// Timer 0 overflow interrupt service routine
                 ;interrupt [TIM0_OVF] void timer0_ovf_isr(void)
                 ; 0000 003E {
                 _timer0_ovf_isr:
                 ; .FSTART _timer0_ovf_isr
00009b 920a      	ST   -Y,R0
00009c 921a      	ST   -Y,R1
00009d 92fa      	ST   -Y,R15
00009e 936a      	ST   -Y,R22
00009f 937a      	ST   -Y,R23
0000a0 938a      	ST   -Y,R24
0000a1 939a      	ST   -Y,R25
0000a2 93aa      	ST   -Y,R26
0000a3 93ba      	ST   -Y,R27
0000a4 93ea      	ST   -Y,R30
0000a5 93fa      	ST   -Y,R31
0000a6 b7ef      	IN   R30,SREG
0000a7 93ea      	ST   -Y,R30
                 ; 0000 003F     if (stop == 0){
0000a8 2c06      	MOV  R0,R6
0000a9 2807      	OR   R0,R7
0000aa f491      	BRNE _0xE
                 ; 0000 0040         counter++;
0000ab e6a0      	LDI  R26,LOW(_counter)
0000ac e0b2      	LDI  R27,HIGH(_counter)
0000ad 940e 039e 	CALL SUBOPT_0x0
                 ; 0000 0041         if (counter == 430){
0000af 91a0 0260 	LDS  R26,_counter
0000b1 91b0 0261 	LDS  R27,_counter+1
0000b3 3aae      	CPI  R26,LOW(0x1AE)
0000b4 e0e1      	LDI  R30,HIGH(0x1AE)
0000b5 07be      	CPC  R27,R30
0000b6 f431      	BRNE _0xF
                 ; 0000 0042             counter = 0;
0000b7 e0e0      	LDI  R30,LOW(0)
0000b8 93e0 0260 	STS  _counter,R30
0000ba 93e0 0261 	STS  _counter+1,R30
                 ; 0000 0043             update();
0000bc dfc9      	RCALL _update
                 ; 0000 0044         }
                 ; 0000 0045     }
                 _0xF:
                 ; 0000 0046 
                 ; 0000 0047 
                 ; 0000 0048 }
                 _0xE:
0000bd 91e9      	LD   R30,Y+
0000be bfef      	OUT  SREG,R30
0000bf 91f9      	LD   R31,Y+
0000c0 91e9      	LD   R30,Y+
0000c1 91b9      	LD   R27,Y+
0000c2 91a9      	LD   R26,Y+
0000c3 9199      	LD   R25,Y+
0000c4 9189      	LD   R24,Y+
0000c5 9179      	LD   R23,Y+
0000c6 9169      	LD   R22,Y+
0000c7 90f9      	LD   R15,Y+
0000c8 9019      	LD   R1,Y+
0000c9 9009      	LD   R0,Y+
0000ca 9518      	RETI
                 ; .FEND
                 ;
                 ;
                 ;// Timer 0 output compare interrupt service routine
                 ;interrupt [TIM0_COMP] void timer0_comp_isr(void)
                 ; 0000 004D {
                 _timer0_comp_isr:
                 ; .FSTART _timer0_comp_isr
                 ; 0000 004E // Place your code here
                 ; 0000 004F 
                 ; 0000 0050 }
0000cb 9518      	RETI
                 ; .FEND
                 ;
                 ;void main(void)
                 ; 0000 0053 {
                 _main:
                 ; .FSTART _main
                 ; 0000 0054 // Declare your local variables here
                 ; 0000 0055 
                 ; 0000 0056 // Input/Output Ports initialization
                 ; 0000 0057 // Port A initialization
                 ; 0000 0058 // Function: Bit7=In Bit6=In Bit5=In Bit4=In Bit3=In Bit2=In Bit1=In Bit0=In
                 ; 0000 0059 DDRA=(0<<DDA7) | (0<<DDA6) | (0<<DDA5) | (0<<DDA4) | (0<<DDA3) | (0<<DDA2) | (0<<DDA1) | (0<<DDA0);
0000cc e0e0      	LDI  R30,LOW(0)
0000cd bbea      	OUT  0x1A,R30
                 ; 0000 005A // State: Bit7=T Bit6=T Bit5=T Bit4=T Bit3=T Bit2=T Bit1=T Bit0=T
                 ; 0000 005B PORTA=(0<<PORTA7) | (0<<PORTA6) | (0<<PORTA5) | (0<<PORTA4) | (0<<PORTA3) | (0<<PORTA2) | (0<<PORTA1) | (0<<PORTA0);
0000ce bbeb      	OUT  0x1B,R30
                 ; 0000 005C 
                 ; 0000 005D // Port B initialization
                 ; 0000 005E // Function: Bit7=In Bit6=In Bit5=In Bit4=In Bit3=In Bit2=In Bit1=In Bit0=In
                 ; 0000 005F DDRB=(0<<DDB7) | (0<<DDB6) | (0<<DDB5) | (0<<DDB4) | (0<<DDB3) | (0<<DDB2) | (0<<DDB1) | (0<<DDB0);
0000cf bbe7      	OUT  0x17,R30
                 ; 0000 0060 // State: Bit7=T Bit6=T Bit5=T Bit4=T Bit3=T Bit2=T Bit1=T Bit0=T
                 ; 0000 0061 PORTB=(0<<PORTB7) | (0<<PORTB6) | (0<<PORTB5) | (0<<PORTB4) | (0<<PORTB3) | (0<<PORTB2) | (0<<PORTB1) | (0<<PORTB0);
0000d0 bbe8      	OUT  0x18,R30
                 ; 0000 0062 
                 ; 0000 0063 // Port C initialization
                 ; 0000 0064 // Function: Bit7=Out Bit6=Out Bit5=Out Bit4=Out Bit3=Out Bit2=Out Bit1=Out Bit0=Out
                 ; 0000 0065 DDRC=(1<<DDC7) | (1<<DDC6) | (1<<DDC5) | (1<<DDC4) | (1<<DDC3) | (1<<DDC2) | (1<<DDC1) | (1<<DDC0);
0000d1 efef      	LDI  R30,LOW(255)
0000d2 bbe4      	OUT  0x14,R30
                 ; 0000 0066 // State: Bit7=0 Bit6=0 Bit5=0 Bit4=0 Bit3=0 Bit2=0 Bit1=0 Bit0=0
                 ; 0000 0067 PORTC=(0<<PORTC7) | (0<<PORTC6) | (0<<PORTC5) | (0<<PORTC4) | (0<<PORTC3) | (0<<PORTC2) | (0<<PORTC1) | (0<<PORTC0);
0000d3 e0e0      	LDI  R30,LOW(0)
0000d4 bbe5      	OUT  0x15,R30
                 ; 0000 0068 
                 ; 0000 0069 // Port D initialization
                 ; 0000 006A // Function: Bit7=In Bit6=Out Bit5=In Bit4=In Bit3=In Bit2=In Bit1=In Bit0=In
                 ; 0000 006B DDRD=(0<<DDD7) | (1<<DDD6) | (0<<DDD5) | (0<<DDD4) | (0<<DDD3) | (0<<DDD2) | (0<<DDD1) | (0<<DDD0);
0000d5 e4e0      	LDI  R30,LOW(64)
0000d6 bbe1      	OUT  0x11,R30
                 ; 0000 006C // State: Bit7=T Bit6=0 Bit5=T Bit4=T Bit3=T Bit2=T Bit1=T Bit0=T
                 ; 0000 006D PORTD=(0<<PORTD7) | (0<<PORTD6) | (0<<PORTD5) | (0<<PORTD4) | (0<<PORTD3) | (0<<PORTD2) | (0<<PORTD1) | (0<<PORTD0);
0000d7 e0e0      	LDI  R30,LOW(0)
0000d8 bbe2      	OUT  0x12,R30
                 ; 0000 006E 
                 ; 0000 006F // Timer/Counter 0 initialization
                 ; 0000 0070 // Clock source: System Clock
                 ; 0000 0071 // Clock value: 125.000 kHz
                 ; 0000 0072 // Mode: Normal top=0xFF
                 ; 0000 0073 // OC0 output: Disconnected
                 ; 0000 0074 // Timer Period: 1 ms
                 ; 0000 0075 TCCR0=(0<<WGM00) | (0<<COM01) | (0<<COM00) | (0<<WGM01) | (0<<CS02) | (1<<CS01) | (1<<CS00);
0000d9 e0e3      	LDI  R30,LOW(3)
0000da bfe3      	OUT  0x33,R30
                 ; 0000 0076 TCNT0=0x83;
0000db e8e3      	LDI  R30,LOW(131)
0000dc bfe2      	OUT  0x32,R30
                 ; 0000 0077 OCR0=0x00;
0000dd e0e0      	LDI  R30,LOW(0)
0000de bfec      	OUT  0x3C,R30
                 ; 0000 0078 
                 ; 0000 0079 // Timer/Counter 1 initialization
                 ; 0000 007A // Clock source: System Clock
                 ; 0000 007B // Clock value: Timer1 Stopped
                 ; 0000 007C // Mode: Normal top=0xFFFF
                 ; 0000 007D // OC1A output: Disconnected
                 ; 0000 007E // OC1B output: Disconnected
                 ; 0000 007F // Noise Canceler: Off
                 ; 0000 0080 // Input Capture on Falling Edge
                 ; 0000 0081 // Timer1 Overflow Interrupt: Off
                 ; 0000 0082 // Input Capture Interrupt: Off
                 ; 0000 0083 // Compare A Match Interrupt: Off
                 ; 0000 0084 // Compare B Match Interrupt: Off
                 ; 0000 0085 TCCR1A=(0<<COM1A1) | (0<<COM1A0) | (0<<COM1B1) | (0<<COM1B0) | (0<<WGM11) | (0<<WGM10);
0000df bdef      	OUT  0x2F,R30
                 ; 0000 0086 TCCR1B=(0<<ICNC1) | (0<<ICES1) | (0<<WGM13) | (0<<WGM12) | (0<<CS12) | (0<<CS11) | (0<<CS10);
0000e0 bdee      	OUT  0x2E,R30
                 ; 0000 0087 TCNT1H=0x00;
0000e1 bded      	OUT  0x2D,R30
                 ; 0000 0088 TCNT1L=0x00;
0000e2 bdec      	OUT  0x2C,R30
                 ; 0000 0089 ICR1H=0x00;
0000e3 bde7      	OUT  0x27,R30
                 ; 0000 008A ICR1L=0x00;
0000e4 bde6      	OUT  0x26,R30
                 ; 0000 008B OCR1AH=0x00;
0000e5 bdeb      	OUT  0x2B,R30
                 ; 0000 008C OCR1AL=0x00;
0000e6 bdea      	OUT  0x2A,R30
                 ; 0000 008D OCR1BH=0x00;
0000e7 bde9      	OUT  0x29,R30
                 ; 0000 008E OCR1BL=0x00;
0000e8 bde8      	OUT  0x28,R30
                 ; 0000 008F 
                 ; 0000 0090 // Timer/Counter 2 initialization
                 ; 0000 0091 // Clock source: System Clock
                 ; 0000 0092 // Clock value: Timer2 Stopped
                 ; 0000 0093 // Mode: Normal top=0xFF
                 ; 0000 0094 // OC2 output: Disconnected
                 ; 0000 0095 ASSR=0<<AS2;
0000e9 bde2      	OUT  0x22,R30
                 ; 0000 0096 TCCR2=(0<<PWM2) | (0<<COM21) | (0<<COM20) | (0<<CTC2) | (0<<CS22) | (0<<CS21) | (0<<CS20);
0000ea bde5      	OUT  0x25,R30
                 ; 0000 0097 TCNT2=0x00;
0000eb bde4      	OUT  0x24,R30
                 ; 0000 0098 OCR2=0x00;
0000ec bde3      	OUT  0x23,R30
                 ; 0000 0099 
                 ; 0000 009A // Timer(s)/Counter(s) Interrupt(s) initialization
                 ; 0000 009B TIMSK=(0<<OCIE2) | (0<<TOIE2) | (0<<TICIE1) | (0<<OCIE1A) | (0<<OCIE1B) | (0<<TOIE1) | (0<<OCIE0) | (1<<TOIE0);
0000ed e0e1      	LDI  R30,LOW(1)
0000ee bfe9      	OUT  0x39,R30
                 ; 0000 009C 
                 ; 0000 009D // External Interrupt(s) initialization
                 ; 0000 009E // INT0: On
                 ; 0000 009F // INT0 Mode: Low level
                 ; 0000 00A0 // INT1: Off
                 ; 0000 00A1 // INT2: Off
                 ; 0000 00A2 GICR|=(0<<INT1) | (1<<INT0) | (0<<INT2);
0000ef b7eb      	IN   R30,0x3B
0000f0 64e0      	ORI  R30,0x40
0000f1 bfeb      	OUT  0x3B,R30
                 ; 0000 00A3 MCUCR=(0<<ISC11) | (0<<ISC10) | (0<<ISC01) | (0<<ISC00);
0000f2 e0e0      	LDI  R30,LOW(0)
0000f3 bfe5      	OUT  0x35,R30
                 ; 0000 00A4 MCUCSR=(0<<ISC2);
0000f4 bfe4      	OUT  0x34,R30
                 ; 0000 00A5 GIFR=(0<<INTF1) | (1<<INTF0) | (0<<INTF2);
0000f5 e4e0      	LDI  R30,LOW(64)
0000f6 bfea      	OUT  0x3A,R30
                 ; 0000 00A6 
                 ; 0000 00A7 // USART initialization
                 ; 0000 00A8 // USART disabled
                 ; 0000 00A9 UCSRB=(0<<RXCIE) | (0<<TXCIE) | (0<<UDRIE) | (0<<RXEN) | (0<<TXEN) | (0<<UCSZ2) | (0<<RXB8) | (0<<TXB8);
0000f7 e0e0      	LDI  R30,LOW(0)
0000f8 b9ea      	OUT  0xA,R30
                 ; 0000 00AA 
                 ; 0000 00AB // Analog Comparator initialization
                 ; 0000 00AC // Analog Comparator: Off
                 ; 0000 00AD // The Analog Comparator's positive input is
                 ; 0000 00AE // connected to the AIN0 pin
                 ; 0000 00AF // The Analog Comparator's negative input is
                 ; 0000 00B0 // connected to the AIN1 pin
                 ; 0000 00B1 ACSR=(1<<ACD) | (0<<ACBG) | (0<<ACO) | (0<<ACI) | (0<<ACIE) | (0<<ACIC) | (0<<ACIS1) | (0<<ACIS0);
0000f9 e8e0      	LDI  R30,LOW(128)
0000fa b9e8      	OUT  0x8,R30
                 ; 0000 00B2 SFIOR=(0<<ACME);
0000fb e0e0      	LDI  R30,LOW(0)
0000fc bfe0      	OUT  0x30,R30
                 ; 0000 00B3 
                 ; 0000 00B4 // ADC initialization
                 ; 0000 00B5 // ADC disabled
                 ; 0000 00B6 ADCSRA=(0<<ADEN) | (0<<ADSC) | (0<<ADATE) | (0<<ADIF) | (0<<ADIE) | (0<<ADPS2) | (0<<ADPS1) | (0<<ADPS0);
0000fd b9e6      	OUT  0x6,R30
                 ; 0000 00B7 
                 ; 0000 00B8 // SPI initialization
                 ; 0000 00B9 // SPI disabled
                 ; 0000 00BA SPCR=(0<<SPIE) | (0<<SPE) | (0<<DORD) | (0<<MSTR) | (0<<CPOL) | (0<<CPHA) | (0<<SPR1) | (0<<SPR0);
0000fe b9ed      	OUT  0xD,R30
                 ; 0000 00BB 
                 ; 0000 00BC // TWI initialization
                 ; 0000 00BD // TWI disabled
                 ; 0000 00BE TWCR=(0<<TWEA) | (0<<TWSTA) | (0<<TWSTO) | (0<<TWEN) | (0<<TWIE);
0000ff bfe6      	OUT  0x36,R30
                 ; 0000 00BF 
                 ; 0000 00C0 // Alphanumeric LCD initialization
                 ; 0000 00C1 // Connections are specified in the
                 ; 0000 00C2 // Project|Configure|C Compiler|Libraries|Alphanumeric LCD menu:
                 ; 0000 00C3 // RS - PORTC Bit 0
                 ; 0000 00C4 // RD - PORTC Bit 1
                 ; 0000 00C5 // EN - PORTC Bit 2
                 ; 0000 00C6 // D4 - PORTC Bit 4
                 ; 0000 00C7 // D5 - PORTC Bit 5
                 ; 0000 00C8 // D6 - PORTC Bit 6
                 ; 0000 00C9 // D7 - PORTC Bit 7
                 ; 0000 00CA // Characters/line: 16
                 ; 0000 00CB lcd_init(16);
000100 e1a0      	LDI  R26,LOW(16)
000101 940e 0356 	CALL _lcd_init
                 ; 0000 00CC 
                 ; 0000 00CD // Global enable interrupts
                 ; 0000 00CE #asm("sei")
000103 9478      	sei
                 ; 0000 00CF 
                 ; 0000 00D0 while (1)
                 _0x10:
                 ; 0000 00D1       {
                 ; 0000 00D2         minute_read = PINA;
000104 b249      	IN   R4,25
000105 2455      	CLR  R5
                 ; 0000 00D3         second_read = PINB;
000106 b3e6      	IN   R30,0x16
000107 e0f0      	LDI  R31,0
000108 93e0 0262 	STS  _second_read,R30
00010a 93f0 0263 	STS  _second_read+1,R31
                 ; 0000 00D4 
                 ; 0000 00D5         if (last_min != minute_read || last_sec != second_read ){
00010c 91a0 0264 	LDS  R26,_last_min
00010e 91b0 0265 	LDS  R27,_last_min+1
000110 164a      	CP   R4,R26
000111 065b      	CPC  R5,R27
000112 f419      	BRNE _0x14
000113 15ea      	CP   R30,R10
000114 05fb      	CPC  R31,R11
000115 f069      	BREQ _0x13
                 _0x14:
                 ; 0000 00D6             minute_counter = minute_read;
000116 0162      	MOVW R12,R4
                 ; 0000 00D7             second_counter = second_read;
                +
000117 9080 0262+LDS R8 , 0 + ( _second_read )
000119 9090 0263+LDS R9 , 0 + ( _second_read ) + 1
                 	__GETWRMN 8,9,0,_second_read
                 ; 0000 00D8             last_min = minute_read;
                +
00011b 9240 0264+STS _last_min + ( 0 ) , R4
00011d 9250 0265+STS _last_min + ( 0 ) + 1 , R5
                 	__PUTWMRN _last_min,0,4,5
                 ; 0000 00D9             last_sec = second_read;
                +
00011f 90a0 0262+LDS R10 , 0 + ( _second_read )
000121 90b0 0263+LDS R11 , 0 + ( _second_read ) + 1
                 	__GETWRMN 10,11,0,_second_read
                 ; 0000 00DA         }
                 ; 0000 00DB 
                 ; 0000 00DC         sprintf(time , "%d : %d " , minute_counter , second_counter);
                 _0x13:
000123 e6e6      	LDI  R30,LOW(_time)
000124 e0f2      	LDI  R31,HIGH(_time)
000125 93fa      	ST   -Y,R31
000126 93ea      	ST   -Y,R30
                +
000127 e7e6     +LDI R30 , LOW ( 2 * _0x0 + ( 0 ) )
000128 e0f0     +LDI R31 , HIGH ( 2 * _0x0 + ( 0 ) )
                 	__POINTW1FN _0x0,0
000129 93fa      	ST   -Y,R31
00012a 93ea      	ST   -Y,R30
00012b 01f6      	MOVW R30,R12
00012c 940e 03f0 	CALL __CWD1
00012e 940e 0402 	CALL __PUTPARD1
000130 01f4      	MOVW R30,R8
000131 940e 03f0 	CALL __CWD1
000133 940e 0402 	CALL __PUTPARD1
000135 e088      	LDI  R24,8
000136 940e 02b2 	CALL _sprintf
000138 962c      	ADIW R28,12
                 ; 0000 00DD         lcd_gotoxy(0,0);
000139 e0e0      	LDI  R30,LOW(0)
00013a 93ea      	ST   -Y,R30
00013b e0a0      	LDI  R26,LOW(0)
00013c 940e 0306 	CALL _lcd_gotoxy
                 ; 0000 00DE         lcd_puts(time);
00013e e6a6      	LDI  R26,LOW(_time)
00013f e0b2      	LDI  R27,HIGH(_time)
000140 940e 0345 	CALL _lcd_puts
                 ; 0000 00DF 
                 ; 0000 00E0       }
000142 cfc1      	RJMP _0x10
                 ; 0000 00E1 }
                 _0x16:
000143 cfff      	RJMP _0x16
                 ; .FEND
                 	#ifndef __SLEEP_DEFINED__
                 	#endif
                 
                 	.CSEG
                 _put_buff_G100:
                 ; .FSTART _put_buff_G100
000144 93ba      	ST   -Y,R27
000145 93aa      	ST   -Y,R26
000146 931a      	ST   -Y,R17
000147 930a      	ST   -Y,R16
000148 81aa      	LDD  R26,Y+2
000149 81bb      	LDD  R27,Y+2+1
00014a 9612      	ADIW R26,2
00014b 940e 03fa 	CALL __GETW1P
00014d 9730      	SBIW R30,0
00014e f129      	BREQ _0x2000010
00014f 81aa      	LDD  R26,Y+2
000150 81bb      	LDD  R27,Y+2+1
000151 9614      	ADIW R26,4
000152 940e 03fa 	CALL __GETW1P
000154 018f      	MOVW R16,R30
000155 9730      	SBIW R30,0
000156 f061      	BREQ _0x2000012
                +
000157 3002     +CPI R16 , LOW ( 2 )
000158 e0e0     +LDI R30 , HIGH ( 2 )
000159 071e     +CPC R17 , R30
                 	__CPWRN 16,17,2
00015a f080      	BRLO _0x2000013
00015b 01f8      	MOVW R30,R16
00015c 9731      	SBIW R30,1
00015d 018f      	MOVW R16,R30
                +
00015e 81aa     +LDD R26 , Y + 2
00015f 81bb     +LDD R27 , Y + 2 + 1
000160 9614     +ADIW R26 , 4
000161 93ed     +ST X + , R30
000162 93fc     +ST X , R31
                 	__PUTW1SNS 2,4
                 _0x2000012:
000163 81aa      	LDD  R26,Y+2
000164 81bb      	LDD  R27,Y+2+1
000165 9612      	ADIW R26,2
000166 940e 039e 	CALL SUBOPT_0x0
000168 9731      	SBIW R30,1
000169 81ac      	LDD  R26,Y+4
00016a 83a0      	STD  Z+0,R26
                 _0x2000013:
00016b 81aa      	LDD  R26,Y+2
00016c 81bb      	LDD  R27,Y+2+1
00016d 940e 03fa 	CALL __GETW1P
00016f 23ff      	TST  R31
000170 f012      	BRMI _0x2000014
000171 940e 039e 	CALL SUBOPT_0x0
                 _0x2000014:
000173 c006      	RJMP _0x2000015
                 _0x2000010:
000174 81aa      	LDD  R26,Y+2
000175 81bb      	LDD  R27,Y+2+1
000176 efef      	LDI  R30,LOW(65535)
000177 efff      	LDI  R31,HIGH(65535)
000178 93ed      	ST   X+,R30
000179 93fc      	ST   X,R31
                 _0x2000015:
00017a 8119      	LDD  R17,Y+1
00017b 8108      	LDD  R16,Y+0
00017c 9625      	ADIW R28,5
00017d 9508      	RET
                 ; .FEND
                 __print_G100:
                 ; .FSTART __print_G100
00017e 93ba      	ST   -Y,R27
00017f 93aa      	ST   -Y,R26
000180 9726      	SBIW R28,6
000181 940e 0407 	CALL __SAVELOCR6
000183 e010      	LDI  R17,0
000184 85ac      	LDD  R26,Y+12
000185 85bd      	LDD  R27,Y+12+1
000186 e0e0      	LDI  R30,LOW(0)
000187 e0f0      	LDI  R31,HIGH(0)
000188 93ed      	ST   X+,R30
000189 93fc      	ST   X,R31
                 _0x2000016:
00018a 89ea      	LDD  R30,Y+18
00018b 89fb      	LDD  R31,Y+18+1
00018c 9631      	ADIW R30,1
00018d 8bea      	STD  Y+18,R30
00018e 8bfb      	STD  Y+18+1,R31
00018f 9731      	SBIW R30,1
000190 91e4      	LPM  R30,Z
000191 2f2e      	MOV  R18,R30
000192 30e0      	CPI  R30,0
000193 f409      	BRNE PC+2
000194 c115      	RJMP _0x2000018
000195 2fe1      	MOV  R30,R17
000196 30e0      	CPI  R30,0
000197 f439      	BRNE _0x200001C
000198 3225      	CPI  R18,37
000199 f411      	BRNE _0x200001D
00019a e011      	LDI  R17,LOW(1)
00019b c002      	RJMP _0x200001E
                 _0x200001D:
00019c 940e 03a4 	CALL SUBOPT_0x1
                 _0x200001E:
00019e c10a      	RJMP _0x200001B
                 _0x200001C:
00019f 30e1      	CPI  R30,LOW(0x1)
0001a0 f4a9      	BRNE _0x200001F
0001a1 3225      	CPI  R18,37
0001a2 f419      	BRNE _0x2000020
0001a3 940e 03a4 	CALL SUBOPT_0x1
0001a5 c102      	RJMP _0x20000CC
                 _0x2000020:
0001a6 e012      	LDI  R17,LOW(2)
0001a7 e040      	LDI  R20,LOW(0)
0001a8 e000      	LDI  R16,LOW(0)
0001a9 322d      	CPI  R18,45
0001aa f411      	BRNE _0x2000021
0001ab e001      	LDI  R16,LOW(1)
0001ac c0fc      	RJMP _0x200001B
                 _0x2000021:
0001ad 322b      	CPI  R18,43
0001ae f411      	BRNE _0x2000022
0001af e24b      	LDI  R20,LOW(43)
0001b0 c0f8      	RJMP _0x200001B
                 _0x2000022:
0001b1 3220      	CPI  R18,32
0001b2 f411      	BRNE _0x2000023
0001b3 e240      	LDI  R20,LOW(32)
0001b4 c0f4      	RJMP _0x200001B
                 _0x2000023:
0001b5 c002      	RJMP _0x2000024
                 _0x200001F:
0001b6 30e2      	CPI  R30,LOW(0x2)
0001b7 f439      	BRNE _0x2000025
                 _0x2000024:
0001b8 e050      	LDI  R21,LOW(0)
0001b9 e013      	LDI  R17,LOW(3)
0001ba 3320      	CPI  R18,48
0001bb f411      	BRNE _0x2000026
0001bc 6800      	ORI  R16,LOW(128)
0001bd c0eb      	RJMP _0x200001B
                 _0x2000026:
0001be c003      	RJMP _0x2000027
                 _0x2000025:
0001bf 30e3      	CPI  R30,LOW(0x3)
0001c0 f009      	BREQ PC+2
0001c1 c0e7      	RJMP _0x200001B
                 _0x2000027:
0001c2 3320      	CPI  R18,48
0001c3 f010      	BRLO _0x200002A
0001c4 332a      	CPI  R18,58
0001c5 f008      	BRLO _0x200002B
                 _0x200002A:
0001c6 c007      	RJMP _0x2000029
                 _0x200002B:
0001c7 e0aa      	LDI  R26,LOW(10)
0001c8 9f5a      	MUL  R21,R26
0001c9 2d50      	MOV  R21,R0
0001ca 2fe2      	MOV  R30,R18
0001cb 53e0      	SUBI R30,LOW(48)
0001cc 0f5e      	ADD  R21,R30
0001cd c0db      	RJMP _0x200001B
                 _0x2000029:
0001ce 2fe2      	MOV  R30,R18
0001cf 36e3      	CPI  R30,LOW(0x63)
0001d0 f449      	BRNE _0x200002F
0001d1 940e 03ab 	CALL SUBOPT_0x2
0001d3 89e8      	LDD  R30,Y+16
0001d4 89f9      	LDD  R31,Y+16+1
0001d5 81a4      	LDD  R26,Z+4
0001d6 93aa      	ST   -Y,R26
0001d7 940e 03b1 	CALL SUBOPT_0x3
0001d9 c0ce      	RJMP _0x2000030
                 _0x200002F:
0001da 37e3      	CPI  R30,LOW(0x73)
0001db f441      	BRNE _0x2000032
0001dc 940e 03ab 	CALL SUBOPT_0x2
0001de 940e 03b7 	CALL SUBOPT_0x4
0001e0 940e 0385 	CALL _strlen
0001e2 2f1e      	MOV  R17,R30
0001e3 c00a      	RJMP _0x2000033
                 _0x2000032:
0001e4 37e0      	CPI  R30,LOW(0x70)
0001e5 f461      	BRNE _0x2000035
0001e6 940e 03ab 	CALL SUBOPT_0x2
0001e8 940e 03b7 	CALL SUBOPT_0x4
0001ea 940e 0391 	CALL _strlenf
0001ec 2f1e      	MOV  R17,R30
0001ed 6008      	ORI  R16,LOW(8)
                 _0x2000033:
0001ee 6002      	ORI  R16,LOW(2)
0001ef 770f      	ANDI R16,LOW(127)
0001f0 e030      	LDI  R19,LOW(0)
0001f1 c034      	RJMP _0x2000036
                 _0x2000035:
0001f2 36e4      	CPI  R30,LOW(0x64)
0001f3 f011      	BREQ _0x2000039
0001f4 36e9      	CPI  R30,LOW(0x69)
0001f5 f411      	BRNE _0x200003A
                 _0x2000039:
0001f6 6004      	ORI  R16,LOW(4)
0001f7 c002      	RJMP _0x200003B
                 _0x200003A:
0001f8 37e5      	CPI  R30,LOW(0x75)
0001f9 f431      	BRNE _0x200003C
                 _0x200003B:
0001fa e5e4      	LDI  R30,LOW(_tbl10_G100*2)
0001fb e0f0      	LDI  R31,HIGH(_tbl10_G100*2)
0001fc 83ee      	STD  Y+6,R30
0001fd 83ff      	STD  Y+6+1,R31
0001fe e015      	LDI  R17,LOW(5)
0001ff c00c      	RJMP _0x200003D
                 _0x200003C:
000200 35e8      	CPI  R30,LOW(0x58)
000201 f411      	BRNE _0x200003F
000202 6008      	ORI  R16,LOW(8)
000203 c003      	RJMP _0x2000040
                 _0x200003F:
000204 37e8      	CPI  R30,LOW(0x78)
000205 f009      	BREQ PC+2
000206 c0a1      	RJMP _0x2000071
                 _0x2000040:
000207 e5ee      	LDI  R30,LOW(_tbl16_G100*2)
000208 e0f0      	LDI  R31,HIGH(_tbl16_G100*2)
000209 83ee      	STD  Y+6,R30
00020a 83ff      	STD  Y+6+1,R31
00020b e014      	LDI  R17,LOW(4)
                 _0x200003D:
00020c ff02      	SBRS R16,2
00020d c014      	RJMP _0x2000042
00020e 940e 03ab 	CALL SUBOPT_0x2
000210 940e 03c1 	CALL SUBOPT_0x5
000212 85ab      	LDD  R26,Y+11
000213 23aa      	TST  R26
000214 f43a      	BRPL _0x2000043
000215 85ea      	LDD  R30,Y+10
000216 85fb      	LDD  R31,Y+10+1
000217 940e 03ec 	CALL __ANEGW1
000219 87ea      	STD  Y+10,R30
00021a 87fb      	STD  Y+10+1,R31
00021b e24d      	LDI  R20,LOW(45)
                 _0x2000043:
00021c 3040      	CPI  R20,0
00021d f011      	BREQ _0x2000044
00021e 5f1f      	SUBI R17,-LOW(1)
00021f c001      	RJMP _0x2000045
                 _0x2000044:
000220 7f0b      	ANDI R16,LOW(251)
                 _0x2000045:
000221 c004      	RJMP _0x2000046
                 _0x2000042:
000222 940e 03ab 	CALL SUBOPT_0x2
000224 940e 03c1 	CALL SUBOPT_0x5
                 _0x2000046:
                 _0x2000036:
000226 fd00      	SBRC R16,0
000227 c011      	RJMP _0x2000047
                 _0x2000048:
000228 1715      	CP   R17,R21
000229 f478      	BRSH _0x200004A
00022a ff07      	SBRS R16,7
00022b c008      	RJMP _0x200004B
00022c ff02      	SBRS R16,2
00022d c004      	RJMP _0x200004C
00022e 7f0b      	ANDI R16,LOW(251)
00022f 2f24      	MOV  R18,R20
000230 5011      	SUBI R17,LOW(1)
000231 c001      	RJMP _0x200004D
                 _0x200004C:
000232 e320      	LDI  R18,LOW(48)
                 _0x200004D:
000233 c001      	RJMP _0x200004E
                 _0x200004B:
000234 e220      	LDI  R18,LOW(32)
                 _0x200004E:
000235 940e 03a4 	CALL SUBOPT_0x1
000237 5051      	SUBI R21,LOW(1)
000238 cfef      	RJMP _0x2000048
                 _0x200004A:
                 _0x2000047:
000239 2f31      	MOV  R19,R17
00023a ff01      	SBRS R16,1
00023b c017      	RJMP _0x200004F
                 _0x2000050:
00023c 3030      	CPI  R19,0
00023d f0a1      	BREQ _0x2000052
00023e ff03      	SBRS R16,3
00023f c006      	RJMP _0x2000053
000240 81ee      	LDD  R30,Y+6
000241 81ff      	LDD  R31,Y+6+1
000242 9125      	LPM  R18,Z+
000243 83ee      	STD  Y+6,R30
000244 83ff      	STD  Y+6+1,R31
000245 c005      	RJMP _0x2000054
                 _0x2000053:
000246 81ae      	LDD  R26,Y+6
000247 81bf      	LDD  R27,Y+6+1
000248 912d      	LD   R18,X+
000249 83ae      	STD  Y+6,R26
00024a 83bf      	STD  Y+6+1,R27
                 _0x2000054:
00024b 940e 03a4 	CALL SUBOPT_0x1
00024d 3050      	CPI  R21,0
00024e f009      	BREQ _0x2000055
00024f 5051      	SUBI R21,LOW(1)
                 _0x2000055:
000250 5031      	SUBI R19,LOW(1)
000251 cfea      	RJMP _0x2000050
                 _0x2000052:
000252 c04b      	RJMP _0x2000056
                 _0x200004F:
                 _0x2000058:
000253 e320      	LDI  R18,LOW(48)
000254 81ee      	LDD  R30,Y+6
000255 81ff      	LDD  R31,Y+6+1
000256 940e 03fe 	CALL __GETW1PF
000258 87e8      	STD  Y+8,R30
000259 87f9      	STD  Y+8+1,R31
00025a 81ee      	LDD  R30,Y+6
00025b 81ff      	LDD  R31,Y+6+1
00025c 9632      	ADIW R30,2
00025d 83ee      	STD  Y+6,R30
00025e 83ff      	STD  Y+6+1,R31
                 _0x200005A:
00025f 85e8      	LDD  R30,Y+8
000260 85f9      	LDD  R31,Y+8+1
000261 85aa      	LDD  R26,Y+10
000262 85bb      	LDD  R27,Y+10+1
000263 17ae      	CP   R26,R30
000264 07bf      	CPC  R27,R31
000265 f050      	BRLO _0x200005C
000266 5f2f      	SUBI R18,-LOW(1)
000267 85a8      	LDD  R26,Y+8
000268 85b9      	LDD  R27,Y+8+1
000269 85ea      	LDD  R30,Y+10
00026a 85fb      	LDD  R31,Y+10+1
00026b 1bea      	SUB  R30,R26
00026c 0bfb      	SBC  R31,R27
00026d 87ea      	STD  Y+10,R30
00026e 87fb      	STD  Y+10+1,R31
00026f cfef      	RJMP _0x200005A
                 _0x200005C:
000270 332a      	CPI  R18,58
000271 f028      	BRLO _0x200005D
000272 ff03      	SBRS R16,3
000273 c002      	RJMP _0x200005E
000274 5f29      	SUBI R18,-LOW(7)
000275 c001      	RJMP _0x200005F
                 _0x200005E:
000276 5d29      	SUBI R18,-LOW(39)
                 _0x200005F:
                 _0x200005D:
000277 fd04      	SBRC R16,4
000278 c01a      	RJMP _0x2000061
000279 3321      	CPI  R18,49
00027a f420      	BRSH _0x2000063
00027b 85a8      	LDD  R26,Y+8
00027c 85b9      	LDD  R27,Y+8+1
00027d 9711      	SBIW R26,1
00027e f409      	BRNE _0x2000062
                 _0x2000063:
00027f c009      	RJMP _0x20000CD
                 _0x2000062:
000280 1753      	CP   R21,R19
000281 f010      	BRLO _0x2000067
000282 ff00      	SBRS R16,0
000283 c001      	RJMP _0x2000068
                 _0x2000067:
000284 c013      	RJMP _0x2000066
                 _0x2000068:
000285 e220      	LDI  R18,LOW(32)
000286 ff07      	SBRS R16,7
000287 c00b      	RJMP _0x2000069
000288 e320      	LDI  R18,LOW(48)
                 _0x20000CD:
000289 6100      	ORI  R16,LOW(16)
00028a ff02      	SBRS R16,2
00028b c007      	RJMP _0x200006A
00028c 7f0b      	ANDI R16,LOW(251)
00028d 934a      	ST   -Y,R20
00028e 940e 03b1 	CALL SUBOPT_0x3
000290 3050      	CPI  R21,0
000291 f009      	BREQ _0x200006B
000292 5051      	SUBI R21,LOW(1)
                 _0x200006B:
                 _0x200006A:
                 _0x2000069:
                 _0x2000061:
000293 940e 03a4 	CALL SUBOPT_0x1
000295 3050      	CPI  R21,0
000296 f009      	BREQ _0x200006C
000297 5051      	SUBI R21,LOW(1)
                 _0x200006C:
                 _0x2000066:
000298 5031      	SUBI R19,LOW(1)
000299 85a8      	LDD  R26,Y+8
00029a 85b9      	LDD  R27,Y+8+1
00029b 9712      	SBIW R26,2
00029c f008      	BRLO _0x2000059
00029d cfb5      	RJMP _0x2000058
                 _0x2000059:
                 _0x2000056:
00029e ff00      	SBRS R16,0
00029f c008      	RJMP _0x200006D
                 _0x200006E:
0002a0 3050      	CPI  R21,0
0002a1 f031      	BREQ _0x2000070
0002a2 5051      	SUBI R21,LOW(1)
0002a3 e2e0      	LDI  R30,LOW(32)
0002a4 93ea      	ST   -Y,R30
0002a5 940e 03b1 	CALL SUBOPT_0x3
0002a7 cff8      	RJMP _0x200006E
                 _0x2000070:
                 _0x200006D:
                 _0x2000071:
                 _0x2000030:
                 _0x20000CC:
0002a8 e010      	LDI  R17,LOW(0)
                 _0x200001B:
0002a9 cee0      	RJMP _0x2000016
                 _0x2000018:
0002aa 85ac      	LDD  R26,Y+12
0002ab 85bd      	LDD  R27,Y+12+1
0002ac 940e 03fa 	CALL __GETW1P
0002ae 940e 040e 	CALL __LOADLOCR6
0002b0 9664      	ADIW R28,20
0002b1 9508      	RET
                 ; .FEND
                 _sprintf:
                 ; .FSTART _sprintf
0002b2 92ff      	PUSH R15
0002b3 2ef8      	MOV  R15,R24
0002b4 9726      	SBIW R28,6
0002b5 940e 0409 	CALL __SAVELOCR4
0002b7 940e 03c9 	CALL SUBOPT_0x6
0002b9 9730      	SBIW R30,0
0002ba f419      	BRNE _0x2000072
0002bb efef      	LDI  R30,LOW(65535)
0002bc efff      	LDI  R31,HIGH(65535)
0002bd c023      	RJMP _0x2080002
                 _0x2000072:
0002be 01de      	MOVW R26,R28
0002bf 9616      	ADIW R26,6
0002c0 940e 03e8 	CALL __ADDW2R15
0002c2 018d      	MOVW R16,R26
0002c3 940e 03c9 	CALL SUBOPT_0x6
0002c5 83ee      	STD  Y+6,R30
0002c6 83ff      	STD  Y+6+1,R31
0002c7 e0e0      	LDI  R30,LOW(0)
0002c8 87e8      	STD  Y+8,R30
0002c9 87e9      	STD  Y+8+1,R30
0002ca 01de      	MOVW R26,R28
0002cb 961a      	ADIW R26,10
0002cc 940e 03e8 	CALL __ADDW2R15
0002ce 940e 03fa 	CALL __GETW1P
0002d0 93fa      	ST   -Y,R31
0002d1 93ea      	ST   -Y,R30
0002d2 931a      	ST   -Y,R17
0002d3 930a      	ST   -Y,R16
0002d4 e4e4      	LDI  R30,LOW(_put_buff_G100)
0002d5 e0f1      	LDI  R31,HIGH(_put_buff_G100)
0002d6 93fa      	ST   -Y,R31
0002d7 93ea      	ST   -Y,R30
0002d8 01de      	MOVW R26,R28
0002d9 961a      	ADIW R26,10
0002da dea3      	RCALL __print_G100
0002db 019f      	MOVW R18,R30
0002dc 81ae      	LDD  R26,Y+6
0002dd 81bf      	LDD  R27,Y+6+1
0002de e0e0      	LDI  R30,LOW(0)
0002df 93ec      	ST   X,R30
0002e0 01f9      	MOVW R30,R18
                 _0x2080002:
0002e1 940e 0410 	CALL __LOADLOCR4
0002e3 962a      	ADIW R28,10
0002e4 90ff      	POP  R15
0002e5 9508      	RET
                 ; .FEND
                 	#ifndef __SLEEP_DEFINED__
                 	#endif
                 
                 	.DSEG
                 
                 	.CSEG
                 __lcd_write_nibble_G101:
                 ; .FSTART __lcd_write_nibble_G101
0002e6 93aa      	ST   -Y,R26
0002e7 b3e5      	IN   R30,0x15
0002e8 70ef      	ANDI R30,LOW(0xF)
0002e9 2fae      	MOV  R26,R30
0002ea 81e8      	LD   R30,Y
0002eb 7fe0      	ANDI R30,LOW(0xF0)
0002ec 2bea      	OR   R30,R26
0002ed bbe5      	OUT  0x15,R30
                +
0002ee e08d     +LDI R24 , LOW ( 13 )
                +__DELAY_USB_LOOP :
0002ef 958a     +DEC R24
0002f0 f7f1     +BRNE __DELAY_USB_LOOP
                 	__DELAY_USB 13
0002f1 9aaa      	SBI  0x15,2
                +
0002f2 e08d     +LDI R24 , LOW ( 13 )
                +__DELAY_USB_LOOP :
0002f3 958a     +DEC R24
0002f4 f7f1     +BRNE __DELAY_USB_LOOP
                 	__DELAY_USB 13
0002f5 98aa      	CBI  0x15,2
                +
0002f6 e08d     +LDI R24 , LOW ( 13 )
                +__DELAY_USB_LOOP :
0002f7 958a     +DEC R24
0002f8 f7f1     +BRNE __DELAY_USB_LOOP
                 	__DELAY_USB 13
0002f9 c089      	RJMP _0x2080001
                 ; .FEND
                 __lcd_write_data:
                 ; .FSTART __lcd_write_data
0002fa 93aa      	ST   -Y,R26
0002fb 81a8      	LD   R26,Y
0002fc dfe9      	RCALL __lcd_write_nibble_G101
0002fd 81e8          ld    r30,y
0002fe 95e2          swap  r30
0002ff 83e8          st    y,r30
000300 81a8      	LD   R26,Y
000301 dfe4      	RCALL __lcd_write_nibble_G101
                +
000302 e885     +LDI R24 , LOW ( 133 )
                +__DELAY_USB_LOOP :
000303 958a     +DEC R24
000304 f7f1     +BRNE __DELAY_USB_LOOP
                 	__DELAY_USB 133
000305 c07d      	RJMP _0x2080001
                 ; .FEND
                 _lcd_gotoxy:
                 ; .FSTART _lcd_gotoxy
000306 93aa      	ST   -Y,R26
000307 81e8      	LD   R30,Y
000308 e0f0      	LDI  R31,0
000309 59e0      	SUBI R30,LOW(-__base_y_G101)
00030a 4ffd      	SBCI R31,HIGH(-__base_y_G101)
00030b 81e0      	LD   R30,Z
00030c 81a9      	LDD  R26,Y+1
00030d 0fae      	ADD  R26,R30
00030e dfeb      	RCALL __lcd_write_data
00030f 81e9      	LDD  R30,Y+1
000310 93e0 0274 	STS  __lcd_x,R30
000312 81e8      	LD   R30,Y
000313 93e0 0275 	STS  __lcd_y,R30
000315 9622      	ADIW R28,2
000316 9508      	RET
                 ; .FEND
                 _lcd_clear:
                 ; .FSTART _lcd_clear
000317 e0a2      	LDI  R26,LOW(2)
000318 940e 03d0 	CALL SUBOPT_0x7
00031a e0ac      	LDI  R26,LOW(12)
00031b dfde      	RCALL __lcd_write_data
00031c e0a1      	LDI  R26,LOW(1)
00031d 940e 03d0 	CALL SUBOPT_0x7
00031f e0e0      	LDI  R30,LOW(0)
000320 93e0 0275 	STS  __lcd_y,R30
000322 93e0 0274 	STS  __lcd_x,R30
000324 9508      	RET
                 ; .FEND
                 _lcd_putchar:
                 ; .FSTART _lcd_putchar
000325 93aa      	ST   -Y,R26
000326 81a8      	LD   R26,Y
000327 30aa      	CPI  R26,LOW(0xA)
000328 f031      	BREQ _0x2020005
000329 91e0 0276 	LDS  R30,__lcd_maxx
00032b 91a0 0274 	LDS  R26,__lcd_x
00032d 17ae      	CP   R26,R30
00032e f060      	BRLO _0x2020004
                 _0x2020005:
00032f e0e0      	LDI  R30,LOW(0)
000330 93ea      	ST   -Y,R30
000331 91a0 0275 	LDS  R26,__lcd_y
000333 5faf      	SUBI R26,-LOW(1)
000334 93a0 0275 	STS  __lcd_y,R26
000336 dfcf      	RCALL _lcd_gotoxy
000337 81a8      	LD   R26,Y
000338 30aa      	CPI  R26,LOW(0xA)
000339 f409      	BRNE _0x2020007
00033a c048      	RJMP _0x2080001
                 _0x2020007:
                 _0x2020004:
00033b 91e0 0274 	LDS  R30,__lcd_x
00033d 5fef      	SUBI R30,-LOW(1)
00033e 93e0 0274 	STS  __lcd_x,R30
000340 9aa8      	SBI  0x15,0
000341 81a8      	LD   R26,Y
000342 dfb7      	RCALL __lcd_write_data
000343 98a8      	CBI  0x15,0
000344 c03e      	RJMP _0x2080001
                 ; .FEND
                 _lcd_puts:
                 ; .FSTART _lcd_puts
000345 93ba      	ST   -Y,R27
000346 93aa      	ST   -Y,R26
000347 931a      	ST   -Y,R17
                 _0x2020008:
000348 81a9      	LDD  R26,Y+1
000349 81ba      	LDD  R27,Y+1+1
00034a 91ed      	LD   R30,X+
00034b 83a9      	STD  Y+1,R26
00034c 83ba      	STD  Y+1+1,R27
00034d 2f1e      	MOV  R17,R30
00034e 30e0      	CPI  R30,0
00034f f019      	BREQ _0x202000A
000350 2fa1      	MOV  R26,R17
000351 dfd3      	RCALL _lcd_putchar
000352 cff5      	RJMP _0x2020008
                 _0x202000A:
000353 8118      	LDD  R17,Y+0
000354 9623      	ADIW R28,3
000355 9508      	RET
                 ; .FEND
                 _lcd_init:
                 ; .FSTART _lcd_init
000356 93aa      	ST   -Y,R26
000357 b3e4      	IN   R30,0x14
000358 6fe0      	ORI  R30,LOW(0xF0)
000359 bbe4      	OUT  0x14,R30
00035a 9aa2      	SBI  0x14,2
00035b 9aa0      	SBI  0x14,0
00035c 9aa1      	SBI  0x14,1
00035d 98aa      	CBI  0x15,2
00035e 98a8      	CBI  0x15,0
00035f 98a9      	CBI  0x15,1
000360 81e8      	LD   R30,Y
000361 93e0 0276 	STS  __lcd_maxx,R30
000363 58e0      	SUBI R30,-LOW(128)
                +
000364 93e0 0272+STS __base_y_G101 + ( 2 ) , R30
                 	__PUTB1MN __base_y_G101,2
000366 81e8      	LD   R30,Y
000367 54e0      	SUBI R30,-LOW(192)
                +
000368 93e0 0273+STS __base_y_G101 + ( 3 ) , R30
                 	__PUTB1MN __base_y_G101,3
00036a e1a4      	LDI  R26,LOW(20)
00036b e0b0      	LDI  R27,0
00036c 940e 03de 	CALL _delay_ms
00036e 940e 03d6 	CALL SUBOPT_0x8
000370 940e 03d6 	CALL SUBOPT_0x8
000372 940e 03d6 	CALL SUBOPT_0x8
000374 e2a0      	LDI  R26,LOW(32)
000375 df70      	RCALL __lcd_write_nibble_G101
                +
000376 ec88     +LDI R24 , LOW ( 200 )
000377 e090     +LDI R25 , HIGH ( 200 )
                +__DELAY_USW_LOOP :
000378 9701     +SBIW R24 , 1
000379 f7f1     +BRNE __DELAY_USW_LOOP
                 	__DELAY_USW 200
00037a e2a8      	LDI  R26,LOW(40)
00037b df7e      	RCALL __lcd_write_data
00037c e0a4      	LDI  R26,LOW(4)
00037d df7c      	RCALL __lcd_write_data
00037e e8a5      	LDI  R26,LOW(133)
00037f df7a      	RCALL __lcd_write_data
000380 e0a6      	LDI  R26,LOW(6)
000381 df78      	RCALL __lcd_write_data
000382 df94      	RCALL _lcd_clear
                 _0x2080001:
000383 9621      	ADIW R28,1
000384 9508      	RET
                 ; .FEND
                 
                 	.CSEG
                 
                 	.CSEG
                 _strlen:
                 ; .FSTART _strlen
000385 93ba      	ST   -Y,R27
000386 93aa      	ST   -Y,R26
000387 91a9          ld   r26,y+
000388 91b9          ld   r27,y+
000389 27ee          clr  r30
00038a 27ff          clr  r31
                 strlen0:
00038b 916d          ld   r22,x+
00038c 2366          tst  r22
00038d f011          breq strlen1
00038e 9631          adiw r30,1
00038f cffb          rjmp strlen0
                 strlen1:
000390 9508          ret
                 ; .FEND
                 _strlenf:
                 ; .FSTART _strlenf
000391 93ba      	ST   -Y,R27
000392 93aa      	ST   -Y,R26
000393 27aa          clr  r26
000394 27bb          clr  r27
000395 91e9          ld   r30,y+
000396 91f9          ld   r31,y+
                 strlenf0:
000397 9005      	lpm  r0,z+
000398 2000          tst  r0
000399 f011          breq strlenf1
00039a 9611          adiw r26,1
00039b cffb          rjmp strlenf0
                 strlenf1:
00039c 01fd          movw r30,r26
00039d 9508          ret
                 ; .FEND
                 
                 	.DSEG
                 _counter:
000260           	.BYTE 0x2
                 _second_read:
000262           	.BYTE 0x2
                 _last_min:
000264           	.BYTE 0x2
                 _time:
000266           	.BYTE 0xA
                 __base_y_G101:
000270           	.BYTE 0x4
                 __lcd_x:
000274           	.BYTE 0x1
                 __lcd_y:
000275           	.BYTE 0x1
                 __lcd_maxx:
000276           	.BYTE 0x1
                 
                 	.CSEG
                 ;OPTIMIZER ADDED SUBROUTINE, CALLED 3 TIMES, CODE SIZE REDUCTION:3 WORDS
                 SUBOPT_0x0:
00039e 91ed      	LD   R30,X+
00039f 91fd      	LD   R31,X+
0003a0 9631      	ADIW R30,1
0003a1 93fe      	ST   -X,R31
0003a2 93ee      	ST   -X,R30
0003a3 9508      	RET
                 
                 ;OPTIMIZER ADDED SUBROUTINE, CALLED 5 TIMES, CODE SIZE REDUCTION:13 WORDS
                 SUBOPT_0x1:
0003a4 932a      	ST   -Y,R18
0003a5 85ad      	LDD  R26,Y+13
0003a6 85be      	LDD  R27,Y+13+1
0003a7 85ef      	LDD  R30,Y+15
0003a8 89f8      	LDD  R31,Y+15+1
0003a9 9509      	ICALL
0003aa 9508      	RET
                 
                 ;OPTIMIZER ADDED SUBROUTINE, CALLED 5 TIMES, CODE SIZE REDUCTION:9 WORDS
                 SUBOPT_0x2:
0003ab 89e8      	LDD  R30,Y+16
0003ac 89f9      	LDD  R31,Y+16+1
0003ad 9734      	SBIW R30,4
0003ae 8be8      	STD  Y+16,R30
0003af 8bf9      	STD  Y+16+1,R31
0003b0 9508      	RET
                 
                 ;OPTIMIZER ADDED SUBROUTINE, CALLED 3 TIMES, CODE SIZE REDUCTION:3 WORDS
                 SUBOPT_0x3:
0003b1 85ad      	LDD  R26,Y+13
0003b2 85be      	LDD  R27,Y+13+1
0003b3 85ef      	LDD  R30,Y+15
0003b4 89f8      	LDD  R31,Y+15+1
0003b5 9509      	ICALL
0003b6 9508      	RET
                 
                 ;OPTIMIZER ADDED SUBROUTINE, CALLED 2 TIMES, CODE SIZE REDUCTION:4 WORDS
                 SUBOPT_0x4:
0003b7 89a8      	LDD  R26,Y+16
0003b8 89b9      	LDD  R27,Y+16+1
0003b9 9614      	ADIW R26,4
0003ba 940e 03fa 	CALL __GETW1P
0003bc 83ee      	STD  Y+6,R30
0003bd 83ff      	STD  Y+6+1,R31
0003be 81ae      	LDD  R26,Y+6
0003bf 81bf      	LDD  R27,Y+6+1
0003c0 9508      	RET
                 
                 ;OPTIMIZER ADDED SUBROUTINE, CALLED 2 TIMES, CODE SIZE REDUCTION:2 WORDS
                 SUBOPT_0x5:
0003c1 89a8      	LDD  R26,Y+16
0003c2 89b9      	LDD  R27,Y+16+1
0003c3 9614      	ADIW R26,4
0003c4 940e 03fa 	CALL __GETW1P
0003c6 87ea      	STD  Y+10,R30
0003c7 87fb      	STD  Y+10+1,R31
0003c8 9508      	RET
                 
                 ;OPTIMIZER ADDED SUBROUTINE, CALLED 2 TIMES, CODE SIZE REDUCTION:1 WORDS
                 SUBOPT_0x6:
0003c9 01de      	MOVW R26,R28
0003ca 961c      	ADIW R26,12
0003cb 940e 03e8 	CALL __ADDW2R15
0003cd 940e 03fa 	CALL __GETW1P
0003cf 9508      	RET
                 
                 ;OPTIMIZER ADDED SUBROUTINE, CALLED 2 TIMES, CODE SIZE REDUCTION:1 WORDS
                 SUBOPT_0x7:
0003d0 940e 02fa 	CALL __lcd_write_data
0003d2 e0a3      	LDI  R26,LOW(3)
0003d3 e0b0      	LDI  R27,0
0003d4 940c 03de 	JMP  _delay_ms
                 
                 ;OPTIMIZER ADDED SUBROUTINE, CALLED 3 TIMES, CODE SIZE REDUCTION:7 WORDS
                 SUBOPT_0x8:
0003d6 e3a0      	LDI  R26,LOW(48)
0003d7 940e 02e6 	CALL __lcd_write_nibble_G101
                +
0003d9 ec88     +LDI R24 , LOW ( 200 )
0003da e090     +LDI R25 , HIGH ( 200 )
                +__DELAY_USW_LOOP :
0003db 9701     +SBIW R24 , 1
0003dc f7f1     +BRNE __DELAY_USW_LOOP
                 	__DELAY_USW 200
0003dd 9508      	RET
                 
                 
                 	.CSEG
                 _delay_ms:
0003de 9610      	adiw r26,0
0003df f039      	breq __delay_ms1
                 __delay_ms0:
                +
0003e0 ed80     +LDI R24 , LOW ( 0x7D0 )
0003e1 e097     +LDI R25 , HIGH ( 0x7D0 )
                +__DELAY_USW_LOOP :
0003e2 9701     +SBIW R24 , 1
0003e3 f7f1     +BRNE __DELAY_USW_LOOP
                 	__DELAY_USW 0x7D0
0003e4 95a8      	wdr
0003e5 9711      	sbiw r26,1
0003e6 f7c9      	brne __delay_ms0
                 __delay_ms1:
0003e7 9508      	ret
                 
                 __ADDW2R15:
0003e8 2400      	CLR  R0
0003e9 0daf      	ADD  R26,R15
0003ea 1db0      	ADC  R27,R0
0003eb 9508      	RET
                 
                 __ANEGW1:
0003ec 95f1      	NEG  R31
0003ed 95e1      	NEG  R30
0003ee 40f0      	SBCI R31,0
0003ef 9508      	RET
                 
                 __CWD1:
0003f0 2f6f      	MOV  R22,R31
0003f1 0f66      	ADD  R22,R22
0003f2 0b66      	SBC  R22,R22
0003f3 2f76      	MOV  R23,R22
0003f4 9508      	RET
                 
                 __LNEGW1:
0003f5 2bef      	OR   R30,R31
0003f6 e0e1      	LDI  R30,1
0003f7 f009      	BREQ __LNEGW1F
0003f8 e0e0      	LDI  R30,0
                 __LNEGW1F:
0003f9 9508      	RET
                 
                 __GETW1P:
0003fa 91ed      	LD   R30,X+
0003fb 91fc      	LD   R31,X
0003fc 9711      	SBIW R26,1
0003fd 9508      	RET
                 
                 __GETW1PF:
0003fe 9005      	LPM  R0,Z+
0003ff 91f4      	LPM  R31,Z
000400 2de0      	MOV  R30,R0
000401 9508      	RET
                 
                 __PUTPARD1:
000402 937a      	ST   -Y,R23
000403 936a      	ST   -Y,R22
000404 93fa      	ST   -Y,R31
000405 93ea      	ST   -Y,R30
000406 9508      	RET
                 
                 __SAVELOCR6:
000407 935a      	ST   -Y,R21
                 __SAVELOCR5:
000408 934a      	ST   -Y,R20
                 __SAVELOCR4:
000409 933a      	ST   -Y,R19
                 __SAVELOCR3:
00040a 932a      	ST   -Y,R18
                 __SAVELOCR2:
00040b 931a      	ST   -Y,R17
00040c 930a      	ST   -Y,R16
00040d 9508      	RET
                 
                 __LOADLOCR6:
00040e 815d      	LDD  R21,Y+5
                 __LOADLOCR5:
00040f 814c      	LDD  R20,Y+4
                 __LOADLOCR4:
000410 813b      	LDD  R19,Y+3
                 __LOADLOCR3:
000411 812a      	LDD  R18,Y+2
                 __LOADLOCR2:
000412 8119      	LDD  R17,Y+1
000413 8108      	LD   R16,Y
000414 9508      	RET
                 
                 ;END OF CODE MARKER
                 __END_OF_CODE:


RESOURCE USE INFORMATION
------------------------

Notice:
The register and instruction counts are symbol table hit counts,
and hence implicitly used resources are not counted, eg, the
'lpm' instruction without operands implicitly uses r0 and z,
none of which are counted.

x,y,z are separate entities in the symbol table and are
counted separately from r26..r31 here.

.dseg memory usage only counts static data declared with .byte

ATmega32 register use summary:
r0 :  19 r1 :   3 r2 :   0 r3 :   0 r4 :   4 r5 :   3 r6 :   3 r7 :   2 
r8 :   6 r9 :   2 r10:   2 r11:   2 r12:   5 r13:   1 r14:   0 r15:   6 
r16:  34 r17:  24 r18:  29 r19:   8 r20:   9 r21:  17 r22:  13 r23:   4 
r24:  25 r25:   7 r26: 108 r27:  44 r28:  14 r29:   1 r30: 240 r31:  65 
x  :  19 y  : 195 z  :  15 
Registers used: 32 out of 35 (91.4%)

ATmega32 instruction use summary:
.lds  :   0 .lds.l:   0 .sts  :   0 .sts.l:   0 adc   :   1 add   :   4 
adiw  :  23 and   :   0 andi  :   6 asr   :   0 bclr  :   0 bld   :   0 
brbc  :   0 brbs  :   0 brcc  :   0 brcs  :   0 break :   0 breq  :  21 
brge  :   0 brhc  :   0 brhs  :   0 brid  :   0 brie  :   0 brlo  :   8 
brlt  :   0 brmi  :   1 brne  :  33 brpl  :   1 brsh  :   2 brtc  :   0 
brts  :   0 brvc  :   0 brvs  :   0 bset  :   0 bst   :   0 call  :  58 
cbi   :   7 cbr   :   0 clc   :   0 clh   :   0 cli   :   1 cln   :   0 
clr   :   9 cls   :   0 clt   :   0 clv   :   0 clz   :   0 com   :   0 
cp    :   6 cpc   :   5 cpi   :  34 cpse  :   0 dec   :   5 des   :   0 
eor   :   0 fmul  :   0 fmuls :   0 fmulsu:   0 icall :   2 ijmp  :   0 
in    :   7 inc   :   0 jmp   :  23 ld    :  39 ldd   :  75 ldi   : 108 
lds   :  12 lpm   :  14 lsl   :   0 lsr   :   0 mov   :  20 movw  :  23 
mul   :   1 muls  :   0 mulsu :   0 neg   :   2 nop   :   0 or    :   5 
ori   :   8 out   :  46 pop   :   1 push  :   1 rcall :  15 ret   :  28 
reti  :   3 rjmp  :  61 rol   :   0 ror   :   0 sbc   :   2 sbci  :   2 
sbi   :   6 sbic  :   0 sbis  :   0 sbiw  :  21 sbr   :   0 sbrc  :   2 
sbrs  :  10 sec   :   0 seh   :   0 sei   :   1 sen   :   0 ser   :   0 
ses   :   0 set   :   0 sev   :   0 sez   :   0 sleep :   0 spm   :   0 
st    :  72 std   :  31 sts   :  15 sub   :   1 subi  :  18 swap  :   1 
tst   :   4 wdr   :   1 
Instructions used: 54 out of 116 (46.6%)

ATmega32 memory use summary [bytes]:
Segment   Begin    End      Code   Data   Used    Size   Use%
---------------------------------------------------------------
[.cseg] 0x000000 0x00082a   2024     66   2090   32768   6.4%
[.dseg] 0x000060 0x000277      0     23     23    2048   1.1%
[.eseg] 0x000000 0x000000      0      0      0    1024   0.0%

Assembly complete, 0 errors, 12 warnings
