
AVRASM ver. 2.1.30  C:\Users\sep\Desktop\project\Debug\List\slave2.asm Sun Jan 26 08:24:10 2020

C:\Users\sep\Desktop\project\Debug\List\slave2.asm(1088): warning: Register r4 already defined by the .DEF directive
C:\Users\sep\Desktop\project\Debug\List\slave2.asm(1089): warning: Register r5 already defined by the .DEF directive
C:\Users\sep\Desktop\project\Debug\List\slave2.asm(1090): warning: Register r6 already defined by the .DEF directive
C:\Users\sep\Desktop\project\Debug\List\slave2.asm(1091): warning: Register r7 already defined by the .DEF directive
C:\Users\sep\Desktop\project\Debug\List\slave2.asm(1092): warning: Register r8 already defined by the .DEF directive
C:\Users\sep\Desktop\project\Debug\List\slave2.asm(1093): warning: Register r9 already defined by the .DEF directive
                 
                 
                 ;CodeVisionAVR C Compiler V3.12 Advanced
                 ;(C) Copyright 1998-2014 Pavel Haiduc, HP InfoTech s.r.l.
                 ;http://www.hpinfotech.com
                 
                 ;Build configuration    : Debug
                 ;Chip type              : ATmega32
                 ;Program type           : Application
                 ;Clock frequency        : 1.000000 MHz
                 ;Memory model           : Small
                 ;Optimize for           : Size
                 ;(s)printf features     : int, width
                 ;(s)scanf features      : int, width
                 ;External RAM size      : 0
                 ;Data Stack size        : 512 byte(s)
                 ;Heap size              : 0 byte(s)
                 ;Promote 'char' to 'int': Yes
                 ;'char' is unsigned     : Yes
                 ;8 bit enums            : Yes
                 ;Global 'const' stored in FLASH: Yes
                 ;Enhanced function parameter passing: Yes
                 ;Enhanced core instructions: On
                 ;Automatic register allocation for global variables: On
                 ;Smart register allocation: On
                 
                 	#define _MODEL_SMALL_
                 
                 	#pragma AVRPART ADMIN PART_NAME ATmega32
                 	#pragma AVRPART MEMORY PROG_FLASH 32768
                 	#pragma AVRPART MEMORY EEPROM 1024
                 	#pragma AVRPART MEMORY INT_SRAM SIZE 2048
                 	#pragma AVRPART MEMORY INT_SRAM START_ADDR 0x60
                 
                 	#define CALL_SUPPORTED 1
                 
                 	.LISTMAC
                 	.EQU UDRE=0x5
                 	.EQU RXC=0x7
                 	.EQU USR=0xB
                 	.EQU UDR=0xC
                 	.EQU SPSR=0xE
                 	.EQU SPDR=0xF
                 	.EQU EERE=0x0
                 	.EQU EEWE=0x1
                 	.EQU EEMWE=0x2
                 	.EQU EECR=0x1C
                 	.EQU EEDR=0x1D
                 	.EQU EEARL=0x1E
                 	.EQU EEARH=0x1F
                 	.EQU WDTCR=0x21
                 	.EQU MCUCR=0x35
                 	.EQU GICR=0x3B
                 	.EQU SPL=0x3D
                 	.EQU SPH=0x3E
                 	.EQU SREG=0x3F
                 
                 	.DEF R0X0=R0
                 	.DEF R0X1=R1
                 	.DEF R0X2=R2
                 	.DEF R0X3=R3
                 	.DEF R0X4=R4
                 	.DEF R0X5=R5
                 	.DEF R0X6=R6
                 	.DEF R0X7=R7
                 	.DEF R0X8=R8
                 	.DEF R0X9=R9
                 	.DEF R0XA=R10
                 	.DEF R0XB=R11
                 	.DEF R0XC=R12
                 	.DEF R0XD=R13
                 	.DEF R0XE=R14
                 	.DEF R0XF=R15
                 	.DEF R0X10=R16
                 	.DEF R0X11=R17
                 	.DEF R0X12=R18
                 	.DEF R0X13=R19
                 	.DEF R0X14=R20
                 	.DEF R0X15=R21
                 	.DEF R0X16=R22
                 	.DEF R0X17=R23
                 	.DEF R0X18=R24
                 	.DEF R0X19=R25
                 	.DEF R0X1A=R26
                 	.DEF R0X1B=R27
                 	.DEF R0X1C=R28
                 	.DEF R0X1D=R29
                 	.DEF R0X1E=R30
                 	.DEF R0X1F=R31
                 
                 	.EQU __SRAM_START=0x0060
                 	.EQU __SRAM_END=0x085F
                 	.EQU __DSTACK_SIZE=0x0200
                 	.EQU __HEAP_SIZE=0x0000
                 	.EQU __CLEAR_SRAM_SIZE=__SRAM_END-__SRAM_START+1
                 
                 	.MACRO __CPD1N
                 	CPI  R30,LOW(@0)
                 	LDI  R26,HIGH(@0)
                 	CPC  R31,R26
                 	LDI  R26,BYTE3(@0)
                 	CPC  R22,R26
                 	LDI  R26,BYTE4(@0)
                 	CPC  R23,R26
                 	.ENDM
                 
                 	.MACRO __CPD2N
                 	CPI  R26,LOW(@0)
                 	LDI  R30,HIGH(@0)
                 	CPC  R27,R30
                 	LDI  R30,BYTE3(@0)
                 	CPC  R24,R30
                 	LDI  R30,BYTE4(@0)
                 	CPC  R25,R30
                 	.ENDM
                 
                 	.MACRO __CPWRR
                 	CP   R@0,R@2
                 	CPC  R@1,R@3
                 	.ENDM
                 
                 	.MACRO __CPWRN
                 	CPI  R@0,LOW(@2)
                 	LDI  R30,HIGH(@2)
                 	CPC  R@1,R30
                 	.ENDM
                 
                 	.MACRO __ADDB1MN
                 	SUBI R30,LOW(-@0-(@1))
                 	.ENDM
                 
                 	.MACRO __ADDB2MN
                 	SUBI R26,LOW(-@0-(@1))
                 	.ENDM
                 
                 	.MACRO __ADDW1MN
                 	SUBI R30,LOW(-@0-(@1))
                 	SBCI R31,HIGH(-@0-(@1))
                 	.ENDM
                 
                 	.MACRO __ADDW2MN
                 	SUBI R26,LOW(-@0-(@1))
                 	SBCI R27,HIGH(-@0-(@1))
                 	.ENDM
                 
                 	.MACRO __ADDW1FN
                 	SUBI R30,LOW(-2*@0-(@1))
                 	SBCI R31,HIGH(-2*@0-(@1))
                 	.ENDM
                 
                 	.MACRO __ADDD1FN
                 	SUBI R30,LOW(-2*@0-(@1))
                 	SBCI R31,HIGH(-2*@0-(@1))
                 	SBCI R22,BYTE3(-2*@0-(@1))
                 	.ENDM
                 
                 	.MACRO __ADDD1N
                 	SUBI R30,LOW(-@0)
                 	SBCI R31,HIGH(-@0)
                 	SBCI R22,BYTE3(-@0)
                 	SBCI R23,BYTE4(-@0)
                 	.ENDM
                 
                 	.MACRO __ADDD2N
                 	SUBI R26,LOW(-@0)
                 	SBCI R27,HIGH(-@0)
                 	SBCI R24,BYTE3(-@0)
                 	SBCI R25,BYTE4(-@0)
                 	.ENDM
                 
                 	.MACRO __SUBD1N
                 	SUBI R30,LOW(@0)
                 	SBCI R31,HIGH(@0)
                 	SBCI R22,BYTE3(@0)
                 	SBCI R23,BYTE4(@0)
                 	.ENDM
                 
                 	.MACRO __SUBD2N
                 	SUBI R26,LOW(@0)
                 	SBCI R27,HIGH(@0)
                 	SBCI R24,BYTE3(@0)
                 	SBCI R25,BYTE4(@0)
                 	.ENDM
                 
                 	.MACRO __ANDBMNN
                 	LDS  R30,@0+(@1)
                 	ANDI R30,LOW(@2)
                 	STS  @0+(@1),R30
                 	.ENDM
                 
                 	.MACRO __ANDWMNN
                 	LDS  R30,@0+(@1)
                 	ANDI R30,LOW(@2)
                 	STS  @0+(@1),R30
                 	LDS  R30,@0+(@1)+1
                 	ANDI R30,HIGH(@2)
                 	STS  @0+(@1)+1,R30
                 	.ENDM
                 
                 	.MACRO __ANDD1N
                 	ANDI R30,LOW(@0)
                 	ANDI R31,HIGH(@0)
                 	ANDI R22,BYTE3(@0)
                 	ANDI R23,BYTE4(@0)
                 	.ENDM
                 
                 	.MACRO __ANDD2N
                 	ANDI R26,LOW(@0)
                 	ANDI R27,HIGH(@0)
                 	ANDI R24,BYTE3(@0)
                 	ANDI R25,BYTE4(@0)
                 	.ENDM
                 
                 	.MACRO __ORBMNN
                 	LDS  R30,@0+(@1)
                 	ORI  R30,LOW(@2)
                 	STS  @0+(@1),R30
                 	.ENDM
                 
                 	.MACRO __ORWMNN
                 	LDS  R30,@0+(@1)
                 	ORI  R30,LOW(@2)
                 	STS  @0+(@1),R30
                 	LDS  R30,@0+(@1)+1
                 	ORI  R30,HIGH(@2)
                 	STS  @0+(@1)+1,R30
                 	.ENDM
                 
                 	.MACRO __ORD1N
                 	ORI  R30,LOW(@0)
                 	ORI  R31,HIGH(@0)
                 	ORI  R22,BYTE3(@0)
                 	ORI  R23,BYTE4(@0)
                 	.ENDM
                 
                 	.MACRO __ORD2N
                 	ORI  R26,LOW(@0)
                 	ORI  R27,HIGH(@0)
                 	ORI  R24,BYTE3(@0)
                 	ORI  R25,BYTE4(@0)
                 	.ENDM
                 
                 	.MACRO __DELAY_USB
                 	LDI  R24,LOW(@0)
                 __DELAY_USB_LOOP:
                 	DEC  R24
                 	BRNE __DELAY_USB_LOOP
                 	.ENDM
                 
                 	.MACRO __DELAY_USW
                 	LDI  R24,LOW(@0)
                 	LDI  R25,HIGH(@0)
                 __DELAY_USW_LOOP:
                 	SBIW R24,1
                 	BRNE __DELAY_USW_LOOP
                 	.ENDM
                 
                 	.MACRO __GETD1S
                 	LDD  R30,Y+@0
                 	LDD  R31,Y+@0+1
                 	LDD  R22,Y+@0+2
                 	LDD  R23,Y+@0+3
                 	.ENDM
                 
                 	.MACRO __GETD2S
                 	LDD  R26,Y+@0
                 	LDD  R27,Y+@0+1
                 	LDD  R24,Y+@0+2
                 	LDD  R25,Y+@0+3
                 	.ENDM
                 
                 	.MACRO __PUTD1S
                 	STD  Y+@0,R30
                 	STD  Y+@0+1,R31
                 	STD  Y+@0+2,R22
                 	STD  Y+@0+3,R23
                 	.ENDM
                 
                 	.MACRO __PUTD2S
                 	STD  Y+@0,R26
                 	STD  Y+@0+1,R27
                 	STD  Y+@0+2,R24
                 	STD  Y+@0+3,R25
                 	.ENDM
                 
                 	.MACRO __PUTDZ2
                 	STD  Z+@0,R26
                 	STD  Z+@0+1,R27
                 	STD  Z+@0+2,R24
                 	STD  Z+@0+3,R25
                 	.ENDM
                 
                 	.MACRO __CLRD1S
                 	STD  Y+@0,R30
                 	STD  Y+@0+1,R30
                 	STD  Y+@0+2,R30
                 	STD  Y+@0+3,R30
                 	.ENDM
                 
                 	.MACRO __POINTB1MN
                 	LDI  R30,LOW(@0+(@1))
                 	.ENDM
                 
                 	.MACRO __POINTW1MN
                 	LDI  R30,LOW(@0+(@1))
                 	LDI  R31,HIGH(@0+(@1))
                 	.ENDM
                 
                 	.MACRO __POINTD1M
                 	LDI  R30,LOW(@0)
                 	LDI  R31,HIGH(@0)
                 	LDI  R22,BYTE3(@0)
                 	LDI  R23,BYTE4(@0)
                 	.ENDM
                 
                 	.MACRO __POINTW1FN
                 	LDI  R30,LOW(2*@0+(@1))
                 	LDI  R31,HIGH(2*@0+(@1))
                 	.ENDM
                 
                 	.MACRO __POINTD1FN
                 	LDI  R30,LOW(2*@0+(@1))
                 	LDI  R31,HIGH(2*@0+(@1))
                 	LDI  R22,BYTE3(2*@0+(@1))
                 	LDI  R23,BYTE4(2*@0+(@1))
                 	.ENDM
                 
                 	.MACRO __POINTB2MN
                 	LDI  R26,LOW(@0+(@1))
                 	.ENDM
                 
                 	.MACRO __POINTW2MN
                 	LDI  R26,LOW(@0+(@1))
                 	LDI  R27,HIGH(@0+(@1))
                 	.ENDM
                 
                 	.MACRO __POINTW2FN
                 	LDI  R26,LOW(2*@0+(@1))
                 	LDI  R27,HIGH(2*@0+(@1))
                 	.ENDM
                 
                 	.MACRO __POINTD2FN
                 	LDI  R26,LOW(2*@0+(@1))
                 	LDI  R27,HIGH(2*@0+(@1))
                 	LDI  R24,BYTE3(2*@0+(@1))
                 	LDI  R25,BYTE4(2*@0+(@1))
                 	.ENDM
                 
                 	.MACRO __POINTBRM
                 	LDI  R@0,LOW(@1)
                 	.ENDM
                 
                 	.MACRO __POINTWRM
                 	LDI  R@0,LOW(@2)
                 	LDI  R@1,HIGH(@2)
                 	.ENDM
                 
                 	.MACRO __POINTBRMN
                 	LDI  R@0,LOW(@1+(@2))
                 	.ENDM
                 
                 	.MACRO __POINTWRMN
                 	LDI  R@0,LOW(@2+(@3))
                 	LDI  R@1,HIGH(@2+(@3))
                 	.ENDM
                 
                 	.MACRO __POINTWRFN
                 	LDI  R@0,LOW(@2*2+(@3))
                 	LDI  R@1,HIGH(@2*2+(@3))
                 	.ENDM
                 
                 	.MACRO __GETD1N
                 	LDI  R30,LOW(@0)
                 	LDI  R31,HIGH(@0)
                 	LDI  R22,BYTE3(@0)
                 	LDI  R23,BYTE4(@0)
                 	.ENDM
                 
                 	.MACRO __GETD2N
                 	LDI  R26,LOW(@0)
                 	LDI  R27,HIGH(@0)
                 	LDI  R24,BYTE3(@0)
                 	LDI  R25,BYTE4(@0)
                 	.ENDM
                 
                 	.MACRO __GETB1MN
                 	LDS  R30,@0+(@1)
                 	.ENDM
                 
                 	.MACRO __GETB1HMN
                 	LDS  R31,@0+(@1)
                 	.ENDM
                 
                 	.MACRO __GETW1MN
                 	LDS  R30,@0+(@1)
                 	LDS  R31,@0+(@1)+1
                 	.ENDM
                 
                 	.MACRO __GETD1MN
                 	LDS  R30,@0+(@1)
                 	LDS  R31,@0+(@1)+1
                 	LDS  R22,@0+(@1)+2
                 	LDS  R23,@0+(@1)+3
                 	.ENDM
                 
                 	.MACRO __GETBRMN
                 	LDS  R@0,@1+(@2)
                 	.ENDM
                 
                 	.MACRO __GETWRMN
                 	LDS  R@0,@2+(@3)
                 	LDS  R@1,@2+(@3)+1
                 	.ENDM
                 
                 	.MACRO __GETWRZ
                 	LDD  R@0,Z+@2
                 	LDD  R@1,Z+@2+1
                 	.ENDM
                 
                 	.MACRO __GETD2Z
                 	LDD  R26,Z+@0
                 	LDD  R27,Z+@0+1
                 	LDD  R24,Z+@0+2
                 	LDD  R25,Z+@0+3
                 	.ENDM
                 
                 	.MACRO __GETB2MN
                 	LDS  R26,@0+(@1)
                 	.ENDM
                 
                 	.MACRO __GETW2MN
                 	LDS  R26,@0+(@1)
                 	LDS  R27,@0+(@1)+1
                 	.ENDM
                 
                 	.MACRO __GETD2MN
                 	LDS  R26,@0+(@1)
                 	LDS  R27,@0+(@1)+1
                 	LDS  R24,@0+(@1)+2
                 	LDS  R25,@0+(@1)+3
                 	.ENDM
                 
                 	.MACRO __PUTB1MN
                 	STS  @0+(@1),R30
                 	.ENDM
                 
                 	.MACRO __PUTW1MN
                 	STS  @0+(@1),R30
                 	STS  @0+(@1)+1,R31
                 	.ENDM
                 
                 	.MACRO __PUTD1MN
                 	STS  @0+(@1),R30
                 	STS  @0+(@1)+1,R31
                 	STS  @0+(@1)+2,R22
                 	STS  @0+(@1)+3,R23
                 	.ENDM
                 
                 	.MACRO __PUTB1EN
                 	LDI  R26,LOW(@0+(@1))
                 	LDI  R27,HIGH(@0+(@1))
                 	CALL __EEPROMWRB
                 	.ENDM
                 
                 	.MACRO __PUTW1EN
                 	LDI  R26,LOW(@0+(@1))
                 	LDI  R27,HIGH(@0+(@1))
                 	CALL __EEPROMWRW
                 	.ENDM
                 
                 	.MACRO __PUTD1EN
                 	LDI  R26,LOW(@0+(@1))
                 	LDI  R27,HIGH(@0+(@1))
                 	CALL __EEPROMWRD
                 	.ENDM
                 
                 	.MACRO __PUTBR0MN
                 	STS  @0+(@1),R0
                 	.ENDM
                 
                 	.MACRO __PUTBMRN
                 	STS  @0+(@1),R@2
                 	.ENDM
                 
                 	.MACRO __PUTWMRN
                 	STS  @0+(@1),R@2
                 	STS  @0+(@1)+1,R@3
                 	.ENDM
                 
                 	.MACRO __PUTBZR
                 	STD  Z+@1,R@0
                 	.ENDM
                 
                 	.MACRO __PUTWZR
                 	STD  Z+@2,R@0
                 	STD  Z+@2+1,R@1
                 	.ENDM
                 
                 	.MACRO __GETW1R
                 	MOV  R30,R@0
                 	MOV  R31,R@1
                 	.ENDM
                 
                 	.MACRO __GETW2R
                 	MOV  R26,R@0
                 	MOV  R27,R@1
                 	.ENDM
                 
                 	.MACRO __GETWRN
                 	LDI  R@0,LOW(@2)
                 	LDI  R@1,HIGH(@2)
                 	.ENDM
                 
                 	.MACRO __PUTW1R
                 	MOV  R@0,R30
                 	MOV  R@1,R31
                 	.ENDM
                 
                 	.MACRO __PUTW2R
                 	MOV  R@0,R26
                 	MOV  R@1,R27
                 	.ENDM
                 
                 	.MACRO __ADDWRN
                 	SUBI R@0,LOW(-@2)
                 	SBCI R@1,HIGH(-@2)
                 	.ENDM
                 
                 	.MACRO __ADDWRR
                 	ADD  R@0,R@2
                 	ADC  R@1,R@3
                 	.ENDM
                 
                 	.MACRO __SUBWRN
                 	SUBI R@0,LOW(@2)
                 	SBCI R@1,HIGH(@2)
                 	.ENDM
                 
                 	.MACRO __SUBWRR
                 	SUB  R@0,R@2
                 	SBC  R@1,R@3
                 	.ENDM
                 
                 	.MACRO __ANDWRN
                 	ANDI R@0,LOW(@2)
                 	ANDI R@1,HIGH(@2)
                 	.ENDM
                 
                 	.MACRO __ANDWRR
                 	AND  R@0,R@2
                 	AND  R@1,R@3
                 	.ENDM
                 
                 	.MACRO __ORWRN
                 	ORI  R@0,LOW(@2)
                 	ORI  R@1,HIGH(@2)
                 	.ENDM
                 
                 	.MACRO __ORWRR
                 	OR   R@0,R@2
                 	OR   R@1,R@3
                 	.ENDM
                 
                 	.MACRO __EORWRR
                 	EOR  R@0,R@2
                 	EOR  R@1,R@3
                 	.ENDM
                 
                 	.MACRO __GETWRS
                 	LDD  R@0,Y+@2
                 	LDD  R@1,Y+@2+1
                 	.ENDM
                 
                 	.MACRO __PUTBSR
                 	STD  Y+@1,R@0
                 	.ENDM
                 
                 	.MACRO __PUTWSR
                 	STD  Y+@2,R@0
                 	STD  Y+@2+1,R@1
                 	.ENDM
                 
                 	.MACRO __MOVEWRR
                 	MOV  R@0,R@2
                 	MOV  R@1,R@3
                 	.ENDM
                 
                 	.MACRO __INWR
                 	IN   R@0,@2
                 	IN   R@1,@2+1
                 	.ENDM
                 
                 	.MACRO __OUTWR
                 	OUT  @2+1,R@1
                 	OUT  @2,R@0
                 	.ENDM
                 
                 	.MACRO __CALL1MN
                 	LDS  R30,@0+(@1)
                 	LDS  R31,@0+(@1)+1
                 	ICALL
                 	.ENDM
                 
                 	.MACRO __CALL1FN
                 	LDI  R30,LOW(2*@0+(@1))
                 	LDI  R31,HIGH(2*@0+(@1))
                 	CALL __GETW1PF
                 	ICALL
                 	.ENDM
                 
                 	.MACRO __CALL2EN
                 	PUSH R26
                 	PUSH R27
                 	LDI  R26,LOW(@0+(@1))
                 	LDI  R27,HIGH(@0+(@1))
                 	CALL __EEPROMRDW
                 	POP  R27
                 	POP  R26
                 	ICALL
                 	.ENDM
                 
                 	.MACRO __CALL2EX
                 	SUBI R26,LOW(-@0)
                 	SBCI R27,HIGH(-@0)
                 	CALL __EEPROMRDD
                 	ICALL
                 	.ENDM
                 
                 	.MACRO __GETW1STACK
                 	IN   R30,SPL
                 	IN   R31,SPH
                 	ADIW R30,@0+1
                 	LD   R0,Z+
                 	LD   R31,Z
                 	MOV  R30,R0
                 	.ENDM
                 
                 	.MACRO __GETD1STACK
                 	IN   R30,SPL
                 	IN   R31,SPH
                 	ADIW R30,@0+1
                 	LD   R0,Z+
                 	LD   R1,Z+
                 	LD   R22,Z
                 	MOVW R30,R0
                 	.ENDM
                 
                 	.MACRO __NBST
                 	BST  R@0,@1
                 	IN   R30,SREG
                 	LDI  R31,0x40
                 	EOR  R30,R31
                 	OUT  SREG,R30
                 	.ENDM
                 
                 
                 	.MACRO __PUTB1SN
                 	LDD  R26,Y+@0
                 	LDD  R27,Y+@0+1
                 	SUBI R26,LOW(-@1)
                 	SBCI R27,HIGH(-@1)
                 	ST   X,R30
                 	.ENDM
                 
                 	.MACRO __PUTW1SN
                 	LDD  R26,Y+@0
                 	LDD  R27,Y+@0+1
                 	SUBI R26,LOW(-@1)
                 	SBCI R27,HIGH(-@1)
                 	ST   X+,R30
                 	ST   X,R31
                 	.ENDM
                 
                 	.MACRO __PUTD1SN
                 	LDD  R26,Y+@0
                 	LDD  R27,Y+@0+1
                 	SUBI R26,LOW(-@1)
                 	SBCI R27,HIGH(-@1)
                 	CALL __PUTDP1
                 	.ENDM
                 
                 	.MACRO __PUTB1SNS
                 	LDD  R26,Y+@0
                 	LDD  R27,Y+@0+1
                 	ADIW R26,@1
                 	ST   X,R30
                 	.ENDM
                 
                 	.MACRO __PUTW1SNS
                 	LDD  R26,Y+@0
                 	LDD  R27,Y+@0+1
                 	ADIW R26,@1
                 	ST   X+,R30
                 	ST   X,R31
                 	.ENDM
                 
                 	.MACRO __PUTD1SNS
                 	LDD  R26,Y+@0
                 	LDD  R27,Y+@0+1
                 	ADIW R26,@1
                 	CALL __PUTDP1
                 	.ENDM
                 
                 	.MACRO __PUTB1PMN
                 	LDS  R26,@0
                 	LDS  R27,@0+1
                 	SUBI R26,LOW(-@1)
                 	SBCI R27,HIGH(-@1)
                 	ST   X,R30
                 	.ENDM
                 
                 	.MACRO __PUTW1PMN
                 	LDS  R26,@0
                 	LDS  R27,@0+1
                 	SUBI R26,LOW(-@1)
                 	SBCI R27,HIGH(-@1)
                 	ST   X+,R30
                 	ST   X,R31
                 	.ENDM
                 
                 	.MACRO __PUTD1PMN
                 	LDS  R26,@0
                 	LDS  R27,@0+1
                 	SUBI R26,LOW(-@1)
                 	SBCI R27,HIGH(-@1)
                 	CALL __PUTDP1
                 	.ENDM
                 
                 	.MACRO __PUTB1PMNS
                 	LDS  R26,@0
                 	LDS  R27,@0+1
                 	ADIW R26,@1
                 	ST   X,R30
                 	.ENDM
                 
                 	.MACRO __PUTW1PMNS
                 	LDS  R26,@0
                 	LDS  R27,@0+1
                 	ADIW R26,@1
                 	ST   X+,R30
                 	ST   X,R31
                 	.ENDM
                 
                 	.MACRO __PUTD1PMNS
                 	LDS  R26,@0
                 	LDS  R27,@0+1
                 	ADIW R26,@1
                 	CALL __PUTDP1
                 	.ENDM
                 
                 	.MACRO __PUTB1RN
                 	MOVW R26,R@0
                 	SUBI R26,LOW(-@1)
                 	SBCI R27,HIGH(-@1)
                 	ST   X,R30
                 	.ENDM
                 
                 	.MACRO __PUTW1RN
                 	MOVW R26,R@0
                 	SUBI R26,LOW(-@1)
                 	SBCI R27,HIGH(-@1)
                 	ST   X+,R30
                 	ST   X,R31
                 	.ENDM
                 
                 	.MACRO __PUTD1RN
                 	MOVW R26,R@0
                 	SUBI R26,LOW(-@1)
                 	SBCI R27,HIGH(-@1)
                 	CALL __PUTDP1
                 	.ENDM
                 
                 	.MACRO __PUTB1RNS
                 	MOVW R26,R@0
                 	ADIW R26,@1
                 	ST   X,R30
                 	.ENDM
                 
                 	.MACRO __PUTW1RNS
                 	MOVW R26,R@0
                 	ADIW R26,@1
                 	ST   X+,R30
                 	ST   X,R31
                 	.ENDM
                 
                 	.MACRO __PUTD1RNS
                 	MOVW R26,R@0
                 	ADIW R26,@1
                 	CALL __PUTDP1
                 	.ENDM
                 
                 	.MACRO __PUTB1RON
                 	MOV  R26,R@0
                 	MOV  R27,R@1
                 	SUBI R26,LOW(-@2)
                 	SBCI R27,HIGH(-@2)
                 	ST   X,R30
                 	.ENDM
                 
                 	.MACRO __PUTW1RON
                 	MOV  R26,R@0
                 	MOV  R27,R@1
                 	SUBI R26,LOW(-@2)
                 	SBCI R27,HIGH(-@2)
                 	ST   X+,R30
                 	ST   X,R31
                 	.ENDM
                 
                 	.MACRO __PUTD1RON
                 	MOV  R26,R@0
                 	MOV  R27,R@1
                 	SUBI R26,LOW(-@2)
                 	SBCI R27,HIGH(-@2)
                 	CALL __PUTDP1
                 	.ENDM
                 
                 	.MACRO __PUTB1RONS
                 	MOV  R26,R@0
                 	MOV  R27,R@1
                 	ADIW R26,@2
                 	ST   X,R30
                 	.ENDM
                 
                 	.MACRO __PUTW1RONS
                 	MOV  R26,R@0
                 	MOV  R27,R@1
                 	ADIW R26,@2
                 	ST   X+,R30
                 	ST   X,R31
                 	.ENDM
                 
                 	.MACRO __PUTD1RONS
                 	MOV  R26,R@0
                 	MOV  R27,R@1
                 	ADIW R26,@2
                 	CALL __PUTDP1
                 	.ENDM
                 
                 
                 	.MACRO __GETB1SX
                 	MOVW R30,R28
                 	SUBI R30,LOW(-@0)
                 	SBCI R31,HIGH(-@0)
                 	LD   R30,Z
                 	.ENDM
                 
                 	.MACRO __GETB1HSX
                 	MOVW R30,R28
                 	SUBI R30,LOW(-@0)
                 	SBCI R31,HIGH(-@0)
                 	LD   R31,Z
                 	.ENDM
                 
                 	.MACRO __GETW1SX
                 	MOVW R30,R28
                 	SUBI R30,LOW(-@0)
                 	SBCI R31,HIGH(-@0)
                 	LD   R0,Z+
                 	LD   R31,Z
                 	MOV  R30,R0
                 	.ENDM
                 
                 	.MACRO __GETD1SX
                 	MOVW R30,R28
                 	SUBI R30,LOW(-@0)
                 	SBCI R31,HIGH(-@0)
                 	LD   R0,Z+
                 	LD   R1,Z+
                 	LD   R22,Z+
                 	LD   R23,Z
                 	MOVW R30,R0
                 	.ENDM
                 
                 	.MACRO __GETB2SX
                 	MOVW R26,R28
                 	SUBI R26,LOW(-@0)
                 	SBCI R27,HIGH(-@0)
                 	LD   R26,X
                 	.ENDM
                 
                 	.MACRO __GETW2SX
                 	MOVW R26,R28
                 	SUBI R26,LOW(-@0)
                 	SBCI R27,HIGH(-@0)
                 	LD   R0,X+
                 	LD   R27,X
                 	MOV  R26,R0
                 	.ENDM
                 
                 	.MACRO __GETD2SX
                 	MOVW R26,R28
                 	SUBI R26,LOW(-@0)
                 	SBCI R27,HIGH(-@0)
                 	LD   R0,X+
                 	LD   R1,X+
                 	LD   R24,X+
                 	LD   R25,X
                 	MOVW R26,R0
                 	.ENDM
                 
                 	.MACRO __GETBRSX
                 	MOVW R30,R28
                 	SUBI R30,LOW(-@1)
                 	SBCI R31,HIGH(-@1)
                 	LD   R@0,Z
                 	.ENDM
                 
                 	.MACRO __GETWRSX
                 	MOVW R30,R28
                 	SUBI R30,LOW(-@2)
                 	SBCI R31,HIGH(-@2)
                 	LD   R@0,Z+
                 	LD   R@1,Z
                 	.ENDM
                 
                 	.MACRO __GETBRSX2
                 	MOVW R26,R28
                 	SUBI R26,LOW(-@1)
                 	SBCI R27,HIGH(-@1)
                 	LD   R@0,X
                 	.ENDM
                 
                 	.MACRO __GETWRSX2
                 	MOVW R26,R28
                 	SUBI R26,LOW(-@2)
                 	SBCI R27,HIGH(-@2)
                 	LD   R@0,X+
                 	LD   R@1,X
                 	.ENDM
                 
                 	.MACRO __LSLW8SX
                 	MOVW R30,R28
                 	SUBI R30,LOW(-@0)
                 	SBCI R31,HIGH(-@0)
                 	LD   R31,Z
                 	CLR  R30
                 	.ENDM
                 
                 	.MACRO __PUTB1SX
                 	MOVW R26,R28
                 	SUBI R26,LOW(-@0)
                 	SBCI R27,HIGH(-@0)
                 	ST   X,R30
                 	.ENDM
                 
                 	.MACRO __PUTW1SX
                 	MOVW R26,R28
                 	SUBI R26,LOW(-@0)
                 	SBCI R27,HIGH(-@0)
                 	ST   X+,R30
                 	ST   X,R31
                 	.ENDM
                 
                 	.MACRO __PUTD1SX
                 	MOVW R26,R28
                 	SUBI R26,LOW(-@0)
                 	SBCI R27,HIGH(-@0)
                 	ST   X+,R30
                 	ST   X+,R31
                 	ST   X+,R22
                 	ST   X,R23
                 	.ENDM
                 
                 	.MACRO __CLRW1SX
                 	MOVW R26,R28
                 	SUBI R26,LOW(-@0)
                 	SBCI R27,HIGH(-@0)
                 	ST   X+,R30
                 	ST   X,R30
                 	.ENDM
                 
                 	.MACRO __CLRD1SX
                 	MOVW R26,R28
                 	SUBI R26,LOW(-@0)
                 	SBCI R27,HIGH(-@0)
                 	ST   X+,R30
                 	ST   X+,R30
                 	ST   X+,R30
                 	ST   X,R30
                 	.ENDM
                 
                 	.MACRO __PUTB2SX
                 	MOVW R30,R28
                 	SUBI R30,LOW(-@0)
                 	SBCI R31,HIGH(-@0)
                 	ST   Z,R26
                 	.ENDM
                 
                 	.MACRO __PUTW2SX
                 	MOVW R30,R28
                 	SUBI R30,LOW(-@0)
                 	SBCI R31,HIGH(-@0)
                 	ST   Z+,R26
                 	ST   Z,R27
                 	.ENDM
                 
                 	.MACRO __PUTD2SX
                 	MOVW R30,R28
                 	SUBI R30,LOW(-@0)
                 	SBCI R31,HIGH(-@0)
                 	ST   Z+,R26
                 	ST   Z+,R27
                 	ST   Z+,R24
                 	ST   Z,R25
                 	.ENDM
                 
                 	.MACRO __PUTBSRX
                 	MOVW R30,R28
                 	SUBI R30,LOW(-@1)
                 	SBCI R31,HIGH(-@1)
                 	ST   Z,R@0
                 	.ENDM
                 
                 	.MACRO __PUTWSRX
                 	MOVW R30,R28
                 	SUBI R30,LOW(-@2)
                 	SBCI R31,HIGH(-@2)
                 	ST   Z+,R@0
                 	ST   Z,R@1
                 	.ENDM
                 
                 	.MACRO __PUTB1SNX
                 	MOVW R26,R28
                 	SUBI R26,LOW(-@0)
                 	SBCI R27,HIGH(-@0)
                 	LD   R0,X+
                 	LD   R27,X
                 	MOV  R26,R0
                 	SUBI R26,LOW(-@1)
                 	SBCI R27,HIGH(-@1)
                 	ST   X,R30
                 	.ENDM
                 
                 	.MACRO __PUTW1SNX
                 	MOVW R26,R28
                 	SUBI R26,LOW(-@0)
                 	SBCI R27,HIGH(-@0)
                 	LD   R0,X+
                 	LD   R27,X
                 	MOV  R26,R0
                 	SUBI R26,LOW(-@1)
                 	SBCI R27,HIGH(-@1)
                 	ST   X+,R30
                 	ST   X,R31
                 	.ENDM
                 
                 	.MACRO __PUTD1SNX
                 	MOVW R26,R28
                 	SUBI R26,LOW(-@0)
                 	SBCI R27,HIGH(-@0)
                 	LD   R0,X+
                 	LD   R27,X
                 	MOV  R26,R0
                 	SUBI R26,LOW(-@1)
                 	SBCI R27,HIGH(-@1)
                 	ST   X+,R30
                 	ST   X+,R31
                 	ST   X+,R22
                 	ST   X,R23
                 	.ENDM
                 
                 	.MACRO __MULBRR
                 	MULS R@0,R@1
                 	MOVW R30,R0
                 	.ENDM
                 
                 	.MACRO __MULBRRU
                 	MUL  R@0,R@1
                 	MOVW R30,R0
                 	.ENDM
                 
                 	.MACRO __MULBRR0
                 	MULS R@0,R@1
                 	.ENDM
                 
                 	.MACRO __MULBRRU0
                 	MUL  R@0,R@1
                 	.ENDM
                 
                 	.MACRO __MULBNWRU
                 	LDI  R26,@2
                 	MUL  R26,R@0
                 	MOVW R30,R0
                 	MUL  R26,R@1
                 	ADD  R31,R0
                 	.ENDM
                 
                 ;NAME DEFINITIONS FOR GLOBAL VARIABLES ALLOCATED TO REGISTERS
                 	.DEF _address=R4
                 	.DEF _address_msb=R5
                 	.DEF _status=R6
                 	.DEF _status_msb=R7
                 	.DEF _data=R8
                 	.DEF _data_msb=R9
                 
                 	.CSEG
                 	.ORG 0x00
                 
                 ;START OF CODE MARKER
                 __START_OF_CODE:
                 
                 ;INTERRUPT VECTORS
000000 940c 003e 	JMP  __RESET
000002 940c 0000 	JMP  0x00
000004 940c 0000 	JMP  0x00
000006 940c 0000 	JMP  0x00
000008 940c 0000 	JMP  0x00
00000a 940c 0000 	JMP  0x00
00000c 940c 0000 	JMP  0x00
00000e 940c 0000 	JMP  0x00
000010 940c 0000 	JMP  0x00
000012 940c 0000 	JMP  0x00
000014 940c 0000 	JMP  0x00
000016 940c 0000 	JMP  0x00
000018 940c 0000 	JMP  0x00
00001a 940c 0000 	JMP  0x00
00001c 940c 0000 	JMP  0x00
00001e 940c 0000 	JMP  0x00
000020 940c 0000 	JMP  0x00
000022 940c 0000 	JMP  0x00
000024 940c 006b 	JMP  _ana_comp_isr
000026 940c 0000 	JMP  0x00
000028 940c 0000 	JMP  0x00
                 
                 _tbl10_G100:
00002a 2710
00002b 03e8
00002c 0064
00002d 000a      	.DB  0x10,0x27,0xE8,0x3,0x64,0x0,0xA,0x0
00002e 0001      	.DB  0x1,0x0
                 _tbl16_G100:
00002f 1000
000030 0100
000031 0010
000032 0001      	.DB  0x0,0x10,0x0,0x1,0x10,0x0,0x1,0x0
                 
                 ;GLOBAL REGISTER VARIABLES INITIALIZATION
                 __REG_VARS:
000033 00fd
000034 0000      	.DB  0xFD,0x0,0x0,0x0
000035 0000      	.DB  0x0,0x0
                 
                 _0x0:
000036 6425
000037 2500
000038 0a64
C:\Users\sep\Desktop\project\Debug\List\slave2.asm(1136): warning: .cseg .db misalignment - padding zero byte
000039 0000      	.DB  0x25,0x64,0x0,0x25,0x64,0xA,0x0
                 
                 __GLOBAL_INI_TBL:
00003a 0006      	.DW  0x06
00003b 0004      	.DW  0x04
00003c 0066      	.DW  __REG_VARS*2
                 
                 _0xFFFFFFFF:
00003d 0000      	.DW  0
                 
                 #define __GLOBAL_INI_TBL_PRESENT 1
                 
                 __RESET:
00003e 94f8      	CLI
00003f 27ee      	CLR  R30
000040 bbec      	OUT  EECR,R30
                 
                 ;INTERRUPT VECTORS ARE PLACED
                 ;AT THE START OF FLASH
000041 e0f1      	LDI  R31,1
000042 bffb      	OUT  GICR,R31
000043 bfeb      	OUT  GICR,R30
000044 bfe5      	OUT  MCUCR,R30
                 
                 ;CLEAR R2-R14
000045 e08d      	LDI  R24,(14-2)+1
000046 e0a2      	LDI  R26,2
000047 27bb      	CLR  R27
                 __CLEAR_REG:
000048 93ed      	ST   X+,R30
000049 958a      	DEC  R24
00004a f7e9      	BRNE __CLEAR_REG
                 
                 ;CLEAR SRAM
00004b e080      	LDI  R24,LOW(__CLEAR_SRAM_SIZE)
00004c e098      	LDI  R25,HIGH(__CLEAR_SRAM_SIZE)
00004d e6a0      	LDI  R26,__SRAM_START
                 __CLEAR_SRAM:
00004e 93ed      	ST   X+,R30
00004f 9701      	SBIW R24,1
000050 f7e9      	BRNE __CLEAR_SRAM
                 
                 ;GLOBAL VARIABLES INITIALIZATION
000051 e7e4      	LDI  R30,LOW(__GLOBAL_INI_TBL*2)
000052 e0f0      	LDI  R31,HIGH(__GLOBAL_INI_TBL*2)
                 __GLOBAL_INI_NEXT:
000053 9185      	LPM  R24,Z+
000054 9195      	LPM  R25,Z+
000055 9700      	SBIW R24,0
000056 f061      	BREQ __GLOBAL_INI_END
000057 91a5      	LPM  R26,Z+
000058 91b5      	LPM  R27,Z+
000059 9005      	LPM  R0,Z+
00005a 9015      	LPM  R1,Z+
00005b 01bf      	MOVW R22,R30
00005c 01f0      	MOVW R30,R0
                 __GLOBAL_INI_LOOP:
00005d 9005      	LPM  R0,Z+
00005e 920d      	ST   X+,R0
00005f 9701      	SBIW R24,1
000060 f7e1      	BRNE __GLOBAL_INI_LOOP
000061 01fb      	MOVW R30,R22
000062 cff0      	RJMP __GLOBAL_INI_NEXT
                 __GLOBAL_INI_END:
                 
                 ;HARDWARE STACK POINTER INITIALIZATION
000063 e5ef      	LDI  R30,LOW(__SRAM_END-__HEAP_SIZE)
000064 bfed      	OUT  SPL,R30
000065 e0e8      	LDI  R30,HIGH(__SRAM_END-__HEAP_SIZE)
000066 bfee      	OUT  SPH,R30
                 
                 ;DATA STACK POINTER INITIALIZATION
000067 e6c0      	LDI  R28,LOW(__SRAM_START+__DSTACK_SIZE)
000068 e0d2      	LDI  R29,HIGH(__SRAM_START+__DSTACK_SIZE)
                 
000069 940c 0077 	JMP  _main
                 
                 	.ESEG
                 	.ORG 0
                 
                 	.DSEG
                 	.ORG 0x260
                 
                 	.CSEG
                 ;/*******************************************************
                 ;This program was created by the
                 ;CodeWizardAVR V3.12 Advanced
                 ;Automatic Program Generator
                 ;© Copyright 1998-2014 Pavel Haiduc, HP InfoTech s.r.l.
                 ;http://www.hpinfotech.com
                 ;
                 ;Project :
                 ;Version :
                 ;Date    : 1/26/2020
                 ;Author  :
                 ;Company :
                 ;Comments:
                 ;
                 ;
                 ;Chip type               : ATmega32
                 ;Program type            : Application
                 ;AVR Core Clock frequency: 1.000000 MHz
                 ;Memory model            : Small
                 ;External RAM size       : 0
                 ;Data Stack size         : 512
                 ;*******************************************************/
                 ;
                 ;#include <mega32.h>
                 	#ifndef __SLEEP_DEFINED__
                 	#define __SLEEP_DEFINED__
                 	.EQU __se_bit=0x80
                 	.EQU __sm_mask=0x70
                 	.EQU __sm_powerdown=0x20
                 	.EQU __sm_powersave=0x30
                 	.EQU __sm_standby=0x60
                 	.EQU __sm_ext_standby=0x70
                 	.EQU __sm_adc_noise_red=0x10
                 	.SET power_ctrl_reg=mcucr
                 	#endif
                 ;
                 ;// Declare your global variables here
                 ;int address = 253;
                 ;int status = 0;
                 ;int data = 0;
                 ;// Standard Input/Output functions
                 ;#include <stdio.h>
                 ;
                 ;// Analog Comparator interrupt service routine
                 ;interrupt [ANA_COMP] void ana_comp_isr(void)
                 ; 0000 0023 {
                 
                 	.CSEG
                 _ana_comp_isr:
                 ; .FSTART _ana_comp_isr
00006b 93ea      	ST   -Y,R30
00006c b7ef      	IN   R30,SREG
00006d 93ea      	ST   -Y,R30
                 ; 0000 0024 // Place your code here
                 ; 0000 0025     status = ACSR.ACO;
00006e e0e0      	LDI  R30,0
00006f 9945      	SBIC 0x8,5
000070 e0e1      	LDI  R30,1
000071 2e6e      	MOV  R6,R30
000072 2477      	CLR  R7
                 ; 0000 0026 }
000073 91e9      	LD   R30,Y+
000074 bfef      	OUT  SREG,R30
000075 91e9      	LD   R30,Y+
000076 9518      	RETI
                 ; .FEND
                 ;
                 ;void main(void)
                 ; 0000 0029 {
                 _main:
                 ; .FSTART _main
                 ; 0000 002A // Declare your local variables here
                 ; 0000 002B 
                 ; 0000 002C // Input/Output Ports initialization
                 ; 0000 002D // Port A initialization
                 ; 0000 002E // Function: Bit7=In Bit6=In Bit5=In Bit4=In Bit3=In Bit2=In Bit1=In Bit0=In
                 ; 0000 002F DDRA=(0<<DDA7) | (0<<DDA6) | (0<<DDA5) | (0<<DDA4) | (0<<DDA3) | (0<<DDA2) | (0<<DDA1) | (0<<DDA0);
000077 e0e0      	LDI  R30,LOW(0)
000078 bbea      	OUT  0x1A,R30
                 ; 0000 0030 // State: Bit7=T Bit6=T Bit5=T Bit4=T Bit3=T Bit2=T Bit1=T Bit0=T
                 ; 0000 0031 PORTA=(0<<PORTA7) | (0<<PORTA6) | (0<<PORTA5) | (0<<PORTA4) | (0<<PORTA3) | (0<<PORTA2) | (0<<PORTA1) | (0<<PORTA0);
000079 bbeb      	OUT  0x1B,R30
                 ; 0000 0032 
                 ; 0000 0033 // Port B initialization
                 ; 0000 0034 // Function: Bit7=In Bit6=In Bit5=In Bit4=In Bit3=In Bit2=In Bit1=In Bit0=In
                 ; 0000 0035 DDRB=(0<<DDB7) | (0<<DDB6) | (0<<DDB5) | (0<<DDB4) | (0<<DDB3) | (0<<DDB2) | (0<<DDB1) | (0<<DDB0);
00007a bbe7      	OUT  0x17,R30
                 ; 0000 0036 // State: Bit7=T Bit6=T Bit5=T Bit4=T Bit3=T Bit2=T Bit1=T Bit0=T
                 ; 0000 0037 PORTB=(0<<PORTB7) | (0<<PORTB6) | (0<<PORTB5) | (0<<PORTB4) | (0<<PORTB3) | (0<<PORTB2) | (0<<PORTB1) | (0<<PORTB0);
00007b bbe8      	OUT  0x18,R30
                 ; 0000 0038 
                 ; 0000 0039 // Port C initialization
                 ; 0000 003A // Function: Bit7=In Bit6=In Bit5=In Bit4=In Bit3=In Bit2=In Bit1=In Bit0=In
                 ; 0000 003B DDRC=(0<<DDC7) | (0<<DDC6) | (0<<DDC5) | (0<<DDC4) | (0<<DDC3) | (0<<DDC2) | (0<<DDC1) | (0<<DDC0);
00007c bbe4      	OUT  0x14,R30
                 ; 0000 003C // State: Bit7=T Bit6=T Bit5=T Bit4=T Bit3=T Bit2=T Bit1=T Bit0=T
                 ; 0000 003D PORTC=(0<<PORTC7) | (0<<PORTC6) | (0<<PORTC5) | (0<<PORTC4) | (0<<PORTC3) | (0<<PORTC2) | (0<<PORTC1) | (0<<PORTC0);
00007d bbe5      	OUT  0x15,R30
                 ; 0000 003E 
                 ; 0000 003F // Port D initialization
                 ; 0000 0040 // Function: Bit7=Out Bit6=In Bit5=In Bit4=In Bit3=In Bit2=In Bit1=In Bit0=In
                 ; 0000 0041 DDRD=(1<<DDD7) | (0<<DDD6) | (0<<DDD5) | (0<<DDD4) | (0<<DDD3) | (0<<DDD2) | (0<<DDD1) | (0<<DDD0);
00007e e8e0      	LDI  R30,LOW(128)
00007f bbe1      	OUT  0x11,R30
                 ; 0000 0042 // State: Bit7=0 Bit6=T Bit5=T Bit4=T Bit3=T Bit2=T Bit1=T Bit0=T
                 ; 0000 0043 PORTD=(0<<PORTD7) | (0<<PORTD6) | (0<<PORTD5) | (0<<PORTD4) | (0<<PORTD3) | (0<<PORTD2) | (0<<PORTD1) | (0<<PORTD0);
000080 e0e0      	LDI  R30,LOW(0)
000081 bbe2      	OUT  0x12,R30
                 ; 0000 0044 
                 ; 0000 0045 // USART initialization
                 ; 0000 0046 // Communication Parameters: 8 Data, 1 Stop, No Parity
                 ; 0000 0047 // USART Receiver: On
                 ; 0000 0048 // USART Transmitter: On
                 ; 0000 0049 // USART Mode: Asynchronous
                 ; 0000 004A // USART Baud Rate: 9600
                 ; 0000 004B UCSRA=(0<<RXC) | (0<<TXC) | (0<<UDRE) | (0<<FE) | (0<<DOR) | (0<<UPE) | (0<<U2X) | (0<<MPCM);
000082 b9eb      	OUT  0xB,R30
                 ; 0000 004C UCSRB=(0<<RXCIE) | (0<<TXCIE) | (0<<UDRIE) | (1<<RXEN) | (1<<TXEN) | (0<<UCSZ2) | (0<<RXB8) | (0<<TXB8);
000083 e1e8      	LDI  R30,LOW(24)
000084 b9ea      	OUT  0xA,R30
                 ; 0000 004D UCSRC=(1<<URSEL) | (0<<UMSEL) | (0<<UPM1) | (0<<UPM0) | (0<<USBS) | (1<<UCSZ1) | (1<<UCSZ0) | (0<<UCPOL);
000085 e8e6      	LDI  R30,LOW(134)
000086 bde0      	OUT  0x20,R30
                 ; 0000 004E UBRRH=0x00;
000087 e0e0      	LDI  R30,LOW(0)
000088 bde0      	OUT  0x20,R30
                 ; 0000 004F UBRRL=0x06;
000089 e0e6      	LDI  R30,LOW(6)
00008a b9e9      	OUT  0x9,R30
                 ; 0000 0050 
                 ; 0000 0051 // Analog Comparator initialization
                 ; 0000 0052 // Analog Comparator: On
                 ; 0000 0053 // The Analog Comparator's positive input is
                 ; 0000 0054 // connected to the AIN0 pin
                 ; 0000 0055 // The Analog Comparator's negative input is
                 ; 0000 0056 // connected to the AIN1 pin
                 ; 0000 0057 // Interrupt on Output Toggle
                 ; 0000 0058 // Analog Comparator Input Capture by Timer/Counter 1: Off
                 ; 0000 0059 ACSR=(0<<ACD) | (0<<ACBG) | (0<<ACO) | (0<<ACI) | (1<<ACIE) | (0<<ACIC) | (0<<ACIS1) | (0<<ACIS0);
00008b e0e8      	LDI  R30,LOW(8)
00008c b9e8      	OUT  0x8,R30
                 ; 0000 005A SFIOR=(0<<ACME);
00008d e0e0      	LDI  R30,LOW(0)
00008e bfe0      	OUT  0x30,R30
                 ; 0000 005B 
                 ; 0000 005C // Global enable interrupts
                 ; 0000 005D #asm("sei")
00008f 9478      	sei
                 ; 0000 005E 
                 ; 0000 005F while (1)
                 _0x3:
                 ; 0000 0060       {
                 ; 0000 0061       // Place your code here
                 ; 0000 0062         scanf("%d",&data);
000090 940e 03c3 	CALL SUBOPT_0x0
                 ; 0000 0063         if(data == address){
                +
000092 1448     +CP R4 , R8
000093 0459     +CPC R5 , R9
                 	__CPWRR 4,5,8,9
000094 f481      	BRNE _0x6
                 ; 0000 0064         printf("%d\n",status);
                +
000095 e6ef     +LDI R30 , LOW ( 2 * _0x0 + ( 3 ) )
000096 e0f0     +LDI R31 , HIGH ( 2 * _0x0 + ( 3 ) )
                 	__POINTW1FN _0x0,3
000097 93fa      	ST   -Y,R31
000098 93ea      	ST   -Y,R30
000099 01f3      	MOVW R30,R6
00009a 940e 0423 	CALL __CWD1
00009c 940e 0438 	CALL __PUTPARD1
00009e e084      	LDI  R24,4
00009f 940e 01f3 	CALL _printf
0000a1 9626      	ADIW R28,6
                 ; 0000 0065         scanf("%d",&data);
0000a2 940e 03c3 	CALL SUBOPT_0x0
                 ; 0000 0066         OCR2 = data;
0000a4 bc83      	OUT  0x23,R8
                 ; 0000 0067         }
                 ; 0000 0068       }
                 _0x6:
0000a5 cfea      	RJMP _0x3
                 ; 0000 0069 }
                 _0x7:
0000a6 cfff      	RJMP _0x7
                 ; .FEND
                 	#ifndef __SLEEP_DEFINED__
                 	#endif
                 
                 	.CSEG
                 _getchar:
                 ; .FSTART _getchar
                 getchar0:
0000a7 9b5f           sbis usr,rxc
0000a8 cffe           rjmp getchar0
0000a9 b1ec           in   r30,udr
0000aa 9508      	RET
                 ; .FEND
                 _putchar:
                 ; .FSTART _putchar
0000ab 93aa      	ST   -Y,R26
                 putchar0:
0000ac 9b5d           sbis usr,udre
0000ad cffe           rjmp putchar0
0000ae 81e8           ld   r30,y
0000af b9ec           out  udr,r30
0000b0 9621      	ADIW R28,1
0000b1 9508      	RET
                 ; .FEND
                 _put_usart_G100:
                 ; .FSTART _put_usart_G100
0000b2 93ba      	ST   -Y,R27
0000b3 93aa      	ST   -Y,R26
0000b4 81aa      	LDD  R26,Y+2
0000b5 dff5      	RCALL _putchar
0000b6 81a8      	LD   R26,Y
0000b7 81b9      	LDD  R27,Y+1
0000b8 91ed      	LD   R30,X+
0000b9 91fd      	LD   R31,X+
0000ba 9631      	ADIW R30,1
0000bb 93fe      	ST   -X,R31
0000bc 93ee      	ST   -X,R30
0000bd 9623      	ADIW R28,3
0000be 9508      	RET
                 ; .FEND
                 __print_G100:
                 ; .FSTART __print_G100
0000bf 93ba      	ST   -Y,R27
0000c0 93aa      	ST   -Y,R26
0000c1 9726      	SBIW R28,6
0000c2 940e 043d 	CALL __SAVELOCR6
0000c4 e010      	LDI  R17,0
0000c5 85ac      	LDD  R26,Y+12
0000c6 85bd      	LDD  R27,Y+12+1
0000c7 e0e0      	LDI  R30,LOW(0)
0000c8 e0f0      	LDI  R31,HIGH(0)
0000c9 93ed      	ST   X+,R30
0000ca 93fc      	ST   X,R31
                 _0x2000016:
0000cb 89ea      	LDD  R30,Y+18
0000cc 89fb      	LDD  R31,Y+18+1
0000cd 9631      	ADIW R30,1
0000ce 8bea      	STD  Y+18,R30
0000cf 8bfb      	STD  Y+18+1,R31
0000d0 9731      	SBIW R30,1
0000d1 91e4      	LPM  R30,Z
0000d2 2f2e      	MOV  R18,R30
0000d3 30e0      	CPI  R30,0
0000d4 f409      	BRNE PC+2
0000d5 c115      	RJMP _0x2000018
0000d6 2fe1      	MOV  R30,R17
0000d7 30e0      	CPI  R30,0
0000d8 f439      	BRNE _0x200001C
0000d9 3225      	CPI  R18,37
0000da f411      	BRNE _0x200001D
0000db e011      	LDI  R17,LOW(1)
0000dc c002      	RJMP _0x200001E
                 _0x200001D:
0000dd 940e 03d2 	CALL SUBOPT_0x1
                 _0x200001E:
0000df c10a      	RJMP _0x200001B
                 _0x200001C:
0000e0 30e1      	CPI  R30,LOW(0x1)
0000e1 f4a9      	BRNE _0x200001F
0000e2 3225      	CPI  R18,37
0000e3 f419      	BRNE _0x2000020
0000e4 940e 03d2 	CALL SUBOPT_0x1
0000e6 c102      	RJMP _0x20000CC
                 _0x2000020:
0000e7 e012      	LDI  R17,LOW(2)
0000e8 e040      	LDI  R20,LOW(0)
0000e9 e000      	LDI  R16,LOW(0)
0000ea 322d      	CPI  R18,45
0000eb f411      	BRNE _0x2000021
0000ec e001      	LDI  R16,LOW(1)
0000ed c0fc      	RJMP _0x200001B
                 _0x2000021:
0000ee 322b      	CPI  R18,43
0000ef f411      	BRNE _0x2000022
0000f0 e24b      	LDI  R20,LOW(43)
0000f1 c0f8      	RJMP _0x200001B
                 _0x2000022:
0000f2 3220      	CPI  R18,32
0000f3 f411      	BRNE _0x2000023
0000f4 e240      	LDI  R20,LOW(32)
0000f5 c0f4      	RJMP _0x200001B
                 _0x2000023:
0000f6 c002      	RJMP _0x2000024
                 _0x200001F:
0000f7 30e2      	CPI  R30,LOW(0x2)
0000f8 f439      	BRNE _0x2000025
                 _0x2000024:
0000f9 e050      	LDI  R21,LOW(0)
0000fa e013      	LDI  R17,LOW(3)
0000fb 3320      	CPI  R18,48
0000fc f411      	BRNE _0x2000026
0000fd 6800      	ORI  R16,LOW(128)
0000fe c0eb      	RJMP _0x200001B
                 _0x2000026:
0000ff c003      	RJMP _0x2000027
                 _0x2000025:
000100 30e3      	CPI  R30,LOW(0x3)
000101 f009      	BREQ PC+2
000102 c0e7      	RJMP _0x200001B
                 _0x2000027:
000103 3320      	CPI  R18,48
000104 f010      	BRLO _0x200002A
000105 332a      	CPI  R18,58
000106 f008      	BRLO _0x200002B
                 _0x200002A:
000107 c007      	RJMP _0x2000029
                 _0x200002B:
000108 e0aa      	LDI  R26,LOW(10)
000109 9f5a      	MUL  R21,R26
00010a 2d50      	MOV  R21,R0
00010b 2fe2      	MOV  R30,R18
00010c 53e0      	SUBI R30,LOW(48)
00010d 0f5e      	ADD  R21,R30
00010e c0db      	RJMP _0x200001B
                 _0x2000029:
00010f 2fe2      	MOV  R30,R18
000110 36e3      	CPI  R30,LOW(0x63)
000111 f449      	BRNE _0x200002F
000112 940e 03d9 	CALL SUBOPT_0x2
000114 89e8      	LDD  R30,Y+16
000115 89f9      	LDD  R31,Y+16+1
000116 81a4      	LDD  R26,Z+4
000117 93aa      	ST   -Y,R26
000118 940e 03df 	CALL SUBOPT_0x3
00011a c0ce      	RJMP _0x2000030
                 _0x200002F:
00011b 37e3      	CPI  R30,LOW(0x73)
00011c f441      	BRNE _0x2000032
00011d 940e 03d9 	CALL SUBOPT_0x2
00011f 940e 03e5 	CALL SUBOPT_0x4
000121 940e 03aa 	CALL _strlen
000123 2f1e      	MOV  R17,R30
000124 c00a      	RJMP _0x2000033
                 _0x2000032:
000125 37e0      	CPI  R30,LOW(0x70)
000126 f461      	BRNE _0x2000035
000127 940e 03d9 	CALL SUBOPT_0x2
000129 940e 03e5 	CALL SUBOPT_0x4
00012b 940e 03b6 	CALL _strlenf
00012d 2f1e      	MOV  R17,R30
00012e 6008      	ORI  R16,LOW(8)
                 _0x2000033:
00012f 6002      	ORI  R16,LOW(2)
000130 770f      	ANDI R16,LOW(127)
000131 e030      	LDI  R19,LOW(0)
000132 c034      	RJMP _0x2000036
                 _0x2000035:
000133 36e4      	CPI  R30,LOW(0x64)
000134 f011      	BREQ _0x2000039
000135 36e9      	CPI  R30,LOW(0x69)
000136 f411      	BRNE _0x200003A
                 _0x2000039:
000137 6004      	ORI  R16,LOW(4)
000138 c002      	RJMP _0x200003B
                 _0x200003A:
000139 37e5      	CPI  R30,LOW(0x75)
00013a f431      	BRNE _0x200003C
                 _0x200003B:
00013b e5e4      	LDI  R30,LOW(_tbl10_G100*2)
00013c e0f0      	LDI  R31,HIGH(_tbl10_G100*2)
00013d 83ee      	STD  Y+6,R30
00013e 83ff      	STD  Y+6+1,R31
00013f e015      	LDI  R17,LOW(5)
000140 c00c      	RJMP _0x200003D
                 _0x200003C:
000141 35e8      	CPI  R30,LOW(0x58)
000142 f411      	BRNE _0x200003F
000143 6008      	ORI  R16,LOW(8)
000144 c003      	RJMP _0x2000040
                 _0x200003F:
000145 37e8      	CPI  R30,LOW(0x78)
000146 f009      	BREQ PC+2
000147 c0a1      	RJMP _0x2000071
                 _0x2000040:
000148 e5ee      	LDI  R30,LOW(_tbl16_G100*2)
000149 e0f0      	LDI  R31,HIGH(_tbl16_G100*2)
00014a 83ee      	STD  Y+6,R30
00014b 83ff      	STD  Y+6+1,R31
00014c e014      	LDI  R17,LOW(4)
                 _0x200003D:
00014d ff02      	SBRS R16,2
00014e c014      	RJMP _0x2000042
00014f 940e 03d9 	CALL SUBOPT_0x2
000151 940e 03ef 	CALL SUBOPT_0x5
000153 85ab      	LDD  R26,Y+11
000154 23aa      	TST  R26
000155 f43a      	BRPL _0x2000043
000156 85ea      	LDD  R30,Y+10
000157 85fb      	LDD  R31,Y+10+1
000158 940e 041f 	CALL __ANEGW1
00015a 87ea      	STD  Y+10,R30
00015b 87fb      	STD  Y+10+1,R31
00015c e24d      	LDI  R20,LOW(45)
                 _0x2000043:
00015d 3040      	CPI  R20,0
00015e f011      	BREQ _0x2000044
00015f 5f1f      	SUBI R17,-LOW(1)
000160 c001      	RJMP _0x2000045
                 _0x2000044:
000161 7f0b      	ANDI R16,LOW(251)
                 _0x2000045:
000162 c004      	RJMP _0x2000046
                 _0x2000042:
000163 940e 03d9 	CALL SUBOPT_0x2
000165 940e 03ef 	CALL SUBOPT_0x5
                 _0x2000046:
                 _0x2000036:
000167 fd00      	SBRC R16,0
000168 c011      	RJMP _0x2000047
                 _0x2000048:
000169 1715      	CP   R17,R21
00016a f478      	BRSH _0x200004A
00016b ff07      	SBRS R16,7
00016c c008      	RJMP _0x200004B
00016d ff02      	SBRS R16,2
00016e c004      	RJMP _0x200004C
00016f 7f0b      	ANDI R16,LOW(251)
000170 2f24      	MOV  R18,R20
000171 5011      	SUBI R17,LOW(1)
000172 c001      	RJMP _0x200004D
                 _0x200004C:
000173 e320      	LDI  R18,LOW(48)
                 _0x200004D:
000174 c001      	RJMP _0x200004E
                 _0x200004B:
000175 e220      	LDI  R18,LOW(32)
                 _0x200004E:
000176 940e 03d2 	CALL SUBOPT_0x1
000178 5051      	SUBI R21,LOW(1)
000179 cfef      	RJMP _0x2000048
                 _0x200004A:
                 _0x2000047:
00017a 2f31      	MOV  R19,R17
00017b ff01      	SBRS R16,1
00017c c017      	RJMP _0x200004F
                 _0x2000050:
00017d 3030      	CPI  R19,0
00017e f0a1      	BREQ _0x2000052
00017f ff03      	SBRS R16,3
000180 c006      	RJMP _0x2000053
000181 81ee      	LDD  R30,Y+6
000182 81ff      	LDD  R31,Y+6+1
000183 9125      	LPM  R18,Z+
000184 83ee      	STD  Y+6,R30
000185 83ff      	STD  Y+6+1,R31
000186 c005      	RJMP _0x2000054
                 _0x2000053:
000187 81ae      	LDD  R26,Y+6
000188 81bf      	LDD  R27,Y+6+1
000189 912d      	LD   R18,X+
00018a 83ae      	STD  Y+6,R26
00018b 83bf      	STD  Y+6+1,R27
                 _0x2000054:
00018c 940e 03d2 	CALL SUBOPT_0x1
00018e 3050      	CPI  R21,0
00018f f009      	BREQ _0x2000055
000190 5051      	SUBI R21,LOW(1)
                 _0x2000055:
000191 5031      	SUBI R19,LOW(1)
000192 cfea      	RJMP _0x2000050
                 _0x2000052:
000193 c04b      	RJMP _0x2000056
                 _0x200004F:
                 _0x2000058:
000194 e320      	LDI  R18,LOW(48)
000195 81ee      	LDD  R30,Y+6
000196 81ff      	LDD  R31,Y+6+1
000197 940e 0434 	CALL __GETW1PF
000199 87e8      	STD  Y+8,R30
00019a 87f9      	STD  Y+8+1,R31
00019b 81ee      	LDD  R30,Y+6
00019c 81ff      	LDD  R31,Y+6+1
00019d 9632      	ADIW R30,2
00019e 83ee      	STD  Y+6,R30
00019f 83ff      	STD  Y+6+1,R31
                 _0x200005A:
0001a0 85e8      	LDD  R30,Y+8
0001a1 85f9      	LDD  R31,Y+8+1
0001a2 85aa      	LDD  R26,Y+10
0001a3 85bb      	LDD  R27,Y+10+1
0001a4 17ae      	CP   R26,R30
0001a5 07bf      	CPC  R27,R31
0001a6 f050      	BRLO _0x200005C
0001a7 5f2f      	SUBI R18,-LOW(1)
0001a8 85a8      	LDD  R26,Y+8
0001a9 85b9      	LDD  R27,Y+8+1
0001aa 85ea      	LDD  R30,Y+10
0001ab 85fb      	LDD  R31,Y+10+1
0001ac 1bea      	SUB  R30,R26
0001ad 0bfb      	SBC  R31,R27
0001ae 87ea      	STD  Y+10,R30
0001af 87fb      	STD  Y+10+1,R31
0001b0 cfef      	RJMP _0x200005A
                 _0x200005C:
0001b1 332a      	CPI  R18,58
0001b2 f028      	BRLO _0x200005D
0001b3 ff03      	SBRS R16,3
0001b4 c002      	RJMP _0x200005E
0001b5 5f29      	SUBI R18,-LOW(7)
0001b6 c001      	RJMP _0x200005F
                 _0x200005E:
0001b7 5d29      	SUBI R18,-LOW(39)
                 _0x200005F:
                 _0x200005D:
0001b8 fd04      	SBRC R16,4
0001b9 c01a      	RJMP _0x2000061
0001ba 3321      	CPI  R18,49
0001bb f420      	BRSH _0x2000063
0001bc 85a8      	LDD  R26,Y+8
0001bd 85b9      	LDD  R27,Y+8+1
0001be 9711      	SBIW R26,1
0001bf f409      	BRNE _0x2000062
                 _0x2000063:
0001c0 c009      	RJMP _0x20000CD
                 _0x2000062:
0001c1 1753      	CP   R21,R19
0001c2 f010      	BRLO _0x2000067
0001c3 ff00      	SBRS R16,0
0001c4 c001      	RJMP _0x2000068
                 _0x2000067:
0001c5 c013      	RJMP _0x2000066
                 _0x2000068:
0001c6 e220      	LDI  R18,LOW(32)
0001c7 ff07      	SBRS R16,7
0001c8 c00b      	RJMP _0x2000069
0001c9 e320      	LDI  R18,LOW(48)
                 _0x20000CD:
0001ca 6100      	ORI  R16,LOW(16)
0001cb ff02      	SBRS R16,2
0001cc c007      	RJMP _0x200006A
0001cd 7f0b      	ANDI R16,LOW(251)
0001ce 934a      	ST   -Y,R20
0001cf 940e 03df 	CALL SUBOPT_0x3
0001d1 3050      	CPI  R21,0
0001d2 f009      	BREQ _0x200006B
0001d3 5051      	SUBI R21,LOW(1)
                 _0x200006B:
                 _0x200006A:
                 _0x2000069:
                 _0x2000061:
0001d4 940e 03d2 	CALL SUBOPT_0x1
0001d6 3050      	CPI  R21,0
0001d7 f009      	BREQ _0x200006C
0001d8 5051      	SUBI R21,LOW(1)
                 _0x200006C:
                 _0x2000066:
0001d9 5031      	SUBI R19,LOW(1)
0001da 85a8      	LDD  R26,Y+8
0001db 85b9      	LDD  R27,Y+8+1
0001dc 9712      	SBIW R26,2
0001dd f008      	BRLO _0x2000059
0001de cfb5      	RJMP _0x2000058
                 _0x2000059:
                 _0x2000056:
0001df ff00      	SBRS R16,0
0001e0 c008      	RJMP _0x200006D
                 _0x200006E:
0001e1 3050      	CPI  R21,0
0001e2 f031      	BREQ _0x2000070
0001e3 5051      	SUBI R21,LOW(1)
0001e4 e2e0      	LDI  R30,LOW(32)
0001e5 93ea      	ST   -Y,R30
0001e6 940e 03df 	CALL SUBOPT_0x3
0001e8 cff8      	RJMP _0x200006E
                 _0x2000070:
                 _0x200006D:
                 _0x2000071:
                 _0x2000030:
                 _0x20000CC:
0001e9 e010      	LDI  R17,LOW(0)
                 _0x200001B:
0001ea cee0      	RJMP _0x2000016
                 _0x2000018:
0001eb 85ac      	LDD  R26,Y+12
0001ec 85bd      	LDD  R27,Y+12+1
0001ed 940e 0430 	CALL __GETW1P
0001ef 940e 0444 	CALL __LOADLOCR6
0001f1 9664      	ADIW R28,20
0001f2 9508      	RET
                 ; .FEND
                 _printf:
                 ; .FSTART _printf
0001f3 92ff      	PUSH R15
0001f4 2ef8      	MOV  R15,R24
0001f5 9726      	SBIW R28,6
0001f6 931a      	ST   -Y,R17
0001f7 930a      	ST   -Y,R16
0001f8 01de      	MOVW R26,R28
0001f9 9614      	ADIW R26,4
0001fa 940e 041b 	CALL __ADDW2R15
0001fc 018d      	MOVW R16,R26
0001fd e0e0      	LDI  R30,LOW(0)
0001fe 83ec      	STD  Y+4,R30
0001ff 83ed      	STD  Y+4+1,R30
000200 83ee      	STD  Y+6,R30
000201 83ef      	STD  Y+6+1,R30
000202 01de      	MOVW R26,R28
000203 9618      	ADIW R26,8
000204 940e 03f7 	CALL SUBOPT_0x6
000206 ebe2      	LDI  R30,LOW(_put_usart_G100)
000207 e0f0      	LDI  R31,HIGH(_put_usart_G100)
000208 93fa      	ST   -Y,R31
000209 93ea      	ST   -Y,R30
00020a 01de      	MOVW R26,R28
00020b 9618      	ADIW R26,8
00020c deb2      	RCALL __print_G100
00020d 8119      	LDD  R17,Y+1
00020e 8108      	LDD  R16,Y+0
00020f 9628      	ADIW R28,8
000210 90ff      	POP  R15
000211 9508      	RET
                 ; .FEND
                 _get_usart_G100:
                 ; .FSTART _get_usart_G100
000212 93ba      	ST   -Y,R27
000213 93aa      	ST   -Y,R26
000214 931a      	ST   -Y,R17
000215 81a9      	LDD  R26,Y+1
000216 81ba      	LDD  R27,Y+1+1
000217 e0e0      	LDI  R30,LOW(0)
000218 93ec      	ST   X,R30
000219 81ab      	LDD  R26,Y+3
00021a 81bc      	LDD  R27,Y+3+1
00021b 91ec      	LD   R30,X
00021c 2f1e      	MOV  R17,R30
00021d 30e0      	CPI  R30,0
00021e f019      	BREQ _0x2000078
00021f e0e0      	LDI  R30,LOW(0)
000220 93ec      	ST   X,R30
000221 c002      	RJMP _0x2000079
                 _0x2000078:
000222 de84      	RCALL _getchar
000223 2f1e      	MOV  R17,R30
                 _0x2000079:
000224 2fe1      	MOV  R30,R17
000225 8118      	LDD  R17,Y+0
000226 9625      	ADIW R28,5
000227 9508      	RET
                 ; .FEND
                 __scanf_G100:
                 ; .FSTART __scanf_G100
000228 92ff      	PUSH R15
000229 93ba      	ST   -Y,R27
00022a 93aa      	ST   -Y,R26
00022b 9724      	SBIW R28,4
00022c 940e 043d 	CALL __SAVELOCR6
00022e e0e0      	LDI  R30,LOW(0)
00022f e0f0      	LDI  R31,HIGH(0)
000230 87e8      	STD  Y+8,R30
000231 87f9      	STD  Y+8+1,R31
000232 2f4e      	MOV  R20,R30
                 _0x200007F:
000233 89e8      	LDD  R30,Y+16
000234 89f9      	LDD  R31,Y+16+1
000235 9631      	ADIW R30,1
000236 8be8      	STD  Y+16,R30
000237 8bf9      	STD  Y+16+1,R31
000238 9731      	SBIW R30,1
000239 91e4      	LPM  R30,Z
00023a 2f3e      	MOV  R19,R30
00023b 30e0      	CPI  R30,0
00023c f409      	BRNE PC+2
00023d c125      	RJMP _0x2000081
00023e 940e 0400 	CALL SUBOPT_0x7
000240 f0c1      	BREQ _0x2000082
                 _0x2000083:
000241 b7ed      	IN   R30,SPL
000242 b7fe      	IN   R31,SPH
000243 93fa      	ST   -Y,R31
000244 93ea      	ST   -Y,R30
000245 934f      	PUSH R20
000246 940e 0405 	CALL SUBOPT_0x8
000248 914f      	POP  R20
000249 2f3e      	MOV  R19,R30
00024a 30e0      	CPI  R30,0
00024b f019      	BREQ _0x2000086
00024c 940e 0400 	CALL SUBOPT_0x7
00024e f409      	BRNE _0x2000087
                 _0x2000086:
00024f c007      	RJMP _0x2000085
                 _0x2000087:
000250 940e 040b 	CALL SUBOPT_0x9
000252 f41c      	BRGE _0x2000088
000253 efef      	LDI  R30,LOW(65535)
000254 efff      	LDI  R31,HIGH(65535)
000255 c10f      	RJMP _0x2060001
                 _0x2000088:
000256 cfea      	RJMP _0x2000083
                 _0x2000085:
000257 2f43      	MOV  R20,R19
000258 c109      	RJMP _0x2000089
                 _0x2000082:
000259 3235      	CPI  R19,37
00025a f009      	BREQ PC+2
00025b c0ee      	RJMP _0x200008A
00025c e050      	LDI  R21,LOW(0)
                 _0x200008B:
00025d 89e8      	LDD  R30,Y+16
00025e 89f9      	LDD  R31,Y+16+1
00025f 9135      	LPM  R19,Z+
000260 8be8      	STD  Y+16,R30
000261 8bf9      	STD  Y+16+1,R31
000262 3330      	CPI  R19,48
000263 f010      	BRLO _0x200008F
000264 333a      	CPI  R19,58
000265 f008      	BRLO _0x200008E
                 _0x200008F:
000266 c007      	RJMP _0x200008D
                 _0x200008E:
000267 e0aa      	LDI  R26,LOW(10)
000268 9f5a      	MUL  R21,R26
000269 2d50      	MOV  R21,R0
00026a 2fe3      	MOV  R30,R19
00026b 53e0      	SUBI R30,LOW(48)
00026c 0f5e      	ADD  R21,R30
00026d cfef      	RJMP _0x200008B
                 _0x200008D:
00026e 3030      	CPI  R19,0
00026f f409      	BRNE _0x2000091
000270 c0f2      	RJMP _0x2000081
                 _0x2000091:
                 _0x2000092:
000271 b7ed      	IN   R30,SPL
000272 b7fe      	IN   R31,SPH
000273 93fa      	ST   -Y,R31
000274 93ea      	ST   -Y,R30
000275 934f      	PUSH R20
000276 940e 0405 	CALL SUBOPT_0x8
000278 914f      	POP  R20
000279 2f2e      	MOV  R18,R30
00027a 2fae      	MOV  R26,R30
00027b 940e 0390 	CALL _isspace
00027d 30e0      	CPI  R30,0
00027e f039      	BREQ _0x2000094
00027f 940e 040b 	CALL SUBOPT_0x9
000281 f41c      	BRGE _0x2000095
000282 efef      	LDI  R30,LOW(65535)
000283 efff      	LDI  R31,HIGH(65535)
000284 c0e0      	RJMP _0x2060001
                 _0x2000095:
000285 cfeb      	RJMP _0x2000092
                 _0x2000094:
000286 3020      	CPI  R18,0
000287 f409      	BRNE _0x2000096
000288 c0d1      	RJMP _0x2000097
                 _0x2000096:
000289 2f42      	MOV  R20,R18
00028a 3050      	CPI  R21,0
00028b f409      	BRNE _0x2000098
00028c ef5f      	LDI  R21,LOW(255)
                 _0x2000098:
00028d 2fe3      	MOV  R30,R19
00028e 36e3      	CPI  R30,LOW(0x63)
00028f f499      	BRNE _0x200009C
000290 940e 0410 	CALL SUBOPT_0xA
000292 b7ed      	IN   R30,SPL
000293 b7fe      	IN   R31,SPH
000294 93fa      	ST   -Y,R31
000295 93ea      	ST   -Y,R30
000296 934f      	PUSH R20
000297 940e 0405 	CALL SUBOPT_0x8
000299 914f      	POP  R20
00029a 01d8      	MOVW R26,R16
00029b 93ec      	ST   X,R30
00029c 940e 040b 	CALL SUBOPT_0x9
00029e f41c      	BRGE _0x200009D
00029f efef      	LDI  R30,LOW(65535)
0002a0 efff      	LDI  R31,HIGH(65535)
0002a1 c0c3      	RJMP _0x2060001
                 _0x200009D:
0002a2 c0a1      	RJMP _0x200009B
                 _0x200009C:
0002a3 37e3      	CPI  R30,LOW(0x73)
0002a4 f541      	BRNE _0x20000A6
0002a5 940e 0410 	CALL SUBOPT_0xA
                 _0x200009F:
0002a7 2fe5      	MOV  R30,R21
0002a8 5051      	SUBI R21,1
0002a9 30e0      	CPI  R30,0
0002aa f0f1      	BREQ _0x20000A1
0002ab b7ed      	IN   R30,SPL
0002ac b7fe      	IN   R31,SPH
0002ad 93fa      	ST   -Y,R31
0002ae 93ea      	ST   -Y,R30
0002af 934f      	PUSH R20
0002b0 940e 0405 	CALL SUBOPT_0x8
0002b2 914f      	POP  R20
0002b3 2f3e      	MOV  R19,R30
0002b4 30e0      	CPI  R30,0
0002b5 f019      	BREQ _0x20000A3
0002b6 940e 0400 	CALL SUBOPT_0x7
0002b8 f039      	BREQ _0x20000A2
                 _0x20000A3:
0002b9 940e 040b 	CALL SUBOPT_0x9
0002bb f41c      	BRGE _0x20000A5
0002bc efef      	LDI  R30,LOW(65535)
0002bd efff      	LDI  R31,HIGH(65535)
0002be c0a6      	RJMP _0x2060001
                 _0x20000A5:
0002bf c009      	RJMP _0x20000A1
                 _0x20000A2:
0002c0 931f      	PUSH R17
0002c1 930f      	PUSH R16
                +
0002c2 5f0f     +SUBI R16 , LOW ( - 1 )
0002c3 4f1f     +SBCI R17 , HIGH ( - 1 )
                 	__ADDWRN 16,17,1
0002c4 2fe3      	MOV  R30,R19
0002c5 91af      	POP  R26
0002c6 91bf      	POP  R27
0002c7 93ec      	ST   X,R30
0002c8 cfde      	RJMP _0x200009F
                 _0x20000A1:
0002c9 01d8      	MOVW R26,R16
0002ca e0e0      	LDI  R30,LOW(0)
0002cb 93ec      	ST   X,R30
0002cc c077      	RJMP _0x200009B
                 _0x20000A6:
0002cd 9468      	SET
0002ce f8f1      	BLD  R15,1
0002cf 94e8      	CLT
0002d0 f8f2      	BLD  R15,2
0002d1 2fe3      	MOV  R30,R19
0002d2 36e4      	CPI  R30,LOW(0x64)
0002d3 f011      	BREQ _0x20000AB
0002d4 36e9      	CPI  R30,LOW(0x69)
0002d5 f419      	BRNE _0x20000AC
                 _0x20000AB:
0002d6 94e8      	CLT
0002d7 f8f1      	BLD  R15,1
0002d8 c002      	RJMP _0x20000AD
                 _0x20000AC:
0002d9 37e5      	CPI  R30,LOW(0x75)
0002da f411      	BRNE _0x20000AE
                 _0x20000AD:
0002db e02a      	LDI  R18,LOW(10)
0002dc c008      	RJMP _0x20000A9
                 _0x20000AE:
0002dd 37e8      	CPI  R30,LOW(0x78)
0002de f411      	BRNE _0x20000AF
0002df e120      	LDI  R18,LOW(16)
0002e0 c004      	RJMP _0x20000A9
                 _0x20000AF:
0002e1 32e5      	CPI  R30,LOW(0x25)
0002e2 f409      	BRNE _0x20000B2
0002e3 c066      	RJMP _0x20000B1
                 _0x20000B2:
0002e4 c07e      	RJMP _0x2060002
                 _0x20000A9:
0002e5 e0e0      	LDI  R30,LOW(0)
0002e6 83ee      	STD  Y+6,R30
0002e7 83ef      	STD  Y+6+1,R30
0002e8 9468      	SET
0002e9 f8f0      	BLD  R15,0
                 _0x20000B3:
0002ea 2fe5      	MOV  R30,R21
0002eb 5051      	SUBI R21,1
0002ec 30e0      	CPI  R30,0
0002ed f409      	BRNE PC+2
0002ee c046      	RJMP _0x20000B5
0002ef b7ed      	IN   R30,SPL
0002f0 b7fe      	IN   R31,SPH
0002f1 93fa      	ST   -Y,R31
0002f2 93ea      	ST   -Y,R30
0002f3 934f      	PUSH R20
0002f4 940e 0405 	CALL SUBOPT_0x8
0002f6 914f      	POP  R20
0002f7 2f3e      	MOV  R19,R30
0002f8 32e1      	CPI  R30,LOW(0x21)
0002f9 f438      	BRSH _0x20000B6
0002fa 940e 040b 	CALL SUBOPT_0x9
0002fc f41c      	BRGE _0x20000B7
0002fd efef      	LDI  R30,LOW(65535)
0002fe efff      	LDI  R31,HIGH(65535)
0002ff c065      	RJMP _0x2060001
                 _0x20000B7:
000300 c017      	RJMP _0x20000B8
                 _0x20000B6:
000301 fcf1      	SBRC R15,1
000302 c008      	RJMP _0x20000B9
000303 9468      	SET
000304 f8f1      	BLD  R15,1
000305 323d      	CPI  R19,45
000306 f411      	BRNE _0x20000BA
000307 f8f2      	BLD  R15,2
000308 cfe1      	RJMP _0x20000B3
                 _0x20000BA:
000309 323b      	CPI  R19,43
00030a f2f9      	BREQ _0x20000B3
                 _0x20000B9:
00030b 3120      	CPI  R18,16
00030c f431      	BRNE _0x20000BC
00030d 2fa3      	MOV  R26,R19
00030e 940e 039b 	CALL _isxdigit
000310 30e0      	CPI  R30,0
000311 f031      	BREQ _0x20000B8
000312 c009      	RJMP _0x20000BE
                 _0x20000BC:
000313 2fa3      	MOV  R26,R19
000314 940e 0387 	CALL _isdigit
000316 30e0      	CPI  R30,0
000317 f421      	BRNE _0x20000BF
                 _0x20000B8:
000318 fcf0      	SBRC R15,0
000319 c049      	RJMP _0x20000C1
00031a 2f43      	MOV  R20,R19
00031b c019      	RJMP _0x20000B5
                 _0x20000BF:
                 _0x20000BE:
00031c 3631      	CPI  R19,97
00031d f010      	BRLO _0x20000C2
00031e 5537      	SUBI R19,LOW(87)
00031f c005      	RJMP _0x20000C3
                 _0x20000C2:
000320 3431      	CPI  R19,65
000321 f010      	BRLO _0x20000C4
000322 5337      	SUBI R19,LOW(55)
000323 c001      	RJMP _0x20000C5
                 _0x20000C4:
000324 5330      	SUBI R19,LOW(48)
                 _0x20000C5:
                 _0x20000C3:
000325 2fe2      	MOV  R30,R18
000326 81ae      	LDD  R26,Y+6
000327 81bf      	LDD  R27,Y+6+1
000328 e0f0      	LDI  R31,0
000329 940e 0428 	CALL __MULW12U
00032b 01df      	MOVW R26,R30
00032c 2fe3      	MOV  R30,R19
00032d e0f0      	LDI  R31,0
00032e 0fea      	ADD  R30,R26
00032f 1ffb      	ADC  R31,R27
000330 83ee      	STD  Y+6,R30
000331 83ff      	STD  Y+6+1,R31
000332 94e8      	CLT
000333 f8f0      	BLD  R15,0
000334 cfb5      	RJMP _0x20000B3
                 _0x20000B5:
000335 940e 0410 	CALL SUBOPT_0xA
000337 fef2      	SBRS R15,2
000338 c006      	RJMP _0x20000C6
000339 81ee      	LDD  R30,Y+6
00033a 81ff      	LDD  R31,Y+6+1
00033b 940e 041f 	CALL __ANEGW1
00033d 83ee      	STD  Y+6,R30
00033e 83ff      	STD  Y+6+1,R31
                 _0x20000C6:
00033f 81ee      	LDD  R30,Y+6
000340 81ff      	LDD  R31,Y+6+1
000341 01d8      	MOVW R26,R16
000342 93ed      	ST   X+,R30
000343 93fc      	ST   X,R31
                 _0x200009B:
000344 85e8      	LDD  R30,Y+8
000345 85f9      	LDD  R31,Y+8+1
000346 9631      	ADIW R30,1
000347 87e8      	STD  Y+8,R30
000348 87f9      	STD  Y+8+1,R31
000349 c018      	RJMP _0x20000C7
                 _0x200008A:
                 _0x20000B1:
00034a b7ed      	IN   R30,SPL
00034b b7fe      	IN   R31,SPH
00034c 93fa      	ST   -Y,R31
00034d 93ea      	ST   -Y,R30
00034e 934f      	PUSH R20
00034f 940e 0405 	CALL SUBOPT_0x8
000351 914f      	POP  R20
000352 17e3      	CP   R30,R19
000353 f071      	BREQ _0x20000C8
000354 940e 040b 	CALL SUBOPT_0x9
000356 f41c      	BRGE _0x20000C9
000357 efef      	LDI  R30,LOW(65535)
000358 efff      	LDI  R31,HIGH(65535)
000359 c00b      	RJMP _0x2060001
                 _0x20000C9:
                 _0x2000097:
00035a 85e8      	LDD  R30,Y+8
00035b 85f9      	LDD  R31,Y+8+1
00035c 9730      	SBIW R30,0
00035d f419      	BRNE _0x20000CA
00035e efef      	LDI  R30,LOW(65535)
00035f efff      	LDI  R31,HIGH(65535)
000360 c004      	RJMP _0x2060001
                 _0x20000CA:
000361 c001      	RJMP _0x2000081
                 _0x20000C8:
                 _0x20000C7:
                 _0x2000089:
000362 ced0      	RJMP _0x200007F
                 _0x2000081:
                 _0x20000C1:
                 _0x2060002:
000363 85e8      	LDD  R30,Y+8
000364 85f9      	LDD  R31,Y+8+1
                 _0x2060001:
000365 940e 0444 	CALL __LOADLOCR6
000367 9662      	ADIW R28,18
000368 90ff      	POP  R15
000369 9508      	RET
                 ; .FEND
                 _scanf:
                 ; .FSTART _scanf
00036a 92ff      	PUSH R15
00036b 2ef8      	MOV  R15,R24
00036c 9723      	SBIW R28,3
00036d 931a      	ST   -Y,R17
00036e 930a      	ST   -Y,R16
00036f 01de      	MOVW R26,R28
000370 9611      	ADIW R26,1
000371 940e 041b 	CALL __ADDW2R15
000373 018d      	MOVW R16,R26
000374 e0e0      	LDI  R30,LOW(0)
000375 83eb      	STD  Y+3,R30
000376 83ec      	STD  Y+3+1,R30
000377 01de      	MOVW R26,R28
000378 9615      	ADIW R26,5
000379 940e 03f7 	CALL SUBOPT_0x6
00037b e1e2      	LDI  R30,LOW(_get_usart_G100)
00037c e0f2      	LDI  R31,HIGH(_get_usart_G100)
00037d 93fa      	ST   -Y,R31
00037e 93ea      	ST   -Y,R30
00037f 01de      	MOVW R26,R28
000380 9618      	ADIW R26,8
000381 dea6      	RCALL __scanf_G100
000382 8119      	LDD  R17,Y+1
000383 8108      	LDD  R16,Y+0
000384 9625      	ADIW R28,5
000385 90ff      	POP  R15
000386 9508      	RET
                 ; .FEND
                 
                 	.CSEG
                 _isdigit:
                 ; .FSTART _isdigit
000387 93aa      	ST   -Y,R26
000388 e0e1          ldi  r30,1
000389 91f9          ld   r31,y+
00038a 33f0          cpi  r31,'0'
00038b f010          brlo isdigit0
00038c 33fa          cpi  r31,'9'+1
00038d f008          brlo isdigit1
                 isdigit0:
00038e 27ee          clr  r30
                 isdigit1:
00038f 9508          ret
                 ; .FEND
                 _isspace:
                 ; .FSTART _isspace
000390 93aa      	ST   -Y,R26
000391 e0e1          ldi  r30,1
000392 91f9          ld   r31,y+
000393 32f0          cpi  r31,' '
000394 f029          breq isspace1
000395 30f9          cpi  r31,9
000396 f010          brlo isspace0
000397 30fe          cpi  r31,13+1
000398 f008          brlo isspace1
                 isspace0:
000399 27ee          clr  r30
                 isspace1:
00039a 9508          ret
                 ; .FEND
                 _isxdigit:
                 ; .FSTART _isxdigit
00039b 93aa      	ST   -Y,R26
00039c e0e1          ldi  r30,1
00039d 91f9          ld   r31,y+
00039e 53f0          subi r31,0x30
00039f f040          brcs isxdigit0
0003a0 30fa          cpi  r31,10
0003a1 f038          brcs isxdigit1
0003a2 75ff          andi r31,0x5f
0003a3 50f7          subi r31,7
0003a4 30fa          cpi  r31,10
0003a5 f010          brcs isxdigit0
0003a6 31f0          cpi  r31,16
0003a7 f008          brcs isxdigit1
                 isxdigit0:
0003a8 27ee          clr  r30
                 isxdigit1:
0003a9 9508          ret
                 ; .FEND
                 
                 	.CSEG
                 _strlen:
                 ; .FSTART _strlen
0003aa 93ba      	ST   -Y,R27
0003ab 93aa      	ST   -Y,R26
0003ac 91a9          ld   r26,y+
0003ad 91b9          ld   r27,y+
0003ae 27ee          clr  r30
0003af 27ff          clr  r31
                 strlen0:
0003b0 916d          ld   r22,x+
0003b1 2366          tst  r22
0003b2 f011          breq strlen1
0003b3 9631          adiw r30,1
0003b4 cffb          rjmp strlen0
                 strlen1:
0003b5 9508          ret
                 ; .FEND
                 _strlenf:
                 ; .FSTART _strlenf
0003b6 93ba      	ST   -Y,R27
0003b7 93aa      	ST   -Y,R26
0003b8 27aa          clr  r26
0003b9 27bb          clr  r27
0003ba 91e9          ld   r30,y+
0003bb 91f9          ld   r31,y+
                 strlenf0:
0003bc 9005      	lpm  r0,z+
0003bd 2000          tst  r0
0003be f011          breq strlenf1
0003bf 9611          adiw r26,1
0003c0 cffb          rjmp strlenf0
                 strlenf1:
0003c1 01fd          movw r30,r26
0003c2 9508          ret
                 ; .FEND
                 
                 	.CSEG
                 ;OPTIMIZER ADDED SUBROUTINE, CALLED 2 TIMES, CODE SIZE REDUCTION:9 WORDS
                 SUBOPT_0x0:
                +
0003c3 e6ec     +LDI R30 , LOW ( 2 * _0x0 + ( 0 ) )
0003c4 e0f0     +LDI R31 , HIGH ( 2 * _0x0 + ( 0 ) )
                 	__POINTW1FN _0x0,0
0003c5 93fa      	ST   -Y,R31
0003c6 93ea      	ST   -Y,R30
                +
0003c7 e0e8     +LDI R30 , LOW ( 0x8 )
0003c8 e0f0     +LDI R31 , HIGH ( 0x8 )
0003c9 e060     +LDI R22 , BYTE3 ( 0x8 )
0003ca e070     +LDI R23 , BYTE4 ( 0x8 )
                 	__GETD1N 0x8
0003cb 940e 0438 	CALL __PUTPARD1
0003cd e084      	LDI  R24,4
0003ce 940e 036a 	CALL _scanf
0003d0 9626      	ADIW R28,6
0003d1 9508      	RET
                 
                 ;OPTIMIZER ADDED SUBROUTINE, CALLED 5 TIMES, CODE SIZE REDUCTION:13 WORDS
                 SUBOPT_0x1:
0003d2 932a      	ST   -Y,R18
0003d3 85ad      	LDD  R26,Y+13
0003d4 85be      	LDD  R27,Y+13+1
0003d5 85ef      	LDD  R30,Y+15
0003d6 89f8      	LDD  R31,Y+15+1
0003d7 9509      	ICALL
0003d8 9508      	RET
                 
                 ;OPTIMIZER ADDED SUBROUTINE, CALLED 5 TIMES, CODE SIZE REDUCTION:9 WORDS
                 SUBOPT_0x2:
0003d9 89e8      	LDD  R30,Y+16
0003da 89f9      	LDD  R31,Y+16+1
0003db 9734      	SBIW R30,4
0003dc 8be8      	STD  Y+16,R30
0003dd 8bf9      	STD  Y+16+1,R31
0003de 9508      	RET
                 
                 ;OPTIMIZER ADDED SUBROUTINE, CALLED 3 TIMES, CODE SIZE REDUCTION:3 WORDS
                 SUBOPT_0x3:
0003df 85ad      	LDD  R26,Y+13
0003e0 85be      	LDD  R27,Y+13+1
0003e1 85ef      	LDD  R30,Y+15
0003e2 89f8      	LDD  R31,Y+15+1
0003e3 9509      	ICALL
0003e4 9508      	RET
                 
                 ;OPTIMIZER ADDED SUBROUTINE, CALLED 2 TIMES, CODE SIZE REDUCTION:4 WORDS
                 SUBOPT_0x4:
0003e5 89a8      	LDD  R26,Y+16
0003e6 89b9      	LDD  R27,Y+16+1
0003e7 9614      	ADIW R26,4
0003e8 940e 0430 	CALL __GETW1P
0003ea 83ee      	STD  Y+6,R30
0003eb 83ff      	STD  Y+6+1,R31
0003ec 81ae      	LDD  R26,Y+6
0003ed 81bf      	LDD  R27,Y+6+1
0003ee 9508      	RET
                 
                 ;OPTIMIZER ADDED SUBROUTINE, CALLED 2 TIMES, CODE SIZE REDUCTION:2 WORDS
                 SUBOPT_0x5:
0003ef 89a8      	LDD  R26,Y+16
0003f0 89b9      	LDD  R27,Y+16+1
0003f1 9614      	ADIW R26,4
0003f2 940e 0430 	CALL __GETW1P
0003f4 87ea      	STD  Y+10,R30
0003f5 87fb      	STD  Y+10+1,R31
0003f6 9508      	RET
                 
                 ;OPTIMIZER ADDED SUBROUTINE, CALLED 2 TIMES, CODE SIZE REDUCTION:3 WORDS
                 SUBOPT_0x6:
0003f7 940e 041b 	CALL __ADDW2R15
0003f9 940e 0430 	CALL __GETW1P
0003fb 93fa      	ST   -Y,R31
0003fc 93ea      	ST   -Y,R30
0003fd 931a      	ST   -Y,R17
0003fe 930a      	ST   -Y,R16
0003ff 9508      	RET
                 
                 ;OPTIMIZER ADDED SUBROUTINE, CALLED 3 TIMES, CODE SIZE REDUCTION:1 WORDS
                 SUBOPT_0x7:
000400 2fa3      	MOV  R26,R19
000401 940e 0390 	CALL _isspace
000403 30e0      	CPI  R30,0
000404 9508      	RET
                 
                 ;OPTIMIZER ADDED SUBROUTINE, CALLED 6 TIMES, CODE SIZE REDUCTION:12 WORDS
                 SUBOPT_0x8:
000405 85ac      	LDD  R26,Y+12
000406 85bd      	LDD  R27,Y+12+1
000407 85ee      	LDD  R30,Y+14
000408 85ff      	LDD  R31,Y+14+1
000409 9509      	ICALL
00040a 9508      	RET
                 
                 ;OPTIMIZER ADDED SUBROUTINE, CALLED 6 TIMES, CODE SIZE REDUCTION:7 WORDS
                 SUBOPT_0x9:
00040b 85aa      	LDD  R26,Y+10
00040c 85bb      	LDD  R27,Y+10+1
00040d 91ac      	LD   R26,X
00040e 30a0      	CPI  R26,0
00040f 9508      	RET
                 
                 ;OPTIMIZER ADDED SUBROUTINE, CALLED 3 TIMES, CODE SIZE REDUCTION:13 WORDS
                 SUBOPT_0xA:
000410 85ee      	LDD  R30,Y+14
000411 85ff      	LDD  R31,Y+14+1
000412 9734      	SBIW R30,4
000413 87ee      	STD  Y+14,R30
000414 87ff      	STD  Y+14+1,R31
000415 85ae      	LDD  R26,Y+14
000416 85bf      	LDD  R27,Y+14+1
000417 9614      	ADIW R26,4
000418 910d      	LD   R16,X+
000419 911c      	LD   R17,X
00041a 9508      	RET
                 
                 
                 	.CSEG
                 __ADDW2R15:
00041b 2400      	CLR  R0
00041c 0daf      	ADD  R26,R15
00041d 1db0      	ADC  R27,R0
00041e 9508      	RET
                 
                 __ANEGW1:
00041f 95f1      	NEG  R31
000420 95e1      	NEG  R30
000421 40f0      	SBCI R31,0
000422 9508      	RET
                 
                 __CWD1:
000423 2f6f      	MOV  R22,R31
000424 0f66      	ADD  R22,R22
000425 0b66      	SBC  R22,R22
000426 2f76      	MOV  R23,R22
000427 9508      	RET
                 
                 __MULW12U:
000428 9ffa      	MUL  R31,R26
000429 2df0      	MOV  R31,R0
00042a 9feb      	MUL  R30,R27
00042b 0df0      	ADD  R31,R0
00042c 9fea      	MUL  R30,R26
00042d 2de0      	MOV  R30,R0
00042e 0df1      	ADD  R31,R1
00042f 9508      	RET
                 
                 __GETW1P:
000430 91ed      	LD   R30,X+
000431 91fc      	LD   R31,X
000432 9711      	SBIW R26,1
000433 9508      	RET
                 
                 __GETW1PF:
000434 9005      	LPM  R0,Z+
000435 91f4      	LPM  R31,Z
000436 2de0      	MOV  R30,R0
000437 9508      	RET
                 
                 __PUTPARD1:
000438 937a      	ST   -Y,R23
000439 936a      	ST   -Y,R22
00043a 93fa      	ST   -Y,R31
00043b 93ea      	ST   -Y,R30
00043c 9508      	RET
                 
                 __SAVELOCR6:
00043d 935a      	ST   -Y,R21
                 __SAVELOCR5:
00043e 934a      	ST   -Y,R20
                 __SAVELOCR4:
00043f 933a      	ST   -Y,R19
                 __SAVELOCR3:
000440 932a      	ST   -Y,R18
                 __SAVELOCR2:
000441 931a      	ST   -Y,R17
000442 930a      	ST   -Y,R16
000443 9508      	RET
                 
                 __LOADLOCR6:
000444 815d      	LDD  R21,Y+5
                 __LOADLOCR5:
000445 814c      	LDD  R20,Y+4
                 __LOADLOCR4:
000446 813b      	LDD  R19,Y+3
                 __LOADLOCR3:
000447 812a      	LDD  R18,Y+2
                 __LOADLOCR2:
000448 8119      	LDD  R17,Y+1
000449 8108      	LD   R16,Y
00044a 9508      	RET
                 
                 ;END OF CODE MARKER
                 __END_OF_CODE:


RESOURCE USE INFORMATION
------------------------

Notice:
The register and instruction counts are symbol table hit counts,
and hence implicitly used resources are not counted, eg, the
'lpm' instruction without operands implicitly uses r0 and z,
none of which are counted.

x,y,z are separate entities in the symbol table and are
counted separately from r26..r31 here.

.dseg memory usage only counts static data declared with .byte

ATmega32 register use summary:
r0 :  15 r1 :   2 r2 :   0 r3 :   0 r4 :   1 r5 :   1 r6 :   2 r7 :   1 
r8 :   2 r9 :   1 r10:   0 r11:   0 r12:   0 r13:   0 r14:   0 r15:  19 
r16:  39 r17:  29 r18:  34 r19:  35 r20:  25 r21:  27 r22:  12 r23:   3 
r24:  11 r25:   2 r26:  83 r27:  36 r28:  20 r29:   1 r30: 241 r31: 109 
x  :  24 y  : 208 z  :  15 
Registers used: 28 out of 35 (80.0%)

ATmega32 instruction use summary:
.lds  :   0 .lds.l:   0 .sts  :   0 .sts.l:   0 adc   :   2 add   :   7 
adiw  :  25 and   :   0 andi  :   5 asr   :   0 bclr  :   0 bld   :   7 
brbc  :   0 brbs  :   0 brcc  :   0 brcs  :   4 break :   0 breq  :  25 
brge  :   6 brhc  :   0 brhs  :   0 brid  :   0 brie  :   0 brlo  :  14 
brlt  :   0 brmi  :   0 brne  :  37 brpl  :   1 brsh  :   3 brtc  :   0 
brts  :   0 brvc  :   0 brvs  :   0 bset  :   0 bst   :   0 call  :  65 
cbi   :   0 cbr   :   0 clc   :   0 clh   :   0 cli   :   1 cln   :   0 
clr   :  11 cls   :   0 clt   :   3 clv   :   0 clz   :   0 com   :   0 
cp    :   5 cpc   :   2 cpi   :  67 cpse  :   0 dec   :   1 des   :   0 
eor   :   0 fmul  :   0 fmuls :   0 fmulsu:   0 icall :   3 ijmp  :   0 
in    :  14 inc   :   0 jmp   :  22 ld    :  22 ldd   :  90 ldi   :  97 
lds   :   0 lpm   :  17 lsl   :   0 lsr   :   0 mov   :  42 movw  :  17 
mul   :   5 muls  :   0 mulsu :   0 neg   :   2 nop   :   0 or    :   0 
ori   :   6 out   :  24 pop   :  11 push  :  11 rcall :   4 ret   :  33 
reti  :   1 rjmp  :  95 rol   :   0 ror   :   0 sbc   :   2 sbci  :   2 
sbi   :   0 sbic  :   1 sbis  :   2 sbiw  :  15 sbr   :   0 sbrc  :   4 
sbrs  :  11 sec   :   0 seh   :   0 sei   :   1 sen   :   0 ser   :   0 
ses   :   0 set   :   3 sev   :   0 sez   :   0 sleep :   0 spm   :   0 
st    :  75 std   :  46 sts   :   0 sub   :   1 subi  :  22 swap  :   0 
tst   :   3 wdr   :   0 
Instructions used: 53 out of 116 (45.7%)

ATmega32 memory use summary [bytes]:
Segment   Begin    End      Code   Data   Used    Size   Use%
---------------------------------------------------------------
[.cseg] 0x000000 0x000896   2158     40   2198   32768   6.7%
[.dseg] 0x000060 0x000260      0      0      0    2048   0.0%
[.eseg] 0x000000 0x000000      0      0      0    1024   0.0%

Assembly complete, 0 errors, 7 warnings
