
AVRASM ver. 2.1.30  C:\Users\sep\Desktop\project\Debug\List\slave1.asm Sun Jan 26 08:04:16 2020

C:\Users\sep\Desktop\project\Debug\List\slave1.asm(1088): warning: Register r4 already defined by the .DEF directive
C:\Users\sep\Desktop\project\Debug\List\slave1.asm(1089): warning: Register r5 already defined by the .DEF directive
C:\Users\sep\Desktop\project\Debug\List\slave1.asm(1090): warning: Register r6 already defined by the .DEF directive
C:\Users\sep\Desktop\project\Debug\List\slave1.asm(1091): warning: Register r7 already defined by the .DEF directive
C:\Users\sep\Desktop\project\Debug\List\slave1.asm(1092): warning: Register r8 already defined by the .DEF directive
C:\Users\sep\Desktop\project\Debug\List\slave1.asm(1093): warning: Register r9 already defined by the .DEF directive
                 
                 
                 ;CodeVisionAVR C Compiler V3.12 Advanced
                 ;(C) Copyright 1998-2014 Pavel Haiduc, HP InfoTech s.r.l.
                 ;http://www.hpinfotech.com
                 
                 ;Build configuration    : Debug
                 ;Chip type              : ATmega32
                 ;Program type           : Application
                 ;Clock frequency        : 1.000000 MHz
                 ;Memory model           : Small
                 ;Optimize for           : Size
                 ;(s)printf features     : int, width
                 ;(s)scanf features      : int, width
                 ;External RAM size      : 0
                 ;Data Stack size        : 512 byte(s)
                 ;Heap size              : 0 byte(s)
                 ;Promote 'char' to 'int': Yes
                 ;'char' is unsigned     : Yes
                 ;8 bit enums            : Yes
                 ;Global 'const' stored in FLASH: Yes
                 ;Enhanced function parameter passing: Yes
                 ;Enhanced core instructions: On
                 ;Automatic register allocation for global variables: On
                 ;Smart register allocation: On
                 
                 	#define _MODEL_SMALL_
                 
                 	#pragma AVRPART ADMIN PART_NAME ATmega32
                 	#pragma AVRPART MEMORY PROG_FLASH 32768
                 	#pragma AVRPART MEMORY EEPROM 1024
                 	#pragma AVRPART MEMORY INT_SRAM SIZE 2048
                 	#pragma AVRPART MEMORY INT_SRAM START_ADDR 0x60
                 
                 	#define CALL_SUPPORTED 1
                 
                 	.LISTMAC
                 	.EQU UDRE=0x5
                 	.EQU RXC=0x7
                 	.EQU USR=0xB
                 	.EQU UDR=0xC
                 	.EQU SPSR=0xE
                 	.EQU SPDR=0xF
                 	.EQU EERE=0x0
                 	.EQU EEWE=0x1
                 	.EQU EEMWE=0x2
                 	.EQU EECR=0x1C
                 	.EQU EEDR=0x1D
                 	.EQU EEARL=0x1E
                 	.EQU EEARH=0x1F
                 	.EQU WDTCR=0x21
                 	.EQU MCUCR=0x35
                 	.EQU GICR=0x3B
                 	.EQU SPL=0x3D
                 	.EQU SPH=0x3E
                 	.EQU SREG=0x3F
                 
                 	.DEF R0X0=R0
                 	.DEF R0X1=R1
                 	.DEF R0X2=R2
                 	.DEF R0X3=R3
                 	.DEF R0X4=R4
                 	.DEF R0X5=R5
                 	.DEF R0X6=R6
                 	.DEF R0X7=R7
                 	.DEF R0X8=R8
                 	.DEF R0X9=R9
                 	.DEF R0XA=R10
                 	.DEF R0XB=R11
                 	.DEF R0XC=R12
                 	.DEF R0XD=R13
                 	.DEF R0XE=R14
                 	.DEF R0XF=R15
                 	.DEF R0X10=R16
                 	.DEF R0X11=R17
                 	.DEF R0X12=R18
                 	.DEF R0X13=R19
                 	.DEF R0X14=R20
                 	.DEF R0X15=R21
                 	.DEF R0X16=R22
                 	.DEF R0X17=R23
                 	.DEF R0X18=R24
                 	.DEF R0X19=R25
                 	.DEF R0X1A=R26
                 	.DEF R0X1B=R27
                 	.DEF R0X1C=R28
                 	.DEF R0X1D=R29
                 	.DEF R0X1E=R30
                 	.DEF R0X1F=R31
                 
                 	.EQU __SRAM_START=0x0060
                 	.EQU __SRAM_END=0x085F
                 	.EQU __DSTACK_SIZE=0x0200
                 	.EQU __HEAP_SIZE=0x0000
                 	.EQU __CLEAR_SRAM_SIZE=__SRAM_END-__SRAM_START+1
                 
                 	.MACRO __CPD1N
                 	CPI  R30,LOW(@0)
                 	LDI  R26,HIGH(@0)
                 	CPC  R31,R26
                 	LDI  R26,BYTE3(@0)
                 	CPC  R22,R26
                 	LDI  R26,BYTE4(@0)
                 	CPC  R23,R26
                 	.ENDM
                 
                 	.MACRO __CPD2N
                 	CPI  R26,LOW(@0)
                 	LDI  R30,HIGH(@0)
                 	CPC  R27,R30
                 	LDI  R30,BYTE3(@0)
                 	CPC  R24,R30
                 	LDI  R30,BYTE4(@0)
                 	CPC  R25,R30
                 	.ENDM
                 
                 	.MACRO __CPWRR
                 	CP   R@0,R@2
                 	CPC  R@1,R@3
                 	.ENDM
                 
                 	.MACRO __CPWRN
                 	CPI  R@0,LOW(@2)
                 	LDI  R30,HIGH(@2)
                 	CPC  R@1,R30
                 	.ENDM
                 
                 	.MACRO __ADDB1MN
                 	SUBI R30,LOW(-@0-(@1))
                 	.ENDM
                 
                 	.MACRO __ADDB2MN
                 	SUBI R26,LOW(-@0-(@1))
                 	.ENDM
                 
                 	.MACRO __ADDW1MN
                 	SUBI R30,LOW(-@0-(@1))
                 	SBCI R31,HIGH(-@0-(@1))
                 	.ENDM
                 
                 	.MACRO __ADDW2MN
                 	SUBI R26,LOW(-@0-(@1))
                 	SBCI R27,HIGH(-@0-(@1))
                 	.ENDM
                 
                 	.MACRO __ADDW1FN
                 	SUBI R30,LOW(-2*@0-(@1))
                 	SBCI R31,HIGH(-2*@0-(@1))
                 	.ENDM
                 
                 	.MACRO __ADDD1FN
                 	SUBI R30,LOW(-2*@0-(@1))
                 	SBCI R31,HIGH(-2*@0-(@1))
                 	SBCI R22,BYTE3(-2*@0-(@1))
                 	.ENDM
                 
                 	.MACRO __ADDD1N
                 	SUBI R30,LOW(-@0)
                 	SBCI R31,HIGH(-@0)
                 	SBCI R22,BYTE3(-@0)
                 	SBCI R23,BYTE4(-@0)
                 	.ENDM
                 
                 	.MACRO __ADDD2N
                 	SUBI R26,LOW(-@0)
                 	SBCI R27,HIGH(-@0)
                 	SBCI R24,BYTE3(-@0)
                 	SBCI R25,BYTE4(-@0)
                 	.ENDM
                 
                 	.MACRO __SUBD1N
                 	SUBI R30,LOW(@0)
                 	SBCI R31,HIGH(@0)
                 	SBCI R22,BYTE3(@0)
                 	SBCI R23,BYTE4(@0)
                 	.ENDM
                 
                 	.MACRO __SUBD2N
                 	SUBI R26,LOW(@0)
                 	SBCI R27,HIGH(@0)
                 	SBCI R24,BYTE3(@0)
                 	SBCI R25,BYTE4(@0)
                 	.ENDM
                 
                 	.MACRO __ANDBMNN
                 	LDS  R30,@0+(@1)
                 	ANDI R30,LOW(@2)
                 	STS  @0+(@1),R30
                 	.ENDM
                 
                 	.MACRO __ANDWMNN
                 	LDS  R30,@0+(@1)
                 	ANDI R30,LOW(@2)
                 	STS  @0+(@1),R30
                 	LDS  R30,@0+(@1)+1
                 	ANDI R30,HIGH(@2)
                 	STS  @0+(@1)+1,R30
                 	.ENDM
                 
                 	.MACRO __ANDD1N
                 	ANDI R30,LOW(@0)
                 	ANDI R31,HIGH(@0)
                 	ANDI R22,BYTE3(@0)
                 	ANDI R23,BYTE4(@0)
                 	.ENDM
                 
                 	.MACRO __ANDD2N
                 	ANDI R26,LOW(@0)
                 	ANDI R27,HIGH(@0)
                 	ANDI R24,BYTE3(@0)
                 	ANDI R25,BYTE4(@0)
                 	.ENDM
                 
                 	.MACRO __ORBMNN
                 	LDS  R30,@0+(@1)
                 	ORI  R30,LOW(@2)
                 	STS  @0+(@1),R30
                 	.ENDM
                 
                 	.MACRO __ORWMNN
                 	LDS  R30,@0+(@1)
                 	ORI  R30,LOW(@2)
                 	STS  @0+(@1),R30
                 	LDS  R30,@0+(@1)+1
                 	ORI  R30,HIGH(@2)
                 	STS  @0+(@1)+1,R30
                 	.ENDM
                 
                 	.MACRO __ORD1N
                 	ORI  R30,LOW(@0)
                 	ORI  R31,HIGH(@0)
                 	ORI  R22,BYTE3(@0)
                 	ORI  R23,BYTE4(@0)
                 	.ENDM
                 
                 	.MACRO __ORD2N
                 	ORI  R26,LOW(@0)
                 	ORI  R27,HIGH(@0)
                 	ORI  R24,BYTE3(@0)
                 	ORI  R25,BYTE4(@0)
                 	.ENDM
                 
                 	.MACRO __DELAY_USB
                 	LDI  R24,LOW(@0)
                 __DELAY_USB_LOOP:
                 	DEC  R24
                 	BRNE __DELAY_USB_LOOP
                 	.ENDM
                 
                 	.MACRO __DELAY_USW
                 	LDI  R24,LOW(@0)
                 	LDI  R25,HIGH(@0)
                 __DELAY_USW_LOOP:
                 	SBIW R24,1
                 	BRNE __DELAY_USW_LOOP
                 	.ENDM
                 
                 	.MACRO __GETD1S
                 	LDD  R30,Y+@0
                 	LDD  R31,Y+@0+1
                 	LDD  R22,Y+@0+2
                 	LDD  R23,Y+@0+3
                 	.ENDM
                 
                 	.MACRO __GETD2S
                 	LDD  R26,Y+@0
                 	LDD  R27,Y+@0+1
                 	LDD  R24,Y+@0+2
                 	LDD  R25,Y+@0+3
                 	.ENDM
                 
                 	.MACRO __PUTD1S
                 	STD  Y+@0,R30
                 	STD  Y+@0+1,R31
                 	STD  Y+@0+2,R22
                 	STD  Y+@0+3,R23
                 	.ENDM
                 
                 	.MACRO __PUTD2S
                 	STD  Y+@0,R26
                 	STD  Y+@0+1,R27
                 	STD  Y+@0+2,R24
                 	STD  Y+@0+3,R25
                 	.ENDM
                 
                 	.MACRO __PUTDZ2
                 	STD  Z+@0,R26
                 	STD  Z+@0+1,R27
                 	STD  Z+@0+2,R24
                 	STD  Z+@0+3,R25
                 	.ENDM
                 
                 	.MACRO __CLRD1S
                 	STD  Y+@0,R30
                 	STD  Y+@0+1,R30
                 	STD  Y+@0+2,R30
                 	STD  Y+@0+3,R30
                 	.ENDM
                 
                 	.MACRO __POINTB1MN
                 	LDI  R30,LOW(@0+(@1))
                 	.ENDM
                 
                 	.MACRO __POINTW1MN
                 	LDI  R30,LOW(@0+(@1))
                 	LDI  R31,HIGH(@0+(@1))
                 	.ENDM
                 
                 	.MACRO __POINTD1M
                 	LDI  R30,LOW(@0)
                 	LDI  R31,HIGH(@0)
                 	LDI  R22,BYTE3(@0)
                 	LDI  R23,BYTE4(@0)
                 	.ENDM
                 
                 	.MACRO __POINTW1FN
                 	LDI  R30,LOW(2*@0+(@1))
                 	LDI  R31,HIGH(2*@0+(@1))
                 	.ENDM
                 
                 	.MACRO __POINTD1FN
                 	LDI  R30,LOW(2*@0+(@1))
                 	LDI  R31,HIGH(2*@0+(@1))
                 	LDI  R22,BYTE3(2*@0+(@1))
                 	LDI  R23,BYTE4(2*@0+(@1))
                 	.ENDM
                 
                 	.MACRO __POINTB2MN
                 	LDI  R26,LOW(@0+(@1))
                 	.ENDM
                 
                 	.MACRO __POINTW2MN
                 	LDI  R26,LOW(@0+(@1))
                 	LDI  R27,HIGH(@0+(@1))
                 	.ENDM
                 
                 	.MACRO __POINTW2FN
                 	LDI  R26,LOW(2*@0+(@1))
                 	LDI  R27,HIGH(2*@0+(@1))
                 	.ENDM
                 
                 	.MACRO __POINTD2FN
                 	LDI  R26,LOW(2*@0+(@1))
                 	LDI  R27,HIGH(2*@0+(@1))
                 	LDI  R24,BYTE3(2*@0+(@1))
                 	LDI  R25,BYTE4(2*@0+(@1))
                 	.ENDM
                 
                 	.MACRO __POINTBRM
                 	LDI  R@0,LOW(@1)
                 	.ENDM
                 
                 	.MACRO __POINTWRM
                 	LDI  R@0,LOW(@2)
                 	LDI  R@1,HIGH(@2)
                 	.ENDM
                 
                 	.MACRO __POINTBRMN
                 	LDI  R@0,LOW(@1+(@2))
                 	.ENDM
                 
                 	.MACRO __POINTWRMN
                 	LDI  R@0,LOW(@2+(@3))
                 	LDI  R@1,HIGH(@2+(@3))
                 	.ENDM
                 
                 	.MACRO __POINTWRFN
                 	LDI  R@0,LOW(@2*2+(@3))
                 	LDI  R@1,HIGH(@2*2+(@3))
                 	.ENDM
                 
                 	.MACRO __GETD1N
                 	LDI  R30,LOW(@0)
                 	LDI  R31,HIGH(@0)
                 	LDI  R22,BYTE3(@0)
                 	LDI  R23,BYTE4(@0)
                 	.ENDM
                 
                 	.MACRO __GETD2N
                 	LDI  R26,LOW(@0)
                 	LDI  R27,HIGH(@0)
                 	LDI  R24,BYTE3(@0)
                 	LDI  R25,BYTE4(@0)
                 	.ENDM
                 
                 	.MACRO __GETB1MN
                 	LDS  R30,@0+(@1)
                 	.ENDM
                 
                 	.MACRO __GETB1HMN
                 	LDS  R31,@0+(@1)
                 	.ENDM
                 
                 	.MACRO __GETW1MN
                 	LDS  R30,@0+(@1)
                 	LDS  R31,@0+(@1)+1
                 	.ENDM
                 
                 	.MACRO __GETD1MN
                 	LDS  R30,@0+(@1)
                 	LDS  R31,@0+(@1)+1
                 	LDS  R22,@0+(@1)+2
                 	LDS  R23,@0+(@1)+3
                 	.ENDM
                 
                 	.MACRO __GETBRMN
                 	LDS  R@0,@1+(@2)
                 	.ENDM
                 
                 	.MACRO __GETWRMN
                 	LDS  R@0,@2+(@3)
                 	LDS  R@1,@2+(@3)+1
                 	.ENDM
                 
                 	.MACRO __GETWRZ
                 	LDD  R@0,Z+@2
                 	LDD  R@1,Z+@2+1
                 	.ENDM
                 
                 	.MACRO __GETD2Z
                 	LDD  R26,Z+@0
                 	LDD  R27,Z+@0+1
                 	LDD  R24,Z+@0+2
                 	LDD  R25,Z+@0+3
                 	.ENDM
                 
                 	.MACRO __GETB2MN
                 	LDS  R26,@0+(@1)
                 	.ENDM
                 
                 	.MACRO __GETW2MN
                 	LDS  R26,@0+(@1)
                 	LDS  R27,@0+(@1)+1
                 	.ENDM
                 
                 	.MACRO __GETD2MN
                 	LDS  R26,@0+(@1)
                 	LDS  R27,@0+(@1)+1
                 	LDS  R24,@0+(@1)+2
                 	LDS  R25,@0+(@1)+3
                 	.ENDM
                 
                 	.MACRO __PUTB1MN
                 	STS  @0+(@1),R30
                 	.ENDM
                 
                 	.MACRO __PUTW1MN
                 	STS  @0+(@1),R30
                 	STS  @0+(@1)+1,R31
                 	.ENDM
                 
                 	.MACRO __PUTD1MN
                 	STS  @0+(@1),R30
                 	STS  @0+(@1)+1,R31
                 	STS  @0+(@1)+2,R22
                 	STS  @0+(@1)+3,R23
                 	.ENDM
                 
                 	.MACRO __PUTB1EN
                 	LDI  R26,LOW(@0+(@1))
                 	LDI  R27,HIGH(@0+(@1))
                 	CALL __EEPROMWRB
                 	.ENDM
                 
                 	.MACRO __PUTW1EN
                 	LDI  R26,LOW(@0+(@1))
                 	LDI  R27,HIGH(@0+(@1))
                 	CALL __EEPROMWRW
                 	.ENDM
                 
                 	.MACRO __PUTD1EN
                 	LDI  R26,LOW(@0+(@1))
                 	LDI  R27,HIGH(@0+(@1))
                 	CALL __EEPROMWRD
                 	.ENDM
                 
                 	.MACRO __PUTBR0MN
                 	STS  @0+(@1),R0
                 	.ENDM
                 
                 	.MACRO __PUTBMRN
                 	STS  @0+(@1),R@2
                 	.ENDM
                 
                 	.MACRO __PUTWMRN
                 	STS  @0+(@1),R@2
                 	STS  @0+(@1)+1,R@3
                 	.ENDM
                 
                 	.MACRO __PUTBZR
                 	STD  Z+@1,R@0
                 	.ENDM
                 
                 	.MACRO __PUTWZR
                 	STD  Z+@2,R@0
                 	STD  Z+@2+1,R@1
                 	.ENDM
                 
                 	.MACRO __GETW1R
                 	MOV  R30,R@0
                 	MOV  R31,R@1
                 	.ENDM
                 
                 	.MACRO __GETW2R
                 	MOV  R26,R@0
                 	MOV  R27,R@1
                 	.ENDM
                 
                 	.MACRO __GETWRN
                 	LDI  R@0,LOW(@2)
                 	LDI  R@1,HIGH(@2)
                 	.ENDM
                 
                 	.MACRO __PUTW1R
                 	MOV  R@0,R30
                 	MOV  R@1,R31
                 	.ENDM
                 
                 	.MACRO __PUTW2R
                 	MOV  R@0,R26
                 	MOV  R@1,R27
                 	.ENDM
                 
                 	.MACRO __ADDWRN
                 	SUBI R@0,LOW(-@2)
                 	SBCI R@1,HIGH(-@2)
                 	.ENDM
                 
                 	.MACRO __ADDWRR
                 	ADD  R@0,R@2
                 	ADC  R@1,R@3
                 	.ENDM
                 
                 	.MACRO __SUBWRN
                 	SUBI R@0,LOW(@2)
                 	SBCI R@1,HIGH(@2)
                 	.ENDM
                 
                 	.MACRO __SUBWRR
                 	SUB  R@0,R@2
                 	SBC  R@1,R@3
                 	.ENDM
                 
                 	.MACRO __ANDWRN
                 	ANDI R@0,LOW(@2)
                 	ANDI R@1,HIGH(@2)
                 	.ENDM
                 
                 	.MACRO __ANDWRR
                 	AND  R@0,R@2
                 	AND  R@1,R@3
                 	.ENDM
                 
                 	.MACRO __ORWRN
                 	ORI  R@0,LOW(@2)
                 	ORI  R@1,HIGH(@2)
                 	.ENDM
                 
                 	.MACRO __ORWRR
                 	OR   R@0,R@2
                 	OR   R@1,R@3
                 	.ENDM
                 
                 	.MACRO __EORWRR
                 	EOR  R@0,R@2
                 	EOR  R@1,R@3
                 	.ENDM
                 
                 	.MACRO __GETWRS
                 	LDD  R@0,Y+@2
                 	LDD  R@1,Y+@2+1
                 	.ENDM
                 
                 	.MACRO __PUTBSR
                 	STD  Y+@1,R@0
                 	.ENDM
                 
                 	.MACRO __PUTWSR
                 	STD  Y+@2,R@0
                 	STD  Y+@2+1,R@1
                 	.ENDM
                 
                 	.MACRO __MOVEWRR
                 	MOV  R@0,R@2
                 	MOV  R@1,R@3
                 	.ENDM
                 
                 	.MACRO __INWR
                 	IN   R@0,@2
                 	IN   R@1,@2+1
                 	.ENDM
                 
                 	.MACRO __OUTWR
                 	OUT  @2+1,R@1
                 	OUT  @2,R@0
                 	.ENDM
                 
                 	.MACRO __CALL1MN
                 	LDS  R30,@0+(@1)
                 	LDS  R31,@0+(@1)+1
                 	ICALL
                 	.ENDM
                 
                 	.MACRO __CALL1FN
                 	LDI  R30,LOW(2*@0+(@1))
                 	LDI  R31,HIGH(2*@0+(@1))
                 	CALL __GETW1PF
                 	ICALL
                 	.ENDM
                 
                 	.MACRO __CALL2EN
                 	PUSH R26
                 	PUSH R27
                 	LDI  R26,LOW(@0+(@1))
                 	LDI  R27,HIGH(@0+(@1))
                 	CALL __EEPROMRDW
                 	POP  R27
                 	POP  R26
                 	ICALL
                 	.ENDM
                 
                 	.MACRO __CALL2EX
                 	SUBI R26,LOW(-@0)
                 	SBCI R27,HIGH(-@0)
                 	CALL __EEPROMRDD
                 	ICALL
                 	.ENDM
                 
                 	.MACRO __GETW1STACK
                 	IN   R30,SPL
                 	IN   R31,SPH
                 	ADIW R30,@0+1
                 	LD   R0,Z+
                 	LD   R31,Z
                 	MOV  R30,R0
                 	.ENDM
                 
                 	.MACRO __GETD1STACK
                 	IN   R30,SPL
                 	IN   R31,SPH
                 	ADIW R30,@0+1
                 	LD   R0,Z+
                 	LD   R1,Z+
                 	LD   R22,Z
                 	MOVW R30,R0
                 	.ENDM
                 
                 	.MACRO __NBST
                 	BST  R@0,@1
                 	IN   R30,SREG
                 	LDI  R31,0x40
                 	EOR  R30,R31
                 	OUT  SREG,R30
                 	.ENDM
                 
                 
                 	.MACRO __PUTB1SN
                 	LDD  R26,Y+@0
                 	LDD  R27,Y+@0+1
                 	SUBI R26,LOW(-@1)
                 	SBCI R27,HIGH(-@1)
                 	ST   X,R30
                 	.ENDM
                 
                 	.MACRO __PUTW1SN
                 	LDD  R26,Y+@0
                 	LDD  R27,Y+@0+1
                 	SUBI R26,LOW(-@1)
                 	SBCI R27,HIGH(-@1)
                 	ST   X+,R30
                 	ST   X,R31
                 	.ENDM
                 
                 	.MACRO __PUTD1SN
                 	LDD  R26,Y+@0
                 	LDD  R27,Y+@0+1
                 	SUBI R26,LOW(-@1)
                 	SBCI R27,HIGH(-@1)
                 	CALL __PUTDP1
                 	.ENDM
                 
                 	.MACRO __PUTB1SNS
                 	LDD  R26,Y+@0
                 	LDD  R27,Y+@0+1
                 	ADIW R26,@1
                 	ST   X,R30
                 	.ENDM
                 
                 	.MACRO __PUTW1SNS
                 	LDD  R26,Y+@0
                 	LDD  R27,Y+@0+1
                 	ADIW R26,@1
                 	ST   X+,R30
                 	ST   X,R31
                 	.ENDM
                 
                 	.MACRO __PUTD1SNS
                 	LDD  R26,Y+@0
                 	LDD  R27,Y+@0+1
                 	ADIW R26,@1
                 	CALL __PUTDP1
                 	.ENDM
                 
                 	.MACRO __PUTB1PMN
                 	LDS  R26,@0
                 	LDS  R27,@0+1
                 	SUBI R26,LOW(-@1)
                 	SBCI R27,HIGH(-@1)
                 	ST   X,R30
                 	.ENDM
                 
                 	.MACRO __PUTW1PMN
                 	LDS  R26,@0
                 	LDS  R27,@0+1
                 	SUBI R26,LOW(-@1)
                 	SBCI R27,HIGH(-@1)
                 	ST   X+,R30
                 	ST   X,R31
                 	.ENDM
                 
                 	.MACRO __PUTD1PMN
                 	LDS  R26,@0
                 	LDS  R27,@0+1
                 	SUBI R26,LOW(-@1)
                 	SBCI R27,HIGH(-@1)
                 	CALL __PUTDP1
                 	.ENDM
                 
                 	.MACRO __PUTB1PMNS
                 	LDS  R26,@0
                 	LDS  R27,@0+1
                 	ADIW R26,@1
                 	ST   X,R30
                 	.ENDM
                 
                 	.MACRO __PUTW1PMNS
                 	LDS  R26,@0
                 	LDS  R27,@0+1
                 	ADIW R26,@1
                 	ST   X+,R30
                 	ST   X,R31
                 	.ENDM
                 
                 	.MACRO __PUTD1PMNS
                 	LDS  R26,@0
                 	LDS  R27,@0+1
                 	ADIW R26,@1
                 	CALL __PUTDP1
                 	.ENDM
                 
                 	.MACRO __PUTB1RN
                 	MOVW R26,R@0
                 	SUBI R26,LOW(-@1)
                 	SBCI R27,HIGH(-@1)
                 	ST   X,R30
                 	.ENDM
                 
                 	.MACRO __PUTW1RN
                 	MOVW R26,R@0
                 	SUBI R26,LOW(-@1)
                 	SBCI R27,HIGH(-@1)
                 	ST   X+,R30
                 	ST   X,R31
                 	.ENDM
                 
                 	.MACRO __PUTD1RN
                 	MOVW R26,R@0
                 	SUBI R26,LOW(-@1)
                 	SBCI R27,HIGH(-@1)
                 	CALL __PUTDP1
                 	.ENDM
                 
                 	.MACRO __PUTB1RNS
                 	MOVW R26,R@0
                 	ADIW R26,@1
                 	ST   X,R30
                 	.ENDM
                 
                 	.MACRO __PUTW1RNS
                 	MOVW R26,R@0
                 	ADIW R26,@1
                 	ST   X+,R30
                 	ST   X,R31
                 	.ENDM
                 
                 	.MACRO __PUTD1RNS
                 	MOVW R26,R@0
                 	ADIW R26,@1
                 	CALL __PUTDP1
                 	.ENDM
                 
                 	.MACRO __PUTB1RON
                 	MOV  R26,R@0
                 	MOV  R27,R@1
                 	SUBI R26,LOW(-@2)
                 	SBCI R27,HIGH(-@2)
                 	ST   X,R30
                 	.ENDM
                 
                 	.MACRO __PUTW1RON
                 	MOV  R26,R@0
                 	MOV  R27,R@1
                 	SUBI R26,LOW(-@2)
                 	SBCI R27,HIGH(-@2)
                 	ST   X+,R30
                 	ST   X,R31
                 	.ENDM
                 
                 	.MACRO __PUTD1RON
                 	MOV  R26,R@0
                 	MOV  R27,R@1
                 	SUBI R26,LOW(-@2)
                 	SBCI R27,HIGH(-@2)
                 	CALL __PUTDP1
                 	.ENDM
                 
                 	.MACRO __PUTB1RONS
                 	MOV  R26,R@0
                 	MOV  R27,R@1
                 	ADIW R26,@2
                 	ST   X,R30
                 	.ENDM
                 
                 	.MACRO __PUTW1RONS
                 	MOV  R26,R@0
                 	MOV  R27,R@1
                 	ADIW R26,@2
                 	ST   X+,R30
                 	ST   X,R31
                 	.ENDM
                 
                 	.MACRO __PUTD1RONS
                 	MOV  R26,R@0
                 	MOV  R27,R@1
                 	ADIW R26,@2
                 	CALL __PUTDP1
                 	.ENDM
                 
                 
                 	.MACRO __GETB1SX
                 	MOVW R30,R28
                 	SUBI R30,LOW(-@0)
                 	SBCI R31,HIGH(-@0)
                 	LD   R30,Z
                 	.ENDM
                 
                 	.MACRO __GETB1HSX
                 	MOVW R30,R28
                 	SUBI R30,LOW(-@0)
                 	SBCI R31,HIGH(-@0)
                 	LD   R31,Z
                 	.ENDM
                 
                 	.MACRO __GETW1SX
                 	MOVW R30,R28
                 	SUBI R30,LOW(-@0)
                 	SBCI R31,HIGH(-@0)
                 	LD   R0,Z+
                 	LD   R31,Z
                 	MOV  R30,R0
                 	.ENDM
                 
                 	.MACRO __GETD1SX
                 	MOVW R30,R28
                 	SUBI R30,LOW(-@0)
                 	SBCI R31,HIGH(-@0)
                 	LD   R0,Z+
                 	LD   R1,Z+
                 	LD   R22,Z+
                 	LD   R23,Z
                 	MOVW R30,R0
                 	.ENDM
                 
                 	.MACRO __GETB2SX
                 	MOVW R26,R28
                 	SUBI R26,LOW(-@0)
                 	SBCI R27,HIGH(-@0)
                 	LD   R26,X
                 	.ENDM
                 
                 	.MACRO __GETW2SX
                 	MOVW R26,R28
                 	SUBI R26,LOW(-@0)
                 	SBCI R27,HIGH(-@0)
                 	LD   R0,X+
                 	LD   R27,X
                 	MOV  R26,R0
                 	.ENDM
                 
                 	.MACRO __GETD2SX
                 	MOVW R26,R28
                 	SUBI R26,LOW(-@0)
                 	SBCI R27,HIGH(-@0)
                 	LD   R0,X+
                 	LD   R1,X+
                 	LD   R24,X+
                 	LD   R25,X
                 	MOVW R26,R0
                 	.ENDM
                 
                 	.MACRO __GETBRSX
                 	MOVW R30,R28
                 	SUBI R30,LOW(-@1)
                 	SBCI R31,HIGH(-@1)
                 	LD   R@0,Z
                 	.ENDM
                 
                 	.MACRO __GETWRSX
                 	MOVW R30,R28
                 	SUBI R30,LOW(-@2)
                 	SBCI R31,HIGH(-@2)
                 	LD   R@0,Z+
                 	LD   R@1,Z
                 	.ENDM
                 
                 	.MACRO __GETBRSX2
                 	MOVW R26,R28
                 	SUBI R26,LOW(-@1)
                 	SBCI R27,HIGH(-@1)
                 	LD   R@0,X
                 	.ENDM
                 
                 	.MACRO __GETWRSX2
                 	MOVW R26,R28
                 	SUBI R26,LOW(-@2)
                 	SBCI R27,HIGH(-@2)
                 	LD   R@0,X+
                 	LD   R@1,X
                 	.ENDM
                 
                 	.MACRO __LSLW8SX
                 	MOVW R30,R28
                 	SUBI R30,LOW(-@0)
                 	SBCI R31,HIGH(-@0)
                 	LD   R31,Z
                 	CLR  R30
                 	.ENDM
                 
                 	.MACRO __PUTB1SX
                 	MOVW R26,R28
                 	SUBI R26,LOW(-@0)
                 	SBCI R27,HIGH(-@0)
                 	ST   X,R30
                 	.ENDM
                 
                 	.MACRO __PUTW1SX
                 	MOVW R26,R28
                 	SUBI R26,LOW(-@0)
                 	SBCI R27,HIGH(-@0)
                 	ST   X+,R30
                 	ST   X,R31
                 	.ENDM
                 
                 	.MACRO __PUTD1SX
                 	MOVW R26,R28
                 	SUBI R26,LOW(-@0)
                 	SBCI R27,HIGH(-@0)
                 	ST   X+,R30
                 	ST   X+,R31
                 	ST   X+,R22
                 	ST   X,R23
                 	.ENDM
                 
                 	.MACRO __CLRW1SX
                 	MOVW R26,R28
                 	SUBI R26,LOW(-@0)
                 	SBCI R27,HIGH(-@0)
                 	ST   X+,R30
                 	ST   X,R30
                 	.ENDM
                 
                 	.MACRO __CLRD1SX
                 	MOVW R26,R28
                 	SUBI R26,LOW(-@0)
                 	SBCI R27,HIGH(-@0)
                 	ST   X+,R30
                 	ST   X+,R30
                 	ST   X+,R30
                 	ST   X,R30
                 	.ENDM
                 
                 	.MACRO __PUTB2SX
                 	MOVW R30,R28
                 	SUBI R30,LOW(-@0)
                 	SBCI R31,HIGH(-@0)
                 	ST   Z,R26
                 	.ENDM
                 
                 	.MACRO __PUTW2SX
                 	MOVW R30,R28
                 	SUBI R30,LOW(-@0)
                 	SBCI R31,HIGH(-@0)
                 	ST   Z+,R26
                 	ST   Z,R27
                 	.ENDM
                 
                 	.MACRO __PUTD2SX
                 	MOVW R30,R28
                 	SUBI R30,LOW(-@0)
                 	SBCI R31,HIGH(-@0)
                 	ST   Z+,R26
                 	ST   Z+,R27
                 	ST   Z+,R24
                 	ST   Z,R25
                 	.ENDM
                 
                 	.MACRO __PUTBSRX
                 	MOVW R30,R28
                 	SUBI R30,LOW(-@1)
                 	SBCI R31,HIGH(-@1)
                 	ST   Z,R@0
                 	.ENDM
                 
                 	.MACRO __PUTWSRX
                 	MOVW R30,R28
                 	SUBI R30,LOW(-@2)
                 	SBCI R31,HIGH(-@2)
                 	ST   Z+,R@0
                 	ST   Z,R@1
                 	.ENDM
                 
                 	.MACRO __PUTB1SNX
                 	MOVW R26,R28
                 	SUBI R26,LOW(-@0)
                 	SBCI R27,HIGH(-@0)
                 	LD   R0,X+
                 	LD   R27,X
                 	MOV  R26,R0
                 	SUBI R26,LOW(-@1)
                 	SBCI R27,HIGH(-@1)
                 	ST   X,R30
                 	.ENDM
                 
                 	.MACRO __PUTW1SNX
                 	MOVW R26,R28
                 	SUBI R26,LOW(-@0)
                 	SBCI R27,HIGH(-@0)
                 	LD   R0,X+
                 	LD   R27,X
                 	MOV  R26,R0
                 	SUBI R26,LOW(-@1)
                 	SBCI R27,HIGH(-@1)
                 	ST   X+,R30
                 	ST   X,R31
                 	.ENDM
                 
                 	.MACRO __PUTD1SNX
                 	MOVW R26,R28
                 	SUBI R26,LOW(-@0)
                 	SBCI R27,HIGH(-@0)
                 	LD   R0,X+
                 	LD   R27,X
                 	MOV  R26,R0
                 	SUBI R26,LOW(-@1)
                 	SBCI R27,HIGH(-@1)
                 	ST   X+,R30
                 	ST   X+,R31
                 	ST   X+,R22
                 	ST   X,R23
                 	.ENDM
                 
                 	.MACRO __MULBRR
                 	MULS R@0,R@1
                 	MOVW R30,R0
                 	.ENDM
                 
                 	.MACRO __MULBRRU
                 	MUL  R@0,R@1
                 	MOVW R30,R0
                 	.ENDM
                 
                 	.MACRO __MULBRR0
                 	MULS R@0,R@1
                 	.ENDM
                 
                 	.MACRO __MULBRRU0
                 	MUL  R@0,R@1
                 	.ENDM
                 
                 	.MACRO __MULBNWRU
                 	LDI  R26,@2
                 	MUL  R26,R@0
                 	MOVW R30,R0
                 	MUL  R26,R@1
                 	ADD  R31,R0
                 	.ENDM
                 
                 ;NAME DEFINITIONS FOR GLOBAL VARIABLES ALLOCATED TO REGISTERS
                 	.DEF _address=R4
                 	.DEF _address_msb=R5
                 	.DEF _temp=R6
                 	.DEF _temp_msb=R7
                 	.DEF _data=R8
                 	.DEF _data_msb=R9
                 
                 	.CSEG
                 	.ORG 0x00
                 
                 ;START OF CODE MARKER
                 __START_OF_CODE:
                 
                 ;INTERRUPT VECTORS
000000 940c 003e 	JMP  __RESET
000002 940c 0000 	JMP  0x00
000004 940c 0000 	JMP  0x00
000006 940c 0000 	JMP  0x00
000008 940c 0000 	JMP  0x00
00000a 940c 0000 	JMP  0x00
00000c 940c 0000 	JMP  0x00
00000e 940c 0000 	JMP  0x00
000010 940c 0000 	JMP  0x00
000012 940c 0000 	JMP  0x00
000014 940c 0000 	JMP  0x00
000016 940c 0078 	JMP  _timer0_ovf_isr
000018 940c 0000 	JMP  0x00
00001a 940c 0000 	JMP  0x00
00001c 940c 0000 	JMP  0x00
00001e 940c 0000 	JMP  0x00
000020 940c 0000 	JMP  0x00
000022 940c 0000 	JMP  0x00
000024 940c 0000 	JMP  0x00
000026 940c 0000 	JMP  0x00
000028 940c 0000 	JMP  0x00
                 
                 _tbl10_G100:
00002a 2710
00002b 03e8
00002c 0064
00002d 000a      	.DB  0x10,0x27,0xE8,0x3,0x64,0x0,0xA,0x0
00002e 0001      	.DB  0x1,0x0
                 _tbl16_G100:
00002f 1000
000030 0100
000031 0010
000032 0001      	.DB  0x0,0x10,0x0,0x1,0x10,0x0,0x1,0x0
                 
                 ;GLOBAL REGISTER VARIABLES INITIALIZATION
                 __REG_VARS:
000033 00ff
000034 0001      	.DB  0xFF,0x0,0x1,0x0
000035 0000      	.DB  0x0,0x0
                 
                 _0x0:
000036 6425
000037 2500
000038 0a64
C:\Users\sep\Desktop\project\Debug\List\slave1.asm(1136): warning: .cseg .db misalignment - padding zero byte
000039 0000      	.DB  0x25,0x64,0x0,0x25,0x64,0xA,0x0
                 
                 __GLOBAL_INI_TBL:
00003a 0006      	.DW  0x06
00003b 0004      	.DW  0x04
00003c 0066      	.DW  __REG_VARS*2
                 
                 _0xFFFFFFFF:
00003d 0000      	.DW  0
                 
                 #define __GLOBAL_INI_TBL_PRESENT 1
                 
                 __RESET:
00003e 94f8      	CLI
00003f 27ee      	CLR  R30
000040 bbec      	OUT  EECR,R30
                 
                 ;INTERRUPT VECTORS ARE PLACED
                 ;AT THE START OF FLASH
000041 e0f1      	LDI  R31,1
000042 bffb      	OUT  GICR,R31
000043 bfeb      	OUT  GICR,R30
000044 bfe5      	OUT  MCUCR,R30
                 
                 ;CLEAR R2-R14
000045 e08d      	LDI  R24,(14-2)+1
000046 e0a2      	LDI  R26,2
000047 27bb      	CLR  R27
                 __CLEAR_REG:
000048 93ed      	ST   X+,R30
000049 958a      	DEC  R24
00004a f7e9      	BRNE __CLEAR_REG
                 
                 ;CLEAR SRAM
00004b e080      	LDI  R24,LOW(__CLEAR_SRAM_SIZE)
00004c e098      	LDI  R25,HIGH(__CLEAR_SRAM_SIZE)
00004d e6a0      	LDI  R26,__SRAM_START
                 __CLEAR_SRAM:
00004e 93ed      	ST   X+,R30
00004f 9701      	SBIW R24,1
000050 f7e9      	BRNE __CLEAR_SRAM
                 
                 ;GLOBAL VARIABLES INITIALIZATION
000051 e7e4      	LDI  R30,LOW(__GLOBAL_INI_TBL*2)
000052 e0f0      	LDI  R31,HIGH(__GLOBAL_INI_TBL*2)
                 __GLOBAL_INI_NEXT:
000053 9185      	LPM  R24,Z+
000054 9195      	LPM  R25,Z+
000055 9700      	SBIW R24,0
000056 f061      	BREQ __GLOBAL_INI_END
000057 91a5      	LPM  R26,Z+
000058 91b5      	LPM  R27,Z+
000059 9005      	LPM  R0,Z+
00005a 9015      	LPM  R1,Z+
00005b 01bf      	MOVW R22,R30
00005c 01f0      	MOVW R30,R0
                 __GLOBAL_INI_LOOP:
00005d 9005      	LPM  R0,Z+
00005e 920d      	ST   X+,R0
00005f 9701      	SBIW R24,1
000060 f7e1      	BRNE __GLOBAL_INI_LOOP
000061 01fb      	MOVW R30,R22
000062 cff0      	RJMP __GLOBAL_INI_NEXT
                 __GLOBAL_INI_END:
                 
                 ;HARDWARE STACK POINTER INITIALIZATION
000063 e5ef      	LDI  R30,LOW(__SRAM_END-__HEAP_SIZE)
000064 bfed      	OUT  SPL,R30
000065 e0e8      	LDI  R30,HIGH(__SRAM_END-__HEAP_SIZE)
000066 bfee      	OUT  SPH,R30
                 
                 ;DATA STACK POINTER INITIALIZATION
000067 e6c0      	LDI  R28,LOW(__SRAM_START+__DSTACK_SIZE)
000068 e0d2      	LDI  R29,HIGH(__SRAM_START+__DSTACK_SIZE)
                 
000069 940c 00a5 	JMP  _main
                 
                 	.ESEG
                 	.ORG 0
                 
                 	.DSEG
                 	.ORG 0x260
                 
                 	.CSEG
                 ;/*******************************************************
                 ;This program was created by the
                 ;CodeWizardAVR V3.12 Advanced
                 ;Automatic Program Generator
                 ;© Copyright 1998-2014 Pavel Haiduc, HP InfoTech s.r.l.
                 ;http://www.hpinfotech.com
                 ;
                 ;Project :
                 ;Version :
                 ;Date    : 1/26/2020
                 ;Author  :
                 ;Company :
                 ;Comments:
                 ;
                 ;
                 ;Chip type               : ATmega32
                 ;Program type            : Application
                 ;AVR Core Clock frequency: 1.000000 MHz
                 ;Memory model            : Small
                 ;External RAM size       : 0
                 ;Data Stack size         : 512
                 ;*******************************************************/
                 ;
                 ;#include <mega32.h>
                 	#ifndef __SLEEP_DEFINED__
                 	#define __SLEEP_DEFINED__
                 	.EQU __se_bit=0x80
                 	.EQU __sm_mask=0x70
                 	.EQU __sm_powerdown=0x20
                 	.EQU __sm_powersave=0x30
                 	.EQU __sm_standby=0x60
                 	.EQU __sm_ext_standby=0x70
                 	.EQU __sm_adc_noise_red=0x10
                 	.SET power_ctrl_reg=mcucr
                 	#endif
                 ;
                 ;#include <delay.h>
                 ;
                 ;// Declare your global variables here
                 ;int address = 255;
                 ;int temp = 1;
                 ;int data = 0;
                 ;// Standard Input/Output functions
                 ;#include <stdio.h>
                 ;
                 ;// Voltage Reference: AREF pin
                 ;#define ADC_VREF_TYPE ((0<<REFS1) | (0<<REFS0) | (0<<ADLAR))
                 ;
                 ;// Read the AD conversion result
                 ;unsigned int read_adc(unsigned char adc_input)
                 ; 0000 0028 {
                 
                 	.CSEG
                 _read_adc:
                 ; .FSTART _read_adc
                 ; 0000 0029 ADMUX=adc_input | ADC_VREF_TYPE;
00006b 93aa      	ST   -Y,R26
                 ;	adc_input -> Y+0
00006c 81e8      	LD   R30,Y
00006d b9e7      	OUT  0x7,R30
                 ; 0000 002A // Delay needed for the stabilization of the ADC input voltage
                 ; 0000 002B delay_us(10);
                +
00006e e083     +LDI R24 , LOW ( 3 )
                +__DELAY_USB_LOOP :
00006f 958a     +DEC R24
000070 f7f1     +BRNE __DELAY_USB_LOOP
                 	__DELAY_USB 3
                 ; 0000 002C // Wait for the AD conversion to complete
                 ; 0000 002D while ((ADCSRA & (1<<ADIF))==0);
                 _0x3:
000071 9b34      	SBIS 0x6,4
000072 cffe      	RJMP _0x3
                 ; 0000 002E ADCSRA|=(1<<ADIF);
000073 9a34      	SBI  0x6,4
                 ; 0000 002F return ADCW;
000074 b1e4      	IN   R30,0x4
000075 b1f5      	IN   R31,0x4+1
000076 940c 00ef 	JMP  _0x2060003
                 ; 0000 0030 }
                 ; .FEND
                 ;
                 ;// Timer 0 overflow interrupt service routine
                 ;interrupt [TIM0_OVF] void timer0_ovf_isr(void)
                 ; 0000 0034 {
                 _timer0_ovf_isr:
                 ; .FSTART _timer0_ovf_isr
000078 920a      	ST   -Y,R0
000079 921a      	ST   -Y,R1
00007a 92fa      	ST   -Y,R15
00007b 936a      	ST   -Y,R22
00007c 937a      	ST   -Y,R23
00007d 938a      	ST   -Y,R24
00007e 939a      	ST   -Y,R25
00007f 93aa      	ST   -Y,R26
000080 93ba      	ST   -Y,R27
000081 93ea      	ST   -Y,R30
000082 93fa      	ST   -Y,R31
000083 b7ef      	IN   R30,SREG
000084 93ea      	ST   -Y,R30
                 ; 0000 0035 // Place your code here
                 ; 0000 0036     temp = read_adc(0);
000085 e0a0      	LDI  R26,LOW(0)
000086 dfe4      	RCALL _read_adc
000087 013f      	MOVW R6,R30
                 ; 0000 0037     temp = temp/2.054;
000088 940e 0534 	CALL __CWD1
00008a 940e 04b1 	CALL __CDF1
00008c 01df      	MOVW R26,R30
00008d 01cb      	MOVW R24,R22
                +
00008e ebec     +LDI R30 , LOW ( 0x400374BC )
00008f e7f4     +LDI R31 , HIGH ( 0x400374BC )
000090 e063     +LDI R22 , BYTE3 ( 0x400374BC )
000091 e470     +LDI R23 , BYTE4 ( 0x400374BC )
                 	__GETD1N 0x400374BC
000092 940e 04df 	CALL __DIVF21
000094 940e 047a 	CALL __CFD1
000096 013f      	MOVW R6,R30
                 ; 0000 0038 }
000097 91e9      	LD   R30,Y+
000098 bfef      	OUT  SREG,R30
000099 91f9      	LD   R31,Y+
00009a 91e9      	LD   R30,Y+
00009b 91b9      	LD   R27,Y+
00009c 91a9      	LD   R26,Y+
00009d 9199      	LD   R25,Y+
00009e 9189      	LD   R24,Y+
00009f 9179      	LD   R23,Y+
0000a0 9169      	LD   R22,Y+
0000a1 90f9      	LD   R15,Y+
0000a2 9019      	LD   R1,Y+
0000a3 9009      	LD   R0,Y+
0000a4 9518      	RETI
                 ; .FEND
                 ;
                 ;void main(void)
                 ; 0000 003B {
                 _main:
                 ; .FSTART _main
                 ; 0000 003C // Declare your local variables here
                 ; 0000 003D 
                 ; 0000 003E // Input/Output Ports initialization
                 ; 0000 003F // Port A initialization
                 ; 0000 0040 // Function: Bit7=In Bit6=In Bit5=In Bit4=In Bit3=In Bit2=In Bit1=In Bit0=In
                 ; 0000 0041 DDRA=(0<<DDA7) | (0<<DDA6) | (0<<DDA5) | (0<<DDA4) | (0<<DDA3) | (0<<DDA2) | (0<<DDA1) | (0<<DDA0);
0000a5 e0e0      	LDI  R30,LOW(0)
0000a6 bbea      	OUT  0x1A,R30
                 ; 0000 0042 // State: Bit7=T Bit6=T Bit5=T Bit4=T Bit3=T Bit2=T Bit1=T Bit0=T
                 ; 0000 0043 PORTA=(0<<PORTA7) | (0<<PORTA6) | (0<<PORTA5) | (0<<PORTA4) | (0<<PORTA3) | (0<<PORTA2) | (0<<PORTA1) | (0<<PORTA0);
0000a7 bbeb      	OUT  0x1B,R30
                 ; 0000 0044 
                 ; 0000 0045 // Port B initialization
                 ; 0000 0046 // Function: Bit7=In Bit6=In Bit5=In Bit4=In Bit3=In Bit2=In Bit1=In Bit0=In
                 ; 0000 0047 DDRB=(0<<DDB7) | (0<<DDB6) | (0<<DDB5) | (0<<DDB4) | (0<<DDB3) | (0<<DDB2) | (0<<DDB1) | (0<<DDB0);
0000a8 bbe7      	OUT  0x17,R30
                 ; 0000 0048 // State: Bit7=T Bit6=T Bit5=T Bit4=T Bit3=T Bit2=T Bit1=T Bit0=T
                 ; 0000 0049 PORTB=(0<<PORTB7) | (0<<PORTB6) | (0<<PORTB5) | (0<<PORTB4) | (0<<PORTB3) | (0<<PORTB2) | (0<<PORTB1) | (0<<PORTB0);
0000a9 bbe8      	OUT  0x18,R30
                 ; 0000 004A 
                 ; 0000 004B // Port C initialization
                 ; 0000 004C // Function: Bit7=In Bit6=In Bit5=In Bit4=In Bit3=In Bit2=In Bit1=In Bit0=In
                 ; 0000 004D DDRC=(0<<DDC7) | (0<<DDC6) | (0<<DDC5) | (0<<DDC4) | (0<<DDC3) | (0<<DDC2) | (0<<DDC1) | (0<<DDC0);
0000aa bbe4      	OUT  0x14,R30
                 ; 0000 004E // State: Bit7=T Bit6=T Bit5=T Bit4=T Bit3=T Bit2=T Bit1=T Bit0=T
                 ; 0000 004F PORTC=(0<<PORTC7) | (0<<PORTC6) | (0<<PORTC5) | (0<<PORTC4) | (0<<PORTC3) | (0<<PORTC2) | (0<<PORTC1) | (0<<PORTC0);
0000ab bbe5      	OUT  0x15,R30
                 ; 0000 0050 
                 ; 0000 0051 // Port D initialization
                 ; 0000 0052 // Function: Bit7=In Bit6=In Bit5=In Bit4=In Bit3=In Bit2=In Bit1=In Bit0=In
                 ; 0000 0053 DDRD=(0<<DDD7) | (0<<DDD6) | (0<<DDD5) | (0<<DDD4) | (0<<DDD3) | (0<<DDD2) | (0<<DDD1) | (0<<DDD0);
0000ac bbe1      	OUT  0x11,R30
                 ; 0000 0054 // State: Bit7=T Bit6=T Bit5=T Bit4=T Bit3=T Bit2=T Bit1=T Bit0=T
                 ; 0000 0055 PORTD=(0<<PORTD7) | (0<<PORTD6) | (0<<PORTD5) | (0<<PORTD4) | (0<<PORTD3) | (0<<PORTD2) | (0<<PORTD1) | (0<<PORTD0);
0000ad bbe2      	OUT  0x12,R30
                 ; 0000 0056 
                 ; 0000 0057 // Timer/Counter 0 initialization
                 ; 0000 0058 // Clock source: T0 pin Rising Edge
                 ; 0000 0059 // Mode: Normal top=0xFF
                 ; 0000 005A // OC0 output: Disconnected
                 ; 0000 005B TCCR0=(0<<WGM00) | (0<<COM01) | (0<<COM00) | (0<<WGM01) | (1<<CS02) | (1<<CS01) | (1<<CS00);
0000ae e0e7      	LDI  R30,LOW(7)
0000af bfe3      	OUT  0x33,R30
                 ; 0000 005C TCNT0=0x00;
0000b0 e0e0      	LDI  R30,LOW(0)
0000b1 bfe2      	OUT  0x32,R30
                 ; 0000 005D OCR0=0x00;
0000b2 bfec      	OUT  0x3C,R30
                 ; 0000 005E 
                 ; 0000 005F // Timer(s)/Counter(s) Interrupt(s) initialization
                 ; 0000 0060 TIMSK=(0<<OCIE2) | (0<<TOIE2) | (0<<TICIE1) | (0<<OCIE1A) | (0<<OCIE1B) | (0<<TOIE1) | (0<<OCIE0) | (1<<TOIE0);
0000b3 e0e1      	LDI  R30,LOW(1)
0000b4 bfe9      	OUT  0x39,R30
                 ; 0000 0061 
                 ; 0000 0062 // USART initialization
                 ; 0000 0063 // Communication Parameters: 8 Data, 1 Stop, No Parity
                 ; 0000 0064 // USART Receiver: On
                 ; 0000 0065 // USART Transmitter: On
                 ; 0000 0066 // USART Mode: Asynchronous
                 ; 0000 0067 // USART Baud Rate: 9600
                 ; 0000 0068 UCSRA=(0<<RXC) | (0<<TXC) | (0<<UDRE) | (0<<FE) | (0<<DOR) | (0<<UPE) | (0<<U2X) | (0<<MPCM);
0000b5 e0e0      	LDI  R30,LOW(0)
0000b6 b9eb      	OUT  0xB,R30
                 ; 0000 0069 UCSRB=(0<<RXCIE) | (0<<TXCIE) | (0<<UDRIE) | (1<<RXEN) | (1<<TXEN) | (0<<UCSZ2) | (0<<RXB8) | (0<<TXB8);
0000b7 e1e8      	LDI  R30,LOW(24)
0000b8 b9ea      	OUT  0xA,R30
                 ; 0000 006A UCSRC=(1<<URSEL) | (0<<UMSEL) | (0<<UPM1) | (0<<UPM0) | (0<<USBS) | (1<<UCSZ1) | (1<<UCSZ0) | (0<<UCPOL);
0000b9 e8e6      	LDI  R30,LOW(134)
0000ba bde0      	OUT  0x20,R30
                 ; 0000 006B UBRRH=0x00;
0000bb e0e0      	LDI  R30,LOW(0)
0000bc bde0      	OUT  0x20,R30
                 ; 0000 006C UBRRL=0x06;
0000bd e0e6      	LDI  R30,LOW(6)
0000be b9e9      	OUT  0x9,R30
                 ; 0000 006D 
                 ; 0000 006E // ADC initialization
                 ; 0000 006F // ADC Clock frequency: 500.000 kHz
                 ; 0000 0070 // ADC Voltage Reference: AREF pin
                 ; 0000 0071 // ADC Auto Trigger Source: Timer0 Overflow
                 ; 0000 0072 ADMUX=ADC_VREF_TYPE;
0000bf e0e0      	LDI  R30,LOW(0)
0000c0 b9e7      	OUT  0x7,R30
                 ; 0000 0073 ADCSRA=(1<<ADEN) | (0<<ADSC) | (1<<ADATE) | (0<<ADIF) | (0<<ADIE) | (0<<ADPS2) | (0<<ADPS1) | (1<<ADPS0);
0000c1 eae1      	LDI  R30,LOW(161)
0000c2 b9e6      	OUT  0x6,R30
                 ; 0000 0074 SFIOR=(1<<ADTS2) | (0<<ADTS1) | (0<<ADTS0);
0000c3 e8e0      	LDI  R30,LOW(128)
0000c4 bfe0      	OUT  0x30,R30
                 ; 0000 0075 
                 ; 0000 0076 // Global enable interrupts
                 ; 0000 0077 #asm("sei")
0000c5 9478      	sei
                 ; 0000 0078 
                 ; 0000 0079 while (1)
                 _0x6:
                 ; 0000 007A       {
                 ; 0000 007B       // Place your code here
                 ; 0000 007C          scanf("%d",&data);
                +
0000c6 e6ec     +LDI R30 , LOW ( 2 * _0x0 + ( 0 ) )
0000c7 e0f0     +LDI R31 , HIGH ( 2 * _0x0 + ( 0 ) )
                 	__POINTW1FN _0x0,0
0000c8 93fa      	ST   -Y,R31
0000c9 93ea      	ST   -Y,R30
                +
0000ca e0e8     +LDI R30 , LOW ( 0x8 )
0000cb e0f0     +LDI R31 , HIGH ( 0x8 )
0000cc e060     +LDI R22 , BYTE3 ( 0x8 )
0000cd e070     +LDI R23 , BYTE4 ( 0x8 )
                 	__GETD1N 0x8
0000ce 940e 0549 	CALL __PUTPARD1
0000d0 e084      	LDI  R24,4
0000d1 940e 03a9 	CALL _scanf
0000d3 9626      	ADIW R28,6
                 ; 0000 007D         if (data == address){
                +
0000d4 1448     +CP R4 , R8
0000d5 0459     +CPC R5 , R9
                 	__CPWRR 4,5,8,9
0000d6 f469      	BRNE _0x9
                 ; 0000 007E             printf("%d\n",temp);
                +
0000d7 e6ef     +LDI R30 , LOW ( 2 * _0x0 + ( 3 ) )
0000d8 e0f0     +LDI R31 , HIGH ( 2 * _0x0 + ( 3 ) )
                 	__POINTW1FN _0x0,3
0000d9 93fa      	ST   -Y,R31
0000da 93ea      	ST   -Y,R30
0000db 01f3      	MOVW R30,R6
0000dc 940e 0534 	CALL __CWD1
0000de 940e 0549 	CALL __PUTPARD1
0000e0 e084      	LDI  R24,4
0000e1 940e 0232 	CALL _printf
0000e3 9626      	ADIW R28,6
                 ; 0000 007F         }
                 ; 0000 0080       }
                 _0x9:
0000e4 cfe1      	RJMP _0x6
                 ; 0000 0081 }
                 _0xA:
0000e5 cfff      	RJMP _0xA
                 ; .FEND
                 	#ifndef __SLEEP_DEFINED__
                 	#endif
                 
                 	.CSEG
                 _getchar:
                 ; .FSTART _getchar
                 getchar0:
0000e6 9b5f           sbis usr,rxc
0000e7 cffe           rjmp getchar0
0000e8 b1ec           in   r30,udr
0000e9 9508      	RET
                 ; .FEND
                 _putchar:
                 ; .FSTART _putchar
0000ea 93aa      	ST   -Y,R26
                 putchar0:
0000eb 9b5d           sbis usr,udre
0000ec cffe           rjmp putchar0
0000ed 81e8           ld   r30,y
0000ee b9ec           out  udr,r30
                 _0x2060003:
0000ef 9621      	ADIW R28,1
0000f0 9508      	RET
                 ; .FEND
                 _put_usart_G100:
                 ; .FSTART _put_usart_G100
0000f1 93ba      	ST   -Y,R27
0000f2 93aa      	ST   -Y,R26
0000f3 81aa      	LDD  R26,Y+2
0000f4 dff5      	RCALL _putchar
0000f5 81a8      	LD   R26,Y
0000f6 81b9      	LDD  R27,Y+1
0000f7 91ed      	LD   R30,X+
0000f8 91fd      	LD   R31,X+
0000f9 9631      	ADIW R30,1
0000fa 93fe      	ST   -X,R31
0000fb 93ee      	ST   -X,R30
0000fc 9623      	ADIW R28,3
0000fd 9508      	RET
                 ; .FEND
                 __print_G100:
                 ; .FSTART __print_G100
0000fe 93ba      	ST   -Y,R27
0000ff 93aa      	ST   -Y,R26
000100 9726      	SBIW R28,6
000101 940e 054e 	CALL __SAVELOCR6
000103 e010      	LDI  R17,0
000104 85ac      	LDD  R26,Y+12
000105 85bd      	LDD  R27,Y+12+1
000106 e0e0      	LDI  R30,LOW(0)
000107 e0f0      	LDI  R31,HIGH(0)
000108 93ed      	ST   X+,R30
000109 93fc      	ST   X,R31
                 _0x2000016:
00010a 89ea      	LDD  R30,Y+18
00010b 89fb      	LDD  R31,Y+18+1
00010c 9631      	ADIW R30,1
00010d 8bea      	STD  Y+18,R30
00010e 8bfb      	STD  Y+18+1,R31
00010f 9731      	SBIW R30,1
000110 91e4      	LPM  R30,Z
000111 2f2e      	MOV  R18,R30
000112 30e0      	CPI  R30,0
000113 f409      	BRNE PC+2
000114 c115      	RJMP _0x2000018
000115 2fe1      	MOV  R30,R17
000116 30e0      	CPI  R30,0
000117 f439      	BRNE _0x200001C
000118 3225      	CPI  R18,37
000119 f411      	BRNE _0x200001D
00011a e011      	LDI  R17,LOW(1)
00011b c002      	RJMP _0x200001E
                 _0x200001D:
00011c 940e 0402 	CALL SUBOPT_0x0
                 _0x200001E:
00011e c10a      	RJMP _0x200001B
                 _0x200001C:
00011f 30e1      	CPI  R30,LOW(0x1)
000120 f4a9      	BRNE _0x200001F
000121 3225      	CPI  R18,37
000122 f419      	BRNE _0x2000020
000123 940e 0402 	CALL SUBOPT_0x0
000125 c102      	RJMP _0x20000CC
                 _0x2000020:
000126 e012      	LDI  R17,LOW(2)
000127 e040      	LDI  R20,LOW(0)
000128 e000      	LDI  R16,LOW(0)
000129 322d      	CPI  R18,45
00012a f411      	BRNE _0x2000021
00012b e001      	LDI  R16,LOW(1)
00012c c0fc      	RJMP _0x200001B
                 _0x2000021:
00012d 322b      	CPI  R18,43
00012e f411      	BRNE _0x2000022
00012f e24b      	LDI  R20,LOW(43)
000130 c0f8      	RJMP _0x200001B
                 _0x2000022:
000131 3220      	CPI  R18,32
000132 f411      	BRNE _0x2000023
000133 e240      	LDI  R20,LOW(32)
000134 c0f4      	RJMP _0x200001B
                 _0x2000023:
000135 c002      	RJMP _0x2000024
                 _0x200001F:
000136 30e2      	CPI  R30,LOW(0x2)
000137 f439      	BRNE _0x2000025
                 _0x2000024:
000138 e050      	LDI  R21,LOW(0)
000139 e013      	LDI  R17,LOW(3)
00013a 3320      	CPI  R18,48
00013b f411      	BRNE _0x2000026
00013c 6800      	ORI  R16,LOW(128)
00013d c0eb      	RJMP _0x200001B
                 _0x2000026:
00013e c003      	RJMP _0x2000027
                 _0x2000025:
00013f 30e3      	CPI  R30,LOW(0x3)
000140 f009      	BREQ PC+2
000141 c0e7      	RJMP _0x200001B
                 _0x2000027:
000142 3320      	CPI  R18,48
000143 f010      	BRLO _0x200002A
000144 332a      	CPI  R18,58
000145 f008      	BRLO _0x200002B
                 _0x200002A:
000146 c007      	RJMP _0x2000029
                 _0x200002B:
000147 e0aa      	LDI  R26,LOW(10)
000148 9f5a      	MUL  R21,R26
000149 2d50      	MOV  R21,R0
00014a 2fe2      	MOV  R30,R18
00014b 53e0      	SUBI R30,LOW(48)
00014c 0f5e      	ADD  R21,R30
00014d c0db      	RJMP _0x200001B
                 _0x2000029:
00014e 2fe2      	MOV  R30,R18
00014f 36e3      	CPI  R30,LOW(0x63)
000150 f449      	BRNE _0x200002F
000151 940e 0409 	CALL SUBOPT_0x1
000153 89e8      	LDD  R30,Y+16
000154 89f9      	LDD  R31,Y+16+1
000155 81a4      	LDD  R26,Z+4
000156 93aa      	ST   -Y,R26
000157 940e 040f 	CALL SUBOPT_0x2
000159 c0ce      	RJMP _0x2000030
                 _0x200002F:
00015a 37e3      	CPI  R30,LOW(0x73)
00015b f441      	BRNE _0x2000032
00015c 940e 0409 	CALL SUBOPT_0x1
00015e 940e 0415 	CALL SUBOPT_0x3
000160 940e 03e9 	CALL _strlen
000162 2f1e      	MOV  R17,R30
000163 c00a      	RJMP _0x2000033
                 _0x2000032:
000164 37e0      	CPI  R30,LOW(0x70)
000165 f461      	BRNE _0x2000035
000166 940e 0409 	CALL SUBOPT_0x1
000168 940e 0415 	CALL SUBOPT_0x3
00016a 940e 03f5 	CALL _strlenf
00016c 2f1e      	MOV  R17,R30
00016d 6008      	ORI  R16,LOW(8)
                 _0x2000033:
00016e 6002      	ORI  R16,LOW(2)
00016f 770f      	ANDI R16,LOW(127)
000170 e030      	LDI  R19,LOW(0)
000171 c034      	RJMP _0x2000036
                 _0x2000035:
000172 36e4      	CPI  R30,LOW(0x64)
000173 f011      	BREQ _0x2000039
000174 36e9      	CPI  R30,LOW(0x69)
000175 f411      	BRNE _0x200003A
                 _0x2000039:
000176 6004      	ORI  R16,LOW(4)
000177 c002      	RJMP _0x200003B
                 _0x200003A:
000178 37e5      	CPI  R30,LOW(0x75)
000179 f431      	BRNE _0x200003C
                 _0x200003B:
00017a e5e4      	LDI  R30,LOW(_tbl10_G100*2)
00017b e0f0      	LDI  R31,HIGH(_tbl10_G100*2)
00017c 83ee      	STD  Y+6,R30
00017d 83ff      	STD  Y+6+1,R31
00017e e015      	LDI  R17,LOW(5)
00017f c00c      	RJMP _0x200003D
                 _0x200003C:
000180 35e8      	CPI  R30,LOW(0x58)
000181 f411      	BRNE _0x200003F
000182 6008      	ORI  R16,LOW(8)
000183 c003      	RJMP _0x2000040
                 _0x200003F:
000184 37e8      	CPI  R30,LOW(0x78)
000185 f009      	BREQ PC+2
000186 c0a1      	RJMP _0x2000071
                 _0x2000040:
000187 e5ee      	LDI  R30,LOW(_tbl16_G100*2)
000188 e0f0      	LDI  R31,HIGH(_tbl16_G100*2)
000189 83ee      	STD  Y+6,R30
00018a 83ff      	STD  Y+6+1,R31
00018b e014      	LDI  R17,LOW(4)
                 _0x200003D:
00018c ff02      	SBRS R16,2
00018d c014      	RJMP _0x2000042
00018e 940e 0409 	CALL SUBOPT_0x1
000190 940e 041f 	CALL SUBOPT_0x4
000192 85ab      	LDD  R26,Y+11
000193 23aa      	TST  R26
000194 f43a      	BRPL _0x2000043
000195 85ea      	LDD  R30,Y+10
000196 85fb      	LDD  R31,Y+10+1
000197 940e 0528 	CALL __ANEGW1
000199 87ea      	STD  Y+10,R30
00019a 87fb      	STD  Y+10+1,R31
00019b e24d      	LDI  R20,LOW(45)
                 _0x2000043:
00019c 3040      	CPI  R20,0
00019d f011      	BREQ _0x2000044
00019e 5f1f      	SUBI R17,-LOW(1)
00019f c001      	RJMP _0x2000045
                 _0x2000044:
0001a0 7f0b      	ANDI R16,LOW(251)
                 _0x2000045:
0001a1 c004      	RJMP _0x2000046
                 _0x2000042:
0001a2 940e 0409 	CALL SUBOPT_0x1
0001a4 940e 041f 	CALL SUBOPT_0x4
                 _0x2000046:
                 _0x2000036:
0001a6 fd00      	SBRC R16,0
0001a7 c011      	RJMP _0x2000047
                 _0x2000048:
0001a8 1715      	CP   R17,R21
0001a9 f478      	BRSH _0x200004A
0001aa ff07      	SBRS R16,7
0001ab c008      	RJMP _0x200004B
0001ac ff02      	SBRS R16,2
0001ad c004      	RJMP _0x200004C
0001ae 7f0b      	ANDI R16,LOW(251)
0001af 2f24      	MOV  R18,R20
0001b0 5011      	SUBI R17,LOW(1)
0001b1 c001      	RJMP _0x200004D
                 _0x200004C:
0001b2 e320      	LDI  R18,LOW(48)
                 _0x200004D:
0001b3 c001      	RJMP _0x200004E
                 _0x200004B:
0001b4 e220      	LDI  R18,LOW(32)
                 _0x200004E:
0001b5 940e 0402 	CALL SUBOPT_0x0
0001b7 5051      	SUBI R21,LOW(1)
0001b8 cfef      	RJMP _0x2000048
                 _0x200004A:
                 _0x2000047:
0001b9 2f31      	MOV  R19,R17
0001ba ff01      	SBRS R16,1
0001bb c017      	RJMP _0x200004F
                 _0x2000050:
0001bc 3030      	CPI  R19,0
0001bd f0a1      	BREQ _0x2000052
0001be ff03      	SBRS R16,3
0001bf c006      	RJMP _0x2000053
0001c0 81ee      	LDD  R30,Y+6
0001c1 81ff      	LDD  R31,Y+6+1
0001c2 9125      	LPM  R18,Z+
0001c3 83ee      	STD  Y+6,R30
0001c4 83ff      	STD  Y+6+1,R31
0001c5 c005      	RJMP _0x2000054
                 _0x2000053:
0001c6 81ae      	LDD  R26,Y+6
0001c7 81bf      	LDD  R27,Y+6+1
0001c8 912d      	LD   R18,X+
0001c9 83ae      	STD  Y+6,R26
0001ca 83bf      	STD  Y+6+1,R27
                 _0x2000054:
0001cb 940e 0402 	CALL SUBOPT_0x0
0001cd 3050      	CPI  R21,0
0001ce f009      	BREQ _0x2000055
0001cf 5051      	SUBI R21,LOW(1)
                 _0x2000055:
0001d0 5031      	SUBI R19,LOW(1)
0001d1 cfea      	RJMP _0x2000050
                 _0x2000052:
0001d2 c04b      	RJMP _0x2000056
                 _0x200004F:
                 _0x2000058:
0001d3 e320      	LDI  R18,LOW(48)
0001d4 81ee      	LDD  R30,Y+6
0001d5 81ff      	LDD  R31,Y+6+1
0001d6 940e 0545 	CALL __GETW1PF
0001d8 87e8      	STD  Y+8,R30
0001d9 87f9      	STD  Y+8+1,R31
0001da 81ee      	LDD  R30,Y+6
0001db 81ff      	LDD  R31,Y+6+1
0001dc 9632      	ADIW R30,2
0001dd 83ee      	STD  Y+6,R30
0001de 83ff      	STD  Y+6+1,R31
                 _0x200005A:
0001df 85e8      	LDD  R30,Y+8
0001e0 85f9      	LDD  R31,Y+8+1
0001e1 85aa      	LDD  R26,Y+10
0001e2 85bb      	LDD  R27,Y+10+1
0001e3 17ae      	CP   R26,R30
0001e4 07bf      	CPC  R27,R31
0001e5 f050      	BRLO _0x200005C
0001e6 5f2f      	SUBI R18,-LOW(1)
0001e7 85a8      	LDD  R26,Y+8
0001e8 85b9      	LDD  R27,Y+8+1
0001e9 85ea      	LDD  R30,Y+10
0001ea 85fb      	LDD  R31,Y+10+1
0001eb 1bea      	SUB  R30,R26
0001ec 0bfb      	SBC  R31,R27
0001ed 87ea      	STD  Y+10,R30
0001ee 87fb      	STD  Y+10+1,R31
0001ef cfef      	RJMP _0x200005A
                 _0x200005C:
0001f0 332a      	CPI  R18,58
0001f1 f028      	BRLO _0x200005D
0001f2 ff03      	SBRS R16,3
0001f3 c002      	RJMP _0x200005E
0001f4 5f29      	SUBI R18,-LOW(7)
0001f5 c001      	RJMP _0x200005F
                 _0x200005E:
0001f6 5d29      	SUBI R18,-LOW(39)
                 _0x200005F:
                 _0x200005D:
0001f7 fd04      	SBRC R16,4
0001f8 c01a      	RJMP _0x2000061
0001f9 3321      	CPI  R18,49
0001fa f420      	BRSH _0x2000063
0001fb 85a8      	LDD  R26,Y+8
0001fc 85b9      	LDD  R27,Y+8+1
0001fd 9711      	SBIW R26,1
0001fe f409      	BRNE _0x2000062
                 _0x2000063:
0001ff c009      	RJMP _0x20000CD
                 _0x2000062:
000200 1753      	CP   R21,R19
000201 f010      	BRLO _0x2000067
000202 ff00      	SBRS R16,0
000203 c001      	RJMP _0x2000068
                 _0x2000067:
000204 c013      	RJMP _0x2000066
                 _0x2000068:
000205 e220      	LDI  R18,LOW(32)
000206 ff07      	SBRS R16,7
000207 c00b      	RJMP _0x2000069
000208 e320      	LDI  R18,LOW(48)
                 _0x20000CD:
000209 6100      	ORI  R16,LOW(16)
00020a ff02      	SBRS R16,2
00020b c007      	RJMP _0x200006A
00020c 7f0b      	ANDI R16,LOW(251)
00020d 934a      	ST   -Y,R20
00020e 940e 040f 	CALL SUBOPT_0x2
000210 3050      	CPI  R21,0
000211 f009      	BREQ _0x200006B
000212 5051      	SUBI R21,LOW(1)
                 _0x200006B:
                 _0x200006A:
                 _0x2000069:
                 _0x2000061:
000213 940e 0402 	CALL SUBOPT_0x0
000215 3050      	CPI  R21,0
000216 f009      	BREQ _0x200006C
000217 5051      	SUBI R21,LOW(1)
                 _0x200006C:
                 _0x2000066:
000218 5031      	SUBI R19,LOW(1)
000219 85a8      	LDD  R26,Y+8
00021a 85b9      	LDD  R27,Y+8+1
00021b 9712      	SBIW R26,2
00021c f008      	BRLO _0x2000059
00021d cfb5      	RJMP _0x2000058
                 _0x2000059:
                 _0x2000056:
00021e ff00      	SBRS R16,0
00021f c008      	RJMP _0x200006D
                 _0x200006E:
000220 3050      	CPI  R21,0
000221 f031      	BREQ _0x2000070
000222 5051      	SUBI R21,LOW(1)
000223 e2e0      	LDI  R30,LOW(32)
000224 93ea      	ST   -Y,R30
000225 940e 040f 	CALL SUBOPT_0x2
000227 cff8      	RJMP _0x200006E
                 _0x2000070:
                 _0x200006D:
                 _0x2000071:
                 _0x2000030:
                 _0x20000CC:
000228 e010      	LDI  R17,LOW(0)
                 _0x200001B:
000229 cee0      	RJMP _0x2000016
                 _0x2000018:
00022a 85ac      	LDD  R26,Y+12
00022b 85bd      	LDD  R27,Y+12+1
00022c 940e 0541 	CALL __GETW1P
00022e 940e 0555 	CALL __LOADLOCR6
000230 9664      	ADIW R28,20
000231 9508      	RET
                 ; .FEND
                 _printf:
                 ; .FSTART _printf
000232 92ff      	PUSH R15
000233 2ef8      	MOV  R15,R24
000234 9726      	SBIW R28,6
000235 931a      	ST   -Y,R17
000236 930a      	ST   -Y,R16
000237 01de      	MOVW R26,R28
000238 9614      	ADIW R26,4
000239 940e 0524 	CALL __ADDW2R15
00023b 018d      	MOVW R16,R26
00023c e0e0      	LDI  R30,LOW(0)
00023d 83ec      	STD  Y+4,R30
00023e 83ed      	STD  Y+4+1,R30
00023f 83ee      	STD  Y+6,R30
000240 83ef      	STD  Y+6+1,R30
000241 01de      	MOVW R26,R28
000242 9618      	ADIW R26,8
000243 940e 0427 	CALL SUBOPT_0x5
000245 efe1      	LDI  R30,LOW(_put_usart_G100)
000246 e0f0      	LDI  R31,HIGH(_put_usart_G100)
000247 93fa      	ST   -Y,R31
000248 93ea      	ST   -Y,R30
000249 01de      	MOVW R26,R28
00024a 9618      	ADIW R26,8
00024b deb2      	RCALL __print_G100
00024c 8119      	LDD  R17,Y+1
00024d 8108      	LDD  R16,Y+0
00024e 9628      	ADIW R28,8
00024f 90ff      	POP  R15
000250 9508      	RET
                 ; .FEND
                 _get_usart_G100:
                 ; .FSTART _get_usart_G100
000251 93ba      	ST   -Y,R27
000252 93aa      	ST   -Y,R26
000253 931a      	ST   -Y,R17
000254 81a9      	LDD  R26,Y+1
000255 81ba      	LDD  R27,Y+1+1
000256 e0e0      	LDI  R30,LOW(0)
000257 93ec      	ST   X,R30
000258 81ab      	LDD  R26,Y+3
000259 81bc      	LDD  R27,Y+3+1
00025a 91ec      	LD   R30,X
00025b 2f1e      	MOV  R17,R30
00025c 30e0      	CPI  R30,0
00025d f019      	BREQ _0x2000078
00025e e0e0      	LDI  R30,LOW(0)
00025f 93ec      	ST   X,R30
000260 c002      	RJMP _0x2000079
                 _0x2000078:
000261 de84      	RCALL _getchar
000262 2f1e      	MOV  R17,R30
                 _0x2000079:
000263 2fe1      	MOV  R30,R17
000264 8118      	LDD  R17,Y+0
000265 9625      	ADIW R28,5
000266 9508      	RET
                 ; .FEND
                 __scanf_G100:
                 ; .FSTART __scanf_G100
000267 92ff      	PUSH R15
000268 93ba      	ST   -Y,R27
000269 93aa      	ST   -Y,R26
00026a 9724      	SBIW R28,4
00026b 940e 054e 	CALL __SAVELOCR6
00026d e0e0      	LDI  R30,LOW(0)
00026e e0f0      	LDI  R31,HIGH(0)
00026f 87e8      	STD  Y+8,R30
000270 87f9      	STD  Y+8+1,R31
000271 2f4e      	MOV  R20,R30
                 _0x200007F:
000272 89e8      	LDD  R30,Y+16
000273 89f9      	LDD  R31,Y+16+1
000274 9631      	ADIW R30,1
000275 8be8      	STD  Y+16,R30
000276 8bf9      	STD  Y+16+1,R31
000277 9731      	SBIW R30,1
000278 91e4      	LPM  R30,Z
000279 2f3e      	MOV  R19,R30
00027a 30e0      	CPI  R30,0
00027b f409      	BRNE PC+2
00027c c125      	RJMP _0x2000081
00027d 940e 0430 	CALL SUBOPT_0x6
00027f f0c1      	BREQ _0x2000082
                 _0x2000083:
000280 b7ed      	IN   R30,SPL
000281 b7fe      	IN   R31,SPH
000282 93fa      	ST   -Y,R31
000283 93ea      	ST   -Y,R30
000284 934f      	PUSH R20
000285 940e 0435 	CALL SUBOPT_0x7
000287 914f      	POP  R20
000288 2f3e      	MOV  R19,R30
000289 30e0      	CPI  R30,0
00028a f019      	BREQ _0x2000086
00028b 940e 0430 	CALL SUBOPT_0x6
00028d f409      	BRNE _0x2000087
                 _0x2000086:
00028e c007      	RJMP _0x2000085
                 _0x2000087:
00028f 940e 043b 	CALL SUBOPT_0x8
000291 f41c      	BRGE _0x2000088
000292 efef      	LDI  R30,LOW(65535)
000293 efff      	LDI  R31,HIGH(65535)
000294 c10f      	RJMP _0x2060001
                 _0x2000088:
000295 cfea      	RJMP _0x2000083
                 _0x2000085:
000296 2f43      	MOV  R20,R19
000297 c109      	RJMP _0x2000089
                 _0x2000082:
000298 3235      	CPI  R19,37
000299 f009      	BREQ PC+2
00029a c0ee      	RJMP _0x200008A
00029b e050      	LDI  R21,LOW(0)
                 _0x200008B:
00029c 89e8      	LDD  R30,Y+16
00029d 89f9      	LDD  R31,Y+16+1
00029e 9135      	LPM  R19,Z+
00029f 8be8      	STD  Y+16,R30
0002a0 8bf9      	STD  Y+16+1,R31
0002a1 3330      	CPI  R19,48
0002a2 f010      	BRLO _0x200008F
0002a3 333a      	CPI  R19,58
0002a4 f008      	BRLO _0x200008E
                 _0x200008F:
0002a5 c007      	RJMP _0x200008D
                 _0x200008E:
0002a6 e0aa      	LDI  R26,LOW(10)
0002a7 9f5a      	MUL  R21,R26
0002a8 2d50      	MOV  R21,R0
0002a9 2fe3      	MOV  R30,R19
0002aa 53e0      	SUBI R30,LOW(48)
0002ab 0f5e      	ADD  R21,R30
0002ac cfef      	RJMP _0x200008B
                 _0x200008D:
0002ad 3030      	CPI  R19,0
0002ae f409      	BRNE _0x2000091
0002af c0f2      	RJMP _0x2000081
                 _0x2000091:
                 _0x2000092:
0002b0 b7ed      	IN   R30,SPL
0002b1 b7fe      	IN   R31,SPH
0002b2 93fa      	ST   -Y,R31
0002b3 93ea      	ST   -Y,R30
0002b4 934f      	PUSH R20
0002b5 940e 0435 	CALL SUBOPT_0x7
0002b7 914f      	POP  R20
0002b8 2f2e      	MOV  R18,R30
0002b9 2fae      	MOV  R26,R30
0002ba 940e 03cf 	CALL _isspace
0002bc 30e0      	CPI  R30,0
0002bd f039      	BREQ _0x2000094
0002be 940e 043b 	CALL SUBOPT_0x8
0002c0 f41c      	BRGE _0x2000095
0002c1 efef      	LDI  R30,LOW(65535)
0002c2 efff      	LDI  R31,HIGH(65535)
0002c3 c0e0      	RJMP _0x2060001
                 _0x2000095:
0002c4 cfeb      	RJMP _0x2000092
                 _0x2000094:
0002c5 3020      	CPI  R18,0
0002c6 f409      	BRNE _0x2000096
0002c7 c0d1      	RJMP _0x2000097
                 _0x2000096:
0002c8 2f42      	MOV  R20,R18
0002c9 3050      	CPI  R21,0
0002ca f409      	BRNE _0x2000098
0002cb ef5f      	LDI  R21,LOW(255)
                 _0x2000098:
0002cc 2fe3      	MOV  R30,R19
0002cd 36e3      	CPI  R30,LOW(0x63)
0002ce f499      	BRNE _0x200009C
0002cf 940e 0440 	CALL SUBOPT_0x9
0002d1 b7ed      	IN   R30,SPL
0002d2 b7fe      	IN   R31,SPH
0002d3 93fa      	ST   -Y,R31
0002d4 93ea      	ST   -Y,R30
0002d5 934f      	PUSH R20
0002d6 940e 0435 	CALL SUBOPT_0x7
0002d8 914f      	POP  R20
0002d9 01d8      	MOVW R26,R16
0002da 93ec      	ST   X,R30
0002db 940e 043b 	CALL SUBOPT_0x8
0002dd f41c      	BRGE _0x200009D
0002de efef      	LDI  R30,LOW(65535)
0002df efff      	LDI  R31,HIGH(65535)
0002e0 c0c3      	RJMP _0x2060001
                 _0x200009D:
0002e1 c0a1      	RJMP _0x200009B
                 _0x200009C:
0002e2 37e3      	CPI  R30,LOW(0x73)
0002e3 f541      	BRNE _0x20000A6
0002e4 940e 0440 	CALL SUBOPT_0x9
                 _0x200009F:
0002e6 2fe5      	MOV  R30,R21
0002e7 5051      	SUBI R21,1
0002e8 30e0      	CPI  R30,0
0002e9 f0f1      	BREQ _0x20000A1
0002ea b7ed      	IN   R30,SPL
0002eb b7fe      	IN   R31,SPH
0002ec 93fa      	ST   -Y,R31
0002ed 93ea      	ST   -Y,R30
0002ee 934f      	PUSH R20
0002ef 940e 0435 	CALL SUBOPT_0x7
0002f1 914f      	POP  R20
0002f2 2f3e      	MOV  R19,R30
0002f3 30e0      	CPI  R30,0
0002f4 f019      	BREQ _0x20000A3
0002f5 940e 0430 	CALL SUBOPT_0x6
0002f7 f039      	BREQ _0x20000A2
                 _0x20000A3:
0002f8 940e 043b 	CALL SUBOPT_0x8
0002fa f41c      	BRGE _0x20000A5
0002fb efef      	LDI  R30,LOW(65535)
0002fc efff      	LDI  R31,HIGH(65535)
0002fd c0a6      	RJMP _0x2060001
                 _0x20000A5:
0002fe c009      	RJMP _0x20000A1
                 _0x20000A2:
0002ff 931f      	PUSH R17
000300 930f      	PUSH R16
                +
000301 5f0f     +SUBI R16 , LOW ( - 1 )
000302 4f1f     +SBCI R17 , HIGH ( - 1 )
                 	__ADDWRN 16,17,1
000303 2fe3      	MOV  R30,R19
000304 91af      	POP  R26
000305 91bf      	POP  R27
000306 93ec      	ST   X,R30
000307 cfde      	RJMP _0x200009F
                 _0x20000A1:
000308 01d8      	MOVW R26,R16
000309 e0e0      	LDI  R30,LOW(0)
00030a 93ec      	ST   X,R30
00030b c077      	RJMP _0x200009B
                 _0x20000A6:
00030c 9468      	SET
00030d f8f1      	BLD  R15,1
00030e 94e8      	CLT
00030f f8f2      	BLD  R15,2
000310 2fe3      	MOV  R30,R19
000311 36e4      	CPI  R30,LOW(0x64)
000312 f011      	BREQ _0x20000AB
000313 36e9      	CPI  R30,LOW(0x69)
000314 f419      	BRNE _0x20000AC
                 _0x20000AB:
000315 94e8      	CLT
000316 f8f1      	BLD  R15,1
000317 c002      	RJMP _0x20000AD
                 _0x20000AC:
000318 37e5      	CPI  R30,LOW(0x75)
000319 f411      	BRNE _0x20000AE
                 _0x20000AD:
00031a e02a      	LDI  R18,LOW(10)
00031b c008      	RJMP _0x20000A9
                 _0x20000AE:
00031c 37e8      	CPI  R30,LOW(0x78)
00031d f411      	BRNE _0x20000AF
00031e e120      	LDI  R18,LOW(16)
00031f c004      	RJMP _0x20000A9
                 _0x20000AF:
000320 32e5      	CPI  R30,LOW(0x25)
000321 f409      	BRNE _0x20000B2
000322 c066      	RJMP _0x20000B1
                 _0x20000B2:
000323 c07e      	RJMP _0x2060002
                 _0x20000A9:
000324 e0e0      	LDI  R30,LOW(0)
000325 83ee      	STD  Y+6,R30
000326 83ef      	STD  Y+6+1,R30
000327 9468      	SET
000328 f8f0      	BLD  R15,0
                 _0x20000B3:
000329 2fe5      	MOV  R30,R21
00032a 5051      	SUBI R21,1
00032b 30e0      	CPI  R30,0
00032c f409      	BRNE PC+2
00032d c046      	RJMP _0x20000B5
00032e b7ed      	IN   R30,SPL
00032f b7fe      	IN   R31,SPH
000330 93fa      	ST   -Y,R31
000331 93ea      	ST   -Y,R30
000332 934f      	PUSH R20
000333 940e 0435 	CALL SUBOPT_0x7
000335 914f      	POP  R20
000336 2f3e      	MOV  R19,R30
000337 32e1      	CPI  R30,LOW(0x21)
000338 f438      	BRSH _0x20000B6
000339 940e 043b 	CALL SUBOPT_0x8
00033b f41c      	BRGE _0x20000B7
00033c efef      	LDI  R30,LOW(65535)
00033d efff      	LDI  R31,HIGH(65535)
00033e c065      	RJMP _0x2060001
                 _0x20000B7:
00033f c017      	RJMP _0x20000B8
                 _0x20000B6:
000340 fcf1      	SBRC R15,1
000341 c008      	RJMP _0x20000B9
000342 9468      	SET
000343 f8f1      	BLD  R15,1
000344 323d      	CPI  R19,45
000345 f411      	BRNE _0x20000BA
000346 f8f2      	BLD  R15,2
000347 cfe1      	RJMP _0x20000B3
                 _0x20000BA:
000348 323b      	CPI  R19,43
000349 f2f9      	BREQ _0x20000B3
                 _0x20000B9:
00034a 3120      	CPI  R18,16
00034b f431      	BRNE _0x20000BC
00034c 2fa3      	MOV  R26,R19
00034d 940e 03da 	CALL _isxdigit
00034f 30e0      	CPI  R30,0
000350 f031      	BREQ _0x20000B8
000351 c009      	RJMP _0x20000BE
                 _0x20000BC:
000352 2fa3      	MOV  R26,R19
000353 940e 03c6 	CALL _isdigit
000355 30e0      	CPI  R30,0
000356 f421      	BRNE _0x20000BF
                 _0x20000B8:
000357 fcf0      	SBRC R15,0
000358 c049      	RJMP _0x20000C1
000359 2f43      	MOV  R20,R19
00035a c019      	RJMP _0x20000B5
                 _0x20000BF:
                 _0x20000BE:
00035b 3631      	CPI  R19,97
00035c f010      	BRLO _0x20000C2
00035d 5537      	SUBI R19,LOW(87)
00035e c005      	RJMP _0x20000C3
                 _0x20000C2:
00035f 3431      	CPI  R19,65
000360 f010      	BRLO _0x20000C4
000361 5337      	SUBI R19,LOW(55)
000362 c001      	RJMP _0x20000C5
                 _0x20000C4:
000363 5330      	SUBI R19,LOW(48)
                 _0x20000C5:
                 _0x20000C3:
000364 2fe2      	MOV  R30,R18
000365 81ae      	LDD  R26,Y+6
000366 81bf      	LDD  R27,Y+6+1
000367 e0f0      	LDI  R31,0
000368 940e 0539 	CALL __MULW12U
00036a 01df      	MOVW R26,R30
00036b 2fe3      	MOV  R30,R19
00036c e0f0      	LDI  R31,0
00036d 0fea      	ADD  R30,R26
00036e 1ffb      	ADC  R31,R27
00036f 83ee      	STD  Y+6,R30
000370 83ff      	STD  Y+6+1,R31
000371 94e8      	CLT
000372 f8f0      	BLD  R15,0
000373 cfb5      	RJMP _0x20000B3
                 _0x20000B5:
000374 940e 0440 	CALL SUBOPT_0x9
000376 fef2      	SBRS R15,2
000377 c006      	RJMP _0x20000C6
000378 81ee      	LDD  R30,Y+6
000379 81ff      	LDD  R31,Y+6+1
00037a 940e 0528 	CALL __ANEGW1
00037c 83ee      	STD  Y+6,R30
00037d 83ff      	STD  Y+6+1,R31
                 _0x20000C6:
00037e 81ee      	LDD  R30,Y+6
00037f 81ff      	LDD  R31,Y+6+1
000380 01d8      	MOVW R26,R16
000381 93ed      	ST   X+,R30
000382 93fc      	ST   X,R31
                 _0x200009B:
000383 85e8      	LDD  R30,Y+8
000384 85f9      	LDD  R31,Y+8+1
000385 9631      	ADIW R30,1
000386 87e8      	STD  Y+8,R30
000387 87f9      	STD  Y+8+1,R31
000388 c018      	RJMP _0x20000C7
                 _0x200008A:
                 _0x20000B1:
000389 b7ed      	IN   R30,SPL
00038a b7fe      	IN   R31,SPH
00038b 93fa      	ST   -Y,R31
00038c 93ea      	ST   -Y,R30
00038d 934f      	PUSH R20
00038e 940e 0435 	CALL SUBOPT_0x7
000390 914f      	POP  R20
000391 17e3      	CP   R30,R19
000392 f071      	BREQ _0x20000C8
000393 940e 043b 	CALL SUBOPT_0x8
000395 f41c      	BRGE _0x20000C9
000396 efef      	LDI  R30,LOW(65535)
000397 efff      	LDI  R31,HIGH(65535)
000398 c00b      	RJMP _0x2060001
                 _0x20000C9:
                 _0x2000097:
000399 85e8      	LDD  R30,Y+8
00039a 85f9      	LDD  R31,Y+8+1
00039b 9730      	SBIW R30,0
00039c f419      	BRNE _0x20000CA
00039d efef      	LDI  R30,LOW(65535)
00039e efff      	LDI  R31,HIGH(65535)
00039f c004      	RJMP _0x2060001
                 _0x20000CA:
0003a0 c001      	RJMP _0x2000081
                 _0x20000C8:
                 _0x20000C7:
                 _0x2000089:
0003a1 ced0      	RJMP _0x200007F
                 _0x2000081:
                 _0x20000C1:
                 _0x2060002:
0003a2 85e8      	LDD  R30,Y+8
0003a3 85f9      	LDD  R31,Y+8+1
                 _0x2060001:
0003a4 940e 0555 	CALL __LOADLOCR6
0003a6 9662      	ADIW R28,18
0003a7 90ff      	POP  R15
0003a8 9508      	RET
                 ; .FEND
                 _scanf:
                 ; .FSTART _scanf
0003a9 92ff      	PUSH R15
0003aa 2ef8      	MOV  R15,R24
0003ab 9723      	SBIW R28,3
0003ac 931a      	ST   -Y,R17
0003ad 930a      	ST   -Y,R16
0003ae 01de      	MOVW R26,R28
0003af 9611      	ADIW R26,1
0003b0 940e 0524 	CALL __ADDW2R15
0003b2 018d      	MOVW R16,R26
0003b3 e0e0      	LDI  R30,LOW(0)
0003b4 83eb      	STD  Y+3,R30
0003b5 83ec      	STD  Y+3+1,R30
0003b6 01de      	MOVW R26,R28
0003b7 9615      	ADIW R26,5
0003b8 940e 0427 	CALL SUBOPT_0x5
0003ba e5e1      	LDI  R30,LOW(_get_usart_G100)
0003bb e0f2      	LDI  R31,HIGH(_get_usart_G100)
0003bc 93fa      	ST   -Y,R31
0003bd 93ea      	ST   -Y,R30
0003be 01de      	MOVW R26,R28
0003bf 9618      	ADIW R26,8
0003c0 dea6      	RCALL __scanf_G100
0003c1 8119      	LDD  R17,Y+1
0003c2 8108      	LDD  R16,Y+0
0003c3 9625      	ADIW R28,5
0003c4 90ff      	POP  R15
0003c5 9508      	RET
                 ; .FEND
                 
                 	.CSEG
                 _isdigit:
                 ; .FSTART _isdigit
0003c6 93aa      	ST   -Y,R26
0003c7 e0e1          ldi  r30,1
0003c8 91f9          ld   r31,y+
0003c9 33f0          cpi  r31,'0'
0003ca f010          brlo isdigit0
0003cb 33fa          cpi  r31,'9'+1
0003cc f008          brlo isdigit1
                 isdigit0:
0003cd 27ee          clr  r30
                 isdigit1:
0003ce 9508          ret
                 ; .FEND
                 _isspace:
                 ; .FSTART _isspace
0003cf 93aa      	ST   -Y,R26
0003d0 e0e1          ldi  r30,1
0003d1 91f9          ld   r31,y+
0003d2 32f0          cpi  r31,' '
0003d3 f029          breq isspace1
0003d4 30f9          cpi  r31,9
0003d5 f010          brlo isspace0
0003d6 30fe          cpi  r31,13+1
0003d7 f008          brlo isspace1
                 isspace0:
0003d8 27ee          clr  r30
                 isspace1:
0003d9 9508          ret
                 ; .FEND
                 _isxdigit:
                 ; .FSTART _isxdigit
0003da 93aa      	ST   -Y,R26
0003db e0e1          ldi  r30,1
0003dc 91f9          ld   r31,y+
0003dd 53f0          subi r31,0x30
0003de f040          brcs isxdigit0
0003df 30fa          cpi  r31,10
0003e0 f038          brcs isxdigit1
0003e1 75ff          andi r31,0x5f
0003e2 50f7          subi r31,7
0003e3 30fa          cpi  r31,10
0003e4 f010          brcs isxdigit0
0003e5 31f0          cpi  r31,16
0003e6 f008          brcs isxdigit1
                 isxdigit0:
0003e7 27ee          clr  r30
                 isxdigit1:
0003e8 9508          ret
                 ; .FEND
                 
                 	.CSEG
                 _strlen:
                 ; .FSTART _strlen
0003e9 93ba      	ST   -Y,R27
0003ea 93aa      	ST   -Y,R26
0003eb 91a9          ld   r26,y+
0003ec 91b9          ld   r27,y+
0003ed 27ee          clr  r30
0003ee 27ff          clr  r31
                 strlen0:
0003ef 916d          ld   r22,x+
0003f0 2366          tst  r22
0003f1 f011          breq strlen1
0003f2 9631          adiw r30,1
0003f3 cffb          rjmp strlen0
                 strlen1:
0003f4 9508          ret
                 ; .FEND
                 _strlenf:
                 ; .FSTART _strlenf
0003f5 93ba      	ST   -Y,R27
0003f6 93aa      	ST   -Y,R26
0003f7 27aa          clr  r26
0003f8 27bb          clr  r27
0003f9 91e9          ld   r30,y+
0003fa 91f9          ld   r31,y+
                 strlenf0:
0003fb 9005      	lpm  r0,z+
0003fc 2000          tst  r0
0003fd f011          breq strlenf1
0003fe 9611          adiw r26,1
0003ff cffb          rjmp strlenf0
                 strlenf1:
000400 01fd          movw r30,r26
000401 9508          ret
                 ; .FEND
                 
                 	.CSEG
                 ;OPTIMIZER ADDED SUBROUTINE, CALLED 5 TIMES, CODE SIZE REDUCTION:13 WORDS
                 SUBOPT_0x0:
000402 932a      	ST   -Y,R18
000403 85ad      	LDD  R26,Y+13
000404 85be      	LDD  R27,Y+13+1
000405 85ef      	LDD  R30,Y+15
000406 89f8      	LDD  R31,Y+15+1
000407 9509      	ICALL
000408 9508      	RET
                 
                 ;OPTIMIZER ADDED SUBROUTINE, CALLED 5 TIMES, CODE SIZE REDUCTION:9 WORDS
                 SUBOPT_0x1:
000409 89e8      	LDD  R30,Y+16
00040a 89f9      	LDD  R31,Y+16+1
00040b 9734      	SBIW R30,4
00040c 8be8      	STD  Y+16,R30
00040d 8bf9      	STD  Y+16+1,R31
00040e 9508      	RET
                 
                 ;OPTIMIZER ADDED SUBROUTINE, CALLED 3 TIMES, CODE SIZE REDUCTION:3 WORDS
                 SUBOPT_0x2:
00040f 85ad      	LDD  R26,Y+13
000410 85be      	LDD  R27,Y+13+1
000411 85ef      	LDD  R30,Y+15
000412 89f8      	LDD  R31,Y+15+1
000413 9509      	ICALL
000414 9508      	RET
                 
                 ;OPTIMIZER ADDED SUBROUTINE, CALLED 2 TIMES, CODE SIZE REDUCTION:4 WORDS
                 SUBOPT_0x3:
000415 89a8      	LDD  R26,Y+16
000416 89b9      	LDD  R27,Y+16+1
000417 9614      	ADIW R26,4
000418 940e 0541 	CALL __GETW1P
00041a 83ee      	STD  Y+6,R30
00041b 83ff      	STD  Y+6+1,R31
00041c 81ae      	LDD  R26,Y+6
00041d 81bf      	LDD  R27,Y+6+1
00041e 9508      	RET
                 
                 ;OPTIMIZER ADDED SUBROUTINE, CALLED 2 TIMES, CODE SIZE REDUCTION:2 WORDS
                 SUBOPT_0x4:
00041f 89a8      	LDD  R26,Y+16
000420 89b9      	LDD  R27,Y+16+1
000421 9614      	ADIW R26,4
000422 940e 0541 	CALL __GETW1P
000424 87ea      	STD  Y+10,R30
000425 87fb      	STD  Y+10+1,R31
000426 9508      	RET
                 
                 ;OPTIMIZER ADDED SUBROUTINE, CALLED 2 TIMES, CODE SIZE REDUCTION:3 WORDS
                 SUBOPT_0x5:
000427 940e 0524 	CALL __ADDW2R15
000429 940e 0541 	CALL __GETW1P
00042b 93fa      	ST   -Y,R31
00042c 93ea      	ST   -Y,R30
00042d 931a      	ST   -Y,R17
00042e 930a      	ST   -Y,R16
00042f 9508      	RET
                 
                 ;OPTIMIZER ADDED SUBROUTINE, CALLED 3 TIMES, CODE SIZE REDUCTION:1 WORDS
                 SUBOPT_0x6:
000430 2fa3      	MOV  R26,R19
000431 940e 03cf 	CALL _isspace
000433 30e0      	CPI  R30,0
000434 9508      	RET
                 
                 ;OPTIMIZER ADDED SUBROUTINE, CALLED 6 TIMES, CODE SIZE REDUCTION:12 WORDS
                 SUBOPT_0x7:
000435 85ac      	LDD  R26,Y+12
000436 85bd      	LDD  R27,Y+12+1
000437 85ee      	LDD  R30,Y+14
000438 85ff      	LDD  R31,Y+14+1
000439 9509      	ICALL
00043a 9508      	RET
                 
                 ;OPTIMIZER ADDED SUBROUTINE, CALLED 6 TIMES, CODE SIZE REDUCTION:7 WORDS
                 SUBOPT_0x8:
00043b 85aa      	LDD  R26,Y+10
00043c 85bb      	LDD  R27,Y+10+1
00043d 91ac      	LD   R26,X
00043e 30a0      	CPI  R26,0
00043f 9508      	RET
                 
                 ;OPTIMIZER ADDED SUBROUTINE, CALLED 3 TIMES, CODE SIZE REDUCTION:13 WORDS
                 SUBOPT_0x9:
000440 85ee      	LDD  R30,Y+14
000441 85ff      	LDD  R31,Y+14+1
000442 9734      	SBIW R30,4
000443 87ee      	STD  Y+14,R30
000444 87ff      	STD  Y+14+1,R31
000445 85ae      	LDD  R26,Y+14
000446 85bf      	LDD  R27,Y+14+1
000447 9614      	ADIW R26,4
000448 910d      	LD   R16,X+
000449 911c      	LD   R17,X
00044a 9508      	RET
                 
                 
                 	.CSEG
                 __ROUND_REPACK:
00044b 2355      	TST  R21
00044c f442      	BRPL __REPACK
00044d 3850      	CPI  R21,0x80
00044e f411      	BRNE __ROUND_REPACK0
00044f ffe0      	SBRS R30,0
000450 c004      	RJMP __REPACK
                 __ROUND_REPACK0:
000451 9631      	ADIW R30,1
000452 1f69      	ADC  R22,R25
000453 1f79      	ADC  R23,R25
000454 f06b      	BRVS __REPACK1
                 
                 __REPACK:
000455 e850      	LDI  R21,0x80
000456 2757      	EOR  R21,R23
000457 f411      	BRNE __REPACK0
000458 935f      	PUSH R21
000459 c073      	RJMP __ZERORES
                 __REPACK0:
00045a 3f5f      	CPI  R21,0xFF
00045b f031      	BREQ __REPACK1
00045c 0f66      	LSL  R22
00045d 0c00      	LSL  R0
00045e 9557      	ROR  R21
00045f 9567      	ROR  R22
000460 2f75      	MOV  R23,R21
000461 9508      	RET
                 __REPACK1:
000462 935f      	PUSH R21
000463 2000      	TST  R0
000464 f00a      	BRMI __REPACK2
000465 c073      	RJMP __MAXRES
                 __REPACK2:
000466 c06c      	RJMP __MINRES
                 
                 __UNPACK:
000467 e850      	LDI  R21,0x80
000468 2e19      	MOV  R1,R25
000469 2215      	AND  R1,R21
00046a 0f88      	LSL  R24
00046b 1f99      	ROL  R25
00046c 2795      	EOR  R25,R21
00046d 0f55      	LSL  R21
00046e 9587      	ROR  R24
                 
                 __UNPACK1:
00046f e850      	LDI  R21,0x80
000470 2e07      	MOV  R0,R23
000471 2205      	AND  R0,R21
000472 0f66      	LSL  R22
000473 1f77      	ROL  R23
000474 2775      	EOR  R23,R21
000475 0f55      	LSL  R21
000476 9567      	ROR  R22
000477 9508      	RET
                 
                 __CFD1U:
000478 9468      	SET
000479 c001      	RJMP __CFD1U0
                 __CFD1:
00047a 94e8      	CLT
                 __CFD1U0:
00047b 935f      	PUSH R21
00047c dff2      	RCALL __UNPACK1
00047d 3870      	CPI  R23,0x80
00047e f018      	BRLO __CFD10
00047f 3f7f      	CPI  R23,0xFF
000480 f408      	BRCC __CFD10
000481 c04b      	RJMP __ZERORES
                 __CFD10:
000482 e156      	LDI  R21,22
000483 1b57      	SUB  R21,R23
000484 f4aa      	BRPL __CFD11
000485 9551      	NEG  R21
000486 3058      	CPI  R21,8
000487 f40e      	BRTC __CFD19
000488 3059      	CPI  R21,9
                 __CFD19:
000489 f030      	BRLO __CFD17
00048a efef      	SER  R30
00048b efff      	SER  R31
00048c ef6f      	SER  R22
00048d e77f      	LDI  R23,0x7F
00048e f977      	BLD  R23,7
00048f c01a      	RJMP __CFD15
                 __CFD17:
000490 2777      	CLR  R23
000491 2355      	TST  R21
000492 f0b9      	BREQ __CFD15
                 __CFD18:
000493 0fee      	LSL  R30
000494 1fff      	ROL  R31
000495 1f66      	ROL  R22
000496 1f77      	ROL  R23
000497 955a      	DEC  R21
000498 f7d1      	BRNE __CFD18
000499 c010      	RJMP __CFD15
                 __CFD11:
00049a 2777      	CLR  R23
                 __CFD12:
00049b 3058      	CPI  R21,8
00049c f028      	BRLO __CFD13
00049d 2fef      	MOV  R30,R31
00049e 2ff6      	MOV  R31,R22
00049f 2f67      	MOV  R22,R23
0004a0 5058      	SUBI R21,8
0004a1 cff9      	RJMP __CFD12
                 __CFD13:
0004a2 2355      	TST  R21
0004a3 f031      	BREQ __CFD15
                 __CFD14:
0004a4 9576      	LSR  R23
0004a5 9567      	ROR  R22
0004a6 95f7      	ROR  R31
0004a7 95e7      	ROR  R30
0004a8 955a      	DEC  R21
0004a9 f7d1      	BRNE __CFD14
                 __CFD15:
0004aa 2000      	TST  R0
0004ab f40a      	BRPL __CFD16
0004ac d07f      	RCALL __ANEGD1
                 __CFD16:
0004ad 915f      	POP  R21
0004ae 9508      	RET
                 
                 __CDF1U:
0004af 9468      	SET
0004b0 c001      	RJMP __CDF1U0
                 __CDF1:
0004b1 94e8      	CLT
                 __CDF1U0:
0004b2 9730      	SBIW R30,0
0004b3 4060      	SBCI R22,0
0004b4 4070      	SBCI R23,0
0004b5 f0b1      	BREQ __CDF10
0004b6 2400      	CLR  R0
0004b7 f026      	BRTS __CDF11
0004b8 2377      	TST  R23
0004b9 f412      	BRPL __CDF11
0004ba 9400      	COM  R0
0004bb d070      	RCALL __ANEGD1
                 __CDF11:
0004bc 2e17      	MOV  R1,R23
0004bd e17e      	LDI  R23,30
0004be 2011      	TST  R1
                 __CDF12:
0004bf f032      	BRMI __CDF13
0004c0 957a      	DEC  R23
0004c1 0fee      	LSL  R30
0004c2 1fff      	ROL  R31
0004c3 1f66      	ROL  R22
0004c4 1c11      	ROL  R1
0004c5 cff9      	RJMP __CDF12
                 __CDF13:
0004c6 2fef      	MOV  R30,R31
0004c7 2ff6      	MOV  R31,R22
0004c8 2d61      	MOV  R22,R1
0004c9 935f      	PUSH R21
0004ca df8a      	RCALL __REPACK
0004cb 915f      	POP  R21
                 __CDF10:
0004cc 9508      	RET
                 
                 __ZERORES:
0004cd 27ee      	CLR  R30
0004ce 27ff      	CLR  R31
0004cf 2766      	CLR  R22
0004d0 2777      	CLR  R23
0004d1 915f      	POP  R21
0004d2 9508      	RET
                 
                 __MINRES:
0004d3 efef      	SER  R30
0004d4 efff      	SER  R31
0004d5 e76f      	LDI  R22,0x7F
0004d6 ef7f      	SER  R23
0004d7 915f      	POP  R21
0004d8 9508      	RET
                 
                 __MAXRES:
0004d9 efef      	SER  R30
0004da efff      	SER  R31
0004db e76f      	LDI  R22,0x7F
0004dc e77f      	LDI  R23,0x7F
0004dd 915f      	POP  R21
0004de 9508      	RET
                 
                 __DIVF21:
0004df 935f      	PUSH R21
0004e0 df86      	RCALL __UNPACK
0004e1 3870      	CPI  R23,0x80
0004e2 f421      	BRNE __DIVF210
0004e3 2011      	TST  R1
                 __DIVF211:
0004e4 f40a      	BRPL __DIVF219
0004e5 cfed      	RJMP __MINRES
                 __DIVF219:
0004e6 cff2      	RJMP __MAXRES
                 __DIVF210:
0004e7 3890      	CPI  R25,0x80
0004e8 f409      	BRNE __DIVF218
                 __DIVF217:
0004e9 cfe3      	RJMP __ZERORES
                 __DIVF218:
0004ea 2401      	EOR  R0,R1
0004eb 9408      	SEC
0004ec 0b97      	SBC  R25,R23
0004ed f41b      	BRVC __DIVF216
0004ee f3d4      	BRLT __DIVF217
0004ef 2000      	TST  R0
0004f0 cff3      	RJMP __DIVF211
                 __DIVF216:
0004f1 2f79      	MOV  R23,R25
0004f2 931f      	PUSH R17
0004f3 932f      	PUSH R18
0004f4 933f      	PUSH R19
0004f5 934f      	PUSH R20
0004f6 2411      	CLR  R1
0004f7 2711      	CLR  R17
0004f8 2722      	CLR  R18
0004f9 2733      	CLR  R19
0004fa 2744      	CLR  R20
0004fb 2755      	CLR  R21
0004fc e290      	LDI  R25,32
                 __DIVF212:
0004fd 17ae      	CP   R26,R30
0004fe 07bf      	CPC  R27,R31
0004ff 0786      	CPC  R24,R22
000500 0741      	CPC  R20,R17
000501 f030      	BRLO __DIVF213
000502 1bae      	SUB  R26,R30
000503 0bbf      	SBC  R27,R31
000504 0b86      	SBC  R24,R22
000505 0b41      	SBC  R20,R17
000506 9408      	SEC
000507 c001      	RJMP __DIVF214
                 __DIVF213:
000508 9488      	CLC
                 __DIVF214:
000509 1f55      	ROL  R21
00050a 1f22      	ROL  R18
00050b 1f33      	ROL  R19
00050c 1c11      	ROL  R1
00050d 1faa      	ROL  R26
00050e 1fbb      	ROL  R27
00050f 1f88      	ROL  R24
000510 1f44      	ROL  R20
000511 959a      	DEC  R25
000512 f751      	BRNE __DIVF212
000513 01f9      	MOVW R30,R18
000514 2d61      	MOV  R22,R1
000515 914f      	POP  R20
000516 913f      	POP  R19
000517 912f      	POP  R18
000518 911f      	POP  R17
000519 2366      	TST  R22
00051a f032      	BRMI __DIVF215
00051b 0f55      	LSL  R21
00051c 1fee      	ROL  R30
00051d 1fff      	ROL  R31
00051e 1f66      	ROL  R22
00051f 957a      	DEC  R23
000520 f243      	BRVS __DIVF217
                 __DIVF215:
000521 df29      	RCALL __ROUND_REPACK
000522 915f      	POP  R21
000523 9508      	RET
                 
                 __ADDW2R15:
000524 2400      	CLR  R0
000525 0daf      	ADD  R26,R15
000526 1db0      	ADC  R27,R0
000527 9508      	RET
                 
                 __ANEGW1:
000528 95f1      	NEG  R31
000529 95e1      	NEG  R30
00052a 40f0      	SBCI R31,0
00052b 9508      	RET
                 
                 __ANEGD1:
00052c 95f0      	COM  R31
00052d 9560      	COM  R22
00052e 9570      	COM  R23
00052f 95e1      	NEG  R30
000530 4fff      	SBCI R31,-1
000531 4f6f      	SBCI R22,-1
000532 4f7f      	SBCI R23,-1
000533 9508      	RET
                 
                 __CWD1:
000534 2f6f      	MOV  R22,R31
000535 0f66      	ADD  R22,R22
000536 0b66      	SBC  R22,R22
000537 2f76      	MOV  R23,R22
000538 9508      	RET
                 
                 __MULW12U:
000539 9ffa      	MUL  R31,R26
00053a 2df0      	MOV  R31,R0
00053b 9feb      	MUL  R30,R27
00053c 0df0      	ADD  R31,R0
00053d 9fea      	MUL  R30,R26
00053e 2de0      	MOV  R30,R0
00053f 0df1      	ADD  R31,R1
000540 9508      	RET
                 
                 __GETW1P:
000541 91ed      	LD   R30,X+
000542 91fc      	LD   R31,X
000543 9711      	SBIW R26,1
000544 9508      	RET
                 
                 __GETW1PF:
000545 9005      	LPM  R0,Z+
000546 91f4      	LPM  R31,Z
000547 2de0      	MOV  R30,R0
000548 9508      	RET
                 
                 __PUTPARD1:
000549 937a      	ST   -Y,R23
00054a 936a      	ST   -Y,R22
00054b 93fa      	ST   -Y,R31
00054c 93ea      	ST   -Y,R30
00054d 9508      	RET
                 
                 __SAVELOCR6:
00054e 935a      	ST   -Y,R21
                 __SAVELOCR5:
00054f 934a      	ST   -Y,R20
                 __SAVELOCR4:
000550 933a      	ST   -Y,R19
                 __SAVELOCR3:
000551 932a      	ST   -Y,R18
                 __SAVELOCR2:
000552 931a      	ST   -Y,R17
000553 930a      	ST   -Y,R16
000554 9508      	RET
                 
                 __LOADLOCR6:
000555 815d      	LDD  R21,Y+5
                 __LOADLOCR5:
000556 814c      	LDD  R20,Y+4
                 __LOADLOCR4:
000557 813b      	LDD  R19,Y+3
                 __LOADLOCR3:
000558 812a      	LDD  R18,Y+2
                 __LOADLOCR2:
000559 8119      	LDD  R17,Y+1
00055a 8108      	LD   R16,Y
00055b 9508      	RET
                 
                 ;END OF CODE MARKER
                 __END_OF_CODE:


RESOURCE USE INFORMATION
------------------------

Notice:
The register and instruction counts are symbol table hit counts,
and hence implicitly used resources are not counted, eg, the
'lpm' instruction without operands implicitly uses r0 and z,
none of which are counted.

x,y,z are separate entities in the symbol table and are
counted separately from r26..r31 here.

.dseg memory usage only counts static data declared with .byte

ATmega32 register use summary:
r0 :  26 r1 :  15 r2 :   0 r3 :   0 r4 :   1 r5 :   1 r6 :   3 r7 :   0 
r8 :   1 r9 :   1 r10:   0 r11:   0 r12:   0 r13:   0 r14:   0 r15:  21 
r16:  39 r17:  34 r18:  39 r19:  39 r20:  31 r21:  67 r22:  40 r23:  36 
r24:  21 r25:  14 r26:  91 r27:  41 r28:  20 r29:   1 r30: 270 r31: 129 
x  :  24 y  : 230 z  :  15 
Registers used: 27 out of 35 (77.1%)

ATmega32 instruction use summary:
.lds  :   0 .lds.l:   0 .sts  :   0 .sts.l:   0 adc   :   4 add   :   7 
adiw  :  26 and   :   2 andi  :   5 asr   :   0 bclr  :   0 bld   :   8 
brbc  :   0 brbs  :   0 brcc  :   1 brcs  :   4 break :   0 breq  :  29 
brge  :   6 brhc  :   0 brhs  :   0 brid  :   0 brie  :   0 brlo  :  18 
brlt  :   1 brmi  :   3 brne  :  45 brpl  :   6 brsh  :   3 brtc  :   1 
brts  :   1 brvc  :   1 brvs  :   2 bset  :   0 bst   :   0 call  :  67 
cbi   :   0 cbr   :   0 clc   :   1 clh   :   0 cli   :   1 cln   :   0 
clr   :  23 cls   :   0 clt   :   5 clv   :   0 clz   :   0 com   :   4 
cp    :   6 cpc   :   5 cpi   :  76 cpse  :   0 dec   :   7 des   :   0 
eor   :   4 fmul  :   0 fmuls :   0 fmulsu:   0 icall :   3 ijmp  :   0 
in    :  16 inc   :   0 jmp   :  23 ld    :  33 ldd   :  90 ldi   : 114 
lds   :   0 lpm   :  17 lsl   :   9 lsr   :   1 mov   :  53 movw  :  22 
mul   :   5 muls  :   0 mulsu :   0 neg   :   4 nop   :   0 or    :   0 
ori   :   6 out   :  29 pop   :  21 push  :  20 rcall :  11 ret   :  41 
reti  :   1 rjmp  : 112 rol   :  19 ror   :   7 sbc   :   6 sbci  :   7 
sbi   :   1 sbic  :   0 sbis  :   3 sbiw  :  16 sbr   :   0 sbrc  :   4 
sbrs  :  12 sec   :   2 seh   :   0 sei   :   1 sen   :   0 ser   :   8 
ses   :   0 set   :   5 sev   :   0 sez   :   0 sleep :   0 spm   :   0 
st    :  86 std   :  46 sts   :   0 sub   :   3 subi  :  23 swap  :   0 
tst   :  13 wdr   :   0 
Instructions used: 70 out of 116 (60.3%)

ATmega32 memory use summary [bytes]:
Segment   Begin    End      Code   Data   Used    Size   Use%
---------------------------------------------------------------
[.cseg] 0x000000 0x000ab8   2704     40   2744   32768   8.4%
[.dseg] 0x000060 0x000260      0      0      0    2048   0.0%
[.eseg] 0x000000 0x000000      0      0      0    1024   0.0%

Assembly complete, 0 errors, 7 warnings
